info: Microsoft.AspNetCore.DataProtection.KeyManagement.XmlKeyManager[0]
      User profile is available. Using 'C:\Users\lnztha01\AppData\Local\ASP.NET\DataProtection-Keys' as key repository and Windows DPAPI to encrypt keys at rest.
Hosting environment: Development
Content root path: C:\Users\lnztha01\source\repos\ExcelGateway\APIGateway
Now listening on: http://127.0.0.1:2013
Application started. Press Ctrl+C to shut down.
info: Microsoft.AspNetCore.Hosting.Internal.WebHost[1]
      => ConnectionId:0HLOGT4BBVDNM => RequestId:0HLOGT4BBVDNM:00000001 RequestPath:/
      Request starting HTTP/1.1 DEBUG http://localhost:2664/  0
info: Microsoft.AspNetCore.Hosting.Internal.WebHost[2]
      => ConnectionId:0HLOGT4BBVDNM => RequestId:0HLOGT4BBVDNM:00000001 RequestPath:/
      Request finished in 36.2073ms 200 
info: Microsoft.AspNetCore.Hosting.Internal.WebHost[1]
      => ConnectionId:0HLOGT4BBVDNM => RequestId:0HLOGT4BBVDNM:00000002 RequestPath:/ExcelAddin/
      Request starting HTTP/1.1 OPTIONS http://localhost:44331/ExcelAddin/  
info: Microsoft.AspNetCore.Hosting.Internal.WebHost[2]
      => ConnectionId:0HLOGT4BBVDNM => RequestId:0HLOGT4BBVDNM:00000002 RequestPath:/ExcelAddin/
      Request finished in 73.6584ms 404 
info: Microsoft.AspNetCore.Hosting.Internal.WebHost[1]
      => ConnectionId:0HLOGT4BBVDNM => RequestId:0HLOGT4BBVDNM:00000003 RequestPath:/ExcelAddin/Home.html
      Request starting HTTP/1.1 GET http://localhost:44331/ExcelAddin/Home.html?_host_Info=Excel$Win32$16.01$en-US  
info: Microsoft.AspNetCore.StaticFiles.StaticFileMiddleware[2]
      => ConnectionId:0HLOGT4BBVDNM => RequestId:0HLOGT4BBVDNM:00000003 RequestPath:/ExcelAddin/Home.html
      Sending file. Request path: '/ExcelAddin/Home.html'. Physical path: 'C:\Users\lnztha01\source\repos\ExcelGateway\APIGateway\wwwroot\ExcelAddin\Home.html'
info: Microsoft.AspNetCore.Hosting.Internal.WebHost[2]
      => ConnectionId:0HLOGT4BBVDNM => RequestId:0HLOGT4BBVDNM:00000003 RequestPath:/ExcelAddin/Home.html
      Request finished in 48.5898ms 200 text/html
info: Microsoft.AspNetCore.Hosting.Internal.WebHost[1]
      => ConnectionId:0HLOGT4BBVDNM => RequestId:0HLOGT4BBVDNM:00000004 RequestPath:/ExcelAddin/Scripts/jquery-1.9.1.js
      Request starting HTTP/1.1 GET http://localhost:44331/ExcelAddin/Scripts/jquery-1.9.1.js  
info: Microsoft.AspNetCore.StaticFiles.StaticFileMiddleware[6]
      => ConnectionId:0HLOGT4BBVDNM => RequestId:0HLOGT4BBVDNM:00000004 RequestPath:/ExcelAddin/Scripts/jquery-1.9.1.js
      The file /ExcelAddin/Scripts/jquery-1.9.1.js was not modified
info: Microsoft.AspNetCore.Hosting.Internal.WebHost[2]
      => ConnectionId:0HLOGT4BBVDNM => RequestId:0HLOGT4BBVDNM:00000004 RequestPath:/ExcelAddin/Scripts/jquery-1.9.1.js
      Request finished in 8.7194ms 304 application/javascript
info: Microsoft.AspNetCore.Hosting.Internal.WebHost[1]
      => ConnectionId:0HLOGT4BBVDNM => RequestId:0HLOGT4BBVDNM:00000005 RequestPath:/ExcelAddin/Scripts/FabricUI/MessageBanner.js
      Request starting HTTP/1.1 GET http://localhost:44331/ExcelAddin/Scripts/FabricUI/MessageBanner.js  
info: Microsoft.AspNetCore.StaticFiles.StaticFileMiddleware[6]
      => ConnectionId:0HLOGT4BBVDNM => RequestId:0HLOGT4BBVDNM:00000005 RequestPath:/ExcelAddin/Scripts/FabricUI/MessageBanner.js
      The file /ExcelAddin/Scripts/FabricUI/MessageBanner.js was not modified
info: Microsoft.AspNetCore.Hosting.Internal.WebHost[2]
      => ConnectionId:0HLOGT4BBVDNM => RequestId:0HLOGT4BBVDNM:00000005 RequestPath:/ExcelAddin/Scripts/FabricUI/MessageBanner.js
      Request finished in 5.3198ms 304 application/javascript
info: Microsoft.AspNetCore.Hosting.Internal.WebHost[1]
      => ConnectionId:0HLOGT4BBVDNM => RequestId:0HLOGT4BBVDNM:00000006 RequestPath:/ExcelAddin/Home.css
      Request starting HTTP/1.1 GET http://localhost:44331/ExcelAddin/Home.css  
info: Microsoft.AspNetCore.StaticFiles.StaticFileMiddleware[6]
      => ConnectionId:0HLOGT4BBVDNM => RequestId:0HLOGT4BBVDNM:00000006 RequestPath:/ExcelAddin/Home.css
      The file /ExcelAddin/Home.css was not modified
info: Microsoft.AspNetCore.Hosting.Internal.WebHost[2]
      => ConnectionId:0HLOGT4BBVDNM => RequestId:0HLOGT4BBVDNM:00000006 RequestPath:/ExcelAddin/Home.css
      Request finished in 4.5491ms 304 text/css
info: Microsoft.AspNetCore.Hosting.Internal.WebHost[1]
      => ConnectionId:0HLOGT4BBVDNN => RequestId:0HLOGT4BBVDNN:00000001 RequestPath:/ExcelAddin/bundle/Home.js
      Request starting HTTP/1.1 GET http://localhost:44331/ExcelAddin/bundle/Home.js  
info: Microsoft.AspNetCore.StaticFiles.StaticFileMiddleware[6]
      => ConnectionId:0HLOGT4BBVDNN => RequestId:0HLOGT4BBVDNN:00000001 RequestPath:/ExcelAddin/bundle/Home.js
      The file /ExcelAddin/bundle/Home.js was not modified
info: Microsoft.AspNetCore.Hosting.Internal.WebHost[2]
      => ConnectionId:0HLOGT4BBVDNN => RequestId:0HLOGT4BBVDNN:00000001 RequestPath:/ExcelAddin/bundle/Home.js
      Request finished in 4.4009ms 304 application/javascript
info: Microsoft.AspNetCore.Hosting.Internal.WebHost[1]
      => ConnectionId:0HLOGT4BBVDNM => RequestId:0HLOGT4BBVDNM:00000007 RequestPath:/ExcelAddin/api/loadexcelconfig/Sheet1
      Request starting HTTP/1.1 GET http://localhost:44331/ExcelAddin/api/loadexcelconfig/Sheet1  
info: Microsoft.AspNetCore.Routing.EndpointMiddleware[0]
      => ConnectionId:0HLOGT4BBVDNM => RequestId:0HLOGT4BBVDNM:00000007 RequestPath:/ExcelAddin/api/loadexcelconfig/Sheet1
      Executing endpoint 'APIGateway.Controllers.LoadExcelConfigController.Get (APIGateway)'
info: Microsoft.AspNetCore.Mvc.Internal.ControllerActionInvoker[3]
      => ConnectionId:0HLOGT4BBVDNM => RequestId:0HLOGT4BBVDNM:00000007 RequestPath:/ExcelAddin/api/loadexcelconfig/Sheet1 => APIGateway.Controllers.LoadExcelConfigController.Get (APIGateway)
      Route matched with {action = "Get", controller = "LoadExcelConfig", page = ""}. Executing controller action with signature Microsoft.AspNetCore.Mvc.ActionResult`1[System.String] Get(System.String) on controller APIGateway.Controllers.LoadExcelConfigController (APIGateway).
info: Microsoft.AspNetCore.Mvc.Internal.ControllerActionInvoker[1]
      => ConnectionId:0HLOGT4BBVDNM => RequestId:0HLOGT4BBVDNM:00000007 RequestPath:/ExcelAddin/api/loadexcelconfig/Sheet1 => APIGateway.Controllers.LoadExcelConfigController.Get (APIGateway)
      Executing action method APIGateway.Controllers.LoadExcelConfigController.Get (APIGateway) - Validation state: Valid
info: Microsoft.AspNetCore.Mvc.Internal.ControllerActionInvoker[2]
      => ConnectionId:0HLOGT4BBVDNM => RequestId:0HLOGT4BBVDNM:00000007 RequestPath:/ExcelAddin/api/loadexcelconfig/Sheet1 => APIGateway.Controllers.LoadExcelConfigController.Get (APIGateway)
      Executed action method APIGateway.Controllers.LoadExcelConfigController.Get (APIGateway), returned result Microsoft.AspNetCore.Mvc.ObjectResult in 85.8484ms.
info: Microsoft.AspNetCore.Mvc.Infrastructure.ObjectResultExecutor[1]
      => ConnectionId:0HLOGT4BBVDNM => RequestId:0HLOGT4BBVDNM:00000007 RequestPath:/ExcelAddin/api/loadexcelconfig/Sheet1 => APIGateway.Controllers.LoadExcelConfigController.Get (APIGateway)
      Executing ObjectResult, writing value of type 'System.String'.
info: Microsoft.AspNetCore.Mvc.Internal.ControllerActionInvoker[2]
      => ConnectionId:0HLOGT4BBVDNM => RequestId:0HLOGT4BBVDNM:00000007 RequestPath:/ExcelAddin/api/loadexcelconfig/Sheet1 => APIGateway.Controllers.LoadExcelConfigController.Get (APIGateway)
      Executed action APIGateway.Controllers.LoadExcelConfigController.Get (APIGateway) in 211.9078ms
info: Microsoft.AspNetCore.Routing.EndpointMiddleware[1]
      => ConnectionId:0HLOGT4BBVDNM => RequestId:0HLOGT4BBVDNM:00000007 RequestPath:/ExcelAddin/api/loadexcelconfig/Sheet1
      Executed endpoint 'APIGateway.Controllers.LoadExcelConfigController.Get (APIGateway)'
info: Microsoft.AspNetCore.Hosting.Internal.WebHost[2]
      => ConnectionId:0HLOGT4BBVDNM => RequestId:0HLOGT4BBVDNM:00000007 RequestPath:/ExcelAddin/api/loadexcelconfig/Sheet1
      Request finished in 258.0565ms 200 text/plain; charset=utf-8
info: Microsoft.AspNetCore.Hosting.Internal.WebHost[1]
      => ConnectionId:0HLOGT4BBVDNN => RequestId:0HLOGT4BBVDNN:00000002 RequestPath:/ExcelAddin/api/loadparameters/Sheet1
      Request starting HTTP/1.1 GET http://localhost:44331/ExcelAddin/api/loadparameters/Sheet1?searchValues=4743  
info: Microsoft.AspNetCore.Routing.EndpointMiddleware[0]
      => ConnectionId:0HLOGT4BBVDNN => RequestId:0HLOGT4BBVDNN:00000002 RequestPath:/ExcelAddin/api/loadparameters/Sheet1
      Executing endpoint 'APIGateway.Controllers.LoadParametersController.Get (APIGateway)'
info: Microsoft.AspNetCore.Mvc.Internal.ControllerActionInvoker[3]
      => ConnectionId:0HLOGT4BBVDNN => RequestId:0HLOGT4BBVDNN:00000002 RequestPath:/ExcelAddin/api/loadparameters/Sheet1 => APIGateway.Controllers.LoadParametersController.Get (APIGateway)
      Route matched with {action = "Get", controller = "LoadParameters", page = ""}. Executing controller action with signature System.Threading.Tasks.Task`1[System.String] Get(System.String, System.String) on controller APIGateway.Controllers.LoadParametersController (APIGateway).
info: Microsoft.AspNetCore.Mvc.Internal.ControllerActionInvoker[1]
      => ConnectionId:0HLOGT4BBVDNN => RequestId:0HLOGT4BBVDNN:00000002 RequestPath:/ExcelAddin/api/loadparameters/Sheet1 => APIGateway.Controllers.LoadParametersController.Get (APIGateway)
      Executing action method APIGateway.Controllers.LoadParametersController.Get (APIGateway) - Validation state: Valid
info: Microsoft.AspNetCore.Mvc.Internal.ControllerActionInvoker[2]
      => ConnectionId:0HLOGT4BBVDNN => RequestId:0HLOGT4BBVDNN:00000002 RequestPath:/ExcelAddin/api/loadparameters/Sheet1 => APIGateway.Controllers.LoadParametersController.Get (APIGateway)
      Executed action APIGateway.Controllers.LoadParametersController.Get (APIGateway) in 565.0589ms
info: Microsoft.AspNetCore.Routing.EndpointMiddleware[1]
      => ConnectionId:0HLOGT4BBVDNN => RequestId:0HLOGT4BBVDNN:00000002 RequestPath:/ExcelAddin/api/loadparameters/Sheet1
      Executed endpoint 'APIGateway.Controllers.LoadParametersController.Get (APIGateway)'
fail: Microsoft.AspNetCore.Diagnostics.DeveloperExceptionPageMiddleware[1]
      => ConnectionId:0HLOGT4BBVDNN => RequestId:0HLOGT4BBVDNN:00000002 RequestPath:/ExcelAddin/api/loadparameters/Sheet1
      An unhandled exception has occurred while executing the request.
System.ArgumentNullException: Value cannot be null.
Parameter name: key
   at System.Collections.Generic.Dictionary`2.FindEntry(TKey key)
   at System.Collections.Generic.Dictionary`2.KeyCollection.System.Collections.Generic.ICollection<TKey>.Contains(TKey item)
   at APIGateway.Models.Settings.GetExcelContent(String sheetName) in C:\Users\lnztha01\source\repos\ExcelGateway\APIGateway\Models\Settings.cs:line 38
   at APIGateway.Models.Settings.LoadParametersAsync(String sheetName, String[] searchValues) in C:\Users\lnztha01\source\repos\ExcelGateway\APIGateway\Models\Settings.cs:line 43
   at APIGateway.Controllers.LoadParametersController.Get(String sheetName, String searchValues) in C:\Users\lnztha01\source\repos\ExcelGateway\APIGateway\Controllers\LoadParametersController.cs:line 15
   at lambda_method(Closure , Object )
   at Microsoft.Extensions.Internal.ObjectMethodExecutorAwaitable.Awaiter.GetResult()
   at Microsoft.AspNetCore.Mvc.Internal.ActionMethodExecutor.AwaitableObjectResultExecutor.Execute(IActionResultTypeMapper mapper, ObjectMethodExecutor executor, Object controller, Object[] arguments)
   at System.Threading.Tasks.ValueTask`1.get_Result()
   at Microsoft.AspNetCore.Mvc.Internal.ControllerActionInvoker.InvokeActionMethodAsync()
   at Microsoft.AspNetCore.Mvc.Internal.ControllerActionInvoker.InvokeNextActionFilterAsync()
   at Microsoft.AspNetCore.Mvc.Internal.ControllerActionInvoker.Rethrow(ActionExecutedContext context)
   at Microsoft.AspNetCore.Mvc.Internal.ControllerActionInvoker.Next(State& next, Scope& scope, Object& state, Boolean& isCompleted)
   at Microsoft.AspNetCore.Mvc.Internal.ControllerActionInvoker.InvokeInnerFilterAsync()
   at Microsoft.AspNetCore.Mvc.Internal.ResourceInvoker.InvokeNextResourceFilter()
   at Microsoft.AspNetCore.Mvc.Internal.ResourceInvoker.Rethrow(ResourceExecutedContext context)
   at Microsoft.AspNetCore.Mvc.Internal.ResourceInvoker.Next(State& next, Scope& scope, Object& state, Boolean& isCompleted)
   at Microsoft.AspNetCore.Mvc.Internal.ResourceInvoker.InvokeFilterPipelineAsync()
   at Microsoft.AspNetCore.Mvc.Internal.ResourceInvoker.InvokeAsync()
   at Microsoft.AspNetCore.Routing.EndpointMiddleware.Invoke(HttpContext httpContext)
   at Microsoft.AspNetCore.Routing.EndpointRoutingMiddleware.Invoke(HttpContext httpContext)
   at APIGateway.Middlewares.ImpersonationMiddleWare.<>c__DisplayClass2_0.<<Invoke>b__0>d.MoveNext() in C:\Users\lnztha01\source\repos\ExcelGateway\APIGateway\Middlewares\ImpersonationMiddleWare.cs:line 31
--- End of stack trace from previous location where exception was thrown ---
   at APIGateway.Middlewares.ImpersonationMiddleWare.Invoke(HttpContext context) in C:\Users\lnztha01\source\repos\ExcelGateway\APIGateway\Middlewares\ImpersonationMiddleWare.cs:line 24
   at Microsoft.AspNetCore.Authentication.AuthenticationMiddleware.Invoke(HttpContext context)
   at Microsoft.AspNetCore.StaticFiles.StaticFileMiddleware.Invoke(HttpContext context)
   at Microsoft.AspNetCore.Diagnostics.DeveloperExceptionPageMiddleware.Invoke(HttpContext context)
info: Microsoft.AspNetCore.Hosting.Internal.WebHost[2]
      => ConnectionId:0HLOGT4BBVDNN => RequestId:0HLOGT4BBVDNN:00000002 RequestPath:/ExcelAddin/api/loadparameters/Sheet1
      Request finished in 1056.9169ms 500 text/html; charset=utf-8
