info: Microsoft.AspNetCore.DataProtection.KeyManagement.XmlKeyManager[0]
      User profile is available. Using 'C:\Users\lnztha01\AppData\Local\ASP.NET\DataProtection-Keys' as key repository and Windows DPAPI to encrypt keys at rest.
Hosting environment: Development
Content root path: C:\Users\lnztha01\source\repos\ExcelGateway\APIGateway
Now listening on: http://127.0.0.1:2686
Application started. Press Ctrl+C to shut down.
info: Microsoft.AspNetCore.Hosting.Internal.WebHost[1]
      => ConnectionId:0HLOG1G23QF50 => RequestId:0HLOG1G23QF50:00000001 RequestPath:/
      Request starting HTTP/1.1 DEBUG http://localhost:2664/  0
info: Microsoft.AspNetCore.Hosting.Internal.WebHost[2]
      => ConnectionId:0HLOG1G23QF50 => RequestId:0HLOG1G23QF50:00000001 RequestPath:/
      Request finished in 37.9674ms 200 
info: Microsoft.AspNetCore.Hosting.Internal.WebHost[1]
      => ConnectionId:0HLOG1G23QF50 => RequestId:0HLOG1G23QF50:00000002 RequestPath:/
      Request starting HTTP/1.1 GET http://localhost:44331/  
fail: Microsoft.AspNetCore.Mvc.Internal.ActionSelector[1]
      => ConnectionId:0HLOG1G23QF50 => RequestId:0HLOG1G23QF50:00000002 RequestPath:/
      Request matched multiple actions resulting in ambiguity. Matching actions: Page: /Index
      Page: /Index
fail: Microsoft.AspNetCore.Diagnostics.DeveloperExceptionPageMiddleware[1]
      => ConnectionId:0HLOG1G23QF50 => RequestId:0HLOG1G23QF50:00000002 RequestPath:/
      An unhandled exception has occurred while executing the request.
Microsoft.AspNetCore.Mvc.Internal.AmbiguousActionException: Multiple actions matched. The following actions matched route data and had all constraints satisfied:

Page: /Index
Page: /Index
   at Microsoft.AspNetCore.Mvc.Internal.ActionSelector.SelectBestCandidate(RouteContext context, IReadOnlyList`1 candidates)
   at Microsoft.AspNetCore.Mvc.Internal.MvcAttributeRouteHandler.RouteAsync(RouteContext context)
   at Microsoft.AspNetCore.Routing.Tree.TreeRouter.RouteAsync(RouteContext context)
   at Microsoft.AspNetCore.Routing.RouteCollection.RouteAsync(RouteContext context)
   at Microsoft.AspNetCore.Builder.RouterMiddleware.Invoke(HttpContext httpContext)
   at APIGateway.Middlewares.ImpersonationMiddleWare.<>c__DisplayClass2_0.<<Invoke>b__0>d.MoveNext() in C:\Users\lnztha01\source\repos\ExcelGateway\APIGateway\Middlewares\ImpersonationMiddleWare.cs:line 31
--- End of stack trace from previous location where exception was thrown ---
   at APIGateway.Middlewares.ImpersonationMiddleWare.Invoke(HttpContext context) in C:\Users\lnztha01\source\repos\ExcelGateway\APIGateway\Middlewares\ImpersonationMiddleWare.cs:line 24
   at Microsoft.AspNetCore.Authentication.AuthenticationMiddleware.Invoke(HttpContext context)
   at Microsoft.AspNetCore.StaticFiles.StaticFileMiddleware.Invoke(HttpContext context)
   at Microsoft.AspNetCore.Diagnostics.DeveloperExceptionPageMiddleware.Invoke(HttpContext context)
info: Microsoft.AspNetCore.Hosting.Internal.WebHost[2]
      => ConnectionId:0HLOG1G23QF50 => RequestId:0HLOG1G23QF50:00000002 RequestPath:/
      Request finished in 831.4849ms 500 text/html; charset=utf-8
info: Microsoft.AspNetCore.Hosting.Internal.WebHost[1]
      => ConnectionId:0HLOG1G23QF50 => RequestId:0HLOG1G23QF50:00000003 RequestPath:/favicon.ico
      Request starting HTTP/1.1 GET http://localhost:44331/favicon.ico  
info: Microsoft.AspNetCore.StaticFiles.StaticFileMiddleware[2]
      => ConnectionId:0HLOG1G23QF50 => RequestId:0HLOG1G23QF50:00000003 RequestPath:/favicon.ico
      Sending file. Request path: '/favicon.ico'. Physical path: 'C:\Users\lnztha01\source\repos\ExcelGateway\APIGateway\wwwroot\favicon.ico'
info: Microsoft.AspNetCore.Hosting.Internal.WebHost[2]
      => ConnectionId:0HLOG1G23QF50 => RequestId:0HLOG1G23QF50:00000003 RequestPath:/favicon.ico
      Request finished in 20.3654ms 200 image/x-icon
info: Microsoft.AspNetCore.Hosting.Internal.WebHost[1]
      => ConnectionId:0HLOG1G23QF50 => RequestId:0HLOG1G23QF50:00000004 RequestPath:/
      Request starting HTTP/1.1 GET http://localhost:44331/  
fail: Microsoft.AspNetCore.Mvc.Internal.ActionSelector[1]
      => ConnectionId:0HLOG1G23QF50 => RequestId:0HLOG1G23QF50:00000004 RequestPath:/
      Request matched multiple actions resulting in ambiguity. Matching actions: Page: /Index
      Page: /Index
fail: Microsoft.AspNetCore.Diagnostics.DeveloperExceptionPageMiddleware[1]
      => ConnectionId:0HLOG1G23QF50 => RequestId:0HLOG1G23QF50:00000004 RequestPath:/
      An unhandled exception has occurred while executing the request.
Microsoft.AspNetCore.Mvc.Internal.AmbiguousActionException: Multiple actions matched. The following actions matched route data and had all constraints satisfied:

Page: /Index
Page: /Index
   at Microsoft.AspNetCore.Mvc.Internal.ActionSelector.SelectBestCandidate(RouteContext context, IReadOnlyList`1 candidates)
   at Microsoft.AspNetCore.Mvc.Internal.MvcAttributeRouteHandler.RouteAsync(RouteContext context)
   at Microsoft.AspNetCore.Routing.Tree.TreeRouter.RouteAsync(RouteContext context)
   at Microsoft.AspNetCore.Routing.RouteCollection.RouteAsync(RouteContext context)
   at Microsoft.AspNetCore.Builder.RouterMiddleware.Invoke(HttpContext httpContext)
   at APIGateway.Middlewares.ImpersonationMiddleWare.<>c__DisplayClass2_0.<<Invoke>b__0>d.MoveNext() in C:\Users\lnztha01\source\repos\ExcelGateway\APIGateway\Middlewares\ImpersonationMiddleWare.cs:line 31
--- End of stack trace from previous location where exception was thrown ---
   at APIGateway.Middlewares.ImpersonationMiddleWare.Invoke(HttpContext context) in C:\Users\lnztha01\source\repos\ExcelGateway\APIGateway\Middlewares\ImpersonationMiddleWare.cs:line 24
   at Microsoft.AspNetCore.Authentication.AuthenticationMiddleware.Invoke(HttpContext context)
   at Microsoft.AspNetCore.StaticFiles.StaticFileMiddleware.Invoke(HttpContext context)
   at Microsoft.AspNetCore.Diagnostics.DeveloperExceptionPageMiddleware.Invoke(HttpContext context)
info: Microsoft.AspNetCore.Hosting.Internal.WebHost[2]
      => ConnectionId:0HLOG1G23QF50 => RequestId:0HLOG1G23QF50:00000004 RequestPath:/
      Request finished in 346.1039ms 500 text/html; charset=utf-8
info: Microsoft.AspNetCore.Hosting.Internal.WebHost[1]
      => ConnectionId:0HLOG1G23QF50 => RequestId:0HLOG1G23QF50:00000005 RequestPath:/favicon.ico
      Request starting HTTP/1.1 GET http://localhost:44331/favicon.ico  
info: Microsoft.AspNetCore.StaticFiles.StaticFileMiddleware[2]
      => ConnectionId:0HLOG1G23QF50 => RequestId:0HLOG1G23QF50:00000005 RequestPath:/favicon.ico
      Sending file. Request path: '/favicon.ico'. Physical path: 'C:\Users\lnztha01\source\repos\ExcelGateway\APIGateway\wwwroot\favicon.ico'
info: Microsoft.AspNetCore.Hosting.Internal.WebHost[2]
      => ConnectionId:0HLOG1G23QF50 => RequestId:0HLOG1G23QF50:00000005 RequestPath:/favicon.ico
      Request finished in 22.0926ms 200 image/x-icon
