info: Microsoft.AspNetCore.DataProtection.KeyManagement.XmlKeyManager[0]
      User profile is available. Using 'C:\Users\lnztha01\AppData\Local\ASP.NET\DataProtection-Keys' as key repository and Windows DPAPI to encrypt keys at rest.
Hosting environment: Development
Content root path: C:\Users\lnztha01\source\repos\ExcelGateway\APIGateway
Now listening on: http://127.0.0.1:4792
Application started. Press Ctrl+C to shut down.
info: Microsoft.AspNetCore.Hosting.Internal.WebHost[1]
      => ConnectionId:0HLOG2EEC5K0K => RequestId:0HLOG2EEC5K0K:00000001 RequestPath:/
      Request starting HTTP/1.1 DEBUG http://localhost:2664/  0
info: Microsoft.AspNetCore.Hosting.Internal.WebHost[2]
      => ConnectionId:0HLOG2EEC5K0K => RequestId:0HLOG2EEC5K0K:00000001 RequestPath:/
      Request finished in 41.9528ms 200 
info: Microsoft.AspNetCore.Hosting.Internal.WebHost[1]
      => ConnectionId:0HLOG2EEC5K0K => RequestId:0HLOG2EEC5K0K:00000002 RequestPath:/ExcelAddin/Home.html
      Request starting HTTP/1.1 GET http://localhost:44331/ExcelAddin/Home.html?et=  
info: Microsoft.AspNetCore.StaticFiles.StaticFileMiddleware[6]
      => ConnectionId:0HLOG2EEC5K0K => RequestId:0HLOG2EEC5K0K:00000002 RequestPath:/ExcelAddin/Home.html
      The file /ExcelAddin/Home.html was not modified
info: Microsoft.AspNetCore.Hosting.Internal.WebHost[2]
      => ConnectionId:0HLOG2EEC5K0K => RequestId:0HLOG2EEC5K0K:00000002 RequestPath:/ExcelAddin/Home.html
      Request finished in 99.0453ms 304 text/html
info: Microsoft.AspNetCore.Hosting.Internal.WebHost[1]
      => ConnectionId:0HLOG2EEC5K0K => RequestId:0HLOG2EEC5K0K:00000003 RequestPath:/ExcelAddin/Scripts/jquery-1.9.1.js
      Request starting HTTP/1.1 GET http://localhost:44331/ExcelAddin/Scripts/jquery-1.9.1.js  
info: Microsoft.AspNetCore.Hosting.Internal.WebHost[1]
      => ConnectionId:0HLOG2EEC5K0L => RequestId:0HLOG2EEC5K0L:00000001 RequestPath:/ExcelAddin/Scripts/FabricUI/MessageBanner.js
      Request starting HTTP/1.1 GET http://localhost:44331/ExcelAddin/Scripts/FabricUI/MessageBanner.js  
info: Microsoft.AspNetCore.Hosting.Internal.WebHost[1]
      => ConnectionId:0HLOG2EEC5K0M => RequestId:0HLOG2EEC5K0M:00000001 RequestPath:/ExcelAddin/Home.css
      Request starting HTTP/1.1 GET http://localhost:44331/ExcelAddin/Home.css  
info: Microsoft.AspNetCore.StaticFiles.StaticFileMiddleware[2]
      => ConnectionId:0HLOG2EEC5K0L => RequestId:0HLOG2EEC5K0L:00000001 RequestPath:/ExcelAddin/Scripts/FabricUI/MessageBanner.js
      Sending file. Request path: '/ExcelAddin/Scripts/FabricUI/MessageBanner.js'. Physical path: 'C:\Users\lnztha01\source\repos\ExcelGateway\APIGateway\wwwroot\ExcelAddin\Scripts\FabricUI\MessageBanner.js'
info: Microsoft.AspNetCore.StaticFiles.StaticFileMiddleware[2]
      => ConnectionId:0HLOG2EEC5K0M => RequestId:0HLOG2EEC5K0M:00000001 RequestPath:/ExcelAddin/Home.css
      Sending file. Request path: '/ExcelAddin/Home.css'. Physical path: 'C:\Users\lnztha01\source\repos\ExcelGateway\APIGateway\wwwroot\ExcelAddin\Home.css'
info: Microsoft.AspNetCore.Hosting.Internal.WebHost[2]
      => ConnectionId:0HLOG2EEC5K0L => RequestId:0HLOG2EEC5K0L:00000001 RequestPath:/ExcelAddin/Scripts/FabricUI/MessageBanner.js
      Request finished in 58.1674ms 200 application/javascript
info: Microsoft.AspNetCore.Hosting.Internal.WebHost[2]
      => ConnectionId:0HLOG2EEC5K0M => RequestId:0HLOG2EEC5K0M:00000001 RequestPath:/ExcelAddin/Home.css
      Request finished in 23.5077ms 200 text/css
info: Microsoft.AspNetCore.Hosting.Internal.WebHost[1]
      => ConnectionId:0HLOG2EEC5K0L => RequestId:0HLOG2EEC5K0L:00000002 RequestPath:/ExcelAddin/bundle/Home.js
      Request starting HTTP/1.1 GET http://localhost:44331/ExcelAddin/bundle/Home.js  
info: Microsoft.AspNetCore.StaticFiles.StaticFileMiddleware[2]
      => ConnectionId:0HLOG2EEC5K0K => RequestId:0HLOG2EEC5K0K:00000003 RequestPath:/ExcelAddin/Scripts/jquery-1.9.1.js
      Sending file. Request path: '/ExcelAddin/Scripts/jquery-1.9.1.js'. Physical path: 'C:\Users\lnztha01\source\repos\ExcelGateway\APIGateway\wwwroot\ExcelAddin\Scripts\jquery-1.9.1.js'
info: Microsoft.AspNetCore.StaticFiles.StaticFileMiddleware[2]
      => ConnectionId:0HLOG2EEC5K0L => RequestId:0HLOG2EEC5K0L:00000002 RequestPath:/ExcelAddin/bundle/Home.js
      Sending file. Request path: '/ExcelAddin/bundle/Home.js'. Physical path: 'C:\Users\lnztha01\source\repos\ExcelGateway\APIGateway\wwwroot\ExcelAddin\bundle\Home.js'
info: Microsoft.AspNetCore.Hosting.Internal.WebHost[2]
      => ConnectionId:0HLOG2EEC5K0K => RequestId:0HLOG2EEC5K0K:00000003 RequestPath:/ExcelAddin/Scripts/jquery-1.9.1.js
      Request finished in 120.611ms 200 application/javascript
info: Microsoft.AspNetCore.Hosting.Internal.WebHost[2]
      => ConnectionId:0HLOG2EEC5K0L => RequestId:0HLOG2EEC5K0L:00000002 RequestPath:/ExcelAddin/bundle/Home.js
      Request finished in 11.4745ms 200 application/javascript
info: Microsoft.AspNetCore.Hosting.Internal.WebHost[1]
      => ConnectionId:0HLOG2EEC5K0M => RequestId:0HLOG2EEC5K0M:00000002 RequestPath:/ExcelAddin/api/loadexcelconfig
      Request starting HTTP/1.1 GET http://localhost:44331/ExcelAddin/api/loadexcelconfig  
info: Microsoft.AspNetCore.Mvc.Internal.ControllerActionInvoker[3]
      => ConnectionId:0HLOG2EEC5K0M => RequestId:0HLOG2EEC5K0M:00000002 RequestPath:/ExcelAddin/api/loadexcelconfig => APIGateway.Controllers.LoadExcelConfigController.Get (APIGateway)
      Route matched with {action = "Get", controller = "LoadExcelConfig", page = ""}. Executing controller action with signature Microsoft.AspNetCore.Mvc.ActionResult`1[System.String] Get() on controller APIGateway.Controllers.LoadExcelConfigController (APIGateway).
info: Microsoft.AspNetCore.Mvc.Internal.ControllerActionInvoker[1]
      => ConnectionId:0HLOG2EEC5K0M => RequestId:0HLOG2EEC5K0M:00000002 RequestPath:/ExcelAddin/api/loadexcelconfig => APIGateway.Controllers.LoadExcelConfigController.Get (APIGateway)
      Executing action method APIGateway.Controllers.LoadExcelConfigController.Get (APIGateway) - Validation state: Valid
info: Microsoft.AspNetCore.Mvc.Internal.ControllerActionInvoker[2]
      => ConnectionId:0HLOG2EEC5K0M => RequestId:0HLOG2EEC5K0M:00000002 RequestPath:/ExcelAddin/api/loadexcelconfig => APIGateway.Controllers.LoadExcelConfigController.Get (APIGateway)
      Executed action method APIGateway.Controllers.LoadExcelConfigController.Get (APIGateway), returned result Microsoft.AspNetCore.Mvc.ObjectResult in 163.4401ms.
info: Microsoft.AspNetCore.Mvc.Infrastructure.ObjectResultExecutor[1]
      => ConnectionId:0HLOG2EEC5K0M => RequestId:0HLOG2EEC5K0M:00000002 RequestPath:/ExcelAddin/api/loadexcelconfig => APIGateway.Controllers.LoadExcelConfigController.Get (APIGateway)
      Executing ObjectResult, writing value of type 'System.String'.
info: Microsoft.AspNetCore.Mvc.Internal.ControllerActionInvoker[2]
      => ConnectionId:0HLOG2EEC5K0M => RequestId:0HLOG2EEC5K0M:00000002 RequestPath:/ExcelAddin/api/loadexcelconfig => APIGateway.Controllers.LoadExcelConfigController.Get (APIGateway)
      Executed action APIGateway.Controllers.LoadExcelConfigController.Get (APIGateway) in 332.5063ms
info: Microsoft.AspNetCore.Hosting.Internal.WebHost[2]
      => ConnectionId:0HLOG2EEC5K0M => RequestId:0HLOG2EEC5K0M:00000002 RequestPath:/ExcelAddin/api/loadexcelconfig
      Request finished in 679.4119ms 200 text/plain; charset=utf-8
info: Microsoft.AspNetCore.Hosting.Internal.WebHost[1]
      => ConnectionId:0HLOG2EEC5K0L => RequestId:0HLOG2EEC5K0L:00000003 RequestPath:/ExcelAddin/api/loadparameters/4743
      Request starting HTTP/1.1 GET http://localhost:44331/ExcelAddin/api/loadparameters/4743  
info: Microsoft.AspNetCore.Mvc.Internal.ControllerActionInvoker[3]
      => ConnectionId:0HLOG2EEC5K0L => RequestId:0HLOG2EEC5K0L:00000003 RequestPath:/ExcelAddin/api/loadparameters/4743 => APIGateway.Controllers.LoadParametersController.Get (APIGateway)
      Route matched with {action = "Get", controller = "LoadParameters", page = ""}. Executing controller action with signature System.Threading.Tasks.Task`1[System.String] Get(System.String) on controller APIGateway.Controllers.LoadParametersController (APIGateway).
info: Microsoft.AspNetCore.Mvc.Internal.ControllerActionInvoker[1]
      => ConnectionId:0HLOG2EEC5K0L => RequestId:0HLOG2EEC5K0L:00000003 RequestPath:/ExcelAddin/api/loadparameters/4743 => APIGateway.Controllers.LoadParametersController.Get (APIGateway)
      Executing action method APIGateway.Controllers.LoadParametersController.Get (APIGateway) - Validation state: Valid
info: Microsoft.AspNetCore.Mvc.Internal.ControllerActionInvoker[2]
      => ConnectionId:0HLOG2EEC5K0L => RequestId:0HLOG2EEC5K0L:00000003 RequestPath:/ExcelAddin/api/loadparameters/4743 => APIGateway.Controllers.LoadParametersController.Get (APIGateway)
      Executed action method APIGateway.Controllers.LoadParametersController.Get (APIGateway), returned result Microsoft.AspNetCore.Mvc.ObjectResult in 11091.242ms.
info: Microsoft.AspNetCore.Mvc.Infrastructure.ObjectResultExecutor[1]
      => ConnectionId:0HLOG2EEC5K0L => RequestId:0HLOG2EEC5K0L:00000003 RequestPath:/ExcelAddin/api/loadparameters/4743 => APIGateway.Controllers.LoadParametersController.Get (APIGateway)
      Executing ObjectResult, writing value of type 'System.String'.
info: Microsoft.AspNetCore.Mvc.Internal.ControllerActionInvoker[2]
      => ConnectionId:0HLOG2EEC5K0L => RequestId:0HLOG2EEC5K0L:00000003 RequestPath:/ExcelAddin/api/loadparameters/4743 => APIGateway.Controllers.LoadParametersController.Get (APIGateway)
      Executed action APIGateway.Controllers.LoadParametersController.Get (APIGateway) in 11149.7215ms
info: Microsoft.AspNetCore.Hosting.Internal.WebHost[2]
      => ConnectionId:0HLOG2EEC5K0L => RequestId:0HLOG2EEC5K0L:00000003 RequestPath:/ExcelAddin/api/loadparameters/4743
      Request finished in 11189.2325ms 200 text/plain; charset=utf-8
info: Microsoft.AspNetCore.Hosting.Internal.WebHost[1]
      => ConnectionId:0HLOG2EEC5K0K => RequestId:0HLOG2EEC5K0K:00000004 RequestPath:/ExcelAddin/api/updateparameters
      Request starting HTTP/1.1 PUT http://localhost:44331/ExcelAddin/api/updateparameters application/json; charset=UTF-8 9
info: Microsoft.AspNetCore.Mvc.Internal.ControllerActionInvoker[3]
      => ConnectionId:0HLOG2EEC5K0K => RequestId:0HLOG2EEC5K0K:00000004 RequestPath:/ExcelAddin/api/updateparameters => APIGateway.Controllers.UpdateParametersController.Put (APIGateway)
      Route matched with {action = "Put", controller = "UpdateParameters", page = ""}. Executing controller action with signature System.Threading.Tasks.Task`1[System.Int32] Put(System.String) on controller APIGateway.Controllers.UpdateParametersController (APIGateway).
info: Microsoft.AspNetCore.Mvc.Internal.ControllerActionInvoker[1]
      => ConnectionId:0HLOG2EEC5K0K => RequestId:0HLOG2EEC5K0K:00000004 RequestPath:/ExcelAddin/api/updateparameters => APIGateway.Controllers.UpdateParametersController.Put (APIGateway)
      Executing action method APIGateway.Controllers.UpdateParametersController.Put (APIGateway) - Validation state: Valid
info: Microsoft.AspNetCore.Mvc.Internal.ControllerActionInvoker[2]
      => ConnectionId:0HLOG2EEC5K0K => RequestId:0HLOG2EEC5K0K:00000004 RequestPath:/ExcelAddin/api/updateparameters => APIGateway.Controllers.UpdateParametersController.Put (APIGateway)
      Executed action method APIGateway.Controllers.UpdateParametersController.Put (APIGateway), returned result Microsoft.AspNetCore.Mvc.ObjectResult in 1062.2448ms.
info: Microsoft.AspNetCore.Mvc.Infrastructure.ObjectResultExecutor[1]
      => ConnectionId:0HLOG2EEC5K0K => RequestId:0HLOG2EEC5K0K:00000004 RequestPath:/ExcelAddin/api/updateparameters => APIGateway.Controllers.UpdateParametersController.Put (APIGateway)
      Executing ObjectResult, writing value of type 'System.Int32'.
info: Microsoft.AspNetCore.Mvc.Internal.ControllerActionInvoker[2]
      => ConnectionId:0HLOG2EEC5K0K => RequestId:0HLOG2EEC5K0K:00000004 RequestPath:/ExcelAddin/api/updateparameters => APIGateway.Controllers.UpdateParametersController.Put (APIGateway)
      Executed action APIGateway.Controllers.UpdateParametersController.Put (APIGateway) in 1119.5459ms
info: Microsoft.AspNetCore.Hosting.Internal.WebHost[2]
      => ConnectionId:0HLOG2EEC5K0K => RequestId:0HLOG2EEC5K0K:00000004 RequestPath:/ExcelAddin/api/updateparameters
      Request finished in 1135.3496ms 200 application/json; charset=utf-8
info: Microsoft.AspNetCore.Hosting.Internal.WebHost[1]
      => ConnectionId:0HLOG2EEC5K0M => RequestId:0HLOG2EEC5K0M:00000003 RequestPath:/ExcelAddin/api/loadparameters/4743
      Request starting HTTP/1.1 GET http://localhost:44331/ExcelAddin/api/loadparameters/4743  
info: Microsoft.AspNetCore.Mvc.Internal.ControllerActionInvoker[3]
      => ConnectionId:0HLOG2EEC5K0M => RequestId:0HLOG2EEC5K0M:00000003 RequestPath:/ExcelAddin/api/loadparameters/4743 => APIGateway.Controllers.LoadParametersController.Get (APIGateway)
      Route matched with {action = "Get", controller = "LoadParameters", page = ""}. Executing controller action with signature System.Threading.Tasks.Task`1[System.String] Get(System.String) on controller APIGateway.Controllers.LoadParametersController (APIGateway).
info: Microsoft.AspNetCore.Mvc.Internal.ControllerActionInvoker[1]
      => ConnectionId:0HLOG2EEC5K0M => RequestId:0HLOG2EEC5K0M:00000003 RequestPath:/ExcelAddin/api/loadparameters/4743 => APIGateway.Controllers.LoadParametersController.Get (APIGateway)
      Executing action method APIGateway.Controllers.LoadParametersController.Get (APIGateway) - Validation state: Valid
info: Microsoft.AspNetCore.Mvc.Internal.ControllerActionInvoker[2]
      => ConnectionId:0HLOG2EEC5K0M => RequestId:0HLOG2EEC5K0M:00000003 RequestPath:/ExcelAddin/api/loadparameters/4743 => APIGateway.Controllers.LoadParametersController.Get (APIGateway)
      Executed action method APIGateway.Controllers.LoadParametersController.Get (APIGateway), returned result Microsoft.AspNetCore.Mvc.ObjectResult in 71.4332ms.
info: Microsoft.AspNetCore.Mvc.Infrastructure.ObjectResultExecutor[1]
      => ConnectionId:0HLOG2EEC5K0M => RequestId:0HLOG2EEC5K0M:00000003 RequestPath:/ExcelAddin/api/loadparameters/4743 => APIGateway.Controllers.LoadParametersController.Get (APIGateway)
      Executing ObjectResult, writing value of type 'System.String'.
info: Microsoft.AspNetCore.Mvc.Internal.ControllerActionInvoker[2]
      => ConnectionId:0HLOG2EEC5K0M => RequestId:0HLOG2EEC5K0M:00000003 RequestPath:/ExcelAddin/api/loadparameters/4743 => APIGateway.Controllers.LoadParametersController.Get (APIGateway)
      Executed action APIGateway.Controllers.LoadParametersController.Get (APIGateway) in 104.9329ms
info: Microsoft.AspNetCore.Hosting.Internal.WebHost[2]
      => ConnectionId:0HLOG2EEC5K0M => RequestId:0HLOG2EEC5K0M:00000003 RequestPath:/ExcelAddin/api/loadparameters/4743
      Request finished in 113.4165ms 200 text/plain; charset=utf-8
info: Microsoft.AspNetCore.Hosting.Internal.WebHost[1]
      => ConnectionId:0HLOG2EEC5K0L => RequestId:0HLOG2EEC5K0L:00000004 RequestPath:/ExcelAddin/api/updateparameters
      Request starting HTTP/1.1 PUT http://localhost:44331/ExcelAddin/api/updateparameters application/json; charset=UTF-8 2
info: Microsoft.AspNetCore.Mvc.Internal.ControllerActionInvoker[3]
      => ConnectionId:0HLOG2EEC5K0L => RequestId:0HLOG2EEC5K0L:00000004 RequestPath:/ExcelAddin/api/updateparameters => APIGateway.Controllers.UpdateParametersController.Put (APIGateway)
      Route matched with {action = "Put", controller = "UpdateParameters", page = ""}. Executing controller action with signature System.Threading.Tasks.Task`1[System.Int32] Put(System.String) on controller APIGateway.Controllers.UpdateParametersController (APIGateway).
info: Microsoft.AspNetCore.Mvc.Internal.ControllerActionInvoker[1]
      => ConnectionId:0HLOG2EEC5K0L => RequestId:0HLOG2EEC5K0L:00000004 RequestPath:/ExcelAddin/api/updateparameters => APIGateway.Controllers.UpdateParametersController.Put (APIGateway)
      Executing action method APIGateway.Controllers.UpdateParametersController.Put (APIGateway) - Validation state: Valid
info: Microsoft.AspNetCore.Mvc.Internal.ControllerActionInvoker[2]
      => ConnectionId:0HLOG2EEC5K0L => RequestId:0HLOG2EEC5K0L:00000004 RequestPath:/ExcelAddin/api/updateparameters => APIGateway.Controllers.UpdateParametersController.Put (APIGateway)
      Executed action method APIGateway.Controllers.UpdateParametersController.Put (APIGateway), returned result Microsoft.AspNetCore.Mvc.ObjectResult in 231.8341ms.
info: Microsoft.AspNetCore.Mvc.Infrastructure.ObjectResultExecutor[1]
      => ConnectionId:0HLOG2EEC5K0L => RequestId:0HLOG2EEC5K0L:00000004 RequestPath:/ExcelAddin/api/updateparameters => APIGateway.Controllers.UpdateParametersController.Put (APIGateway)
      Executing ObjectResult, writing value of type 'System.Int32'.
info: Microsoft.AspNetCore.Mvc.Internal.ControllerActionInvoker[2]
      => ConnectionId:0HLOG2EEC5K0L => RequestId:0HLOG2EEC5K0L:00000004 RequestPath:/ExcelAddin/api/updateparameters => APIGateway.Controllers.UpdateParametersController.Put (APIGateway)
      Executed action APIGateway.Controllers.UpdateParametersController.Put (APIGateway) in 257.6751ms
info: Microsoft.AspNetCore.Hosting.Internal.WebHost[2]
      => ConnectionId:0HLOG2EEC5K0L => RequestId:0HLOG2EEC5K0L:00000004 RequestPath:/ExcelAddin/api/updateparameters
      Request finished in 267.1795ms 200 application/json; charset=utf-8
info: Microsoft.AspNetCore.Hosting.Internal.WebHost[1]
      => ConnectionId:0HLOG2EEC5K0K => RequestId:0HLOG2EEC5K0K:00000005 RequestPath:/ExcelAddin/api/loadparameters/4743
      Request starting HTTP/1.1 GET http://localhost:44331/ExcelAddin/api/loadparameters/4743  
info: Microsoft.AspNetCore.Mvc.Internal.ControllerActionInvoker[3]
      => ConnectionId:0HLOG2EEC5K0K => RequestId:0HLOG2EEC5K0K:00000005 RequestPath:/ExcelAddin/api/loadparameters/4743 => APIGateway.Controllers.LoadParametersController.Get (APIGateway)
      Route matched with {action = "Get", controller = "LoadParameters", page = ""}. Executing controller action with signature System.Threading.Tasks.Task`1[System.String] Get(System.String) on controller APIGateway.Controllers.LoadParametersController (APIGateway).
info: Microsoft.AspNetCore.Mvc.Internal.ControllerActionInvoker[1]
      => ConnectionId:0HLOG2EEC5K0K => RequestId:0HLOG2EEC5K0K:00000005 RequestPath:/ExcelAddin/api/loadparameters/4743 => APIGateway.Controllers.LoadParametersController.Get (APIGateway)
      Executing action method APIGateway.Controllers.LoadParametersController.Get (APIGateway) - Validation state: Valid
info: Microsoft.AspNetCore.Mvc.Internal.ControllerActionInvoker[2]
      => ConnectionId:0HLOG2EEC5K0K => RequestId:0HLOG2EEC5K0K:00000005 RequestPath:/ExcelAddin/api/loadparameters/4743 => APIGateway.Controllers.LoadParametersController.Get (APIGateway)
      Executed action method APIGateway.Controllers.LoadParametersController.Get (APIGateway), returned result Microsoft.AspNetCore.Mvc.ObjectResult in 74.8453ms.
info: Microsoft.AspNetCore.Mvc.Infrastructure.ObjectResultExecutor[1]
      => ConnectionId:0HLOG2EEC5K0K => RequestId:0HLOG2EEC5K0K:00000005 RequestPath:/ExcelAddin/api/loadparameters/4743 => APIGateway.Controllers.LoadParametersController.Get (APIGateway)
      Executing ObjectResult, writing value of type 'System.String'.
info: Microsoft.AspNetCore.Mvc.Internal.ControllerActionInvoker[2]
      => ConnectionId:0HLOG2EEC5K0K => RequestId:0HLOG2EEC5K0K:00000005 RequestPath:/ExcelAddin/api/loadparameters/4743 => APIGateway.Controllers.LoadParametersController.Get (APIGateway)
      Executed action APIGateway.Controllers.LoadParametersController.Get (APIGateway) in 104.1708ms
info: Microsoft.AspNetCore.Hosting.Internal.WebHost[2]
      => ConnectionId:0HLOG2EEC5K0K => RequestId:0HLOG2EEC5K0K:00000005 RequestPath:/ExcelAddin/api/loadparameters/4743
      Request finished in 114.1699ms 200 text/plain; charset=utf-8
