info: Microsoft.AspNetCore.DataProtection.KeyManagement.XmlKeyManager[0]
      User profile is available. Using 'C:\Users\lnztha01\AppData\Local\ASP.NET\DataProtection-Keys' as key repository and Windows DPAPI to encrypt keys at rest.
Hosting environment: Development
Content root path: C:\Users\lnztha01\source\repos\ExcelGateway\APIGateway
Now listening on: http://127.0.0.1:42648
Application started. Press Ctrl+C to shut down.
info: Microsoft.AspNetCore.Hosting.Internal.WebHost[1]
      => ConnectionId:0HLOG2I1UCBAS => RequestId:0HLOG2I1UCBAS:00000001 RequestPath:/
      Request starting HTTP/1.1 DEBUG http://localhost:2664/  0
info: Microsoft.AspNetCore.Hosting.Internal.WebHost[2]
      => ConnectionId:0HLOG2I1UCBAS => RequestId:0HLOG2I1UCBAS:00000001 RequestPath:/
      Request finished in 42.052ms 200 
info: Microsoft.AspNetCore.Hosting.Internal.WebHost[1]
      => ConnectionId:0HLOG2I1UCBAS => RequestId:0HLOG2I1UCBAS:00000002 RequestPath:/Index
      Request starting HTTP/1.1 GET http://localhost:44331/Index  
info: Microsoft.AspNetCore.Routing.EndpointMiddleware[0]
      => ConnectionId:0HLOG2I1UCBAS => RequestId:0HLOG2I1UCBAS:00000002 RequestPath:/Index
      Executing endpoint 'Page: /Index'
info: Microsoft.AspNetCore.Mvc.RazorPages.Internal.PageActionInvoker[3]
      => ConnectionId:0HLOG2I1UCBAS => RequestId:0HLOG2I1UCBAS:00000002 RequestPath:/Index => /Index
      Route matched with {page = "/Index", action = "", controller = ""}. Executing page /Index
info: Microsoft.AspNetCore.Mvc.RazorPages.Internal.PageActionInvoker[101]
      => ConnectionId:0HLOG2I1UCBAS => RequestId:0HLOG2I1UCBAS:00000002 RequestPath:/Index => /Index
      Executing handler method APIGateway.HomePage.IndexModel.OnGet - ModelState is Valid
info: Microsoft.AspNetCore.Mvc.RazorPages.Internal.PageActionInvoker[102]
      => ConnectionId:0HLOG2I1UCBAS => RequestId:0HLOG2I1UCBAS:00000002 RequestPath:/Index => /Index
      Executed handler method OnGet, returned result .
info: Microsoft.AspNetCore.Mvc.RazorPages.Internal.PageActionInvoker[103]
      => ConnectionId:0HLOG2I1UCBAS => RequestId:0HLOG2I1UCBAS:00000002 RequestPath:/Index => /Index
      Executing an implicit handler method - ModelState is Valid
info: Microsoft.AspNetCore.Mvc.RazorPages.Internal.PageActionInvoker[104]
      => ConnectionId:0HLOG2I1UCBAS => RequestId:0HLOG2I1UCBAS:00000002 RequestPath:/Index => /Index
      Executed an implicit handler method, returned result Microsoft.AspNetCore.Mvc.RazorPages.PageResult.
info: Microsoft.AspNetCore.Mvc.RazorPages.Internal.PageActionInvoker[4]
      => ConnectionId:0HLOG2I1UCBAS => RequestId:0HLOG2I1UCBAS:00000002 RequestPath:/Index => /Index
      Executed page /Index in 216.4851ms
info: Microsoft.AspNetCore.Routing.EndpointMiddleware[1]
      => ConnectionId:0HLOG2I1UCBAS => RequestId:0HLOG2I1UCBAS:00000002 RequestPath:/Index
      Executed endpoint 'Page: /Index'
info: Microsoft.AspNetCore.Hosting.Internal.WebHost[2]
      => ConnectionId:0HLOG2I1UCBAS => RequestId:0HLOG2I1UCBAS:00000002 RequestPath:/Index
      Request finished in 466.4514ms 200 text/html; charset=utf-8
info: Microsoft.AspNetCore.Hosting.Internal.WebHost[1]
      => ConnectionId:0HLOG2I1UCBAS => RequestId:0HLOG2I1UCBAS:00000003 RequestPath:/favicon.ico
      Request starting HTTP/1.1 GET http://localhost:44331/favicon.ico  
info: Microsoft.AspNetCore.StaticFiles.StaticFileMiddleware[2]
      => ConnectionId:0HLOG2I1UCBAS => RequestId:0HLOG2I1UCBAS:00000003 RequestPath:/favicon.ico
      Sending file. Request path: '/favicon.ico'. Physical path: 'C:\Users\lnztha01\source\repos\ExcelGateway\APIGateway\wwwroot\favicon.ico'
info: Microsoft.AspNetCore.Hosting.Internal.WebHost[2]
      => ConnectionId:0HLOG2I1UCBAS => RequestId:0HLOG2I1UCBAS:00000003 RequestPath:/favicon.ico
      Request finished in 29.5886ms 200 image/x-icon
info: Microsoft.AspNetCore.Hosting.Internal.WebHost[1]
      => ConnectionId:0HLOG2I1UCBAS => RequestId:0HLOG2I1UCBAS:00000004 RequestPath:/
      Request starting HTTP/1.1 GET http://localhost:44331/  
info: Microsoft.AspNetCore.Routing.EndpointMiddleware[0]
      => ConnectionId:0HLOG2I1UCBAS => RequestId:0HLOG2I1UCBAS:00000004 RequestPath:/
      Executing endpoint 'Page: /Index'
info: Microsoft.AspNetCore.Mvc.RazorPages.Internal.PageActionInvoker[3]
      => ConnectionId:0HLOG2I1UCBAS => RequestId:0HLOG2I1UCBAS:00000004 RequestPath:/ => /Index
      Route matched with {page = "/Index", action = "", controller = ""}. Executing page /Index
info: Microsoft.AspNetCore.Mvc.RazorPages.Internal.PageActionInvoker[101]
      => ConnectionId:0HLOG2I1UCBAS => RequestId:0HLOG2I1UCBAS:00000004 RequestPath:/ => /Index
      Executing handler method APIGateway.HomePage.IndexModel.OnGet - ModelState is Valid
info: Microsoft.AspNetCore.Mvc.RazorPages.Internal.PageActionInvoker[102]
      => ConnectionId:0HLOG2I1UCBAS => RequestId:0HLOG2I1UCBAS:00000004 RequestPath:/ => /Index
      Executed handler method OnGet, returned result .
info: Microsoft.AspNetCore.Mvc.RazorPages.Internal.PageActionInvoker[103]
      => ConnectionId:0HLOG2I1UCBAS => RequestId:0HLOG2I1UCBAS:00000004 RequestPath:/ => /Index
      Executing an implicit handler method - ModelState is Valid
info: Microsoft.AspNetCore.Mvc.RazorPages.Internal.PageActionInvoker[104]
      => ConnectionId:0HLOG2I1UCBAS => RequestId:0HLOG2I1UCBAS:00000004 RequestPath:/ => /Index
      Executed an implicit handler method, returned result Microsoft.AspNetCore.Mvc.RazorPages.PageResult.
info: Microsoft.AspNetCore.Mvc.RazorPages.Internal.PageActionInvoker[4]
      => ConnectionId:0HLOG2I1UCBAS => RequestId:0HLOG2I1UCBAS:00000004 RequestPath:/ => /Index
      Executed page /Index in 52.2114ms
info: Microsoft.AspNetCore.Routing.EndpointMiddleware[1]
      => ConnectionId:0HLOG2I1UCBAS => RequestId:0HLOG2I1UCBAS:00000004 RequestPath:/
      Executed endpoint 'Page: /Index'
info: Microsoft.AspNetCore.Hosting.Internal.WebHost[2]
      => ConnectionId:0HLOG2I1UCBAS => RequestId:0HLOG2I1UCBAS:00000004 RequestPath:/
      Request finished in 71.1661ms 200 text/html; charset=utf-8
