info: Microsoft.AspNetCore.DataProtection.KeyManagement.XmlKeyManager[0]
      User profile is available. Using 'C:\Users\lnztha01\AppData\Local\ASP.NET\DataProtection-Keys' as key repository and Windows DPAPI to encrypt keys at rest.
Hosting environment: Development
Content root path: C:\Users\lnztha01\source\repos\ExcelGateway\APIGateway
Now listening on: http://127.0.0.1:23388
Application started. Press Ctrl+C to shut down.
info: Microsoft.AspNetCore.Hosting.Internal.WebHost[1]
      => ConnectionId:0HLOG2CBLQ95Q => RequestId:0HLOG2CBLQ95Q:00000001 RequestPath:/
      Request starting HTTP/1.1 DEBUG http://localhost:2664/  0
info: Microsoft.AspNetCore.Hosting.Internal.WebHost[2]
      => ConnectionId:0HLOG2CBLQ95Q => RequestId:0HLOG2CBLQ95Q:00000001 RequestPath:/
      Request finished in 31.2794ms 200 
info: Microsoft.AspNetCore.Hosting.Internal.WebHost[1]
      => ConnectionId:0HLOG2CBLQ95Q => RequestId:0HLOG2CBLQ95Q:00000002 RequestPath:/
      Request starting HTTP/1.1 GET http://localhost:44331/  
info: Microsoft.AspNetCore.Hosting.Internal.WebHost[2]
      => ConnectionId:0HLOG2CBLQ95Q => RequestId:0HLOG2CBLQ95Q:00000002 RequestPath:/
      Request finished in 264.2509ms 404 
info: Microsoft.AspNetCore.Hosting.Internal.WebHost[1]
      => ConnectionId:0HLOG2CBLQ95Q => RequestId:0HLOG2CBLQ95Q:00000003 RequestPath:/
      Request starting HTTP/1.1 GET http://localhost:44331/  
info: Microsoft.AspNetCore.Hosting.Internal.WebHost[2]
      => ConnectionId:0HLOG2CBLQ95Q => RequestId:0HLOG2CBLQ95Q:00000003 RequestPath:/
      Request finished in 3.9138ms 404 
info: Microsoft.AspNetCore.Hosting.Internal.WebHost[1]
      => ConnectionId:0HLOG2CBLQ95Q => RequestId:0HLOG2CBLQ95Q:00000004 RequestPath:/
      Request starting HTTP/1.1 GET http://localhost:44331/  
info: Microsoft.AspNetCore.Hosting.Internal.WebHost[2]
      => ConnectionId:0HLOG2CBLQ95Q => RequestId:0HLOG2CBLQ95Q:00000004 RequestPath:/
      Request finished in 1.7576ms 404 
info: Microsoft.AspNetCore.Hosting.Internal.WebHost[1]
      => ConnectionId:0HLOG2CBLQ95Q => RequestId:0HLOG2CBLQ95Q:00000005 RequestPath:/Index
      Request starting HTTP/1.1 GET http://localhost:44331/Index  
info: Microsoft.AspNetCore.Hosting.Internal.WebHost[2]
      => ConnectionId:0HLOG2CBLQ95Q => RequestId:0HLOG2CBLQ95Q:00000005 RequestPath:/Index
      Request finished in 2.9056ms 404 
info: Microsoft.AspNetCore.Hosting.Internal.WebHost[1]
      => ConnectionId:0HLOG2CBLQ95Q => RequestId:0HLOG2CBLQ95Q:00000006 RequestPath:/Index
      Request starting HTTP/1.1 GET http://localhost:44331/Index  
info: Microsoft.AspNetCore.Hosting.Internal.WebHost[2]
      => ConnectionId:0HLOG2CBLQ95Q => RequestId:0HLOG2CBLQ95Q:00000006 RequestPath:/Index
      Request finished in 2.3936ms 404 
