info: Microsoft.AspNetCore.DataProtection.KeyManagement.XmlKeyManager[0]
      User profile is available. Using 'C:\Users\lnztha01\AppData\Local\ASP.NET\DataProtection-Keys' as key repository and Windows DPAPI to encrypt keys at rest.
Hosting environment: Development
Content root path: C:\Users\lnztha01\source\repos\ExcelGateway\APIGateway
Now listening on: http://127.0.0.1:9414
Application started. Press Ctrl+C to shut down.
info: Microsoft.AspNetCore.Hosting.Internal.WebHost[1]
      => ConnectionId:0HLOH060UIJQ8 => RequestId:0HLOH060UIJQ8:00000001 RequestPath:/
      Request starting HTTP/1.1 DEBUG http://localhost:2664/  0
info: Microsoft.AspNetCore.Hosting.Internal.WebHost[2]
      => ConnectionId:0HLOH060UIJQ8 => RequestId:0HLOH060UIJQ8:00000001 RequestPath:/
      Request finished in 35.9668ms 200 
info: Microsoft.AspNetCore.Hosting.Internal.WebHost[1]
      => ConnectionId:0HLOH060UIJQ8 => RequestId:0HLOH060UIJQ8:00000002 RequestPath:/ExcelAddin/
      Request starting HTTP/1.1 OPTIONS http://localhost:44331/ExcelAddin/  
info: Microsoft.AspNetCore.Hosting.Internal.WebHost[2]
      => ConnectionId:0HLOH060UIJQ8 => RequestId:0HLOH060UIJQ8:00000002 RequestPath:/ExcelAddin/
      Request finished in 132.4029ms 404 
info: Microsoft.AspNetCore.Hosting.Internal.WebHost[1]
      => ConnectionId:0HLOH060UIJQ8 => RequestId:0HLOH060UIJQ8:00000003 RequestPath:/ExcelAddin/Home.html
      Request starting HTTP/1.1 GET http://localhost:44331/ExcelAddin/Home.html?_host_Info=Excel$Win32$16.01$en-US  
info: Microsoft.AspNetCore.StaticFiles.StaticFileMiddleware[2]
      => ConnectionId:0HLOH060UIJQ8 => RequestId:0HLOH060UIJQ8:00000003 RequestPath:/ExcelAddin/Home.html
      Sending file. Request path: '/ExcelAddin/Home.html'. Physical path: 'C:\Users\lnztha01\source\repos\ExcelGateway\APIGateway\wwwroot\ExcelAddin\Home.html'
info: Microsoft.AspNetCore.Hosting.Internal.WebHost[2]
      => ConnectionId:0HLOH060UIJQ8 => RequestId:0HLOH060UIJQ8:00000003 RequestPath:/ExcelAddin/Home.html
      Request finished in 33.0405ms 200 text/html
info: Microsoft.AspNetCore.Hosting.Internal.WebHost[1]
      => ConnectionId:0HLOH060UIJQ8 => RequestId:0HLOH060UIJQ8:00000004 RequestPath:/ExcelAddin/Scripts/jquery-1.9.1.js
      Request starting HTTP/1.1 GET http://localhost:44331/ExcelAddin/Scripts/jquery-1.9.1.js  
info: Microsoft.AspNetCore.StaticFiles.StaticFileMiddleware[6]
      => ConnectionId:0HLOH060UIJQ8 => RequestId:0HLOH060UIJQ8:00000004 RequestPath:/ExcelAddin/Scripts/jquery-1.9.1.js
      The file /ExcelAddin/Scripts/jquery-1.9.1.js was not modified
info: Microsoft.AspNetCore.Hosting.Internal.WebHost[2]
      => ConnectionId:0HLOH060UIJQ8 => RequestId:0HLOH060UIJQ8:00000004 RequestPath:/ExcelAddin/Scripts/jquery-1.9.1.js
      Request finished in 15.1593ms 304 application/javascript
info: Microsoft.AspNetCore.Hosting.Internal.WebHost[1]
      => ConnectionId:0HLOH060UIJQ8 => RequestId:0HLOH060UIJQ8:00000005 RequestPath:/ExcelAddin/Scripts/FabricUI/MessageBanner.js
      Request starting HTTP/1.1 GET http://localhost:44331/ExcelAddin/Scripts/FabricUI/MessageBanner.js  
info: Microsoft.AspNetCore.StaticFiles.StaticFileMiddleware[6]
      => ConnectionId:0HLOH060UIJQ8 => RequestId:0HLOH060UIJQ8:00000005 RequestPath:/ExcelAddin/Scripts/FabricUI/MessageBanner.js
      The file /ExcelAddin/Scripts/FabricUI/MessageBanner.js was not modified
info: Microsoft.AspNetCore.Hosting.Internal.WebHost[2]
      => ConnectionId:0HLOH060UIJQ8 => RequestId:0HLOH060UIJQ8:00000005 RequestPath:/ExcelAddin/Scripts/FabricUI/MessageBanner.js
      Request finished in 12.7403ms 304 application/javascript
info: Microsoft.AspNetCore.Hosting.Internal.WebHost[1]
      => ConnectionId:0HLOH060UIJQ8 => RequestId:0HLOH060UIJQ8:00000006 RequestPath:/ExcelAddin/Home.css
      Request starting HTTP/1.1 GET http://localhost:44331/ExcelAddin/Home.css  
info: Microsoft.AspNetCore.StaticFiles.StaticFileMiddleware[6]
      => ConnectionId:0HLOH060UIJQ8 => RequestId:0HLOH060UIJQ8:00000006 RequestPath:/ExcelAddin/Home.css
      The file /ExcelAddin/Home.css was not modified
info: Microsoft.AspNetCore.Hosting.Internal.WebHost[2]
      => ConnectionId:0HLOH060UIJQ8 => RequestId:0HLOH060UIJQ8:00000006 RequestPath:/ExcelAddin/Home.css
      Request finished in 11.2707ms 304 text/css
info: Microsoft.AspNetCore.Hosting.Internal.WebHost[1]
      => ConnectionId:0HLOH060UIJQ9 => RequestId:0HLOH060UIJQ9:00000001 RequestPath:/ExcelAddin/bundle/Home.js
      Request starting HTTP/1.1 GET http://localhost:44331/ExcelAddin/bundle/Home.js  
info: Microsoft.AspNetCore.StaticFiles.StaticFileMiddleware[2]
      => ConnectionId:0HLOH060UIJQ9 => RequestId:0HLOH060UIJQ9:00000001 RequestPath:/ExcelAddin/bundle/Home.js
      Sending file. Request path: '/ExcelAddin/bundle/Home.js'. Physical path: 'C:\Users\lnztha01\source\repos\ExcelGateway\APIGateway\wwwroot\ExcelAddin\bundle\Home.js'
info: Microsoft.AspNetCore.Hosting.Internal.WebHost[2]
      => ConnectionId:0HLOH060UIJQ9 => RequestId:0HLOH060UIJQ9:00000001 RequestPath:/ExcelAddin/bundle/Home.js
      Request finished in 18.5872ms 200 application/javascript
info: Microsoft.AspNetCore.Hosting.Internal.WebHost[1]
      => ConnectionId:0HLOH060UIJQ8 => RequestId:0HLOH060UIJQ8:00000007 RequestPath:/ExcelAddin/api/loadexcelconfig/Sheet1
      Request starting HTTP/1.1 GET http://localhost:44331/ExcelAddin/api/loadexcelconfig/Sheet1  
info: Microsoft.AspNetCore.Routing.EndpointMiddleware[0]
      => ConnectionId:0HLOH060UIJQ8 => RequestId:0HLOH060UIJQ8:00000007 RequestPath:/ExcelAddin/api/loadexcelconfig/Sheet1
      Executing endpoint 'APIGateway.Controllers.LoadExcelConfigController.Get (APIGateway)'
info: Microsoft.AspNetCore.Mvc.Internal.ControllerActionInvoker[3]
      => ConnectionId:0HLOH060UIJQ8 => RequestId:0HLOH060UIJQ8:00000007 RequestPath:/ExcelAddin/api/loadexcelconfig/Sheet1 => APIGateway.Controllers.LoadExcelConfigController.Get (APIGateway)
      Route matched with {action = "Get", controller = "LoadExcelConfig", page = ""}. Executing controller action with signature Microsoft.AspNetCore.Mvc.ActionResult`1[System.String] Get(System.String) on controller APIGateway.Controllers.LoadExcelConfigController (APIGateway).
info: Microsoft.AspNetCore.Mvc.Internal.ControllerActionInvoker[1]
      => ConnectionId:0HLOH060UIJQ8 => RequestId:0HLOH060UIJQ8:00000007 RequestPath:/ExcelAddin/api/loadexcelconfig/Sheet1 => APIGateway.Controllers.LoadExcelConfigController.Get (APIGateway)
      Executing action method APIGateway.Controllers.LoadExcelConfigController.Get (APIGateway) - Validation state: Valid
info: Microsoft.AspNetCore.Mvc.Internal.ControllerActionInvoker[2]
      => ConnectionId:0HLOH060UIJQ8 => RequestId:0HLOH060UIJQ8:00000007 RequestPath:/ExcelAddin/api/loadexcelconfig/Sheet1 => APIGateway.Controllers.LoadExcelConfigController.Get (APIGateway)
      Executed action method APIGateway.Controllers.LoadExcelConfigController.Get (APIGateway), returned result Microsoft.AspNetCore.Mvc.ObjectResult in 86.9577ms.
info: Microsoft.AspNetCore.Mvc.Infrastructure.ObjectResultExecutor[1]
      => ConnectionId:0HLOH060UIJQ8 => RequestId:0HLOH060UIJQ8:00000007 RequestPath:/ExcelAddin/api/loadexcelconfig/Sheet1 => APIGateway.Controllers.LoadExcelConfigController.Get (APIGateway)
      Executing ObjectResult, writing value of type 'System.String'.
info: Microsoft.AspNetCore.Mvc.Internal.ControllerActionInvoker[2]
      => ConnectionId:0HLOH060UIJQ8 => RequestId:0HLOH060UIJQ8:00000007 RequestPath:/ExcelAddin/api/loadexcelconfig/Sheet1 => APIGateway.Controllers.LoadExcelConfigController.Get (APIGateway)
      Executed action APIGateway.Controllers.LoadExcelConfigController.Get (APIGateway) in 219.045ms
info: Microsoft.AspNetCore.Routing.EndpointMiddleware[1]
      => ConnectionId:0HLOH060UIJQ8 => RequestId:0HLOH060UIJQ8:00000007 RequestPath:/ExcelAddin/api/loadexcelconfig/Sheet1
      Executed endpoint 'APIGateway.Controllers.LoadExcelConfigController.Get (APIGateway)'
info: Microsoft.AspNetCore.Hosting.Internal.WebHost[2]
      => ConnectionId:0HLOH060UIJQ8 => RequestId:0HLOH060UIJQ8:00000007 RequestPath:/ExcelAddin/api/loadexcelconfig/Sheet1
      Request finished in 261.7812ms 200 text/plain; charset=utf-8
info: Microsoft.AspNetCore.Hosting.Internal.WebHost[1]
      => ConnectionId:0HLOH060UIJQ9 => RequestId:0HLOH060UIJQ9:00000002 RequestPath:/ExcelAddin/api/loadparameters/Sheet1
      Request starting HTTP/1.1 GET http://localhost:44331/ExcelAddin/api/loadparameters/Sheet1?searchValues=4743  
info: Microsoft.AspNetCore.Routing.EndpointMiddleware[0]
      => ConnectionId:0HLOH060UIJQ9 => RequestId:0HLOH060UIJQ9:00000002 RequestPath:/ExcelAddin/api/loadparameters/Sheet1
      Executing endpoint 'APIGateway.Controllers.LoadParametersController.Get (APIGateway)'
info: Microsoft.AspNetCore.Mvc.Internal.ControllerActionInvoker[3]
      => ConnectionId:0HLOH060UIJQ9 => RequestId:0HLOH060UIJQ9:00000002 RequestPath:/ExcelAddin/api/loadparameters/Sheet1 => APIGateway.Controllers.LoadParametersController.Get (APIGateway)
      Route matched with {action = "Get", controller = "LoadParameters", page = ""}. Executing controller action with signature System.Threading.Tasks.Task`1[System.String] Get(System.String, System.String) on controller APIGateway.Controllers.LoadParametersController (APIGateway).
info: Microsoft.AspNetCore.Mvc.Internal.ControllerActionInvoker[1]
      => ConnectionId:0HLOH060UIJQ9 => RequestId:0HLOH060UIJQ9:00000002 RequestPath:/ExcelAddin/api/loadparameters/Sheet1 => APIGateway.Controllers.LoadParametersController.Get (APIGateway)
      Executing action method APIGateway.Controllers.LoadParametersController.Get (APIGateway) - Validation state: Valid
info: Microsoft.AspNetCore.Mvc.Internal.ControllerActionInvoker[2]
      => ConnectionId:0HLOH060UIJQ9 => RequestId:0HLOH060UIJQ9:00000002 RequestPath:/ExcelAddin/api/loadparameters/Sheet1 => APIGateway.Controllers.LoadParametersController.Get (APIGateway)
      Executed action method APIGateway.Controllers.LoadParametersController.Get (APIGateway), returned result Microsoft.AspNetCore.Mvc.ObjectResult in 3581.8695ms.
info: Microsoft.AspNetCore.Mvc.Infrastructure.ObjectResultExecutor[1]
      => ConnectionId:0HLOH060UIJQ9 => RequestId:0HLOH060UIJQ9:00000002 RequestPath:/ExcelAddin/api/loadparameters/Sheet1 => APIGateway.Controllers.LoadParametersController.Get (APIGateway)
      Executing ObjectResult, writing value of type 'System.String'.
info: Microsoft.AspNetCore.Mvc.Internal.ControllerActionInvoker[2]
      => ConnectionId:0HLOH060UIJQ9 => RequestId:0HLOH060UIJQ9:00000002 RequestPath:/ExcelAddin/api/loadparameters/Sheet1 => APIGateway.Controllers.LoadParametersController.Get (APIGateway)
      Executed action APIGateway.Controllers.LoadParametersController.Get (APIGateway) in 3621.8336ms
info: Microsoft.AspNetCore.Routing.EndpointMiddleware[1]
      => ConnectionId:0HLOH060UIJQ9 => RequestId:0HLOH060UIJQ9:00000002 RequestPath:/ExcelAddin/api/loadparameters/Sheet1
      Executed endpoint 'APIGateway.Controllers.LoadParametersController.Get (APIGateway)'
info: Microsoft.AspNetCore.Hosting.Internal.WebHost[2]
      => ConnectionId:0HLOH060UIJQ9 => RequestId:0HLOH060UIJQ9:00000002 RequestPath:/ExcelAddin/api/loadparameters/Sheet1
      Request finished in 3644.2881ms 200 text/plain; charset=utf-8
info: Microsoft.AspNetCore.Hosting.Internal.WebHost[1]
      => ConnectionId:0HLOH060UIJQ8 => RequestId:0HLOH060UIJQ8:00000008 RequestPath:/ExcelAddin/api/loadparameters/Sheet1
      Request starting HTTP/1.1 GET http://localhost:44331/ExcelAddin/api/loadparameters/Sheet1?searchValues=4743  
info: Microsoft.AspNetCore.Routing.EndpointMiddleware[0]
      => ConnectionId:0HLOH060UIJQ8 => RequestId:0HLOH060UIJQ8:00000008 RequestPath:/ExcelAddin/api/loadparameters/Sheet1
      Executing endpoint 'APIGateway.Controllers.LoadParametersController.Get (APIGateway)'
info: Microsoft.AspNetCore.Mvc.Internal.ControllerActionInvoker[3]
      => ConnectionId:0HLOH060UIJQ8 => RequestId:0HLOH060UIJQ8:00000008 RequestPath:/ExcelAddin/api/loadparameters/Sheet1 => APIGateway.Controllers.LoadParametersController.Get (APIGateway)
      Route matched with {action = "Get", controller = "LoadParameters", page = ""}. Executing controller action with signature System.Threading.Tasks.Task`1[System.String] Get(System.String, System.String) on controller APIGateway.Controllers.LoadParametersController (APIGateway).
info: Microsoft.AspNetCore.Mvc.Internal.ControllerActionInvoker[1]
      => ConnectionId:0HLOH060UIJQ8 => RequestId:0HLOH060UIJQ8:00000008 RequestPath:/ExcelAddin/api/loadparameters/Sheet1 => APIGateway.Controllers.LoadParametersController.Get (APIGateway)
      Executing action method APIGateway.Controllers.LoadParametersController.Get (APIGateway) - Validation state: Valid
info: Microsoft.AspNetCore.Mvc.Internal.ControllerActionInvoker[2]
      => ConnectionId:0HLOH060UIJQ8 => RequestId:0HLOH060UIJQ8:00000008 RequestPath:/ExcelAddin/api/loadparameters/Sheet1 => APIGateway.Controllers.LoadParametersController.Get (APIGateway)
      Executed action method APIGateway.Controllers.LoadParametersController.Get (APIGateway), returned result Microsoft.AspNetCore.Mvc.ObjectResult in 405.552ms.
info: Microsoft.AspNetCore.Mvc.Infrastructure.ObjectResultExecutor[1]
      => ConnectionId:0HLOH060UIJQ8 => RequestId:0HLOH060UIJQ8:00000008 RequestPath:/ExcelAddin/api/loadparameters/Sheet1 => APIGateway.Controllers.LoadParametersController.Get (APIGateway)
      Executing ObjectResult, writing value of type 'System.String'.
info: Microsoft.AspNetCore.Mvc.Internal.ControllerActionInvoker[2]
      => ConnectionId:0HLOH060UIJQ8 => RequestId:0HLOH060UIJQ8:00000008 RequestPath:/ExcelAddin/api/loadparameters/Sheet1 => APIGateway.Controllers.LoadParametersController.Get (APIGateway)
      Executed action APIGateway.Controllers.LoadParametersController.Get (APIGateway) in 438.3871ms
info: Microsoft.AspNetCore.Routing.EndpointMiddleware[1]
      => ConnectionId:0HLOH060UIJQ8 => RequestId:0HLOH060UIJQ8:00000008 RequestPath:/ExcelAddin/api/loadparameters/Sheet1
      Executed endpoint 'APIGateway.Controllers.LoadParametersController.Get (APIGateway)'
info: Microsoft.AspNetCore.Hosting.Internal.WebHost[2]
      => ConnectionId:0HLOH060UIJQ8 => RequestId:0HLOH060UIJQ8:00000008 RequestPath:/ExcelAddin/api/loadparameters/Sheet1
      Request finished in 455.1559ms 200 text/plain; charset=utf-8
info: Microsoft.AspNetCore.Hosting.Internal.WebHost[1]
      => ConnectionId:0HLOH060UIJQ9 => RequestId:0HLOH060UIJQ9:00000003 RequestPath:/ExcelAddin/api/loadparameters/Sheet1
      Request starting HTTP/1.1 GET http://localhost:44331/ExcelAddin/api/loadparameters/Sheet1?searchValues=4743  
info: Microsoft.AspNetCore.Routing.EndpointMiddleware[0]
      => ConnectionId:0HLOH060UIJQ9 => RequestId:0HLOH060UIJQ9:00000003 RequestPath:/ExcelAddin/api/loadparameters/Sheet1
      Executing endpoint 'APIGateway.Controllers.LoadParametersController.Get (APIGateway)'
info: Microsoft.AspNetCore.Mvc.Internal.ControllerActionInvoker[3]
      => ConnectionId:0HLOH060UIJQ9 => RequestId:0HLOH060UIJQ9:00000003 RequestPath:/ExcelAddin/api/loadparameters/Sheet1 => APIGateway.Controllers.LoadParametersController.Get (APIGateway)
      Route matched with {action = "Get", controller = "LoadParameters", page = ""}. Executing controller action with signature System.Threading.Tasks.Task`1[System.String] Get(System.String, System.String) on controller APIGateway.Controllers.LoadParametersController (APIGateway).
info: Microsoft.AspNetCore.Mvc.Internal.ControllerActionInvoker[1]
      => ConnectionId:0HLOH060UIJQ9 => RequestId:0HLOH060UIJQ9:00000003 RequestPath:/ExcelAddin/api/loadparameters/Sheet1 => APIGateway.Controllers.LoadParametersController.Get (APIGateway)
      Executing action method APIGateway.Controllers.LoadParametersController.Get (APIGateway) - Validation state: Valid
info: Microsoft.AspNetCore.Mvc.Internal.ControllerActionInvoker[2]
      => ConnectionId:0HLOH060UIJQ9 => RequestId:0HLOH060UIJQ9:00000003 RequestPath:/ExcelAddin/api/loadparameters/Sheet1 => APIGateway.Controllers.LoadParametersController.Get (APIGateway)
      Executed action method APIGateway.Controllers.LoadParametersController.Get (APIGateway), returned result Microsoft.AspNetCore.Mvc.ObjectResult in 94.3983ms.
info: Microsoft.AspNetCore.Mvc.Infrastructure.ObjectResultExecutor[1]
      => ConnectionId:0HLOH060UIJQ9 => RequestId:0HLOH060UIJQ9:00000003 RequestPath:/ExcelAddin/api/loadparameters/Sheet1 => APIGateway.Controllers.LoadParametersController.Get (APIGateway)
      Executing ObjectResult, writing value of type 'System.String'.
info: Microsoft.AspNetCore.Mvc.Internal.ControllerActionInvoker[2]
      => ConnectionId:0HLOH060UIJQ9 => RequestId:0HLOH060UIJQ9:00000003 RequestPath:/ExcelAddin/api/loadparameters/Sheet1 => APIGateway.Controllers.LoadParametersController.Get (APIGateway)
      Executed action APIGateway.Controllers.LoadParametersController.Get (APIGateway) in 136.564ms
info: Microsoft.AspNetCore.Routing.EndpointMiddleware[1]
      => ConnectionId:0HLOH060UIJQ9 => RequestId:0HLOH060UIJQ9:00000003 RequestPath:/ExcelAddin/api/loadparameters/Sheet1
      Executed endpoint 'APIGateway.Controllers.LoadParametersController.Get (APIGateway)'
info: Microsoft.AspNetCore.Hosting.Internal.WebHost[2]
      => ConnectionId:0HLOH060UIJQ9 => RequestId:0HLOH060UIJQ9:00000003 RequestPath:/ExcelAddin/api/loadparameters/Sheet1
      Request finished in 149.1037ms 200 text/plain; charset=utf-8
info: Microsoft.AspNetCore.Hosting.Internal.WebHost[1]
      => ConnectionId:0HLOH060UIJQ8 => RequestId:0HLOH060UIJQ8:00000009 RequestPath:/ExcelAddin/api/loadparameters/Sheet1
      Request starting HTTP/1.1 GET http://localhost:44331/ExcelAddin/api/loadparameters/Sheet1?searchValues=3300  
info: Microsoft.AspNetCore.Routing.EndpointMiddleware[0]
      => ConnectionId:0HLOH060UIJQ8 => RequestId:0HLOH060UIJQ8:00000009 RequestPath:/ExcelAddin/api/loadparameters/Sheet1
      Executing endpoint 'APIGateway.Controllers.LoadParametersController.Get (APIGateway)'
info: Microsoft.AspNetCore.Mvc.Internal.ControllerActionInvoker[3]
      => ConnectionId:0HLOH060UIJQ8 => RequestId:0HLOH060UIJQ8:00000009 RequestPath:/ExcelAddin/api/loadparameters/Sheet1 => APIGateway.Controllers.LoadParametersController.Get (APIGateway)
      Route matched with {action = "Get", controller = "LoadParameters", page = ""}. Executing controller action with signature System.Threading.Tasks.Task`1[System.String] Get(System.String, System.String) on controller APIGateway.Controllers.LoadParametersController (APIGateway).
info: Microsoft.AspNetCore.Mvc.Internal.ControllerActionInvoker[1]
      => ConnectionId:0HLOH060UIJQ8 => RequestId:0HLOH060UIJQ8:00000009 RequestPath:/ExcelAddin/api/loadparameters/Sheet1 => APIGateway.Controllers.LoadParametersController.Get (APIGateway)
      Executing action method APIGateway.Controllers.LoadParametersController.Get (APIGateway) - Validation state: Valid
info: Microsoft.AspNetCore.Mvc.Internal.ControllerActionInvoker[2]
      => ConnectionId:0HLOH060UIJQ8 => RequestId:0HLOH060UIJQ8:00000009 RequestPath:/ExcelAddin/api/loadparameters/Sheet1 => APIGateway.Controllers.LoadParametersController.Get (APIGateway)
      Executed action method APIGateway.Controllers.LoadParametersController.Get (APIGateway), returned result Microsoft.AspNetCore.Mvc.ObjectResult in 251.5278ms.
info: Microsoft.AspNetCore.Mvc.Infrastructure.ObjectResultExecutor[1]
      => ConnectionId:0HLOH060UIJQ8 => RequestId:0HLOH060UIJQ8:00000009 RequestPath:/ExcelAddin/api/loadparameters/Sheet1 => APIGateway.Controllers.LoadParametersController.Get (APIGateway)
      Executing ObjectResult, writing value of type 'System.String'.
info: Microsoft.AspNetCore.Mvc.Internal.ControllerActionInvoker[2]
      => ConnectionId:0HLOH060UIJQ8 => RequestId:0HLOH060UIJQ8:00000009 RequestPath:/ExcelAddin/api/loadparameters/Sheet1 => APIGateway.Controllers.LoadParametersController.Get (APIGateway)
      Executed action APIGateway.Controllers.LoadParametersController.Get (APIGateway) in 283.5882ms
info: Microsoft.AspNetCore.Routing.EndpointMiddleware[1]
      => ConnectionId:0HLOH060UIJQ8 => RequestId:0HLOH060UIJQ8:00000009 RequestPath:/ExcelAddin/api/loadparameters/Sheet1
      Executed endpoint 'APIGateway.Controllers.LoadParametersController.Get (APIGateway)'
info: Microsoft.AspNetCore.Hosting.Internal.WebHost[2]
      => ConnectionId:0HLOH060UIJQ8 => RequestId:0HLOH060UIJQ8:00000009 RequestPath:/ExcelAddin/api/loadparameters/Sheet1
      Request finished in 297.6113ms 200 text/plain; charset=utf-8
