info: Microsoft.AspNetCore.DataProtection.KeyManagement.XmlKeyManager[0]
      User profile is available. Using 'C:\Users\lnztha01\AppData\Local\ASP.NET\DataProtection-Keys' as key repository and Windows DPAPI to encrypt keys at rest.
Hosting environment: Development
Content root path: C:\Users\lnztha01\source\repos\ExcelGateway\APIGateway
Now listening on: http://127.0.0.1:42582
Application started. Press Ctrl+C to shut down.
info: Microsoft.AspNetCore.Hosting.Internal.WebHost[1]
      => ConnectionId:0HLOG2COR0LBQ => RequestId:0HLOG2COR0LBQ:00000001 RequestPath:/
      Request starting HTTP/1.1 DEBUG http://localhost:2664/  0
info: Microsoft.AspNetCore.Hosting.Internal.WebHost[2]
      => ConnectionId:0HLOG2COR0LBQ => RequestId:0HLOG2COR0LBQ:00000001 RequestPath:/
      Request finished in 47.3913ms 200 
info: Microsoft.AspNetCore.Hosting.Internal.WebHost[1]
      => ConnectionId:0HLOG2COR0LBQ => RequestId:0HLOG2COR0LBQ:00000002 RequestPath:/Index
      Request starting HTTP/1.1 GET http://localhost:44331/Index  
info: Microsoft.AspNetCore.Mvc.RazorPages.Internal.PageActionInvoker[3]
      => ConnectionId:0HLOG2COR0LBQ => RequestId:0HLOG2COR0LBQ:00000002 RequestPath:/Index => /Index
      Route matched with {page = "/Index", action = "", controller = ""}. Executing page /Index
info: Microsoft.AspNetCore.Mvc.RazorPages.Internal.PageActionInvoker[101]
      => ConnectionId:0HLOG2COR0LBQ => RequestId:0HLOG2COR0LBQ:00000002 RequestPath:/Index => /Index
      Executing handler method APIGateway.HomePage.IndexModel.OnGet - ModelState is Valid
info: Microsoft.AspNetCore.Mvc.RazorPages.Internal.PageActionInvoker[102]
      => ConnectionId:0HLOG2COR0LBQ => RequestId:0HLOG2COR0LBQ:00000002 RequestPath:/Index => /Index
      Executed handler method OnGet, returned result .
info: Microsoft.AspNetCore.Mvc.RazorPages.Internal.PageActionInvoker[103]
      => ConnectionId:0HLOG2COR0LBQ => RequestId:0HLOG2COR0LBQ:00000002 RequestPath:/Index => /Index
      Executing an implicit handler method - ModelState is Valid
info: Microsoft.AspNetCore.Mvc.RazorPages.Internal.PageActionInvoker[104]
      => ConnectionId:0HLOG2COR0LBQ => RequestId:0HLOG2COR0LBQ:00000002 RequestPath:/Index => /Index
      Executed an implicit handler method, returned result Microsoft.AspNetCore.Mvc.RazorPages.PageResult.
info: Microsoft.AspNetCore.Mvc.RazorPages.Internal.PageActionInvoker[4]
      => ConnectionId:0HLOG2COR0LBQ => RequestId:0HLOG2COR0LBQ:00000002 RequestPath:/Index => /Index
      Executed page /Index in 146.0565ms
info: Microsoft.AspNetCore.Hosting.Internal.WebHost[2]
      => ConnectionId:0HLOG2COR0LBQ => RequestId:0HLOG2COR0LBQ:00000002 RequestPath:/Index
      Request finished in 516.1811ms 200 text/html; charset=utf-8
info: Microsoft.AspNetCore.Hosting.Internal.WebHost[1]
      => ConnectionId:0HLOG2COR0LBQ => RequestId:0HLOG2COR0LBQ:00000003 RequestPath:/
      Request starting HTTP/1.1 GET http://localhost:44331/  
info: Microsoft.AspNetCore.Mvc.RazorPages.Internal.PageActionInvoker[3]
      => ConnectionId:0HLOG2COR0LBQ => RequestId:0HLOG2COR0LBQ:00000003 RequestPath:/ => /Index
      Route matched with {page = "/Index", action = "", controller = ""}. Executing page /Index
info: Microsoft.AspNetCore.Mvc.RazorPages.Internal.PageActionInvoker[101]
      => ConnectionId:0HLOG2COR0LBQ => RequestId:0HLOG2COR0LBQ:00000003 RequestPath:/ => /Index
      Executing handler method APIGateway.HomePage.IndexModel.OnGet - ModelState is Valid
info: Microsoft.AspNetCore.Mvc.RazorPages.Internal.PageActionInvoker[102]
      => ConnectionId:0HLOG2COR0LBQ => RequestId:0HLOG2COR0LBQ:00000003 RequestPath:/ => /Index
      Executed handler method OnGet, returned result .
info: Microsoft.AspNetCore.Mvc.RazorPages.Internal.PageActionInvoker[103]
      => ConnectionId:0HLOG2COR0LBQ => RequestId:0HLOG2COR0LBQ:00000003 RequestPath:/ => /Index
      Executing an implicit handler method - ModelState is Valid
info: Microsoft.AspNetCore.Mvc.RazorPages.Internal.PageActionInvoker[104]
      => ConnectionId:0HLOG2COR0LBQ => RequestId:0HLOG2COR0LBQ:00000003 RequestPath:/ => /Index
      Executed an implicit handler method, returned result Microsoft.AspNetCore.Mvc.RazorPages.PageResult.
info: Microsoft.AspNetCore.Mvc.RazorPages.Internal.PageActionInvoker[4]
      => ConnectionId:0HLOG2COR0LBQ => RequestId:0HLOG2COR0LBQ:00000003 RequestPath:/ => /Index
      Executed page /Index in 28.1766ms
info: Microsoft.AspNetCore.Hosting.Internal.WebHost[2]
      => ConnectionId:0HLOG2COR0LBQ => RequestId:0HLOG2COR0LBQ:00000003 RequestPath:/
      Request finished in 44.4255ms 200 text/html; charset=utf-8
info: Microsoft.AspNetCore.Hosting.Internal.WebHost[1]
      => ConnectionId:0HLOG2COR0LBQ => RequestId:0HLOG2COR0LBQ:00000004 RequestPath:/
      Request starting HTTP/1.1 GET http://localhost:44331/  
info: Microsoft.AspNetCore.Mvc.RazorPages.Internal.PageActionInvoker[3]
      => ConnectionId:0HLOG2COR0LBQ => RequestId:0HLOG2COR0LBQ:00000004 RequestPath:/ => /Index
      Route matched with {page = "/Index", action = "", controller = ""}. Executing page /Index
info: Microsoft.AspNetCore.Mvc.RazorPages.Internal.PageActionInvoker[101]
      => ConnectionId:0HLOG2COR0LBQ => RequestId:0HLOG2COR0LBQ:00000004 RequestPath:/ => /Index
      Executing handler method APIGateway.HomePage.IndexModel.OnGet - ModelState is Valid
info: Microsoft.AspNetCore.Mvc.RazorPages.Internal.PageActionInvoker[102]
      => ConnectionId:0HLOG2COR0LBQ => RequestId:0HLOG2COR0LBQ:00000004 RequestPath:/ => /Index
      Executed handler method OnGet, returned result .
info: Microsoft.AspNetCore.Mvc.RazorPages.Internal.PageActionInvoker[103]
      => ConnectionId:0HLOG2COR0LBQ => RequestId:0HLOG2COR0LBQ:00000004 RequestPath:/ => /Index
      Executing an implicit handler method - ModelState is Valid
info: Microsoft.AspNetCore.Mvc.RazorPages.Internal.PageActionInvoker[104]
      => ConnectionId:0HLOG2COR0LBQ => RequestId:0HLOG2COR0LBQ:00000004 RequestPath:/ => /Index
      Executed an implicit handler method, returned result Microsoft.AspNetCore.Mvc.RazorPages.PageResult.
info: Microsoft.AspNetCore.Mvc.RazorPages.Internal.PageActionInvoker[4]
      => ConnectionId:0HLOG2COR0LBQ => RequestId:0HLOG2COR0LBQ:00000004 RequestPath:/ => /Index
      Executed page /Index in 10.127ms
info: Microsoft.AspNetCore.Hosting.Internal.WebHost[2]
      => ConnectionId:0HLOG2COR0LBQ => RequestId:0HLOG2COR0LBQ:00000004 RequestPath:/
      Request finished in 21.2954ms 200 text/html; charset=utf-8
info: Microsoft.AspNetCore.Hosting.Internal.WebHost[1]
      => ConnectionId:0HLOG2COR0LBQ => RequestId:0HLOG2COR0LBQ:00000005 RequestPath:/favicon.ico
      Request starting HTTP/1.1 GET http://localhost:44331/favicon.ico  
info: Microsoft.AspNetCore.StaticFiles.StaticFileMiddleware[2]
      => ConnectionId:0HLOG2COR0LBQ => RequestId:0HLOG2COR0LBQ:00000005 RequestPath:/favicon.ico
      Sending file. Request path: '/favicon.ico'. Physical path: 'C:\Users\lnztha01\source\repos\ExcelGateway\APIGateway\wwwroot\favicon.ico'
info: Microsoft.AspNetCore.Hosting.Internal.WebHost[2]
      => ConnectionId:0HLOG2COR0LBQ => RequestId:0HLOG2COR0LBQ:00000005 RequestPath:/favicon.ico
      Request finished in 55.8108ms 200 image/x-icon
