info: Microsoft.AspNetCore.DataProtection.KeyManagement.XmlKeyManager[0]
      User profile is available. Using 'C:\Users\lnztha01\AppData\Local\ASP.NET\DataProtection-Keys' as key repository and Windows DPAPI to encrypt keys at rest.
Hosting environment: Development
Content root path: C:\Users\lnztha01\source\repos\ExcelGateway\APIGateway
Now listening on: http://127.0.0.1:44876
Application started. Press Ctrl+C to shut down.
info: Microsoft.AspNetCore.Hosting.Internal.WebHost[1]
      => ConnectionId:0HLOGU1R39LKH => RequestId:0HLOGU1R39LKH:00000001 RequestPath:/ExcelAddin/api/loadparameters/Transfer
      Request starting HTTP/1.1 GET http://localhost:44331/ExcelAddin/api/loadparameters/Transfer?searchValues=4743  
info: Microsoft.AspNetCore.Routing.EndpointMiddleware[0]
      => ConnectionId:0HLOGU1R39LKH => RequestId:0HLOGU1R39LKH:00000001 RequestPath:/ExcelAddin/api/loadparameters/Transfer
      Executing endpoint 'APIGateway.Controllers.LoadParametersController.Get (APIGateway)'
info: Microsoft.AspNetCore.Mvc.Internal.ControllerActionInvoker[3]
      => ConnectionId:0HLOGU1R39LKH => RequestId:0HLOGU1R39LKH:00000001 RequestPath:/ExcelAddin/api/loadparameters/Transfer => APIGateway.Controllers.LoadParametersController.Get (APIGateway)
      Route matched with {action = "Get", controller = "LoadParameters", page = ""}. Executing controller action with signature System.Threading.Tasks.Task`1[System.String] Get(System.String, System.String) on controller APIGateway.Controllers.LoadParametersController (APIGateway).
info: Microsoft.AspNetCore.Mvc.Internal.ControllerActionInvoker[1]
      => ConnectionId:0HLOGU1R39LKH => RequestId:0HLOGU1R39LKH:00000001 RequestPath:/ExcelAddin/api/loadparameters/Transfer => APIGateway.Controllers.LoadParametersController.Get (APIGateway)
      Executing action method APIGateway.Controllers.LoadParametersController.Get (APIGateway) - Validation state: Valid
info: Microsoft.AspNetCore.Mvc.Internal.ControllerActionInvoker[2]
      => ConnectionId:0HLOGU1R39LKH => RequestId:0HLOGU1R39LKH:00000001 RequestPath:/ExcelAddin/api/loadparameters/Transfer => APIGateway.Controllers.LoadParametersController.Get (APIGateway)
      Executed action method APIGateway.Controllers.LoadParametersController.Get (APIGateway), returned result Microsoft.AspNetCore.Mvc.ObjectResult in 352.163ms.
info: Microsoft.AspNetCore.Mvc.Infrastructure.ObjectResultExecutor[1]
      => ConnectionId:0HLOGU1R39LKH => RequestId:0HLOGU1R39LKH:00000001 RequestPath:/ExcelAddin/api/loadparameters/Transfer => APIGateway.Controllers.LoadParametersController.Get (APIGateway)
      Executing ObjectResult, writing value of type 'System.String'.
info: Microsoft.AspNetCore.Mvc.Internal.ControllerActionInvoker[2]
      => ConnectionId:0HLOGU1R39LKH => RequestId:0HLOGU1R39LKH:00000001 RequestPath:/ExcelAddin/api/loadparameters/Transfer => APIGateway.Controllers.LoadParametersController.Get (APIGateway)
      Executed action APIGateway.Controllers.LoadParametersController.Get (APIGateway) in 388.1013ms
info: Microsoft.AspNetCore.Routing.EndpointMiddleware[1]
      => ConnectionId:0HLOGU1R39LKH => RequestId:0HLOGU1R39LKH:00000001 RequestPath:/ExcelAddin/api/loadparameters/Transfer
      Executed endpoint 'APIGateway.Controllers.LoadParametersController.Get (APIGateway)'
info: Microsoft.AspNetCore.Hosting.Internal.WebHost[2]
      => ConnectionId:0HLOGU1R39LKH => RequestId:0HLOGU1R39LKH:00000001 RequestPath:/ExcelAddin/api/loadparameters/Transfer
      Request finished in 489.6594ms 200 text/plain; charset=utf-8
