info: Microsoft.AspNetCore.DataProtection.KeyManagement.XmlKeyManager[0]
      User profile is available. Using 'C:\Users\lnztha01\AppData\Local\ASP.NET\DataProtection-Keys' as key repository and Windows DPAPI to encrypt keys at rest.
Hosting environment: Development
Content root path: C:\Users\lnztha01\source\repos\ExcelGateway\APIGateway
Now listening on: http://127.0.0.1:42708
Application started. Press Ctrl+C to shut down.
info: Microsoft.AspNetCore.Hosting.Internal.WebHost[1]
      => ConnectionId:0HLOGTU56NULK => RequestId:0HLOGTU56NULK:00000001 RequestPath:/
      Request starting HTTP/1.1 DEBUG http://localhost:2664/  0
info: Microsoft.AspNetCore.Hosting.Internal.WebHost[2]
      => ConnectionId:0HLOGTU56NULK => RequestId:0HLOGTU56NULK:00000001 RequestPath:/
      Request finished in 32.0339ms 200 
info: Microsoft.AspNetCore.Hosting.Internal.WebHost[1]
      => ConnectionId:0HLOGTU56NULK => RequestId:0HLOGTU56NULK:00000002 RequestPath:/ExcelAddin/
      Request starting HTTP/1.1 OPTIONS http://localhost:44331/ExcelAddin/  
info: Microsoft.AspNetCore.Hosting.Internal.WebHost[2]
      => ConnectionId:0HLOGTU56NULK => RequestId:0HLOGTU56NULK:00000002 RequestPath:/ExcelAddin/
      Request finished in 85.6829ms 404 
info: Microsoft.AspNetCore.Hosting.Internal.WebHost[1]
      => ConnectionId:0HLOGTU56NULK => RequestId:0HLOGTU56NULK:00000003 RequestPath:/ExcelAddin/Home.html
      Request starting HTTP/1.1 GET http://localhost:44331/ExcelAddin/Home.html?_host_Info=Excel$Win32$16.01$en-US  
info: Microsoft.AspNetCore.StaticFiles.StaticFileMiddleware[2]
      => ConnectionId:0HLOGTU56NULK => RequestId:0HLOGTU56NULK:00000003 RequestPath:/ExcelAddin/Home.html
      Sending file. Request path: '/ExcelAddin/Home.html'. Physical path: 'C:\Users\lnztha01\source\repos\ExcelGateway\APIGateway\wwwroot\ExcelAddin\Home.html'
info: Microsoft.AspNetCore.Hosting.Internal.WebHost[2]
      => ConnectionId:0HLOGTU56NULK => RequestId:0HLOGTU56NULK:00000003 RequestPath:/ExcelAddin/Home.html
      Request finished in 19.1743ms 200 text/html
info: Microsoft.AspNetCore.Hosting.Internal.WebHost[1]
      => ConnectionId:0HLOGTU56NULK => RequestId:0HLOGTU56NULK:00000004 RequestPath:/ExcelAddin/Scripts/jquery-1.9.1.js
      Request starting HTTP/1.1 GET http://localhost:44331/ExcelAddin/Scripts/jquery-1.9.1.js  
info: Microsoft.AspNetCore.StaticFiles.StaticFileMiddleware[6]
      => ConnectionId:0HLOGTU56NULK => RequestId:0HLOGTU56NULK:00000004 RequestPath:/ExcelAddin/Scripts/jquery-1.9.1.js
      The file /ExcelAddin/Scripts/jquery-1.9.1.js was not modified
info: Microsoft.AspNetCore.Hosting.Internal.WebHost[2]
      => ConnectionId:0HLOGTU56NULK => RequestId:0HLOGTU56NULK:00000004 RequestPath:/ExcelAddin/Scripts/jquery-1.9.1.js
      Request finished in 9.1144ms 304 application/javascript
info: Microsoft.AspNetCore.Hosting.Internal.WebHost[1]
      => ConnectionId:0HLOGTU56NULK => RequestId:0HLOGTU56NULK:00000005 RequestPath:/ExcelAddin/Scripts/FabricUI/MessageBanner.js
      Request starting HTTP/1.1 GET http://localhost:44331/ExcelAddin/Scripts/FabricUI/MessageBanner.js  
info: Microsoft.AspNetCore.StaticFiles.StaticFileMiddleware[6]
      => ConnectionId:0HLOGTU56NULK => RequestId:0HLOGTU56NULK:00000005 RequestPath:/ExcelAddin/Scripts/FabricUI/MessageBanner.js
      The file /ExcelAddin/Scripts/FabricUI/MessageBanner.js was not modified
info: Microsoft.AspNetCore.Hosting.Internal.WebHost[2]
      => ConnectionId:0HLOGTU56NULK => RequestId:0HLOGTU56NULK:00000005 RequestPath:/ExcelAddin/Scripts/FabricUI/MessageBanner.js
      Request finished in 5.6406ms 304 application/javascript
info: Microsoft.AspNetCore.Hosting.Internal.WebHost[1]
      => ConnectionId:0HLOGTU56NULK => RequestId:0HLOGTU56NULK:00000006 RequestPath:/ExcelAddin/Home.css
      Request starting HTTP/1.1 GET http://localhost:44331/ExcelAddin/Home.css  
info: Microsoft.AspNetCore.StaticFiles.StaticFileMiddleware[6]
      => ConnectionId:0HLOGTU56NULK => RequestId:0HLOGTU56NULK:00000006 RequestPath:/ExcelAddin/Home.css
      The file /ExcelAddin/Home.css was not modified
info: Microsoft.AspNetCore.Hosting.Internal.WebHost[2]
      => ConnectionId:0HLOGTU56NULK => RequestId:0HLOGTU56NULK:00000006 RequestPath:/ExcelAddin/Home.css
      Request finished in 6.0898ms 304 text/css
info: Microsoft.AspNetCore.Hosting.Internal.WebHost[1]
      => ConnectionId:0HLOGTU56NULL => RequestId:0HLOGTU56NULL:00000001 RequestPath:/ExcelAddin/bundle/Home.js
      Request starting HTTP/1.1 GET http://localhost:44331/ExcelAddin/bundle/Home.js  
info: Microsoft.AspNetCore.StaticFiles.StaticFileMiddleware[6]
      => ConnectionId:0HLOGTU56NULL => RequestId:0HLOGTU56NULL:00000001 RequestPath:/ExcelAddin/bundle/Home.js
      The file /ExcelAddin/bundle/Home.js was not modified
info: Microsoft.AspNetCore.Hosting.Internal.WebHost[2]
      => ConnectionId:0HLOGTU56NULL => RequestId:0HLOGTU56NULL:00000001 RequestPath:/ExcelAddin/bundle/Home.js
      Request finished in 4.0414ms 304 application/javascript
info: Microsoft.AspNetCore.Hosting.Internal.WebHost[1]
      => ConnectionId:0HLOGTU56NULK => RequestId:0HLOGTU56NULK:00000007 RequestPath:/ExcelAddin/api/loadexcelconfig/Sheet1
      Request starting HTTP/1.1 GET http://localhost:44331/ExcelAddin/api/loadexcelconfig/Sheet1  
info: Microsoft.AspNetCore.Routing.EndpointMiddleware[0]
      => ConnectionId:0HLOGTU56NULK => RequestId:0HLOGTU56NULK:00000007 RequestPath:/ExcelAddin/api/loadexcelconfig/Sheet1
      Executing endpoint 'APIGateway.Controllers.LoadExcelConfigController.Get (APIGateway)'
info: Microsoft.AspNetCore.Mvc.Internal.ControllerActionInvoker[3]
      => ConnectionId:0HLOGTU56NULK => RequestId:0HLOGTU56NULK:00000007 RequestPath:/ExcelAddin/api/loadexcelconfig/Sheet1 => APIGateway.Controllers.LoadExcelConfigController.Get (APIGateway)
      Route matched with {action = "Get", controller = "LoadExcelConfig", page = ""}. Executing controller action with signature Microsoft.AspNetCore.Mvc.ActionResult`1[System.String] Get(System.String) on controller APIGateway.Controllers.LoadExcelConfigController (APIGateway).
info: Microsoft.AspNetCore.Mvc.Internal.ControllerActionInvoker[1]
      => ConnectionId:0HLOGTU56NULK => RequestId:0HLOGTU56NULK:00000007 RequestPath:/ExcelAddin/api/loadexcelconfig/Sheet1 => APIGateway.Controllers.LoadExcelConfigController.Get (APIGateway)
      Executing action method APIGateway.Controllers.LoadExcelConfigController.Get (APIGateway) - Validation state: Valid
info: Microsoft.AspNetCore.Mvc.Internal.ControllerActionInvoker[2]
      => ConnectionId:0HLOGTU56NULK => RequestId:0HLOGTU56NULK:00000007 RequestPath:/ExcelAddin/api/loadexcelconfig/Sheet1 => APIGateway.Controllers.LoadExcelConfigController.Get (APIGateway)
      Executed action method APIGateway.Controllers.LoadExcelConfigController.Get (APIGateway), returned result Microsoft.AspNetCore.Mvc.ObjectResult in 114.1558ms.
info: Microsoft.AspNetCore.Mvc.Infrastructure.ObjectResultExecutor[1]
      => ConnectionId:0HLOGTU56NULK => RequestId:0HLOGTU56NULK:00000007 RequestPath:/ExcelAddin/api/loadexcelconfig/Sheet1 => APIGateway.Controllers.LoadExcelConfigController.Get (APIGateway)
      Executing ObjectResult, writing value of type 'System.String'.
info: Microsoft.AspNetCore.Mvc.Internal.ControllerActionInvoker[2]
      => ConnectionId:0HLOGTU56NULK => RequestId:0HLOGTU56NULK:00000007 RequestPath:/ExcelAddin/api/loadexcelconfig/Sheet1 => APIGateway.Controllers.LoadExcelConfigController.Get (APIGateway)
      Executed action APIGateway.Controllers.LoadExcelConfigController.Get (APIGateway) in 259.0999ms
info: Microsoft.AspNetCore.Routing.EndpointMiddleware[1]
      => ConnectionId:0HLOGTU56NULK => RequestId:0HLOGTU56NULK:00000007 RequestPath:/ExcelAddin/api/loadexcelconfig/Sheet1
      Executed endpoint 'APIGateway.Controllers.LoadExcelConfigController.Get (APIGateway)'
info: Microsoft.AspNetCore.Hosting.Internal.WebHost[2]
      => ConnectionId:0HLOGTU56NULK => RequestId:0HLOGTU56NULK:00000007 RequestPath:/ExcelAddin/api/loadexcelconfig/Sheet1
      Request finished in 314.516ms 200 text/plain; charset=utf-8
info: Microsoft.AspNetCore.Hosting.Internal.WebHost[1]
      => ConnectionId:0HLOGTU56NULL => RequestId:0HLOGTU56NULL:00000002 RequestPath:/ExcelAddin/api/loadparameters/Sheet1
      Request starting HTTP/1.1 GET http://localhost:44331/ExcelAddin/api/loadparameters/Sheet1?searchValues=4743  
info: Microsoft.AspNetCore.Routing.EndpointMiddleware[0]
      => ConnectionId:0HLOGTU56NULL => RequestId:0HLOGTU56NULL:00000002 RequestPath:/ExcelAddin/api/loadparameters/Sheet1
      Executing endpoint 'APIGateway.Controllers.LoadParametersController.Get (APIGateway)'
info: Microsoft.AspNetCore.Mvc.Internal.ControllerActionInvoker[3]
      => ConnectionId:0HLOGTU56NULL => RequestId:0HLOGTU56NULL:00000002 RequestPath:/ExcelAddin/api/loadparameters/Sheet1 => APIGateway.Controllers.LoadParametersController.Get (APIGateway)
      Route matched with {action = "Get", controller = "LoadParameters", page = ""}. Executing controller action with signature System.Threading.Tasks.Task`1[System.String] Get(System.String, System.String) on controller APIGateway.Controllers.LoadParametersController (APIGateway).
info: Microsoft.AspNetCore.Mvc.Internal.ControllerActionInvoker[1]
      => ConnectionId:0HLOGTU56NULL => RequestId:0HLOGTU56NULL:00000002 RequestPath:/ExcelAddin/api/loadparameters/Sheet1 => APIGateway.Controllers.LoadParametersController.Get (APIGateway)
      Executing action method APIGateway.Controllers.LoadParametersController.Get (APIGateway) - Validation state: Valid
info: Microsoft.AspNetCore.Mvc.Internal.ControllerActionInvoker[2]
      => ConnectionId:0HLOGTU56NULL => RequestId:0HLOGTU56NULL:00000002 RequestPath:/ExcelAddin/api/loadparameters/Sheet1 => APIGateway.Controllers.LoadParametersController.Get (APIGateway)
      Executed action method APIGateway.Controllers.LoadParametersController.Get (APIGateway), returned result Microsoft.AspNetCore.Mvc.ObjectResult in 432.765ms.
info: Microsoft.AspNetCore.Mvc.Infrastructure.ObjectResultExecutor[1]
      => ConnectionId:0HLOGTU56NULL => RequestId:0HLOGTU56NULL:00000002 RequestPath:/ExcelAddin/api/loadparameters/Sheet1 => APIGateway.Controllers.LoadParametersController.Get (APIGateway)
      Executing ObjectResult, writing value of type 'System.String'.
info: Microsoft.AspNetCore.Mvc.Internal.ControllerActionInvoker[2]
      => ConnectionId:0HLOGTU56NULL => RequestId:0HLOGTU56NULL:00000002 RequestPath:/ExcelAddin/api/loadparameters/Sheet1 => APIGateway.Controllers.LoadParametersController.Get (APIGateway)
      Executed action APIGateway.Controllers.LoadParametersController.Get (APIGateway) in 471.8595ms
info: Microsoft.AspNetCore.Routing.EndpointMiddleware[1]
      => ConnectionId:0HLOGTU56NULL => RequestId:0HLOGTU56NULL:00000002 RequestPath:/ExcelAddin/api/loadparameters/Sheet1
      Executed endpoint 'APIGateway.Controllers.LoadParametersController.Get (APIGateway)'
info: Microsoft.AspNetCore.Hosting.Internal.WebHost[2]
      => ConnectionId:0HLOGTU56NULL => RequestId:0HLOGTU56NULL:00000002 RequestPath:/ExcelAddin/api/loadparameters/Sheet1
      Request finished in 498.6992ms 200 text/plain; charset=utf-8
info: Microsoft.AspNetCore.Hosting.Internal.WebHost[1]
      => ConnectionId:0HLOGTU56NULK => RequestId:0HLOGTU56NULK:00000008 RequestPath:/ExcelAddin/api/updateparameters/Sheet1
      Request starting HTTP/1.1 PUT http://localhost:44331/ExcelAddin/api/updateparameters/Sheet1 application/json; charset=utf-8 9
info: Microsoft.AspNetCore.Routing.EndpointMiddleware[0]
      => ConnectionId:0HLOGTU56NULK => RequestId:0HLOGTU56NULK:00000008 RequestPath:/ExcelAddin/api/updateparameters/Sheet1
      Executing endpoint 'APIGateway.Controllers.UpdateParametersController.Put (APIGateway)'
info: Microsoft.AspNetCore.Mvc.Internal.ControllerActionInvoker[3]
      => ConnectionId:0HLOGTU56NULK => RequestId:0HLOGTU56NULK:00000008 RequestPath:/ExcelAddin/api/updateparameters/Sheet1 => APIGateway.Controllers.UpdateParametersController.Put (APIGateway)
      Route matched with {action = "Put", controller = "UpdateParameters", page = ""}. Executing controller action with signature System.Threading.Tasks.Task`1[System.Int32] Put(System.String, System.String) on controller APIGateway.Controllers.UpdateParametersController (APIGateway).
info: Microsoft.AspNetCore.Mvc.Internal.ControllerActionInvoker[1]
      => ConnectionId:0HLOGTU56NULK => RequestId:0HLOGTU56NULK:00000008 RequestPath:/ExcelAddin/api/updateparameters/Sheet1 => APIGateway.Controllers.UpdateParametersController.Put (APIGateway)
      Executing action method APIGateway.Controllers.UpdateParametersController.Put (APIGateway) - Validation state: Valid
info: Microsoft.AspNetCore.Mvc.Internal.ControllerActionInvoker[2]
      => ConnectionId:0HLOGTU56NULK => RequestId:0HLOGTU56NULK:00000008 RequestPath:/ExcelAddin/api/updateparameters/Sheet1 => APIGateway.Controllers.UpdateParametersController.Put (APIGateway)
      Executed action method APIGateway.Controllers.UpdateParametersController.Put (APIGateway), returned result Microsoft.AspNetCore.Mvc.ObjectResult in 1243.5677ms.
info: Microsoft.AspNetCore.Mvc.Infrastructure.ObjectResultExecutor[1]
      => ConnectionId:0HLOGTU56NULK => RequestId:0HLOGTU56NULK:00000008 RequestPath:/ExcelAddin/api/updateparameters/Sheet1 => APIGateway.Controllers.UpdateParametersController.Put (APIGateway)
      Executing ObjectResult, writing value of type 'System.Int32'.
info: Microsoft.AspNetCore.Mvc.Internal.ControllerActionInvoker[2]
      => ConnectionId:0HLOGTU56NULK => RequestId:0HLOGTU56NULK:00000008 RequestPath:/ExcelAddin/api/updateparameters/Sheet1 => APIGateway.Controllers.UpdateParametersController.Put (APIGateway)
      Executed action APIGateway.Controllers.UpdateParametersController.Put (APIGateway) in 1293.8558ms
info: Microsoft.AspNetCore.Routing.EndpointMiddleware[1]
      => ConnectionId:0HLOGTU56NULK => RequestId:0HLOGTU56NULK:00000008 RequestPath:/ExcelAddin/api/updateparameters/Sheet1
      Executed endpoint 'APIGateway.Controllers.UpdateParametersController.Put (APIGateway)'
info: Microsoft.AspNetCore.Hosting.Internal.WebHost[2]
      => ConnectionId:0HLOGTU56NULK => RequestId:0HLOGTU56NULK:00000008 RequestPath:/ExcelAddin/api/updateparameters/Sheet1
      Request finished in 1309.0566ms 200 application/json; charset=utf-8
info: Microsoft.AspNetCore.Hosting.Internal.WebHost[1]
      => ConnectionId:0HLOGTU56NULL => RequestId:0HLOGTU56NULL:00000003 RequestPath:/ExcelAddin/api/loadparameters/Sheet1
      Request starting HTTP/1.1 GET http://localhost:44331/ExcelAddin/api/loadparameters/Sheet1?searchValues=4743  
info: Microsoft.AspNetCore.Routing.EndpointMiddleware[0]
      => ConnectionId:0HLOGTU56NULL => RequestId:0HLOGTU56NULL:00000003 RequestPath:/ExcelAddin/api/loadparameters/Sheet1
      Executing endpoint 'APIGateway.Controllers.LoadParametersController.Get (APIGateway)'
info: Microsoft.AspNetCore.Mvc.Internal.ControllerActionInvoker[3]
      => ConnectionId:0HLOGTU56NULL => RequestId:0HLOGTU56NULL:00000003 RequestPath:/ExcelAddin/api/loadparameters/Sheet1 => APIGateway.Controllers.LoadParametersController.Get (APIGateway)
      Route matched with {action = "Get", controller = "LoadParameters", page = ""}. Executing controller action with signature System.Threading.Tasks.Task`1[System.String] Get(System.String, System.String) on controller APIGateway.Controllers.LoadParametersController (APIGateway).
info: Microsoft.AspNetCore.Mvc.Internal.ControllerActionInvoker[1]
      => ConnectionId:0HLOGTU56NULL => RequestId:0HLOGTU56NULL:00000003 RequestPath:/ExcelAddin/api/loadparameters/Sheet1 => APIGateway.Controllers.LoadParametersController.Get (APIGateway)
      Executing action method APIGateway.Controllers.LoadParametersController.Get (APIGateway) - Validation state: Valid
info: Microsoft.AspNetCore.Mvc.Internal.ControllerActionInvoker[2]
      => ConnectionId:0HLOGTU56NULL => RequestId:0HLOGTU56NULL:00000003 RequestPath:/ExcelAddin/api/loadparameters/Sheet1 => APIGateway.Controllers.LoadParametersController.Get (APIGateway)
      Executed action method APIGateway.Controllers.LoadParametersController.Get (APIGateway), returned result Microsoft.AspNetCore.Mvc.ObjectResult in 75.369ms.
info: Microsoft.AspNetCore.Mvc.Infrastructure.ObjectResultExecutor[1]
      => ConnectionId:0HLOGTU56NULL => RequestId:0HLOGTU56NULL:00000003 RequestPath:/ExcelAddin/api/loadparameters/Sheet1 => APIGateway.Controllers.LoadParametersController.Get (APIGateway)
      Executing ObjectResult, writing value of type 'System.String'.
info: Microsoft.AspNetCore.Mvc.Internal.ControllerActionInvoker[2]
      => ConnectionId:0HLOGTU56NULL => RequestId:0HLOGTU56NULL:00000003 RequestPath:/ExcelAddin/api/loadparameters/Sheet1 => APIGateway.Controllers.LoadParametersController.Get (APIGateway)
      Executed action APIGateway.Controllers.LoadParametersController.Get (APIGateway) in 106.4177ms
info: Microsoft.AspNetCore.Routing.EndpointMiddleware[1]
      => ConnectionId:0HLOGTU56NULL => RequestId:0HLOGTU56NULL:00000003 RequestPath:/ExcelAddin/api/loadparameters/Sheet1
      Executed endpoint 'APIGateway.Controllers.LoadParametersController.Get (APIGateway)'
info: Microsoft.AspNetCore.Hosting.Internal.WebHost[2]
      => ConnectionId:0HLOGTU56NULL => RequestId:0HLOGTU56NULL:00000003 RequestPath:/ExcelAddin/api/loadparameters/Sheet1
      Request finished in 116.2512ms 200 text/plain; charset=utf-8
info: Microsoft.AspNetCore.Hosting.Internal.WebHost[1]
      => ConnectionId:0HLOGTU56NULK => RequestId:0HLOGTU56NULK:00000009 RequestPath:/ExcelAddin/api/updateparameters/Sheet1
      Request starting HTTP/1.1 PUT http://localhost:44331/ExcelAddin/api/updateparameters/Sheet1 application/json; charset=utf-8 2
info: Microsoft.AspNetCore.Routing.EndpointMiddleware[0]
      => ConnectionId:0HLOGTU56NULK => RequestId:0HLOGTU56NULK:00000009 RequestPath:/ExcelAddin/api/updateparameters/Sheet1
      Executing endpoint 'APIGateway.Controllers.UpdateParametersController.Put (APIGateway)'
info: Microsoft.AspNetCore.Mvc.Internal.ControllerActionInvoker[3]
      => ConnectionId:0HLOGTU56NULK => RequestId:0HLOGTU56NULK:00000009 RequestPath:/ExcelAddin/api/updateparameters/Sheet1 => APIGateway.Controllers.UpdateParametersController.Put (APIGateway)
      Route matched with {action = "Put", controller = "UpdateParameters", page = ""}. Executing controller action with signature System.Threading.Tasks.Task`1[System.Int32] Put(System.String, System.String) on controller APIGateway.Controllers.UpdateParametersController (APIGateway).
info: Microsoft.AspNetCore.Mvc.Internal.ControllerActionInvoker[1]
      => ConnectionId:0HLOGTU56NULK => RequestId:0HLOGTU56NULK:00000009 RequestPath:/ExcelAddin/api/updateparameters/Sheet1 => APIGateway.Controllers.UpdateParametersController.Put (APIGateway)
      Executing action method APIGateway.Controllers.UpdateParametersController.Put (APIGateway) - Validation state: Valid
info: Microsoft.AspNetCore.Mvc.Internal.ControllerActionInvoker[2]
      => ConnectionId:0HLOGTU56NULK => RequestId:0HLOGTU56NULK:00000009 RequestPath:/ExcelAddin/api/updateparameters/Sheet1 => APIGateway.Controllers.UpdateParametersController.Put (APIGateway)
      Executed action method APIGateway.Controllers.UpdateParametersController.Put (APIGateway), returned result Microsoft.AspNetCore.Mvc.ObjectResult in 220.5842ms.
info: Microsoft.AspNetCore.Mvc.Infrastructure.ObjectResultExecutor[1]
      => ConnectionId:0HLOGTU56NULK => RequestId:0HLOGTU56NULK:00000009 RequestPath:/ExcelAddin/api/updateparameters/Sheet1 => APIGateway.Controllers.UpdateParametersController.Put (APIGateway)
      Executing ObjectResult, writing value of type 'System.Int32'.
info: Microsoft.AspNetCore.Mvc.Internal.ControllerActionInvoker[2]
      => ConnectionId:0HLOGTU56NULK => RequestId:0HLOGTU56NULK:00000009 RequestPath:/ExcelAddin/api/updateparameters/Sheet1 => APIGateway.Controllers.UpdateParametersController.Put (APIGateway)
      Executed action APIGateway.Controllers.UpdateParametersController.Put (APIGateway) in 255.0734ms
info: Microsoft.AspNetCore.Routing.EndpointMiddleware[1]
      => ConnectionId:0HLOGTU56NULK => RequestId:0HLOGTU56NULK:00000009 RequestPath:/ExcelAddin/api/updateparameters/Sheet1
      Executed endpoint 'APIGateway.Controllers.UpdateParametersController.Put (APIGateway)'
info: Microsoft.AspNetCore.Hosting.Internal.WebHost[2]
      => ConnectionId:0HLOGTU56NULK => RequestId:0HLOGTU56NULK:00000009 RequestPath:/ExcelAddin/api/updateparameters/Sheet1
      Request finished in 265.4983ms 200 application/json; charset=utf-8
info: Microsoft.AspNetCore.Hosting.Internal.WebHost[1]
      => ConnectionId:0HLOGTU56NULL => RequestId:0HLOGTU56NULL:00000004 RequestPath:/ExcelAddin/api/loadparameters/Sheet1
      Request starting HTTP/1.1 GET http://localhost:44331/ExcelAddin/api/loadparameters/Sheet1?searchValues=4743  
info: Microsoft.AspNetCore.Routing.EndpointMiddleware[0]
      => ConnectionId:0HLOGTU56NULL => RequestId:0HLOGTU56NULL:00000004 RequestPath:/ExcelAddin/api/loadparameters/Sheet1
      Executing endpoint 'APIGateway.Controllers.LoadParametersController.Get (APIGateway)'
info: Microsoft.AspNetCore.Mvc.Internal.ControllerActionInvoker[3]
      => ConnectionId:0HLOGTU56NULL => RequestId:0HLOGTU56NULL:00000004 RequestPath:/ExcelAddin/api/loadparameters/Sheet1 => APIGateway.Controllers.LoadParametersController.Get (APIGateway)
      Route matched with {action = "Get", controller = "LoadParameters", page = ""}. Executing controller action with signature System.Threading.Tasks.Task`1[System.String] Get(System.String, System.String) on controller APIGateway.Controllers.LoadParametersController (APIGateway).
info: Microsoft.AspNetCore.Mvc.Internal.ControllerActionInvoker[1]
      => ConnectionId:0HLOGTU56NULL => RequestId:0HLOGTU56NULL:00000004 RequestPath:/ExcelAddin/api/loadparameters/Sheet1 => APIGateway.Controllers.LoadParametersController.Get (APIGateway)
      Executing action method APIGateway.Controllers.LoadParametersController.Get (APIGateway) - Validation state: Valid
info: Microsoft.AspNetCore.Mvc.Internal.ControllerActionInvoker[2]
      => ConnectionId:0HLOGTU56NULL => RequestId:0HLOGTU56NULL:00000004 RequestPath:/ExcelAddin/api/loadparameters/Sheet1 => APIGateway.Controllers.LoadParametersController.Get (APIGateway)
      Executed action method APIGateway.Controllers.LoadParametersController.Get (APIGateway), returned result Microsoft.AspNetCore.Mvc.ObjectResult in 73.4881ms.
info: Microsoft.AspNetCore.Mvc.Infrastructure.ObjectResultExecutor[1]
      => ConnectionId:0HLOGTU56NULL => RequestId:0HLOGTU56NULL:00000004 RequestPath:/ExcelAddin/api/loadparameters/Sheet1 => APIGateway.Controllers.LoadParametersController.Get (APIGateway)
      Executing ObjectResult, writing value of type 'System.String'.
info: Microsoft.AspNetCore.Mvc.Internal.ControllerActionInvoker[2]
      => ConnectionId:0HLOGTU56NULL => RequestId:0HLOGTU56NULL:00000004 RequestPath:/ExcelAddin/api/loadparameters/Sheet1 => APIGateway.Controllers.LoadParametersController.Get (APIGateway)
      Executed action APIGateway.Controllers.LoadParametersController.Get (APIGateway) in 103.8206ms
info: Microsoft.AspNetCore.Routing.EndpointMiddleware[1]
      => ConnectionId:0HLOGTU56NULL => RequestId:0HLOGTU56NULL:00000004 RequestPath:/ExcelAddin/api/loadparameters/Sheet1
      Executed endpoint 'APIGateway.Controllers.LoadParametersController.Get (APIGateway)'
info: Microsoft.AspNetCore.Hosting.Internal.WebHost[2]
      => ConnectionId:0HLOGTU56NULL => RequestId:0HLOGTU56NULL:00000004 RequestPath:/ExcelAddin/api/loadparameters/Sheet1
      Request finished in 117.0709ms 200 text/plain; charset=utf-8
info: Microsoft.AspNetCore.Hosting.Internal.WebHost[1]
      => ConnectionId:0HLOGTU56NULK => RequestId:0HLOGTU56NULK:0000000A RequestPath:/ExcelAddin/Images/Button32x32.png
      Request starting HTTP/1.1 GET http://localhost:44331/ExcelAddin/Images/Button32x32.png  
info: Microsoft.AspNetCore.StaticFiles.StaticFileMiddleware[6]
      => ConnectionId:0HLOGTU56NULK => RequestId:0HLOGTU56NULK:0000000A RequestPath:/ExcelAddin/Images/Button32x32.png
      The file /ExcelAddin/Images/Button32x32.png was not modified
info: Microsoft.AspNetCore.Hosting.Internal.WebHost[2]
      => ConnectionId:0HLOGTU56NULK => RequestId:0HLOGTU56NULK:0000000A RequestPath:/ExcelAddin/Images/Button32x32.png
      Request finished in 5.8777ms 304 image/png
info: Microsoft.AspNetCore.Hosting.Internal.WebHost[1]
      => ConnectionId:0HLOGTU56NULL => RequestId:0HLOGTU56NULL:00000005 RequestPath:/ExcelAddin/
      Request starting HTTP/1.1 OPTIONS http://localhost:44331/ExcelAddin/  
info: Microsoft.AspNetCore.Hosting.Internal.WebHost[2]
      => ConnectionId:0HLOGTU56NULL => RequestId:0HLOGTU56NULL:00000005 RequestPath:/ExcelAddin/
      Request finished in 2.0124ms 404 
info: Microsoft.AspNetCore.Hosting.Internal.WebHost[1]
      => ConnectionId:0HLOGTU56NULK => RequestId:0HLOGTU56NULK:0000000B RequestPath:/ExcelAddin/Home.html
      Request starting HTTP/1.1 GET http://localhost:44331/ExcelAddin/Home.html?_host_Info=Excel$Win32$16.01$en-US  
info: Microsoft.AspNetCore.StaticFiles.StaticFileMiddleware[2]
      => ConnectionId:0HLOGTU56NULK => RequestId:0HLOGTU56NULK:0000000B RequestPath:/ExcelAddin/Home.html
      Sending file. Request path: '/ExcelAddin/Home.html'. Physical path: 'C:\Users\lnztha01\source\repos\ExcelGateway\APIGateway\wwwroot\ExcelAddin\Home.html'
info: Microsoft.AspNetCore.Hosting.Internal.WebHost[2]
      => ConnectionId:0HLOGTU56NULK => RequestId:0HLOGTU56NULK:0000000B RequestPath:/ExcelAddin/Home.html
      Request finished in 12.4555ms 200 text/html
info: Microsoft.AspNetCore.Hosting.Internal.WebHost[1]
      => ConnectionId:0HLOGTU56NULL => RequestId:0HLOGTU56NULL:00000006 RequestPath:/ExcelAddin/Scripts/jquery-1.9.1.js
      Request starting HTTP/1.1 GET http://localhost:44331/ExcelAddin/Scripts/jquery-1.9.1.js  
info: Microsoft.AspNetCore.StaticFiles.StaticFileMiddleware[6]
      => ConnectionId:0HLOGTU56NULL => RequestId:0HLOGTU56NULL:00000006 RequestPath:/ExcelAddin/Scripts/jquery-1.9.1.js
      The file /ExcelAddin/Scripts/jquery-1.9.1.js was not modified
info: Microsoft.AspNetCore.Hosting.Internal.WebHost[2]
      => ConnectionId:0HLOGTU56NULL => RequestId:0HLOGTU56NULL:00000006 RequestPath:/ExcelAddin/Scripts/jquery-1.9.1.js
      Request finished in 9.3621ms 304 application/javascript
info: Microsoft.AspNetCore.Hosting.Internal.WebHost[1]
      => ConnectionId:0HLOGTU56NULK => RequestId:0HLOGTU56NULK:0000000C RequestPath:/ExcelAddin/Scripts/FabricUI/MessageBanner.js
      Request starting HTTP/1.1 GET http://localhost:44331/ExcelAddin/Scripts/FabricUI/MessageBanner.js  
info: Microsoft.AspNetCore.Hosting.Internal.WebHost[1]
      => ConnectionId:0HLOGTU56NULL => RequestId:0HLOGTU56NULL:00000007 RequestPath:/ExcelAddin/Home.css
      Request starting HTTP/1.1 GET http://localhost:44331/ExcelAddin/Home.css  
info: Microsoft.AspNetCore.StaticFiles.StaticFileMiddleware[6]
      => ConnectionId:0HLOGTU56NULL => RequestId:0HLOGTU56NULL:00000007 RequestPath:/ExcelAddin/Home.css
      The file /ExcelAddin/Home.css was not modified
info: Microsoft.AspNetCore.StaticFiles.StaticFileMiddleware[6]
      => ConnectionId:0HLOGTU56NULK => RequestId:0HLOGTU56NULK:0000000C RequestPath:/ExcelAddin/Scripts/FabricUI/MessageBanner.js
      The file /ExcelAddin/Scripts/FabricUI/MessageBanner.js was not modified
info: Microsoft.AspNetCore.Hosting.Internal.WebHost[2]
      => ConnectionId:0HLOGTU56NULL => RequestId:0HLOGTU56NULL:00000007 RequestPath:/ExcelAddin/Home.css
      Request finished in 12.4215ms 304 text/css
info: Microsoft.AspNetCore.Hosting.Internal.WebHost[2]
      => ConnectionId:0HLOGTU56NULK => RequestId:0HLOGTU56NULK:0000000C RequestPath:/ExcelAddin/Scripts/FabricUI/MessageBanner.js
      Request finished in 16.8339ms 304 application/javascript
info: Microsoft.AspNetCore.Hosting.Internal.WebHost[1]
      => ConnectionId:0HLOGTU56NULL => RequestId:0HLOGTU56NULL:00000008 RequestPath:/ExcelAddin/bundle/Home.js
      Request starting HTTP/1.1 GET http://localhost:44331/ExcelAddin/bundle/Home.js  
info: Microsoft.AspNetCore.StaticFiles.StaticFileMiddleware[6]
      => ConnectionId:0HLOGTU56NULL => RequestId:0HLOGTU56NULL:00000008 RequestPath:/ExcelAddin/bundle/Home.js
      The file /ExcelAddin/bundle/Home.js was not modified
info: Microsoft.AspNetCore.Hosting.Internal.WebHost[2]
      => ConnectionId:0HLOGTU56NULL => RequestId:0HLOGTU56NULL:00000008 RequestPath:/ExcelAddin/bundle/Home.js
      Request finished in 4.3377ms 304 application/javascript
info: Microsoft.AspNetCore.Hosting.Internal.WebHost[1]
      => ConnectionId:0HLOGTU56NULK => RequestId:0HLOGTU56NULK:0000000D RequestPath:/ExcelAddin/api/loadexcelconfig/Transfer
      Request starting HTTP/1.1 GET http://localhost:44331/ExcelAddin/api/loadexcelconfig/Transfer  
info: Microsoft.AspNetCore.Routing.EndpointMiddleware[0]
      => ConnectionId:0HLOGTU56NULK => RequestId:0HLOGTU56NULK:0000000D RequestPath:/ExcelAddin/api/loadexcelconfig/Transfer
      Executing endpoint 'APIGateway.Controllers.LoadExcelConfigController.Get (APIGateway)'
info: Microsoft.AspNetCore.Mvc.Internal.ControllerActionInvoker[3]
      => ConnectionId:0HLOGTU56NULK => RequestId:0HLOGTU56NULK:0000000D RequestPath:/ExcelAddin/api/loadexcelconfig/Transfer => APIGateway.Controllers.LoadExcelConfigController.Get (APIGateway)
      Route matched with {action = "Get", controller = "LoadExcelConfig", page = ""}. Executing controller action with signature Microsoft.AspNetCore.Mvc.ActionResult`1[System.String] Get(System.String) on controller APIGateway.Controllers.LoadExcelConfigController (APIGateway).
info: Microsoft.AspNetCore.Mvc.Internal.ControllerActionInvoker[1]
      => ConnectionId:0HLOGTU56NULK => RequestId:0HLOGTU56NULK:0000000D RequestPath:/ExcelAddin/api/loadexcelconfig/Transfer => APIGateway.Controllers.LoadExcelConfigController.Get (APIGateway)
      Executing action method APIGateway.Controllers.LoadExcelConfigController.Get (APIGateway) - Validation state: Valid
info: Microsoft.AspNetCore.Mvc.Internal.ControllerActionInvoker[2]
      => ConnectionId:0HLOGTU56NULK => RequestId:0HLOGTU56NULK:0000000D RequestPath:/ExcelAddin/api/loadexcelconfig/Transfer => APIGateway.Controllers.LoadExcelConfigController.Get (APIGateway)
      Executed action method APIGateway.Controllers.LoadExcelConfigController.Get (APIGateway), returned result Microsoft.AspNetCore.Mvc.ObjectResult in 0.1833ms.
info: Microsoft.AspNetCore.Mvc.Infrastructure.ObjectResultExecutor[1]
      => ConnectionId:0HLOGTU56NULK => RequestId:0HLOGTU56NULK:0000000D RequestPath:/ExcelAddin/api/loadexcelconfig/Transfer => APIGateway.Controllers.LoadExcelConfigController.Get (APIGateway)
      Executing ObjectResult, writing value of type 'System.String'.
info: Microsoft.AspNetCore.Mvc.Internal.ControllerActionInvoker[2]
      => ConnectionId:0HLOGTU56NULK => RequestId:0HLOGTU56NULK:0000000D RequestPath:/ExcelAddin/api/loadexcelconfig/Transfer => APIGateway.Controllers.LoadExcelConfigController.Get (APIGateway)
      Executed action APIGateway.Controllers.LoadExcelConfigController.Get (APIGateway) in 32.7328ms
info: Microsoft.AspNetCore.Routing.EndpointMiddleware[1]
      => ConnectionId:0HLOGTU56NULK => RequestId:0HLOGTU56NULK:0000000D RequestPath:/ExcelAddin/api/loadexcelconfig/Transfer
      Executed endpoint 'APIGateway.Controllers.LoadExcelConfigController.Get (APIGateway)'
info: Microsoft.AspNetCore.Hosting.Internal.WebHost[2]
      => ConnectionId:0HLOGTU56NULK => RequestId:0HLOGTU56NULK:0000000D RequestPath:/ExcelAddin/api/loadexcelconfig/Transfer
      Request finished in 44.6676ms 200 text/plain; charset=utf-8
info: Microsoft.AspNetCore.Hosting.Internal.WebHost[1]
      => ConnectionId:0HLOGTU56NULL => RequestId:0HLOGTU56NULL:00000009 RequestPath:/ExcelAddin/api/loadparameters/Transfer
      Request starting HTTP/1.1 GET http://localhost:44331/ExcelAddin/api/loadparameters/Transfer?searchValues=4743  
info: Microsoft.AspNetCore.Routing.EndpointMiddleware[0]
      => ConnectionId:0HLOGTU56NULL => RequestId:0HLOGTU56NULL:00000009 RequestPath:/ExcelAddin/api/loadparameters/Transfer
      Executing endpoint 'APIGateway.Controllers.LoadParametersController.Get (APIGateway)'
info: Microsoft.AspNetCore.Mvc.Internal.ControllerActionInvoker[3]
      => ConnectionId:0HLOGTU56NULL => RequestId:0HLOGTU56NULL:00000009 RequestPath:/ExcelAddin/api/loadparameters/Transfer => APIGateway.Controllers.LoadParametersController.Get (APIGateway)
      Route matched with {action = "Get", controller = "LoadParameters", page = ""}. Executing controller action with signature System.Threading.Tasks.Task`1[System.String] Get(System.String, System.String) on controller APIGateway.Controllers.LoadParametersController (APIGateway).
info: Microsoft.AspNetCore.Mvc.Internal.ControllerActionInvoker[1]
      => ConnectionId:0HLOGTU56NULL => RequestId:0HLOGTU56NULL:00000009 RequestPath:/ExcelAddin/api/loadparameters/Transfer => APIGateway.Controllers.LoadParametersController.Get (APIGateway)
      Executing action method APIGateway.Controllers.LoadParametersController.Get (APIGateway) - Validation state: Valid
info: Microsoft.AspNetCore.Mvc.Internal.ControllerActionInvoker[2]
      => ConnectionId:0HLOGTU56NULL => RequestId:0HLOGTU56NULL:00000009 RequestPath:/ExcelAddin/api/loadparameters/Transfer => APIGateway.Controllers.LoadParametersController.Get (APIGateway)
      Executed action method APIGateway.Controllers.LoadParametersController.Get (APIGateway), returned result Microsoft.AspNetCore.Mvc.ObjectResult in 84.0244ms.
info: Microsoft.AspNetCore.Mvc.Infrastructure.ObjectResultExecutor[1]
      => ConnectionId:0HLOGTU56NULL => RequestId:0HLOGTU56NULL:00000009 RequestPath:/ExcelAddin/api/loadparameters/Transfer => APIGateway.Controllers.LoadParametersController.Get (APIGateway)
      Executing ObjectResult, writing value of type 'System.String'.
info: Microsoft.AspNetCore.Mvc.Internal.ControllerActionInvoker[2]
      => ConnectionId:0HLOGTU56NULL => RequestId:0HLOGTU56NULL:00000009 RequestPath:/ExcelAddin/api/loadparameters/Transfer => APIGateway.Controllers.LoadParametersController.Get (APIGateway)
      Executed action APIGateway.Controllers.LoadParametersController.Get (APIGateway) in 118.1637ms
info: Microsoft.AspNetCore.Routing.EndpointMiddleware[1]
      => ConnectionId:0HLOGTU56NULL => RequestId:0HLOGTU56NULL:00000009 RequestPath:/ExcelAddin/api/loadparameters/Transfer
      Executed endpoint 'APIGateway.Controllers.LoadParametersController.Get (APIGateway)'
info: Microsoft.AspNetCore.Hosting.Internal.WebHost[2]
      => ConnectionId:0HLOGTU56NULL => RequestId:0HLOGTU56NULL:00000009 RequestPath:/ExcelAddin/api/loadparameters/Transfer
      Request finished in 130.5153ms 200 text/plain; charset=utf-8
info: Microsoft.AspNetCore.Hosting.Internal.WebHost[1]
      => ConnectionId:0HLOGTU56NULK => RequestId:0HLOGTU56NULK:0000000E RequestPath:/ExcelAddin/api/updateparameters/Transfer
      Request starting HTTP/1.1 PUT http://localhost:44331/ExcelAddin/api/updateparameters/Transfer application/json; charset=utf-8 9
info: Microsoft.AspNetCore.Routing.EndpointMiddleware[0]
      => ConnectionId:0HLOGTU56NULK => RequestId:0HLOGTU56NULK:0000000E RequestPath:/ExcelAddin/api/updateparameters/Transfer
      Executing endpoint 'APIGateway.Controllers.UpdateParametersController.Put (APIGateway)'
info: Microsoft.AspNetCore.Mvc.Internal.ControllerActionInvoker[3]
      => ConnectionId:0HLOGTU56NULK => RequestId:0HLOGTU56NULK:0000000E RequestPath:/ExcelAddin/api/updateparameters/Transfer => APIGateway.Controllers.UpdateParametersController.Put (APIGateway)
      Route matched with {action = "Put", controller = "UpdateParameters", page = ""}. Executing controller action with signature System.Threading.Tasks.Task`1[System.Int32] Put(System.String, System.String) on controller APIGateway.Controllers.UpdateParametersController (APIGateway).
info: Microsoft.AspNetCore.Mvc.Internal.ControllerActionInvoker[1]
      => ConnectionId:0HLOGTU56NULK => RequestId:0HLOGTU56NULK:0000000E RequestPath:/ExcelAddin/api/updateparameters/Transfer => APIGateway.Controllers.UpdateParametersController.Put (APIGateway)
      Executing action method APIGateway.Controllers.UpdateParametersController.Put (APIGateway) - Validation state: Valid
info: Microsoft.AspNetCore.Mvc.Internal.ControllerActionInvoker[2]
      => ConnectionId:0HLOGTU56NULK => RequestId:0HLOGTU56NULK:0000000E RequestPath:/ExcelAddin/api/updateparameters/Transfer => APIGateway.Controllers.UpdateParametersController.Put (APIGateway)
      Executed action method APIGateway.Controllers.UpdateParametersController.Put (APIGateway), returned result Microsoft.AspNetCore.Mvc.ObjectResult in 215.7146ms.
info: Microsoft.AspNetCore.Mvc.Infrastructure.ObjectResultExecutor[1]
      => ConnectionId:0HLOGTU56NULK => RequestId:0HLOGTU56NULK:0000000E RequestPath:/ExcelAddin/api/updateparameters/Transfer => APIGateway.Controllers.UpdateParametersController.Put (APIGateway)
      Executing ObjectResult, writing value of type 'System.Int32'.
info: Microsoft.AspNetCore.Mvc.Internal.ControllerActionInvoker[2]
      => ConnectionId:0HLOGTU56NULK => RequestId:0HLOGTU56NULK:0000000E RequestPath:/ExcelAddin/api/updateparameters/Transfer => APIGateway.Controllers.UpdateParametersController.Put (APIGateway)
      Executed action APIGateway.Controllers.UpdateParametersController.Put (APIGateway) in 246.1233ms
info: Microsoft.AspNetCore.Routing.EndpointMiddleware[1]
      => ConnectionId:0HLOGTU56NULK => RequestId:0HLOGTU56NULK:0000000E RequestPath:/ExcelAddin/api/updateparameters/Transfer
      Executed endpoint 'APIGateway.Controllers.UpdateParametersController.Put (APIGateway)'
info: Microsoft.AspNetCore.Hosting.Internal.WebHost[2]
      => ConnectionId:0HLOGTU56NULK => RequestId:0HLOGTU56NULK:0000000E RequestPath:/ExcelAddin/api/updateparameters/Transfer
      Request finished in 257.0503ms 200 application/json; charset=utf-8
info: Microsoft.AspNetCore.Hosting.Internal.WebHost[1]
      => ConnectionId:0HLOGTU56NULL => RequestId:0HLOGTU56NULL:0000000A RequestPath:/ExcelAddin/api/loadparameters/Transfer
      Request starting HTTP/1.1 GET http://localhost:44331/ExcelAddin/api/loadparameters/Transfer?searchValues=4743  
info: Microsoft.AspNetCore.Routing.EndpointMiddleware[0]
      => ConnectionId:0HLOGTU56NULL => RequestId:0HLOGTU56NULL:0000000A RequestPath:/ExcelAddin/api/loadparameters/Transfer
      Executing endpoint 'APIGateway.Controllers.LoadParametersController.Get (APIGateway)'
info: Microsoft.AspNetCore.Mvc.Internal.ControllerActionInvoker[3]
      => ConnectionId:0HLOGTU56NULL => RequestId:0HLOGTU56NULL:0000000A RequestPath:/ExcelAddin/api/loadparameters/Transfer => APIGateway.Controllers.LoadParametersController.Get (APIGateway)
      Route matched with {action = "Get", controller = "LoadParameters", page = ""}. Executing controller action with signature System.Threading.Tasks.Task`1[System.String] Get(System.String, System.String) on controller APIGateway.Controllers.LoadParametersController (APIGateway).
info: Microsoft.AspNetCore.Mvc.Internal.ControllerActionInvoker[1]
      => ConnectionId:0HLOGTU56NULL => RequestId:0HLOGTU56NULL:0000000A RequestPath:/ExcelAddin/api/loadparameters/Transfer => APIGateway.Controllers.LoadParametersController.Get (APIGateway)
      Executing action method APIGateway.Controllers.LoadParametersController.Get (APIGateway) - Validation state: Valid
info: Microsoft.AspNetCore.Mvc.Internal.ControllerActionInvoker[2]
      => ConnectionId:0HLOGTU56NULL => RequestId:0HLOGTU56NULL:0000000A RequestPath:/ExcelAddin/api/loadparameters/Transfer => APIGateway.Controllers.LoadParametersController.Get (APIGateway)
      Executed action method APIGateway.Controllers.LoadParametersController.Get (APIGateway), returned result Microsoft.AspNetCore.Mvc.ObjectResult in 82.3833ms.
info: Microsoft.AspNetCore.Mvc.Infrastructure.ObjectResultExecutor[1]
      => ConnectionId:0HLOGTU56NULL => RequestId:0HLOGTU56NULL:0000000A RequestPath:/ExcelAddin/api/loadparameters/Transfer => APIGateway.Controllers.LoadParametersController.Get (APIGateway)
      Executing ObjectResult, writing value of type 'System.String'.
info: Microsoft.AspNetCore.Mvc.Internal.ControllerActionInvoker[2]
      => ConnectionId:0HLOGTU56NULL => RequestId:0HLOGTU56NULL:0000000A RequestPath:/ExcelAddin/api/loadparameters/Transfer => APIGateway.Controllers.LoadParametersController.Get (APIGateway)
      Executed action APIGateway.Controllers.LoadParametersController.Get (APIGateway) in 111.1367ms
info: Microsoft.AspNetCore.Routing.EndpointMiddleware[1]
      => ConnectionId:0HLOGTU56NULL => RequestId:0HLOGTU56NULL:0000000A RequestPath:/ExcelAddin/api/loadparameters/Transfer
      Executed endpoint 'APIGateway.Controllers.LoadParametersController.Get (APIGateway)'
info: Microsoft.AspNetCore.Hosting.Internal.WebHost[2]
      => ConnectionId:0HLOGTU56NULL => RequestId:0HLOGTU56NULL:0000000A RequestPath:/ExcelAddin/api/loadparameters/Transfer
      Request finished in 119.6396ms 200 text/plain; charset=utf-8
info: Microsoft.AspNetCore.Hosting.Internal.WebHost[1]
      => ConnectionId:0HLOGTU56NULK => RequestId:0HLOGTU56NULK:0000000F RequestPath:/ExcelAddin/api/updateparameters/Transfer
      Request starting HTTP/1.1 PUT http://localhost:44331/ExcelAddin/api/updateparameters/Transfer application/json; charset=utf-8 2
info: Microsoft.AspNetCore.Routing.EndpointMiddleware[0]
      => ConnectionId:0HLOGTU56NULK => RequestId:0HLOGTU56NULK:0000000F RequestPath:/ExcelAddin/api/updateparameters/Transfer
      Executing endpoint 'APIGateway.Controllers.UpdateParametersController.Put (APIGateway)'
info: Microsoft.AspNetCore.Mvc.Internal.ControllerActionInvoker[3]
      => ConnectionId:0HLOGTU56NULK => RequestId:0HLOGTU56NULK:0000000F RequestPath:/ExcelAddin/api/updateparameters/Transfer => APIGateway.Controllers.UpdateParametersController.Put (APIGateway)
      Route matched with {action = "Put", controller = "UpdateParameters", page = ""}. Executing controller action with signature System.Threading.Tasks.Task`1[System.Int32] Put(System.String, System.String) on controller APIGateway.Controllers.UpdateParametersController (APIGateway).
info: Microsoft.AspNetCore.Mvc.Internal.ControllerActionInvoker[1]
      => ConnectionId:0HLOGTU56NULK => RequestId:0HLOGTU56NULK:0000000F RequestPath:/ExcelAddin/api/updateparameters/Transfer => APIGateway.Controllers.UpdateParametersController.Put (APIGateway)
      Executing action method APIGateway.Controllers.UpdateParametersController.Put (APIGateway) - Validation state: Valid
info: Microsoft.AspNetCore.Mvc.Internal.ControllerActionInvoker[2]
      => ConnectionId:0HLOGTU56NULK => RequestId:0HLOGTU56NULK:0000000F RequestPath:/ExcelAddin/api/updateparameters/Transfer => APIGateway.Controllers.UpdateParametersController.Put (APIGateway)
      Executed action method APIGateway.Controllers.UpdateParametersController.Put (APIGateway), returned result Microsoft.AspNetCore.Mvc.ObjectResult in 219.7289ms.
info: Microsoft.AspNetCore.Mvc.Infrastructure.ObjectResultExecutor[1]
      => ConnectionId:0HLOGTU56NULK => RequestId:0HLOGTU56NULK:0000000F RequestPath:/ExcelAddin/api/updateparameters/Transfer => APIGateway.Controllers.UpdateParametersController.Put (APIGateway)
      Executing ObjectResult, writing value of type 'System.Int32'.
info: Microsoft.AspNetCore.Mvc.Internal.ControllerActionInvoker[2]
      => ConnectionId:0HLOGTU56NULK => RequestId:0HLOGTU56NULK:0000000F RequestPath:/ExcelAddin/api/updateparameters/Transfer => APIGateway.Controllers.UpdateParametersController.Put (APIGateway)
      Executed action APIGateway.Controllers.UpdateParametersController.Put (APIGateway) in 253.4529ms
info: Microsoft.AspNetCore.Routing.EndpointMiddleware[1]
      => ConnectionId:0HLOGTU56NULK => RequestId:0HLOGTU56NULK:0000000F RequestPath:/ExcelAddin/api/updateparameters/Transfer
      Executed endpoint 'APIGateway.Controllers.UpdateParametersController.Put (APIGateway)'
info: Microsoft.AspNetCore.Hosting.Internal.WebHost[2]
      => ConnectionId:0HLOGTU56NULK => RequestId:0HLOGTU56NULK:0000000F RequestPath:/ExcelAddin/api/updateparameters/Transfer
      Request finished in 265.1542ms 200 application/json; charset=utf-8
info: Microsoft.AspNetCore.Hosting.Internal.WebHost[1]
      => ConnectionId:0HLOGTU56NULL => RequestId:0HLOGTU56NULL:0000000B RequestPath:/ExcelAddin/api/loadparameters/Transfer
      Request starting HTTP/1.1 GET http://localhost:44331/ExcelAddin/api/loadparameters/Transfer?searchValues=4743  
info: Microsoft.AspNetCore.Routing.EndpointMiddleware[0]
      => ConnectionId:0HLOGTU56NULL => RequestId:0HLOGTU56NULL:0000000B RequestPath:/ExcelAddin/api/loadparameters/Transfer
      Executing endpoint 'APIGateway.Controllers.LoadParametersController.Get (APIGateway)'
info: Microsoft.AspNetCore.Mvc.Internal.ControllerActionInvoker[3]
      => ConnectionId:0HLOGTU56NULL => RequestId:0HLOGTU56NULL:0000000B RequestPath:/ExcelAddin/api/loadparameters/Transfer => APIGateway.Controllers.LoadParametersController.Get (APIGateway)
      Route matched with {action = "Get", controller = "LoadParameters", page = ""}. Executing controller action with signature System.Threading.Tasks.Task`1[System.String] Get(System.String, System.String) on controller APIGateway.Controllers.LoadParametersController (APIGateway).
info: Microsoft.AspNetCore.Mvc.Internal.ControllerActionInvoker[1]
      => ConnectionId:0HLOGTU56NULL => RequestId:0HLOGTU56NULL:0000000B RequestPath:/ExcelAddin/api/loadparameters/Transfer => APIGateway.Controllers.LoadParametersController.Get (APIGateway)
      Executing action method APIGateway.Controllers.LoadParametersController.Get (APIGateway) - Validation state: Valid
info: Microsoft.AspNetCore.Mvc.Internal.ControllerActionInvoker[2]
      => ConnectionId:0HLOGTU56NULL => RequestId:0HLOGTU56NULL:0000000B RequestPath:/ExcelAddin/api/loadparameters/Transfer => APIGateway.Controllers.LoadParametersController.Get (APIGateway)
      Executed action method APIGateway.Controllers.LoadParametersController.Get (APIGateway), returned result Microsoft.AspNetCore.Mvc.ObjectResult in 75.4555ms.
info: Microsoft.AspNetCore.Mvc.Infrastructure.ObjectResultExecutor[1]
      => ConnectionId:0HLOGTU56NULL => RequestId:0HLOGTU56NULL:0000000B RequestPath:/ExcelAddin/api/loadparameters/Transfer => APIGateway.Controllers.LoadParametersController.Get (APIGateway)
      Executing ObjectResult, writing value of type 'System.String'.
info: Microsoft.AspNetCore.Mvc.Internal.ControllerActionInvoker[2]
      => ConnectionId:0HLOGTU56NULL => RequestId:0HLOGTU56NULL:0000000B RequestPath:/ExcelAddin/api/loadparameters/Transfer => APIGateway.Controllers.LoadParametersController.Get (APIGateway)
      Executed action APIGateway.Controllers.LoadParametersController.Get (APIGateway) in 110.8977ms
info: Microsoft.AspNetCore.Routing.EndpointMiddleware[1]
      => ConnectionId:0HLOGTU56NULL => RequestId:0HLOGTU56NULL:0000000B RequestPath:/ExcelAddin/api/loadparameters/Transfer
      Executed endpoint 'APIGateway.Controllers.LoadParametersController.Get (APIGateway)'
info: Microsoft.AspNetCore.Hosting.Internal.WebHost[2]
      => ConnectionId:0HLOGTU56NULL => RequestId:0HLOGTU56NULL:0000000B RequestPath:/ExcelAddin/api/loadparameters/Transfer
      Request finished in 126.3248ms 200 text/plain; charset=utf-8
info: Microsoft.AspNetCore.Hosting.Internal.WebHost[1]
      => ConnectionId:0HLOGTU56NULK => RequestId:0HLOGTU56NULK:00000010 RequestPath:/ExcelAddin/Images/Button32x32.png
      Request starting HTTP/1.1 GET http://localhost:44331/ExcelAddin/Images/Button32x32.png  
info: Microsoft.AspNetCore.StaticFiles.StaticFileMiddleware[6]
      => ConnectionId:0HLOGTU56NULK => RequestId:0HLOGTU56NULK:00000010 RequestPath:/ExcelAddin/Images/Button32x32.png
      The file /ExcelAddin/Images/Button32x32.png was not modified
info: Microsoft.AspNetCore.Hosting.Internal.WebHost[2]
      => ConnectionId:0HLOGTU56NULK => RequestId:0HLOGTU56NULK:00000010 RequestPath:/ExcelAddin/Images/Button32x32.png
      Request finished in 3.9079ms 304 image/png
info: Microsoft.AspNetCore.Hosting.Internal.WebHost[1]
      => ConnectionId:0HLOGTU56NULL => RequestId:0HLOGTU56NULL:0000000C RequestPath:/ExcelAddin/
      Request starting HTTP/1.1 OPTIONS http://localhost:44331/ExcelAddin/  
info: Microsoft.AspNetCore.Hosting.Internal.WebHost[2]
      => ConnectionId:0HLOGTU56NULL => RequestId:0HLOGTU56NULL:0000000C RequestPath:/ExcelAddin/
      Request finished in 3.241ms 404 
info: Microsoft.AspNetCore.Hosting.Internal.WebHost[1]
      => ConnectionId:0HLOGTU56NULK => RequestId:0HLOGTU56NULK:00000011 RequestPath:/ExcelAddin/Home.html
      Request starting HTTP/1.1 GET http://localhost:44331/ExcelAddin/Home.html?_host_Info=Excel$Win32$16.01$en-US  
info: Microsoft.AspNetCore.StaticFiles.StaticFileMiddleware[2]
      => ConnectionId:0HLOGTU56NULK => RequestId:0HLOGTU56NULK:00000011 RequestPath:/ExcelAddin/Home.html
      Sending file. Request path: '/ExcelAddin/Home.html'. Physical path: 'C:\Users\lnztha01\source\repos\ExcelGateway\APIGateway\wwwroot\ExcelAddin\Home.html'
info: Microsoft.AspNetCore.Hosting.Internal.WebHost[2]
      => ConnectionId:0HLOGTU56NULK => RequestId:0HLOGTU56NULK:00000011 RequestPath:/ExcelAddin/Home.html
      Request finished in 6.0871ms 200 text/html
info: Microsoft.AspNetCore.Hosting.Internal.WebHost[1]
      => ConnectionId:0HLOGTU56NULL => RequestId:0HLOGTU56NULL:0000000D RequestPath:/ExcelAddin/Scripts/jquery-1.9.1.js
      Request starting HTTP/1.1 GET http://localhost:44331/ExcelAddin/Scripts/jquery-1.9.1.js  
info: Microsoft.AspNetCore.StaticFiles.StaticFileMiddleware[6]
      => ConnectionId:0HLOGTU56NULL => RequestId:0HLOGTU56NULL:0000000D RequestPath:/ExcelAddin/Scripts/jquery-1.9.1.js
      The file /ExcelAddin/Scripts/jquery-1.9.1.js was not modified
info: Microsoft.AspNetCore.Hosting.Internal.WebHost[2]
      => ConnectionId:0HLOGTU56NULL => RequestId:0HLOGTU56NULL:0000000D RequestPath:/ExcelAddin/Scripts/jquery-1.9.1.js
      Request finished in 5.0532ms 304 application/javascript
info: Microsoft.AspNetCore.Hosting.Internal.WebHost[1]
      => ConnectionId:0HLOGTU56NULK => RequestId:0HLOGTU56NULK:00000012 RequestPath:/ExcelAddin/Scripts/FabricUI/MessageBanner.js
      Request starting HTTP/1.1 GET http://localhost:44331/ExcelAddin/Scripts/FabricUI/MessageBanner.js  
info: Microsoft.AspNetCore.StaticFiles.StaticFileMiddleware[6]
      => ConnectionId:0HLOGTU56NULK => RequestId:0HLOGTU56NULK:00000012 RequestPath:/ExcelAddin/Scripts/FabricUI/MessageBanner.js
      The file /ExcelAddin/Scripts/FabricUI/MessageBanner.js was not modified
info: Microsoft.AspNetCore.Hosting.Internal.WebHost[2]
      => ConnectionId:0HLOGTU56NULK => RequestId:0HLOGTU56NULK:00000012 RequestPath:/ExcelAddin/Scripts/FabricUI/MessageBanner.js
      Request finished in 4.4523ms 304 application/javascript
info: Microsoft.AspNetCore.Hosting.Internal.WebHost[1]
      => ConnectionId:0HLOGTU56NULL => RequestId:0HLOGTU56NULL:0000000E RequestPath:/ExcelAddin/Home.css
      Request starting HTTP/1.1 GET http://localhost:44331/ExcelAddin/Home.css  
info: Microsoft.AspNetCore.Hosting.Internal.WebHost[1]
      => ConnectionId:0HLOGTU56NULK => RequestId:0HLOGTU56NULK:00000013 RequestPath:/ExcelAddin/bundle/Home.js
      Request starting HTTP/1.1 GET http://localhost:44331/ExcelAddin/bundle/Home.js  
info: Microsoft.AspNetCore.StaticFiles.StaticFileMiddleware[6]
      => ConnectionId:0HLOGTU56NULL => RequestId:0HLOGTU56NULL:0000000E RequestPath:/ExcelAddin/Home.css
      The file /ExcelAddin/Home.css was not modified
info: Microsoft.AspNetCore.StaticFiles.StaticFileMiddleware[6]
      => ConnectionId:0HLOGTU56NULK => RequestId:0HLOGTU56NULK:00000013 RequestPath:/ExcelAddin/bundle/Home.js
      The file /ExcelAddin/bundle/Home.js was not modified
info: Microsoft.AspNetCore.Hosting.Internal.WebHost[2]
      => ConnectionId:0HLOGTU56NULL => RequestId:0HLOGTU56NULL:0000000E RequestPath:/ExcelAddin/Home.css
      Request finished in 10.3375ms 304 text/css
info: Microsoft.AspNetCore.Hosting.Internal.WebHost[2]
      => ConnectionId:0HLOGTU56NULK => RequestId:0HLOGTU56NULK:00000013 RequestPath:/ExcelAddin/bundle/Home.js
      Request finished in 8.2512ms 304 application/javascript
info: Microsoft.AspNetCore.Hosting.Internal.WebHost[1]
      => ConnectionId:0HLOGTU56NULL => RequestId:0HLOGTU56NULL:0000000F RequestPath:/ExcelAddin/api/loadexcelconfig/Sheet3
      Request starting HTTP/1.1 GET http://localhost:44331/ExcelAddin/api/loadexcelconfig/Sheet3  
info: Microsoft.AspNetCore.Routing.EndpointMiddleware[0]
      => ConnectionId:0HLOGTU56NULL => RequestId:0HLOGTU56NULL:0000000F RequestPath:/ExcelAddin/api/loadexcelconfig/Sheet3
      Executing endpoint 'APIGateway.Controllers.LoadExcelConfigController.Get (APIGateway)'
info: Microsoft.AspNetCore.Mvc.Internal.ControllerActionInvoker[3]
      => ConnectionId:0HLOGTU56NULL => RequestId:0HLOGTU56NULL:0000000F RequestPath:/ExcelAddin/api/loadexcelconfig/Sheet3 => APIGateway.Controllers.LoadExcelConfigController.Get (APIGateway)
      Route matched with {action = "Get", controller = "LoadExcelConfig", page = ""}. Executing controller action with signature Microsoft.AspNetCore.Mvc.ActionResult`1[System.String] Get(System.String) on controller APIGateway.Controllers.LoadExcelConfigController (APIGateway).
info: Microsoft.AspNetCore.Mvc.Internal.ControllerActionInvoker[1]
      => ConnectionId:0HLOGTU56NULL => RequestId:0HLOGTU56NULL:0000000F RequestPath:/ExcelAddin/api/loadexcelconfig/Sheet3 => APIGateway.Controllers.LoadExcelConfigController.Get (APIGateway)
      Executing action method APIGateway.Controllers.LoadExcelConfigController.Get (APIGateway) - Validation state: Valid
info: Microsoft.AspNetCore.Mvc.Internal.ControllerActionInvoker[2]
      => ConnectionId:0HLOGTU56NULL => RequestId:0HLOGTU56NULL:0000000F RequestPath:/ExcelAddin/api/loadexcelconfig/Sheet3 => APIGateway.Controllers.LoadExcelConfigController.Get (APIGateway)
      Executed action APIGateway.Controllers.LoadExcelConfigController.Get (APIGateway) in 398.3781ms
info: Microsoft.AspNetCore.Routing.EndpointMiddleware[1]
      => ConnectionId:0HLOGTU56NULL => RequestId:0HLOGTU56NULL:0000000F RequestPath:/ExcelAddin/api/loadexcelconfig/Sheet3
      Executed endpoint 'APIGateway.Controllers.LoadExcelConfigController.Get (APIGateway)'
fail: Microsoft.AspNetCore.Diagnostics.DeveloperExceptionPageMiddleware[1]
      => ConnectionId:0HLOGTU56NULL => RequestId:0HLOGTU56NULL:0000000F RequestPath:/ExcelAddin/api/loadexcelconfig/Sheet3
      An unhandled exception has occurred while executing the request.
System.Exception: Could not find configuration for sheet Sheet3
   at APIGateway.Models.Settings.GetExcelContent(String sheetName) in C:\Users\lnztha01\source\repos\ExcelGateway\APIGateway\Models\Settings.cs:line 39
   at APIGateway.Models.Settings.LoadExcelConfiguration(String sheetName) in C:\Users\lnztha01\source\repos\ExcelGateway\APIGateway\Models\Settings.cs:line 17
   at APIGateway.Controllers.LoadExcelConfigController.Get(String sheetName) in C:\Users\lnztha01\source\repos\ExcelGateway\APIGateway\Controllers\LoadExcelConfigController.cs:line 14
   at lambda_method(Closure , Object , Object[] )
   at Microsoft.Extensions.Internal.ObjectMethodExecutor.Execute(Object target, Object[] parameters)
   at Microsoft.AspNetCore.Mvc.Internal.ActionMethodExecutor.SyncObjectResultExecutor.Execute(IActionResultTypeMapper mapper, ObjectMethodExecutor executor, Object controller, Object[] arguments)
   at Microsoft.AspNetCore.Mvc.Internal.ControllerActionInvoker.InvokeActionMethodAsync()
   at Microsoft.AspNetCore.Mvc.Internal.ControllerActionInvoker.InvokeNextActionFilterAsync()
   at Microsoft.AspNetCore.Mvc.Internal.ControllerActionInvoker.Rethrow(ActionExecutedContext context)
   at Microsoft.AspNetCore.Mvc.Internal.ControllerActionInvoker.Next(State& next, Scope& scope, Object& state, Boolean& isCompleted)
   at Microsoft.AspNetCore.Mvc.Internal.ControllerActionInvoker.InvokeInnerFilterAsync()
   at Microsoft.AspNetCore.Mvc.Internal.ResourceInvoker.InvokeNextResourceFilter()
   at Microsoft.AspNetCore.Mvc.Internal.ResourceInvoker.Rethrow(ResourceExecutedContext context)
   at Microsoft.AspNetCore.Mvc.Internal.ResourceInvoker.Next(State& next, Scope& scope, Object& state, Boolean& isCompleted)
   at Microsoft.AspNetCore.Mvc.Internal.ResourceInvoker.InvokeFilterPipelineAsync()
   at Microsoft.AspNetCore.Mvc.Internal.ResourceInvoker.InvokeAsync()
   at Microsoft.AspNetCore.Routing.EndpointMiddleware.Invoke(HttpContext httpContext)
   at Microsoft.AspNetCore.Routing.EndpointRoutingMiddleware.Invoke(HttpContext httpContext)
   at APIGateway.Middlewares.ImpersonationMiddleWare.<>c__DisplayClass2_0.<<Invoke>b__0>d.MoveNext() in C:\Users\lnztha01\source\repos\ExcelGateway\APIGateway\Middlewares\ImpersonationMiddleWare.cs:line 31
--- End of stack trace from previous location where exception was thrown ---
   at APIGateway.Middlewares.ImpersonationMiddleWare.Invoke(HttpContext context) in C:\Users\lnztha01\source\repos\ExcelGateway\APIGateway\Middlewares\ImpersonationMiddleWare.cs:line 24
   at Microsoft.AspNetCore.Authentication.AuthenticationMiddleware.Invoke(HttpContext context)
   at Microsoft.AspNetCore.StaticFiles.StaticFileMiddleware.Invoke(HttpContext context)
   at Microsoft.AspNetCore.Diagnostics.DeveloperExceptionPageMiddleware.Invoke(HttpContext context)
info: Microsoft.AspNetCore.Hosting.Internal.WebHost[2]
      => ConnectionId:0HLOGTU56NULL => RequestId:0HLOGTU56NULL:0000000F RequestPath:/ExcelAddin/api/loadexcelconfig/Sheet3
      Request finished in 860.5732ms 500 text/html; charset=utf-8







































