info: Microsoft.AspNetCore.DataProtection.KeyManagement.XmlKeyManager[0]
      User profile is available. Using 'C:\Users\lnztha01\AppData\Local\ASP.NET\DataProtection-Keys' as key repository and Windows DPAPI to encrypt keys at rest.
Hosting environment: Development
Content root path: C:\Users\lnztha01\source\repos\ExcelGateway\APIGateway
Now listening on: http://127.0.0.1:36396
Application started. Press Ctrl+C to shut down.
info: Microsoft.AspNetCore.Hosting.Internal.WebHost[1]
      Request starting HTTP/1.1 GET http://localhost:44317/ExcelAddin/Images/Button32x32.png  
info: Microsoft.AspNetCore.StaticFiles.StaticFileMiddleware[6]
      The file /ExcelAddin/Images/Button32x32.png was not modified
info: Microsoft.AspNetCore.Hosting.Internal.WebHost[2]
      Request finished in 57.4759ms 304 image/png
info: Microsoft.AspNetCore.Hosting.Internal.WebHost[1]
      Request starting HTTP/1.1 OPTIONS http://localhost:44317/ExcelAddin/  
info: Microsoft.AspNetCore.Hosting.Internal.WebHost[2]
      Request finished in 32.3547ms 404 
info: Microsoft.AspNetCore.Hosting.Internal.WebHost[1]
      Request starting HTTP/1.1 GET http://localhost:44317/ExcelAddin/Home.html?_host_Info=Excel$Win32$16.01$en-US  
info: Microsoft.AspNetCore.StaticFiles.StaticFileMiddleware[6]
      The file /ExcelAddin/Home.html was not modified
info: Microsoft.AspNetCore.Hosting.Internal.WebHost[2]
      Request finished in 0.6463ms 304 text/html
info: Microsoft.AspNetCore.Hosting.Internal.WebHost[1]
      Request starting HTTP/1.1 GET http://localhost:44317/ExcelAddin/Scripts/FabricUI/MessageBanner.js  
info: Microsoft.AspNetCore.StaticFiles.StaticFileMiddleware[6]
      The file /ExcelAddin/Scripts/FabricUI/MessageBanner.js was not modified
info: Microsoft.AspNetCore.Hosting.Internal.WebHost[2]
      Request finished in 0.634ms 304 application/javascript
info: Microsoft.AspNetCore.Hosting.Internal.WebHost[1]
      Request starting HTTP/1.1 GET http://localhost:44317/ExcelAddin/Home.css  
info: Microsoft.AspNetCore.StaticFiles.StaticFileMiddleware[6]
      The file /ExcelAddin/Home.css was not modified
info: Microsoft.AspNetCore.Hosting.Internal.WebHost[2]
      Request finished in 0.6633ms 304 text/css
info: Microsoft.AspNetCore.Hosting.Internal.WebHost[1]
      Request starting HTTP/1.1 GET http://localhost:44317/ExcelAddin/bundle/Home.js  
info: Microsoft.AspNetCore.StaticFiles.StaticFileMiddleware[6]
      The file /ExcelAddin/bundle/Home.js was not modified
info: Microsoft.AspNetCore.Hosting.Internal.WebHost[2]
      Request finished in 0.3895ms 304 application/javascript
info: Microsoft.AspNetCore.Hosting.Internal.WebHost[1]
      Request starting HTTP/1.1 GET http://localhost:44317/ExcelAddin/api/loadattributevalues?attrPath=hdb:components/componentID  
info: Microsoft.AspNetCore.Routing.EndpointMiddleware[0]
      Executing endpoint 'APIGateway.Controllers.LoadAttributeValuesController.GetAsync (APIGateway)'
info: Microsoft.AspNetCore.Mvc.Internal.ControllerActionInvoker[3]
      Route matched with {action = "GetAsync", controller = "LoadAttributeValues", page = ""}. Executing controller action with signature System.Threading.Tasks.Task`1[APIGateway.Models.ResponseMessage] GetAsync(System.String) on controller APIGateway.Controllers.LoadAttributeValuesController (APIGateway).
info: Microsoft.AspNetCore.Mvc.Internal.ControllerActionInvoker[1]
      Executing action method APIGateway.Controllers.LoadAttributeValuesController.GetAsync (APIGateway) - Validation state: Valid
info: Microsoft.AspNetCore.Mvc.Internal.ControllerActionInvoker[2]
      Executed action method APIGateway.Controllers.LoadAttributeValuesController.GetAsync (APIGateway), returned result Microsoft.AspNetCore.Mvc.ObjectResult in 12671.4774ms.
info: Microsoft.AspNetCore.Mvc.Infrastructure.ObjectResultExecutor[1]
      Executing ObjectResult, writing value of type 'APIGateway.Models.ResponseMessage'.
info: Microsoft.AspNetCore.Mvc.Internal.ControllerActionInvoker[2]
      Executed action APIGateway.Controllers.LoadAttributeValuesController.GetAsync (APIGateway) in 12741.521ms
info: Microsoft.AspNetCore.Routing.EndpointMiddleware[1]
      Executed endpoint 'APIGateway.Controllers.LoadAttributeValuesController.GetAsync (APIGateway)'
info: Microsoft.AspNetCore.Hosting.Internal.WebHost[2]
      Request finished in 12771.5315ms 200 application/json; charset=utf-8
info: Microsoft.AspNetCore.Hosting.Internal.WebHost[1]
      Request starting HTTP/1.1 GET http://localhost:44317/ExcelAddin/api/loadattributevalues?attrPath=cdp:projects/id  
info: Microsoft.AspNetCore.Routing.EndpointMiddleware[0]
      Executing endpoint 'APIGateway.Controllers.LoadAttributeValuesController.GetAsync (APIGateway)'
info: Microsoft.AspNetCore.Mvc.Internal.ControllerActionInvoker[3]
      Route matched with {action = "GetAsync", controller = "LoadAttributeValues", page = ""}. Executing controller action with signature System.Threading.Tasks.Task`1[APIGateway.Models.ResponseMessage] GetAsync(System.String) on controller APIGateway.Controllers.LoadAttributeValuesController (APIGateway).
info: Microsoft.AspNetCore.Mvc.Internal.ControllerActionInvoker[1]
      Executing action method APIGateway.Controllers.LoadAttributeValuesController.GetAsync (APIGateway) - Validation state: Valid
info: Microsoft.AspNetCore.Mvc.Internal.ControllerActionInvoker[2]
      Executed action method APIGateway.Controllers.LoadAttributeValuesController.GetAsync (APIGateway), returned result Microsoft.AspNetCore.Mvc.ObjectResult in 726.7698ms.
info: Microsoft.AspNetCore.Mvc.Infrastructure.ObjectResultExecutor[1]
      Executing ObjectResult, writing value of type 'APIGateway.Models.ResponseMessage'.
info: Microsoft.AspNetCore.Mvc.Internal.ControllerActionInvoker[2]
      Executed action APIGateway.Controllers.LoadAttributeValuesController.GetAsync (APIGateway) in 728.4105ms
info: Microsoft.AspNetCore.Routing.EndpointMiddleware[1]
      Executed endpoint 'APIGateway.Controllers.LoadAttributeValuesController.GetAsync (APIGateway)'
info: Microsoft.AspNetCore.Hosting.Internal.WebHost[2]
      Request finished in 733.2188ms 200 application/json; charset=utf-8
info: Microsoft.AspNetCore.Hosting.Internal.WebHost[1]
      Request starting HTTP/1.1 GET http://localhost:44317/ExcelAddin/Home.html?_host_Info=Excel$Win32$16.01$en-US  
info: Microsoft.AspNetCore.StaticFiles.StaticFileMiddleware[6]
      The file /ExcelAddin/Home.html was not modified
info: Microsoft.AspNetCore.Hosting.Internal.WebHost[2]
      Request finished in 0.329ms 304 text/html
info: Microsoft.AspNetCore.Hosting.Internal.WebHost[1]
      Request starting HTTP/1.1 GET http://localhost:44317/ExcelAddin/Scripts/FabricUI/MessageBanner.js  
info: Microsoft.AspNetCore.StaticFiles.StaticFileMiddleware[6]
      The file /ExcelAddin/Scripts/FabricUI/MessageBanner.js was not modified
info: Microsoft.AspNetCore.Hosting.Internal.WebHost[2]
      Request finished in 0.734ms 304 application/javascript
info: Microsoft.AspNetCore.Hosting.Internal.WebHost[1]
      Request starting HTTP/1.1 GET http://localhost:44317/ExcelAddin/Home.css  
info: Microsoft.AspNetCore.StaticFiles.StaticFileMiddleware[6]
      The file /ExcelAddin/Home.css was not modified
info: Microsoft.AspNetCore.Hosting.Internal.WebHost[2]
      Request finished in 0.5511ms 304 text/css
info: Microsoft.AspNetCore.Hosting.Internal.WebHost[1]
      Request starting HTTP/1.1 GET http://localhost:44317/ExcelAddin/bundle/Home.js  
info: Microsoft.AspNetCore.StaticFiles.StaticFileMiddleware[6]
      The file /ExcelAddin/bundle/Home.js was not modified
info: Microsoft.AspNetCore.Hosting.Internal.WebHost[2]
      Request finished in 0.4195ms 304 application/javascript
info: Microsoft.AspNetCore.Hosting.Internal.WebHost[1]
      Request starting HTTP/1.1 GET http://localhost:44317/ExcelAddin/api/loadattributevalues?attrPath=hdb:components/componentID  
info: Microsoft.AspNetCore.Routing.EndpointMiddleware[0]
      Executing endpoint 'APIGateway.Controllers.LoadAttributeValuesController.GetAsync (APIGateway)'
info: Microsoft.AspNetCore.Mvc.Internal.ControllerActionInvoker[3]
      Route matched with {action = "GetAsync", controller = "LoadAttributeValues", page = ""}. Executing controller action with signature System.Threading.Tasks.Task`1[APIGateway.Models.ResponseMessage] GetAsync(System.String) on controller APIGateway.Controllers.LoadAttributeValuesController (APIGateway).
info: Microsoft.AspNetCore.Mvc.Internal.ControllerActionInvoker[1]
      Executing action method APIGateway.Controllers.LoadAttributeValuesController.GetAsync (APIGateway) - Validation state: Valid
info: Microsoft.AspNetCore.Mvc.Internal.ControllerActionInvoker[2]
      Executed action method APIGateway.Controllers.LoadAttributeValuesController.GetAsync (APIGateway), returned result Microsoft.AspNetCore.Mvc.ObjectResult in 12833.7956ms.
info: Microsoft.AspNetCore.Mvc.Infrastructure.ObjectResultExecutor[1]
      Executing ObjectResult, writing value of type 'APIGateway.Models.ResponseMessage'.
info: Microsoft.AspNetCore.Mvc.Internal.ControllerActionInvoker[2]
      Executed action APIGateway.Controllers.LoadAttributeValuesController.GetAsync (APIGateway) in 12835.7144ms
info: Microsoft.AspNetCore.Routing.EndpointMiddleware[1]
      Executed endpoint 'APIGateway.Controllers.LoadAttributeValuesController.GetAsync (APIGateway)'
info: Microsoft.AspNetCore.Hosting.Internal.WebHost[2]
      Request finished in 12836.4682ms 200 application/json; charset=utf-8
info: Microsoft.AspNetCore.Hosting.Internal.WebHost[1]
      Request starting HTTP/1.1 GET http://localhost:44317/ExcelAddin/api/loadattributevalues?attrPath=cdp:projects/id  
info: Microsoft.AspNetCore.Routing.EndpointMiddleware[0]
      Executing endpoint 'APIGateway.Controllers.LoadAttributeValuesController.GetAsync (APIGateway)'
info: Microsoft.AspNetCore.Mvc.Internal.ControllerActionInvoker[3]
      Route matched with {action = "GetAsync", controller = "LoadAttributeValues", page = ""}. Executing controller action with signature System.Threading.Tasks.Task`1[APIGateway.Models.ResponseMessage] GetAsync(System.String) on controller APIGateway.Controllers.LoadAttributeValuesController (APIGateway).
info: Microsoft.AspNetCore.Mvc.Internal.ControllerActionInvoker[1]
      Executing action method APIGateway.Controllers.LoadAttributeValuesController.GetAsync (APIGateway) - Validation state: Valid
info: Microsoft.AspNetCore.Mvc.Internal.ControllerActionInvoker[2]
      Executed action method APIGateway.Controllers.LoadAttributeValuesController.GetAsync (APIGateway), returned result Microsoft.AspNetCore.Mvc.ObjectResult in 15.7218ms.
info: Microsoft.AspNetCore.Mvc.Infrastructure.ObjectResultExecutor[1]
      Executing ObjectResult, writing value of type 'APIGateway.Models.ResponseMessage'.
info: Microsoft.AspNetCore.Mvc.Internal.ControllerActionInvoker[2]
      Executed action APIGateway.Controllers.LoadAttributeValuesController.GetAsync (APIGateway) in 16.0509ms
info: Microsoft.AspNetCore.Routing.EndpointMiddleware[1]
      Executed endpoint 'APIGateway.Controllers.LoadAttributeValuesController.GetAsync (APIGateway)'
info: Microsoft.AspNetCore.Hosting.Internal.WebHost[2]
      Request finished in 16.5831ms 200 application/json; charset=utf-8
info: Microsoft.AspNetCore.Hosting.Internal.WebHost[1]
      Request starting HTTP/1.1 GET http://localhost:44317/ExcelAddin/api/loadvariantsbyprojectname?projectName=36005  
info: Microsoft.AspNetCore.Routing.EndpointMiddleware[0]
      Executing endpoint 'APIGateway.Controllers.LoadVariantsByProjectNameController.GetAsync (APIGateway)'
info: Microsoft.AspNetCore.Mvc.Internal.ControllerActionInvoker[3]
      Route matched with {action = "GetAsync", controller = "LoadVariantsByProjectName", page = ""}. Executing controller action with signature System.Threading.Tasks.Task`1[APIGateway.Models.ResponseMessage] GetAsync(System.String) on controller APIGateway.Controllers.LoadVariantsByProjectNameController (APIGateway).
info: Microsoft.AspNetCore.Mvc.Internal.ControllerActionInvoker[1]
      Executing action method APIGateway.Controllers.LoadVariantsByProjectNameController.GetAsync (APIGateway) - Validation state: Valid
info: Microsoft.AspNetCore.Mvc.Internal.ControllerActionInvoker[2]
      Executed action method APIGateway.Controllers.LoadVariantsByProjectNameController.GetAsync (APIGateway), returned result Microsoft.AspNetCore.Mvc.ObjectResult in 48.6332ms.
info: Microsoft.AspNetCore.Mvc.Infrastructure.ObjectResultExecutor[1]
      Executing ObjectResult, writing value of type 'APIGateway.Models.ResponseMessage'.
info: Microsoft.AspNetCore.Mvc.Internal.ControllerActionInvoker[2]
      Executed action APIGateway.Controllers.LoadVariantsByProjectNameController.GetAsync (APIGateway) in 49.3198ms
info: Microsoft.AspNetCore.Routing.EndpointMiddleware[1]
      Executed endpoint 'APIGateway.Controllers.LoadVariantsByProjectNameController.GetAsync (APIGateway)'
info: Microsoft.AspNetCore.Hosting.Internal.WebHost[2]
      Request finished in 61.3001ms 200 application/json; charset=utf-8
info: Microsoft.AspNetCore.Hosting.Internal.WebHost[1]
      Request starting HTTP/1.1 GET http://localhost:44317/ExcelAddin/api/loadversionsbyprojectandvariant?projectName=36005&variantName=32007  
info: Microsoft.AspNetCore.Routing.EndpointMiddleware[0]
      Executing endpoint 'APIGateway.Controllers.LoadVersionsByProjectAndVariantController.GetAsync (APIGateway)'
info: Microsoft.AspNetCore.Mvc.Internal.ControllerActionInvoker[3]
      Route matched with {action = "GetAsync", controller = "LoadVersionsByProjectAndVariant", page = ""}. Executing controller action with signature System.Threading.Tasks.Task`1[APIGateway.Models.ResponseMessage] GetAsync(System.String, System.String) on controller APIGateway.Controllers.LoadVersionsByProjectAndVariantController (APIGateway).
info: Microsoft.AspNetCore.Mvc.Internal.ControllerActionInvoker[1]
      Executing action method APIGateway.Controllers.LoadVersionsByProjectAndVariantController.GetAsync (APIGateway) - Validation state: Valid
info: Microsoft.AspNetCore.Mvc.Internal.ControllerActionInvoker[2]
      Executed action method APIGateway.Controllers.LoadVersionsByProjectAndVariantController.GetAsync (APIGateway), returned result Microsoft.AspNetCore.Mvc.ObjectResult in 66.5058ms.
info: Microsoft.AspNetCore.Mvc.Infrastructure.ObjectResultExecutor[1]
      Executing ObjectResult, writing value of type 'APIGateway.Models.ResponseMessage'.
info: Microsoft.AspNetCore.Mvc.Internal.ControllerActionInvoker[2]
      Executed action APIGateway.Controllers.LoadVersionsByProjectAndVariantController.GetAsync (APIGateway) in 67.194ms
info: Microsoft.AspNetCore.Routing.EndpointMiddleware[1]
      Executed endpoint 'APIGateway.Controllers.LoadVersionsByProjectAndVariantController.GetAsync (APIGateway)'
info: Microsoft.AspNetCore.Hosting.Internal.WebHost[2]
      Request finished in 71.2224ms 200 application/json; charset=utf-8
info: Microsoft.AspNetCore.Hosting.Internal.WebHost[1]
      Request starting HTTP/1.1 GET http://localhost:44317/ExcelAddin/api/loadparameters?propNames=hdb:components/designForProjectName,hdb:components/designByPersonName,hdb:components/comment,hdb:components/group,hdb:components/resources/0/group,hdb:components/locked,hdb:components/properties/0/value,hdb:projects/properties/54/value,hdb:projects/properties/54/symbol,hdb:projects/properties/57/value,hdb:projects/properties/57/symbol,hdb:projects/name,cdp:projects/name,cdp:projects/modifiedBy,cdp:projects/modifiedAt,cdp:projects/description&searchValues=hdb:components/componentID=4752,cdp:projects/id=36005,cdp:variants/name=32007,cdp:versions/name  
info: Microsoft.AspNetCore.Routing.EndpointMiddleware[0]
      Executing endpoint 'APIGateway.Controllers.LoadParametersController.Get (APIGateway)'
info: Microsoft.AspNetCore.Mvc.Internal.ControllerActionInvoker[3]
      Route matched with {action = "Get", controller = "LoadParameters", page = ""}. Executing controller action with signature System.Threading.Tasks.Task`1[APIGateway.Models.ResponseMessage] Get(System.String, System.String) on controller APIGateway.Controllers.LoadParametersController (APIGateway).
info: Microsoft.AspNetCore.Mvc.Internal.ControllerActionInvoker[1]
      Executing action method APIGateway.Controllers.LoadParametersController.Get (APIGateway) - Validation state: Valid
info: Microsoft.AspNetCore.Mvc.Internal.ControllerActionInvoker[2]
      Executed action APIGateway.Controllers.LoadParametersController.Get (APIGateway) in 31.1648ms
info: Microsoft.AspNetCore.Routing.EndpointMiddleware[1]
      Executed endpoint 'APIGateway.Controllers.LoadParametersController.Get (APIGateway)'
fail: Microsoft.AspNetCore.Diagnostics.DeveloperExceptionPageMiddleware[1]
      An unhandled exception has occurred while executing the request.
System.IndexOutOfRangeException: Index was outside the bounds of the array.
   at APIGateway.Models.ExcelHandler.BuildSearchParamDict(String[] searchValues) in C:\Users\lnztha01\source\repos\ExcelGateway\APIGateway\Models\ExcelHandler.cs:line 170
   at APIGateway.Models.ExcelHandler.FetchParamsFromDBAsync(String[] propNames, String[] searchValues) in C:\Users\lnztha01\source\repos\ExcelGateway\APIGateway\Models\ExcelHandler.cs:line 183
   at APIGateway.Controllers.LoadParametersController.Get(String propNames, String searchValues) in C:\Users\lnztha01\source\repos\ExcelGateway\APIGateway\Controllers\LoadParametersController.cs:line 16
   at lambda_method(Closure , Object )
   at Microsoft.Extensions.Internal.ObjectMethodExecutorAwaitable.Awaiter.GetResult()
   at Microsoft.AspNetCore.Mvc.Internal.ActionMethodExecutor.AwaitableObjectResultExecutor.Execute(IActionResultTypeMapper mapper, ObjectMethodExecutor executor, Object controller, Object[] arguments)
   at System.Threading.Tasks.ValueTask`1.get_Result()
   at Microsoft.AspNetCore.Mvc.Internal.ControllerActionInvoker.InvokeActionMethodAsync()
   at Microsoft.AspNetCore.Mvc.Internal.ControllerActionInvoker.InvokeNextActionFilterAsync()
   at Microsoft.AspNetCore.Mvc.Internal.ControllerActionInvoker.Rethrow(ActionExecutedContext context)
   at Microsoft.AspNetCore.Mvc.Internal.ControllerActionInvoker.Next(State& next, Scope& scope, Object& state, Boolean& isCompleted)
   at Microsoft.AspNetCore.Mvc.Internal.ControllerActionInvoker.InvokeInnerFilterAsync()
   at Microsoft.AspNetCore.Mvc.Internal.ResourceInvoker.InvokeNextResourceFilter()
   at Microsoft.AspNetCore.Mvc.Internal.ResourceInvoker.Rethrow(ResourceExecutedContext context)
   at Microsoft.AspNetCore.Mvc.Internal.ResourceInvoker.Next(State& next, Scope& scope, Object& state, Boolean& isCompleted)
   at Microsoft.AspNetCore.Mvc.Internal.ResourceInvoker.InvokeFilterPipelineAsync()
   at Microsoft.AspNetCore.Mvc.Internal.ResourceInvoker.InvokeAsync()
   at Microsoft.AspNetCore.Routing.EndpointMiddleware.Invoke(HttpContext httpContext)
   at Microsoft.AspNetCore.Routing.EndpointRoutingMiddleware.Invoke(HttpContext httpContext)
   at APIGateway.Middlewares.ImpersonationMiddleWare.<>c__DisplayClass2_0.<<Invoke>b__0>d.MoveNext() in C:\Users\lnztha01\source\repos\ExcelGateway\APIGateway\Middlewares\ImpersonationMiddleWare.cs:line 31
--- End of stack trace from previous location where exception was thrown ---
   at APIGateway.Middlewares.ImpersonationMiddleWare.Invoke(HttpContext context) in C:\Users\lnztha01\source\repos\ExcelGateway\APIGateway\Middlewares\ImpersonationMiddleWare.cs:line 24
   at Microsoft.AspNetCore.StaticFiles.StaticFileMiddleware.Invoke(HttpContext context)
   at Microsoft.AspNetCore.Authentication.AuthenticationMiddleware.Invoke(HttpContext context)
   at Microsoft.AspNetCore.Diagnostics.DeveloperExceptionPageMiddleware.Invoke(HttpContext context)
info: Microsoft.AspNetCore.Hosting.Internal.WebHost[2]
      Request finished in 207.4488ms 500 text/html; charset=utf-8
info: Microsoft.AspNetCore.Hosting.Internal.WebHost[1]
      Request starting HTTP/1.1 GET http://localhost:44317/ExcelAddin/Images/Button32x32.png  
info: Microsoft.AspNetCore.StaticFiles.StaticFileMiddleware[6]
      The file /ExcelAddin/Images/Button32x32.png was not modified
info: Microsoft.AspNetCore.Hosting.Internal.WebHost[2]
      Request finished in 0.5025ms 304 image/png
info: Microsoft.AspNetCore.Hosting.Internal.WebHost[1]
      Request starting HTTP/1.1 OPTIONS http://localhost:44317/ExcelAddin/  
info: Microsoft.AspNetCore.Hosting.Internal.WebHost[2]
      Request finished in 0.54ms 404 
info: Microsoft.AspNetCore.Hosting.Internal.WebHost[1]
      Request starting HTTP/1.1 GET http://localhost:44317/ExcelAddin/Home.html?_host_Info=Excel$Win32$16.01$en-US  
info: Microsoft.AspNetCore.StaticFiles.StaticFileMiddleware[6]
      The file /ExcelAddin/Home.html was not modified
info: Microsoft.AspNetCore.Hosting.Internal.WebHost[2]
      Request finished in 0.4361ms 304 text/html
info: Microsoft.AspNetCore.Hosting.Internal.WebHost[1]
      Request starting HTTP/1.1 GET http://localhost:44317/ExcelAddin/Scripts/FabricUI/MessageBanner.js  
info: Microsoft.AspNetCore.StaticFiles.StaticFileMiddleware[6]
      The file /ExcelAddin/Scripts/FabricUI/MessageBanner.js was not modified
info: Microsoft.AspNetCore.Hosting.Internal.WebHost[2]
      Request finished in 0.4171ms 304 application/javascript
info: Microsoft.AspNetCore.Hosting.Internal.WebHost[1]
      Request starting HTTP/1.1 GET http://localhost:44317/ExcelAddin/Home.css  
info: Microsoft.AspNetCore.StaticFiles.StaticFileMiddleware[6]
      The file /ExcelAddin/Home.css was not modified
info: Microsoft.AspNetCore.Hosting.Internal.WebHost[2]
      Request finished in 0.4235ms 304 text/css
info: Microsoft.AspNetCore.Hosting.Internal.WebHost[1]
      Request starting HTTP/1.1 GET http://localhost:44317/ExcelAddin/bundle/Home.js  
info: Microsoft.AspNetCore.StaticFiles.StaticFileMiddleware[6]
      The file /ExcelAddin/bundle/Home.js was not modified
info: Microsoft.AspNetCore.Hosting.Internal.WebHost[2]
      Request finished in 0.4855ms 304 application/javascript
info: Microsoft.AspNetCore.Hosting.Internal.WebHost[1]
      Request starting HTTP/1.1 GET http://localhost:44317/ExcelAddin/api/loadattributevalues?attrPath=hdb:components/componentID  
info: Microsoft.AspNetCore.Routing.EndpointMiddleware[0]
      Executing endpoint 'APIGateway.Controllers.LoadAttributeValuesController.GetAsync (APIGateway)'
info: Microsoft.AspNetCore.Mvc.Internal.ControllerActionInvoker[3]
      Route matched with {action = "GetAsync", controller = "LoadAttributeValues", page = ""}. Executing controller action with signature System.Threading.Tasks.Task`1[APIGateway.Models.ResponseMessage] GetAsync(System.String) on controller APIGateway.Controllers.LoadAttributeValuesController (APIGateway).
info: Microsoft.AspNetCore.Mvc.Internal.ControllerActionInvoker[1]
      Executing action method APIGateway.Controllers.LoadAttributeValuesController.GetAsync (APIGateway) - Validation state: Valid
