info: Microsoft.AspNetCore.DataProtection.KeyManagement.XmlKeyManager[0]
      User profile is available. Using 'C:\Users\lnztha01\AppData\Local\ASP.NET\DataProtection-Keys' as key repository and Windows DPAPI to encrypt keys at rest.
Hosting environment: Development
Content root path: C:\Users\lnztha01\source\repos\ExcelGateway\APIGateway
Now listening on: http://127.0.0.1:9861
Application started. Press Ctrl+C to shut down.
info: Microsoft.AspNetCore.Hosting.Internal.WebHost[1]
      => ConnectionId:0HLOG23S69MVC => RequestId:0HLOG23S69MVC:00000001 RequestPath:/
      Request starting HTTP/1.1 DEBUG http://localhost:2664/  0
info: Microsoft.AspNetCore.Hosting.Internal.WebHost[2]
      => ConnectionId:0HLOG23S69MVC => RequestId:0HLOG23S69MVC:00000001 RequestPath:/
      Request finished in 42.5363ms 200 
info: Microsoft.AspNetCore.Hosting.Internal.WebHost[1]
      => ConnectionId:0HLOG23S69MVC => RequestId:0HLOG23S69MVC:00000002 RequestPath:/
      Request starting HTTP/1.1 GET http://localhost:44331/  
fail: Microsoft.AspNetCore.Diagnostics.DeveloperExceptionPageMiddleware[1]
      => ConnectionId:0HLOG23S69MVC => RequestId:0HLOG23S69MVC:00000002 RequestPath:/
      An unhandled exception has occurred while executing the request.
Microsoft.AspNetCore.Routing.Matching.AmbiguousMatchException: The request matched multiple endpoints. Matches: 

Page: /Index
Page: /Index
   at Microsoft.AspNetCore.Routing.Matching.DefaultEndpointSelector.ReportAmbiguity(CandidateSet candidates)
   at Microsoft.AspNetCore.Routing.Matching.DefaultEndpointSelector.ProcessFinalCandidates(HttpContext httpContext, EndpointSelectorContext context, CandidateSet candidateSet)
   at Microsoft.AspNetCore.Routing.Matching.DefaultEndpointSelector.SelectAsync(HttpContext httpContext, EndpointSelectorContext context, CandidateSet candidateSet)
   at Microsoft.AspNetCore.Routing.Matching.DfaMatcher.MatchAsync(HttpContext httpContext, EndpointSelectorContext context)
   at Microsoft.AspNetCore.Routing.Matching.DataSourceDependentMatcher.MatchAsync(HttpContext httpContext, EndpointSelectorContext context)
   at Microsoft.AspNetCore.Routing.EndpointRoutingMiddleware.Invoke(HttpContext httpContext)
   at APIGateway.Middlewares.ImpersonationMiddleWare.<>c__DisplayClass2_0.<<Invoke>b__0>d.MoveNext() in C:\Users\lnztha01\source\repos\ExcelGateway\APIGateway\Middlewares\ImpersonationMiddleWare.cs:line 31
--- End of stack trace from previous location where exception was thrown ---
   at APIGateway.Middlewares.ImpersonationMiddleWare.Invoke(HttpContext context) in C:\Users\lnztha01\source\repos\ExcelGateway\APIGateway\Middlewares\ImpersonationMiddleWare.cs:line 24
   at Microsoft.AspNetCore.Authentication.AuthenticationMiddleware.Invoke(HttpContext context)
   at Microsoft.AspNetCore.StaticFiles.StaticFileMiddleware.Invoke(HttpContext context)
   at Microsoft.AspNetCore.Diagnostics.DeveloperExceptionPageMiddleware.Invoke(HttpContext context)
info: Microsoft.AspNetCore.Hosting.Internal.WebHost[2]
      => ConnectionId:0HLOG23S69MVC => RequestId:0HLOG23S69MVC:00000002 RequestPath:/
      Request finished in 575.0174ms 500 text/html; charset=utf-8
info: Microsoft.AspNetCore.Hosting.Internal.WebHost[1]
      => ConnectionId:0HLOG23S69MVC => RequestId:0HLOG23S69MVC:00000003 RequestPath:/favicon.ico
      Request starting HTTP/1.1 GET http://localhost:44331/favicon.ico  
info: Microsoft.AspNetCore.StaticFiles.StaticFileMiddleware[2]
      => ConnectionId:0HLOG23S69MVC => RequestId:0HLOG23S69MVC:00000003 RequestPath:/favicon.ico
      Sending file. Request path: '/favicon.ico'. Physical path: 'C:\Users\lnztha01\source\repos\ExcelGateway\APIGateway\wwwroot\favicon.ico'
info: Microsoft.AspNetCore.Hosting.Internal.WebHost[2]
      => ConnectionId:0HLOG23S69MVC => RequestId:0HLOG23S69MVC:00000003 RequestPath:/favicon.ico
      Request finished in 30.05ms 200 image/x-icon
info: Microsoft.AspNetCore.Hosting.Internal.WebHost[1]
      => ConnectionId:0HLOG23S69MVC => RequestId:0HLOG23S69MVC:00000004 RequestPath:/
      Request starting HTTP/1.1 GET http://localhost:44331/  
fail: Microsoft.AspNetCore.Diagnostics.DeveloperExceptionPageMiddleware[1]
      => ConnectionId:0HLOG23S69MVC => RequestId:0HLOG23S69MVC:00000004 RequestPath:/
      An unhandled exception has occurred while executing the request.
Microsoft.AspNetCore.Routing.Matching.AmbiguousMatchException: The request matched multiple endpoints. Matches: 

Page: /Index
Page: /Index
   at Microsoft.AspNetCore.Routing.Matching.DefaultEndpointSelector.ReportAmbiguity(CandidateSet candidates)
   at Microsoft.AspNetCore.Routing.Matching.DefaultEndpointSelector.ProcessFinalCandidates(HttpContext httpContext, EndpointSelectorContext context, CandidateSet candidateSet)
   at Microsoft.AspNetCore.Routing.Matching.DefaultEndpointSelector.SelectAsync(HttpContext httpContext, EndpointSelectorContext context, CandidateSet candidateSet)
   at Microsoft.AspNetCore.Routing.Matching.DfaMatcher.MatchAsync(HttpContext httpContext, EndpointSelectorContext context)
   at Microsoft.AspNetCore.Routing.Matching.DataSourceDependentMatcher.MatchAsync(HttpContext httpContext, EndpointSelectorContext context)
   at Microsoft.AspNetCore.Routing.EndpointRoutingMiddleware.Invoke(HttpContext httpContext)
   at APIGateway.Middlewares.ImpersonationMiddleWare.<>c__DisplayClass2_0.<<Invoke>b__0>d.MoveNext() in C:\Users\lnztha01\source\repos\ExcelGateway\APIGateway\Middlewares\ImpersonationMiddleWare.cs:line 31
--- End of stack trace from previous location where exception was thrown ---
   at APIGateway.Middlewares.ImpersonationMiddleWare.Invoke(HttpContext context) in C:\Users\lnztha01\source\repos\ExcelGateway\APIGateway\Middlewares\ImpersonationMiddleWare.cs:line 24
   at Microsoft.AspNetCore.Authentication.AuthenticationMiddleware.Invoke(HttpContext context)
   at Microsoft.AspNetCore.StaticFiles.StaticFileMiddleware.Invoke(HttpContext context)
   at Microsoft.AspNetCore.Diagnostics.DeveloperExceptionPageMiddleware.Invoke(HttpContext context)
info: Microsoft.AspNetCore.Hosting.Internal.WebHost[2]
      => ConnectionId:0HLOG23S69MVC => RequestId:0HLOG23S69MVC:00000004 RequestPath:/
      Request finished in 286.7422ms 500 text/html; charset=utf-8
info: Microsoft.AspNetCore.Hosting.Internal.WebHost[1]
      => ConnectionId:0HLOG23S69MVC => RequestId:0HLOG23S69MVC:00000005 RequestPath:/favicon.ico
      Request starting HTTP/1.1 GET http://localhost:44331/favicon.ico  
info: Microsoft.AspNetCore.StaticFiles.StaticFileMiddleware[2]
      => ConnectionId:0HLOG23S69MVC => RequestId:0HLOG23S69MVC:00000005 RequestPath:/favicon.ico
      Sending file. Request path: '/favicon.ico'. Physical path: 'C:\Users\lnztha01\source\repos\ExcelGateway\APIGateway\wwwroot\favicon.ico'
info: Microsoft.AspNetCore.Hosting.Internal.WebHost[2]
      => ConnectionId:0HLOG23S69MVC => RequestId:0HLOG23S69MVC:00000005 RequestPath:/favicon.ico
      Request finished in 7.3694ms 200 image/x-icon
info: Microsoft.AspNetCore.Hosting.Internal.WebHost[1]
      => ConnectionId:0HLOG23S69MVC => RequestId:0HLOG23S69MVC:00000006 RequestPath:/
      Request starting HTTP/1.1 GET http://localhost:44331/  
fail: Microsoft.AspNetCore.Diagnostics.DeveloperExceptionPageMiddleware[1]
      => ConnectionId:0HLOG23S69MVC => RequestId:0HLOG23S69MVC:00000006 RequestPath:/
      An unhandled exception has occurred while executing the request.
Microsoft.AspNetCore.Routing.Matching.AmbiguousMatchException: The request matched multiple endpoints. Matches: 

Page: /Index
Page: /Index
   at Microsoft.AspNetCore.Routing.Matching.DefaultEndpointSelector.ReportAmbiguity(CandidateSet candidates)
   at Microsoft.AspNetCore.Routing.Matching.DefaultEndpointSelector.ProcessFinalCandidates(HttpContext httpContext, EndpointSelectorContext context, CandidateSet candidateSet)
   at Microsoft.AspNetCore.Routing.Matching.DefaultEndpointSelector.SelectAsync(HttpContext httpContext, EndpointSelectorContext context, CandidateSet candidateSet)
   at Microsoft.AspNetCore.Routing.Matching.DfaMatcher.MatchAsync(HttpContext httpContext, EndpointSelectorContext context)
   at Microsoft.AspNetCore.Routing.Matching.DataSourceDependentMatcher.MatchAsync(HttpContext httpContext, EndpointSelectorContext context)
   at Microsoft.AspNetCore.Routing.EndpointRoutingMiddleware.Invoke(HttpContext httpContext)
   at APIGateway.Middlewares.ImpersonationMiddleWare.<>c__DisplayClass2_0.<<Invoke>b__0>d.MoveNext() in C:\Users\lnztha01\source\repos\ExcelGateway\APIGateway\Middlewares\ImpersonationMiddleWare.cs:line 31
--- End of stack trace from previous location where exception was thrown ---
   at APIGateway.Middlewares.ImpersonationMiddleWare.Invoke(HttpContext context) in C:\Users\lnztha01\source\repos\ExcelGateway\APIGateway\Middlewares\ImpersonationMiddleWare.cs:line 24
   at Microsoft.AspNetCore.Authentication.AuthenticationMiddleware.Invoke(HttpContext context)
   at Microsoft.AspNetCore.StaticFiles.StaticFileMiddleware.Invoke(HttpContext context)
   at Microsoft.AspNetCore.Diagnostics.DeveloperExceptionPageMiddleware.Invoke(HttpContext context)
info: Microsoft.AspNetCore.Hosting.Internal.WebHost[2]
      => ConnectionId:0HLOG23S69MVC => RequestId:0HLOG23S69MVC:00000006 RequestPath:/
      Request finished in 285.3947ms 500 text/html; charset=utf-8
info: Microsoft.AspNetCore.Hosting.Internal.WebHost[1]
      => ConnectionId:0HLOG23S69MVC => RequestId:0HLOG23S69MVC:00000007 RequestPath:/favicon.ico
      Request starting HTTP/1.1 GET http://localhost:44331/favicon.ico  
info: Microsoft.AspNetCore.StaticFiles.StaticFileMiddleware[2]
      => ConnectionId:0HLOG23S69MVC => RequestId:0HLOG23S69MVC:00000007 RequestPath:/favicon.ico
      Sending file. Request path: '/favicon.ico'. Physical path: 'C:\Users\lnztha01\source\repos\ExcelGateway\APIGateway\wwwroot\favicon.ico'
info: Microsoft.AspNetCore.Hosting.Internal.WebHost[2]
      => ConnectionId:0HLOG23S69MVC => RequestId:0HLOG23S69MVC:00000007 RequestPath:/favicon.ico
      Request finished in 6.4549ms 200 image/x-icon
info: Microsoft.AspNetCore.Hosting.Internal.WebHost[1]
      => ConnectionId:0HLOG23S69MVC => RequestId:0HLOG23S69MVC:00000008 RequestPath:/
      Request starting HTTP/1.1 GET http://localhost:44331/  
fail: Microsoft.AspNetCore.Diagnostics.DeveloperExceptionPageMiddleware[1]
      => ConnectionId:0HLOG23S69MVC => RequestId:0HLOG23S69MVC:00000008 RequestPath:/
      An unhandled exception has occurred while executing the request.
Microsoft.AspNetCore.Routing.Matching.AmbiguousMatchException: The request matched multiple endpoints. Matches: 

Page: /Index
Page: /Index
   at Microsoft.AspNetCore.Routing.Matching.DefaultEndpointSelector.ReportAmbiguity(CandidateSet candidates)
   at Microsoft.AspNetCore.Routing.Matching.DefaultEndpointSelector.ProcessFinalCandidates(HttpContext httpContext, EndpointSelectorContext context, CandidateSet candidateSet)
   at Microsoft.AspNetCore.Routing.Matching.DefaultEndpointSelector.SelectAsync(HttpContext httpContext, EndpointSelectorContext context, CandidateSet candidateSet)
   at Microsoft.AspNetCore.Routing.Matching.DfaMatcher.MatchAsync(HttpContext httpContext, EndpointSelectorContext context)
   at Microsoft.AspNetCore.Routing.Matching.DataSourceDependentMatcher.MatchAsync(HttpContext httpContext, EndpointSelectorContext context)
   at Microsoft.AspNetCore.Routing.EndpointRoutingMiddleware.Invoke(HttpContext httpContext)
   at APIGateway.Middlewares.ImpersonationMiddleWare.<>c__DisplayClass2_0.<<Invoke>b__0>d.MoveNext() in C:\Users\lnztha01\source\repos\ExcelGateway\APIGateway\Middlewares\ImpersonationMiddleWare.cs:line 31
--- End of stack trace from previous location where exception was thrown ---
   at APIGateway.Middlewares.ImpersonationMiddleWare.Invoke(HttpContext context) in C:\Users\lnztha01\source\repos\ExcelGateway\APIGateway\Middlewares\ImpersonationMiddleWare.cs:line 24
   at Microsoft.AspNetCore.Authentication.AuthenticationMiddleware.Invoke(HttpContext context)
   at Microsoft.AspNetCore.StaticFiles.StaticFileMiddleware.Invoke(HttpContext context)
   at Microsoft.AspNetCore.Diagnostics.DeveloperExceptionPageMiddleware.Invoke(HttpContext context)
info: Microsoft.AspNetCore.Hosting.Internal.WebHost[2]
      => ConnectionId:0HLOG23S69MVC => RequestId:0HLOG23S69MVC:00000008 RequestPath:/
      Request finished in 251.2289ms 500 text/html; charset=utf-8
info: Microsoft.AspNetCore.Hosting.Internal.WebHost[1]
      => ConnectionId:0HLOG23S69MVC => RequestId:0HLOG23S69MVC:00000009 RequestPath:/favicon.ico
      Request starting HTTP/1.1 GET http://localhost:44331/favicon.ico  
info: Microsoft.AspNetCore.StaticFiles.StaticFileMiddleware[2]
      => ConnectionId:0HLOG23S69MVC => RequestId:0HLOG23S69MVC:00000009 RequestPath:/favicon.ico
      Sending file. Request path: '/favicon.ico'. Physical path: 'C:\Users\lnztha01\source\repos\ExcelGateway\APIGateway\wwwroot\favicon.ico'
info: Microsoft.AspNetCore.Hosting.Internal.WebHost[2]
      => ConnectionId:0HLOG23S69MVC => RequestId:0HLOG23S69MVC:00000009 RequestPath:/favicon.ico
      Request finished in 7.4196ms 200 image/x-icon
