info: Microsoft.AspNetCore.DataProtection.KeyManagement.XmlKeyManager[0]
      User profile is available. Using 'C:\Users\lnztha01\AppData\Local\ASP.NET\DataProtection-Keys' as key repository and Windows DPAPI to encrypt keys at rest.
Hosting environment: Development
Content root path: C:\Users\lnztha01\source\repos\ExcelGateway\APIGateway
Now listening on: http://127.0.0.1:24162
Application started. Press Ctrl+C to shut down.
info: Microsoft.AspNetCore.Hosting.Internal.WebHost[1]
      => ConnectionId:0HLOGUMRPS932 => RequestId:0HLOGUMRPS932:00000001 RequestPath:/
      Request starting HTTP/1.1 DEBUG http://localhost:2664/  0
info: Microsoft.AspNetCore.Hosting.Internal.WebHost[2]
      => ConnectionId:0HLOGUMRPS932 => RequestId:0HLOGUMRPS932:00000001 RequestPath:/
      Request finished in 32.3219ms 200 
info: Microsoft.AspNetCore.Hosting.Internal.WebHost[1]
      => ConnectionId:0HLOGUMRPS932 => RequestId:0HLOGUMRPS932:00000002 RequestPath:/ExcelAddin/
      Request starting HTTP/1.1 OPTIONS http://localhost:44331/ExcelAddin/  
info: Microsoft.AspNetCore.Hosting.Internal.WebHost[2]
      => ConnectionId:0HLOGUMRPS932 => RequestId:0HLOGUMRPS932:00000002 RequestPath:/ExcelAddin/
      Request finished in 73.9089ms 404 
info: Microsoft.AspNetCore.Hosting.Internal.WebHost[1]
      => ConnectionId:0HLOGUMRPS932 => RequestId:0HLOGUMRPS932:00000003 RequestPath:/ExcelAddin/Home.html
      Request starting HTTP/1.1 GET http://localhost:44331/ExcelAddin/Home.html?_host_Info=Excel$Win32$16.01$en-US  
info: Microsoft.AspNetCore.StaticFiles.StaticFileMiddleware[2]
      => ConnectionId:0HLOGUMRPS932 => RequestId:0HLOGUMRPS932:00000003 RequestPath:/ExcelAddin/Home.html
      Sending file. Request path: '/ExcelAddin/Home.html'. Physical path: 'C:\Users\lnztha01\source\repos\ExcelGateway\APIGateway\wwwroot\ExcelAddin\Home.html'
info: Microsoft.AspNetCore.Hosting.Internal.WebHost[2]
      => ConnectionId:0HLOGUMRPS932 => RequestId:0HLOGUMRPS932:00000003 RequestPath:/ExcelAddin/Home.html
      Request finished in 42.5267ms 200 text/html
info: Microsoft.AspNetCore.Hosting.Internal.WebHost[1]
      => ConnectionId:0HLOGUMRPS932 => RequestId:0HLOGUMRPS932:00000004 RequestPath:/ExcelAddin/Scripts/jquery-1.9.1.js
      Request starting HTTP/1.1 GET http://localhost:44331/ExcelAddin/Scripts/jquery-1.9.1.js  
info: Microsoft.AspNetCore.StaticFiles.StaticFileMiddleware[6]
      => ConnectionId:0HLOGUMRPS932 => RequestId:0HLOGUMRPS932:00000004 RequestPath:/ExcelAddin/Scripts/jquery-1.9.1.js
      The file /ExcelAddin/Scripts/jquery-1.9.1.js was not modified
info: Microsoft.AspNetCore.Hosting.Internal.WebHost[2]
      => ConnectionId:0HLOGUMRPS932 => RequestId:0HLOGUMRPS932:00000004 RequestPath:/ExcelAddin/Scripts/jquery-1.9.1.js
      Request finished in 10.1597ms 304 application/javascript
info: Microsoft.AspNetCore.Hosting.Internal.WebHost[1]
      => ConnectionId:0HLOGUMRPS932 => RequestId:0HLOGUMRPS932:00000005 RequestPath:/ExcelAddin/Scripts/FabricUI/MessageBanner.js
      Request starting HTTP/1.1 GET http://localhost:44331/ExcelAddin/Scripts/FabricUI/MessageBanner.js  
info: Microsoft.AspNetCore.StaticFiles.StaticFileMiddleware[6]
      => ConnectionId:0HLOGUMRPS932 => RequestId:0HLOGUMRPS932:00000005 RequestPath:/ExcelAddin/Scripts/FabricUI/MessageBanner.js
      The file /ExcelAddin/Scripts/FabricUI/MessageBanner.js was not modified
info: Microsoft.AspNetCore.Hosting.Internal.WebHost[2]
      => ConnectionId:0HLOGUMRPS932 => RequestId:0HLOGUMRPS932:00000005 RequestPath:/ExcelAddin/Scripts/FabricUI/MessageBanner.js
      Request finished in 7.085ms 304 application/javascript
info: Microsoft.AspNetCore.Hosting.Internal.WebHost[1]
      => ConnectionId:0HLOGUMRPS932 => RequestId:0HLOGUMRPS932:00000006 RequestPath:/ExcelAddin/Home.css
      Request starting HTTP/1.1 GET http://localhost:44331/ExcelAddin/Home.css  
info: Microsoft.AspNetCore.StaticFiles.StaticFileMiddleware[6]
      => ConnectionId:0HLOGUMRPS932 => RequestId:0HLOGUMRPS932:00000006 RequestPath:/ExcelAddin/Home.css
      The file /ExcelAddin/Home.css was not modified
info: Microsoft.AspNetCore.Hosting.Internal.WebHost[2]
      => ConnectionId:0HLOGUMRPS932 => RequestId:0HLOGUMRPS932:00000006 RequestPath:/ExcelAddin/Home.css
      Request finished in 6.0831ms 304 text/css
info: Microsoft.AspNetCore.Hosting.Internal.WebHost[1]
      => ConnectionId:0HLOGUMRPS933 => RequestId:0HLOGUMRPS933:00000001 RequestPath:/ExcelAddin/bundle/Home.js
      Request starting HTTP/1.1 GET http://localhost:44331/ExcelAddin/bundle/Home.js  
info: Microsoft.AspNetCore.StaticFiles.StaticFileMiddleware[6]
      => ConnectionId:0HLOGUMRPS933 => RequestId:0HLOGUMRPS933:00000001 RequestPath:/ExcelAddin/bundle/Home.js
      The file /ExcelAddin/bundle/Home.js was not modified
info: Microsoft.AspNetCore.Hosting.Internal.WebHost[2]
      => ConnectionId:0HLOGUMRPS933 => RequestId:0HLOGUMRPS933:00000001 RequestPath:/ExcelAddin/bundle/Home.js
      Request finished in 3.9948ms 304 application/javascript
info: Microsoft.AspNetCore.Hosting.Internal.WebHost[1]
      => ConnectionId:0HLOGUMRPS932 => RequestId:0HLOGUMRPS932:00000007 RequestPath:/ExcelAddin/api/loadexcelconfig/Sheet1
      Request starting HTTP/1.1 GET http://localhost:44331/ExcelAddin/api/loadexcelconfig/Sheet1  
info: Microsoft.AspNetCore.Routing.EndpointMiddleware[0]
      => ConnectionId:0HLOGUMRPS932 => RequestId:0HLOGUMRPS932:00000007 RequestPath:/ExcelAddin/api/loadexcelconfig/Sheet1
      Executing endpoint 'APIGateway.Controllers.LoadExcelConfigController.Get (APIGateway)'
info: Microsoft.AspNetCore.Mvc.Internal.ControllerActionInvoker[3]
      => ConnectionId:0HLOGUMRPS932 => RequestId:0HLOGUMRPS932:00000007 RequestPath:/ExcelAddin/api/loadexcelconfig/Sheet1 => APIGateway.Controllers.LoadExcelConfigController.Get (APIGateway)
      Route matched with {action = "Get", controller = "LoadExcelConfig", page = ""}. Executing controller action with signature Microsoft.AspNetCore.Mvc.ActionResult`1[System.String] Get(System.String) on controller APIGateway.Controllers.LoadExcelConfigController (APIGateway).
info: Microsoft.AspNetCore.Mvc.Internal.ControllerActionInvoker[1]
      => ConnectionId:0HLOGUMRPS932 => RequestId:0HLOGUMRPS932:00000007 RequestPath:/ExcelAddin/api/loadexcelconfig/Sheet1 => APIGateway.Controllers.LoadExcelConfigController.Get (APIGateway)
      Executing action method APIGateway.Controllers.LoadExcelConfigController.Get (APIGateway) - Validation state: Valid
info: Microsoft.AspNetCore.Mvc.Internal.ControllerActionInvoker[2]
      => ConnectionId:0HLOGUMRPS932 => RequestId:0HLOGUMRPS932:00000007 RequestPath:/ExcelAddin/api/loadexcelconfig/Sheet1 => APIGateway.Controllers.LoadExcelConfigController.Get (APIGateway)
      Executed action method APIGateway.Controllers.LoadExcelConfigController.Get (APIGateway), returned result Microsoft.AspNetCore.Mvc.ObjectResult in 87.7427ms.
info: Microsoft.AspNetCore.Mvc.Infrastructure.ObjectResultExecutor[1]
      => ConnectionId:0HLOGUMRPS932 => RequestId:0HLOGUMRPS932:00000007 RequestPath:/ExcelAddin/api/loadexcelconfig/Sheet1 => APIGateway.Controllers.LoadExcelConfigController.Get (APIGateway)
      Executing ObjectResult, writing value of type 'System.String'.
info: Microsoft.AspNetCore.Mvc.Internal.ControllerActionInvoker[2]
      => ConnectionId:0HLOGUMRPS932 => RequestId:0HLOGUMRPS932:00000007 RequestPath:/ExcelAddin/api/loadexcelconfig/Sheet1 => APIGateway.Controllers.LoadExcelConfigController.Get (APIGateway)
      Executed action APIGateway.Controllers.LoadExcelConfigController.Get (APIGateway) in 229.7646ms
info: Microsoft.AspNetCore.Routing.EndpointMiddleware[1]
      => ConnectionId:0HLOGUMRPS932 => RequestId:0HLOGUMRPS932:00000007 RequestPath:/ExcelAddin/api/loadexcelconfig/Sheet1
      Executed endpoint 'APIGateway.Controllers.LoadExcelConfigController.Get (APIGateway)'
info: Microsoft.AspNetCore.Hosting.Internal.WebHost[2]
      => ConnectionId:0HLOGUMRPS932 => RequestId:0HLOGUMRPS932:00000007 RequestPath:/ExcelAddin/api/loadexcelconfig/Sheet1
      Request finished in 274.928ms 200 text/plain; charset=utf-8
info: Microsoft.AspNetCore.Hosting.Internal.WebHost[1]
      => ConnectionId:0HLOGUMRPS932 => RequestId:0HLOGUMRPS932:00000008 RequestPath:/ExcelAddin/Images/Button32x32.png
      Request starting HTTP/1.1 GET http://localhost:44331/ExcelAddin/Images/Button32x32.png  
info: Microsoft.AspNetCore.StaticFiles.StaticFileMiddleware[6]
      => ConnectionId:0HLOGUMRPS932 => RequestId:0HLOGUMRPS932:00000008 RequestPath:/ExcelAddin/Images/Button32x32.png
      The file /ExcelAddin/Images/Button32x32.png was not modified
info: Microsoft.AspNetCore.Hosting.Internal.WebHost[2]
      => ConnectionId:0HLOGUMRPS932 => RequestId:0HLOGUMRPS932:00000008 RequestPath:/ExcelAddin/Images/Button32x32.png
      Request finished in 6.2273ms 304 image/png
info: Microsoft.AspNetCore.Hosting.Internal.WebHost[1]
      => ConnectionId:0HLOGUMRPS932 => RequestId:0HLOGUMRPS932:00000009 RequestPath:/ExcelAddin/
      Request starting HTTP/1.1 OPTIONS http://localhost:44331/ExcelAddin/  
info: Microsoft.AspNetCore.Hosting.Internal.WebHost[2]
      => ConnectionId:0HLOGUMRPS932 => RequestId:0HLOGUMRPS932:00000009 RequestPath:/ExcelAddin/
      Request finished in 1.8939ms 404 
info: Microsoft.AspNetCore.Hosting.Internal.WebHost[1]
      => ConnectionId:0HLOGUMRPS932 => RequestId:0HLOGUMRPS932:0000000A RequestPath:/ExcelAddin/Home.html
      Request starting HTTP/1.1 GET http://localhost:44331/ExcelAddin/Home.html?_host_Info=Excel$Win32$16.01$en-US  
info: Microsoft.AspNetCore.StaticFiles.StaticFileMiddleware[2]
      => ConnectionId:0HLOGUMRPS932 => RequestId:0HLOGUMRPS932:0000000A RequestPath:/ExcelAddin/Home.html
      Sending file. Request path: '/ExcelAddin/Home.html'. Physical path: 'C:\Users\lnztha01\source\repos\ExcelGateway\APIGateway\wwwroot\ExcelAddin\Home.html'
info: Microsoft.AspNetCore.Hosting.Internal.WebHost[2]
      => ConnectionId:0HLOGUMRPS932 => RequestId:0HLOGUMRPS932:0000000A RequestPath:/ExcelAddin/Home.html
      Request finished in 8.2318ms 200 text/html
info: Microsoft.AspNetCore.Hosting.Internal.WebHost[1]
      => ConnectionId:0HLOGUMRPS932 => RequestId:0HLOGUMRPS932:0000000B RequestPath:/ExcelAddin/Scripts/jquery-1.9.1.js
      Request starting HTTP/1.1 GET http://localhost:44331/ExcelAddin/Scripts/jquery-1.9.1.js  
info: Microsoft.AspNetCore.StaticFiles.StaticFileMiddleware[6]
      => ConnectionId:0HLOGUMRPS932 => RequestId:0HLOGUMRPS932:0000000B RequestPath:/ExcelAddin/Scripts/jquery-1.9.1.js
      The file /ExcelAddin/Scripts/jquery-1.9.1.js was not modified
info: Microsoft.AspNetCore.Hosting.Internal.WebHost[2]
      => ConnectionId:0HLOGUMRPS932 => RequestId:0HLOGUMRPS932:0000000B RequestPath:/ExcelAddin/Scripts/jquery-1.9.1.js
      Request finished in 7.9735ms 304 application/javascript
info: Microsoft.AspNetCore.Hosting.Internal.WebHost[1]
      => ConnectionId:0HLOGUMRPS932 => RequestId:0HLOGUMRPS932:0000000C RequestPath:/ExcelAddin/Scripts/FabricUI/MessageBanner.js
      Request starting HTTP/1.1 GET http://localhost:44331/ExcelAddin/Scripts/FabricUI/MessageBanner.js  
info: Microsoft.AspNetCore.StaticFiles.StaticFileMiddleware[6]
      => ConnectionId:0HLOGUMRPS932 => RequestId:0HLOGUMRPS932:0000000C RequestPath:/ExcelAddin/Scripts/FabricUI/MessageBanner.js
      The file /ExcelAddin/Scripts/FabricUI/MessageBanner.js was not modified
info: Microsoft.AspNetCore.Hosting.Internal.WebHost[2]
      => ConnectionId:0HLOGUMRPS932 => RequestId:0HLOGUMRPS932:0000000C RequestPath:/ExcelAddin/Scripts/FabricUI/MessageBanner.js
      Request finished in 9.2507ms 304 application/javascript
info: Microsoft.AspNetCore.Hosting.Internal.WebHost[1]
      => ConnectionId:0HLOGUMRPS932 => RequestId:0HLOGUMRPS932:0000000D RequestPath:/ExcelAddin/Home.css
      Request starting HTTP/1.1 GET http://localhost:44331/ExcelAddin/Home.css  
info: Microsoft.AspNetCore.StaticFiles.StaticFileMiddleware[6]
      => ConnectionId:0HLOGUMRPS932 => RequestId:0HLOGUMRPS932:0000000D RequestPath:/ExcelAddin/Home.css
      The file /ExcelAddin/Home.css was not modified
info: Microsoft.AspNetCore.Hosting.Internal.WebHost[2]
      => ConnectionId:0HLOGUMRPS932 => RequestId:0HLOGUMRPS932:0000000D RequestPath:/ExcelAddin/Home.css
      Request finished in 6.5789ms 304 text/css
info: Microsoft.AspNetCore.Hosting.Internal.WebHost[1]
      => ConnectionId:0HLOGUMRPS932 => RequestId:0HLOGUMRPS932:0000000E RequestPath:/ExcelAddin/bundle/Home.js
      Request starting HTTP/1.1 GET http://localhost:44331/ExcelAddin/bundle/Home.js  
info: Microsoft.AspNetCore.StaticFiles.StaticFileMiddleware[6]
      => ConnectionId:0HLOGUMRPS932 => RequestId:0HLOGUMRPS932:0000000E RequestPath:/ExcelAddin/bundle/Home.js
      The file /ExcelAddin/bundle/Home.js was not modified
info: Microsoft.AspNetCore.Hosting.Internal.WebHost[2]
      => ConnectionId:0HLOGUMRPS932 => RequestId:0HLOGUMRPS932:0000000E RequestPath:/ExcelAddin/bundle/Home.js
      Request finished in 3.9502ms 304 application/javascript
info: Microsoft.AspNetCore.Hosting.Internal.WebHost[1]
      => ConnectionId:0HLOGUMRPS932 => RequestId:0HLOGUMRPS932:0000000F RequestPath:/ExcelAddin/api/loadexcelconfig/Sheet2
      Request starting HTTP/1.1 GET http://localhost:44331/ExcelAddin/api/loadexcelconfig/Sheet2  
info: Microsoft.AspNetCore.Routing.EndpointMiddleware[0]
      => ConnectionId:0HLOGUMRPS932 => RequestId:0HLOGUMRPS932:0000000F RequestPath:/ExcelAddin/api/loadexcelconfig/Sheet2
      Executing endpoint 'APIGateway.Controllers.LoadExcelConfigController.Get (APIGateway)'
info: Microsoft.AspNetCore.Mvc.Internal.ControllerActionInvoker[3]
      => ConnectionId:0HLOGUMRPS932 => RequestId:0HLOGUMRPS932:0000000F RequestPath:/ExcelAddin/api/loadexcelconfig/Sheet2 => APIGateway.Controllers.LoadExcelConfigController.Get (APIGateway)
      Route matched with {action = "Get", controller = "LoadExcelConfig", page = ""}. Executing controller action with signature Microsoft.AspNetCore.Mvc.ActionResult`1[System.String] Get(System.String) on controller APIGateway.Controllers.LoadExcelConfigController (APIGateway).
info: Microsoft.AspNetCore.Mvc.Internal.ControllerActionInvoker[1]
      => ConnectionId:0HLOGUMRPS932 => RequestId:0HLOGUMRPS932:0000000F RequestPath:/ExcelAddin/api/loadexcelconfig/Sheet2 => APIGateway.Controllers.LoadExcelConfigController.Get (APIGateway)
      Executing action method APIGateway.Controllers.LoadExcelConfigController.Get (APIGateway) - Validation state: Valid
info: Microsoft.AspNetCore.Mvc.Internal.ControllerActionInvoker[2]
      => ConnectionId:0HLOGUMRPS932 => RequestId:0HLOGUMRPS932:0000000F RequestPath:/ExcelAddin/api/loadexcelconfig/Sheet2 => APIGateway.Controllers.LoadExcelConfigController.Get (APIGateway)
      Executed action APIGateway.Controllers.LoadExcelConfigController.Get (APIGateway) in 350.4776ms
info: Microsoft.AspNetCore.Routing.EndpointMiddleware[1]
      => ConnectionId:0HLOGUMRPS932 => RequestId:0HLOGUMRPS932:0000000F RequestPath:/ExcelAddin/api/loadexcelconfig/Sheet2
      Executed endpoint 'APIGateway.Controllers.LoadExcelConfigController.Get (APIGateway)'
fail: Microsoft.AspNetCore.Diagnostics.DeveloperExceptionPageMiddleware[1]
      => ConnectionId:0HLOGUMRPS932 => RequestId:0HLOGUMRPS932:0000000F RequestPath:/ExcelAddin/api/loadexcelconfig/Sheet2
      An unhandled exception has occurred while executing the request.
System.Exception: No configuration was found for sheet Sheet2
   at APIGateway.Models.Settings.GetExcelContent(String sheetName) in C:\Users\lnztha01\source\repos\ExcelGateway\APIGateway\Models\Settings.cs:line 57
   at APIGateway.Models.Settings.LoadExcelConfiguration(String sheetName) in C:\Users\lnztha01\source\repos\ExcelGateway\APIGateway\Models\Settings.cs:line 17
   at APIGateway.Controllers.LoadExcelConfigController.Get(String sheetName) in C:\Users\lnztha01\source\repos\ExcelGateway\APIGateway\Controllers\LoadExcelConfigController.cs:line 14
   at lambda_method(Closure , Object , Object[] )
   at Microsoft.Extensions.Internal.ObjectMethodExecutor.Execute(Object target, Object[] parameters)
   at Microsoft.AspNetCore.Mvc.Internal.ActionMethodExecutor.SyncObjectResultExecutor.Execute(IActionResultTypeMapper mapper, ObjectMethodExecutor executor, Object controller, Object[] arguments)
   at Microsoft.AspNetCore.Mvc.Internal.ControllerActionInvoker.InvokeActionMethodAsync()
   at Microsoft.AspNetCore.Mvc.Internal.ControllerActionInvoker.InvokeNextActionFilterAsync()
   at Microsoft.AspNetCore.Mvc.Internal.ControllerActionInvoker.Rethrow(ActionExecutedContext context)
   at Microsoft.AspNetCore.Mvc.Internal.ControllerActionInvoker.Next(State& next, Scope& scope, Object& state, Boolean& isCompleted)
   at Microsoft.AspNetCore.Mvc.Internal.ControllerActionInvoker.InvokeInnerFilterAsync()
   at Microsoft.AspNetCore.Mvc.Internal.ResourceInvoker.InvokeNextResourceFilter()
   at Microsoft.AspNetCore.Mvc.Internal.ResourceInvoker.Rethrow(ResourceExecutedContext context)
   at Microsoft.AspNetCore.Mvc.Internal.ResourceInvoker.Next(State& next, Scope& scope, Object& state, Boolean& isCompleted)
   at Microsoft.AspNetCore.Mvc.Internal.ResourceInvoker.InvokeFilterPipelineAsync()
   at Microsoft.AspNetCore.Mvc.Internal.ResourceInvoker.InvokeAsync()
   at Microsoft.AspNetCore.Routing.EndpointMiddleware.Invoke(HttpContext httpContext)
   at Microsoft.AspNetCore.Routing.EndpointRoutingMiddleware.Invoke(HttpContext httpContext)
   at APIGateway.Middlewares.ImpersonationMiddleWare.<>c__DisplayClass2_0.<<Invoke>b__0>d.MoveNext() in C:\Users\lnztha01\source\repos\ExcelGateway\APIGateway\Middlewares\ImpersonationMiddleWare.cs:line 31
--- End of stack trace from previous location where exception was thrown ---
   at APIGateway.Middlewares.ImpersonationMiddleWare.Invoke(HttpContext context) in C:\Users\lnztha01\source\repos\ExcelGateway\APIGateway\Middlewares\ImpersonationMiddleWare.cs:line 24
   at Microsoft.AspNetCore.Authentication.AuthenticationMiddleware.Invoke(HttpContext context)
   at Microsoft.AspNetCore.StaticFiles.StaticFileMiddleware.Invoke(HttpContext context)
   at Microsoft.AspNetCore.Diagnostics.DeveloperExceptionPageMiddleware.Invoke(HttpContext context)
info: Microsoft.AspNetCore.Hosting.Internal.WebHost[2]
      => ConnectionId:0HLOGUMRPS932 => RequestId:0HLOGUMRPS932:0000000F RequestPath:/ExcelAddin/api/loadexcelconfig/Sheet2
      Request finished in 837.4147ms 500 text/html; charset=utf-8
info: Microsoft.AspNetCore.Hosting.Internal.WebHost[1]
      => ConnectionId:0HLOGUMRPS934 => RequestId:0HLOGUMRPS934:00000001 RequestPath:/ExcelAddin/Images/Button32x32.png
      Request starting HTTP/1.1 GET http://localhost:44331/ExcelAddin/Images/Button32x32.png  
info: Microsoft.AspNetCore.StaticFiles.StaticFileMiddleware[6]
      => ConnectionId:0HLOGUMRPS934 => RequestId:0HLOGUMRPS934:00000001 RequestPath:/ExcelAddin/Images/Button32x32.png
      The file /ExcelAddin/Images/Button32x32.png was not modified
info: Microsoft.AspNetCore.Hosting.Internal.WebHost[2]
      => ConnectionId:0HLOGUMRPS934 => RequestId:0HLOGUMRPS934:00000001 RequestPath:/ExcelAddin/Images/Button32x32.png
      Request finished in 7.1644ms 304 image/png
info: Microsoft.AspNetCore.Hosting.Internal.WebHost[1]
      => ConnectionId:0HLOGUMRPS934 => RequestId:0HLOGUMRPS934:00000002 RequestPath:/ExcelAddin/
      Request starting HTTP/1.1 OPTIONS http://localhost:44331/ExcelAddin/  
info: Microsoft.AspNetCore.Hosting.Internal.WebHost[2]
      => ConnectionId:0HLOGUMRPS934 => RequestId:0HLOGUMRPS934:00000002 RequestPath:/ExcelAddin/
      Request finished in 2.2799ms 404 
info: Microsoft.AspNetCore.Hosting.Internal.WebHost[1]
      => ConnectionId:0HLOGUMRPS934 => RequestId:0HLOGUMRPS934:00000003 RequestPath:/ExcelAddin/Home.html
      Request starting HTTP/1.1 GET http://localhost:44331/ExcelAddin/Home.html?_host_Info=Excel$Win32$16.01$en-US  
info: Microsoft.AspNetCore.StaticFiles.StaticFileMiddleware[2]
      => ConnectionId:0HLOGUMRPS934 => RequestId:0HLOGUMRPS934:00000003 RequestPath:/ExcelAddin/Home.html
      Sending file. Request path: '/ExcelAddin/Home.html'. Physical path: 'C:\Users\lnztha01\source\repos\ExcelGateway\APIGateway\wwwroot\ExcelAddin\Home.html'
info: Microsoft.AspNetCore.Hosting.Internal.WebHost[2]
      => ConnectionId:0HLOGUMRPS934 => RequestId:0HLOGUMRPS934:00000003 RequestPath:/ExcelAddin/Home.html
      Request finished in 5.4269ms 200 text/html
info: Microsoft.AspNetCore.Hosting.Internal.WebHost[1]
      => ConnectionId:0HLOGUMRPS934 => RequestId:0HLOGUMRPS934:00000004 RequestPath:/ExcelAddin/Scripts/jquery-1.9.1.js
      Request starting HTTP/1.1 GET http://localhost:44331/ExcelAddin/Scripts/jquery-1.9.1.js  
info: Microsoft.AspNetCore.StaticFiles.StaticFileMiddleware[6]
      => ConnectionId:0HLOGUMRPS934 => RequestId:0HLOGUMRPS934:00000004 RequestPath:/ExcelAddin/Scripts/jquery-1.9.1.js
      The file /ExcelAddin/Scripts/jquery-1.9.1.js was not modified
info: Microsoft.AspNetCore.Hosting.Internal.WebHost[2]
      => ConnectionId:0HLOGUMRPS934 => RequestId:0HLOGUMRPS934:00000004 RequestPath:/ExcelAddin/Scripts/jquery-1.9.1.js
      Request finished in 5.3285ms 304 application/javascript
info: Microsoft.AspNetCore.Hosting.Internal.WebHost[1]
      => ConnectionId:0HLOGUMRPS934 => RequestId:0HLOGUMRPS934:00000005 RequestPath:/ExcelAddin/Scripts/FabricUI/MessageBanner.js
      Request starting HTTP/1.1 GET http://localhost:44331/ExcelAddin/Scripts/FabricUI/MessageBanner.js  
info: Microsoft.AspNetCore.StaticFiles.StaticFileMiddleware[6]
      => ConnectionId:0HLOGUMRPS934 => RequestId:0HLOGUMRPS934:00000005 RequestPath:/ExcelAddin/Scripts/FabricUI/MessageBanner.js
      The file /ExcelAddin/Scripts/FabricUI/MessageBanner.js was not modified
info: Microsoft.AspNetCore.Hosting.Internal.WebHost[2]
      => ConnectionId:0HLOGUMRPS934 => RequestId:0HLOGUMRPS934:00000005 RequestPath:/ExcelAddin/Scripts/FabricUI/MessageBanner.js
      Request finished in 9.1251ms 304 application/javascript
info: Microsoft.AspNetCore.Hosting.Internal.WebHost[1]
      => ConnectionId:0HLOGUMRPS934 => RequestId:0HLOGUMRPS934:00000006 RequestPath:/ExcelAddin/Home.css
      Request starting HTTP/1.1 GET http://localhost:44331/ExcelAddin/Home.css  
info: Microsoft.AspNetCore.StaticFiles.StaticFileMiddleware[6]
      => ConnectionId:0HLOGUMRPS934 => RequestId:0HLOGUMRPS934:00000006 RequestPath:/ExcelAddin/Home.css
      The file /ExcelAddin/Home.css was not modified
info: Microsoft.AspNetCore.Hosting.Internal.WebHost[2]
      => ConnectionId:0HLOGUMRPS934 => RequestId:0HLOGUMRPS934:00000006 RequestPath:/ExcelAddin/Home.css
      Request finished in 5.1401ms 304 text/css
info: Microsoft.AspNetCore.Hosting.Internal.WebHost[1]
      => ConnectionId:0HLOGUMRPS935 => RequestId:0HLOGUMRPS935:00000001 RequestPath:/ExcelAddin/bundle/Home.js
      Request starting HTTP/1.1 GET http://localhost:44331/ExcelAddin/bundle/Home.js  
info: Microsoft.AspNetCore.StaticFiles.StaticFileMiddleware[6]
      => ConnectionId:0HLOGUMRPS935 => RequestId:0HLOGUMRPS935:00000001 RequestPath:/ExcelAddin/bundle/Home.js
      The file /ExcelAddin/bundle/Home.js was not modified
info: Microsoft.AspNetCore.Hosting.Internal.WebHost[2]
      => ConnectionId:0HLOGUMRPS935 => RequestId:0HLOGUMRPS935:00000001 RequestPath:/ExcelAddin/bundle/Home.js
      Request finished in 4.2449ms 304 application/javascript
info: Microsoft.AspNetCore.Hosting.Internal.WebHost[1]
      => ConnectionId:0HLOGUMRPS934 => RequestId:0HLOGUMRPS934:00000007 RequestPath:/ExcelAddin/api/loadexcelconfig/Sheet2
      Request starting HTTP/1.1 GET http://localhost:44331/ExcelAddin/api/loadexcelconfig/Sheet2  
info: Microsoft.AspNetCore.Routing.EndpointMiddleware[0]
      => ConnectionId:0HLOGUMRPS934 => RequestId:0HLOGUMRPS934:00000007 RequestPath:/ExcelAddin/api/loadexcelconfig/Sheet2
      Executing endpoint 'APIGateway.Controllers.LoadExcelConfigController.Get (APIGateway)'
info: Microsoft.AspNetCore.Mvc.Internal.ControllerActionInvoker[3]
      => ConnectionId:0HLOGUMRPS934 => RequestId:0HLOGUMRPS934:00000007 RequestPath:/ExcelAddin/api/loadexcelconfig/Sheet2 => APIGateway.Controllers.LoadExcelConfigController.Get (APIGateway)
      Route matched with {action = "Get", controller = "LoadExcelConfig", page = ""}. Executing controller action with signature Microsoft.AspNetCore.Mvc.ActionResult`1[System.String] Get(System.String) on controller APIGateway.Controllers.LoadExcelConfigController (APIGateway).
info: Microsoft.AspNetCore.Mvc.Internal.ControllerActionInvoker[1]
      => ConnectionId:0HLOGUMRPS934 => RequestId:0HLOGUMRPS934:00000007 RequestPath:/ExcelAddin/api/loadexcelconfig/Sheet2 => APIGateway.Controllers.LoadExcelConfigController.Get (APIGateway)
      Executing action method APIGateway.Controllers.LoadExcelConfigController.Get (APIGateway) - Validation state: Valid
info: Microsoft.AspNetCore.Mvc.Internal.ControllerActionInvoker[2]
      => ConnectionId:0HLOGUMRPS934 => RequestId:0HLOGUMRPS934:00000007 RequestPath:/ExcelAddin/api/loadexcelconfig/Sheet2 => APIGateway.Controllers.LoadExcelConfigController.Get (APIGateway)
      Executed action method APIGateway.Controllers.LoadExcelConfigController.Get (APIGateway), returned result Microsoft.AspNetCore.Mvc.ObjectResult in 3.6701ms.
info: Microsoft.AspNetCore.Mvc.Infrastructure.ObjectResultExecutor[1]
      => ConnectionId:0HLOGUMRPS934 => RequestId:0HLOGUMRPS934:00000007 RequestPath:/ExcelAddin/api/loadexcelconfig/Sheet2 => APIGateway.Controllers.LoadExcelConfigController.Get (APIGateway)
      Executing ObjectResult, writing value of type 'System.String'.
info: Microsoft.AspNetCore.Mvc.Internal.ControllerActionInvoker[2]
      => ConnectionId:0HLOGUMRPS934 => RequestId:0HLOGUMRPS934:00000007 RequestPath:/ExcelAddin/api/loadexcelconfig/Sheet2 => APIGateway.Controllers.LoadExcelConfigController.Get (APIGateway)
      Executed action APIGateway.Controllers.LoadExcelConfigController.Get (APIGateway) in 37.0018ms
info: Microsoft.AspNetCore.Routing.EndpointMiddleware[1]
      => ConnectionId:0HLOGUMRPS934 => RequestId:0HLOGUMRPS934:00000007 RequestPath:/ExcelAddin/api/loadexcelconfig/Sheet2
      Executed endpoint 'APIGateway.Controllers.LoadExcelConfigController.Get (APIGateway)'
info: Microsoft.AspNetCore.Hosting.Internal.WebHost[2]
      => ConnectionId:0HLOGUMRPS934 => RequestId:0HLOGUMRPS934:00000007 RequestPath:/ExcelAddin/api/loadexcelconfig/Sheet2
      Request finished in 49.5012ms 200 text/plain; charset=utf-8
info: Microsoft.AspNetCore.Hosting.Internal.WebHost[1]
      => ConnectionId:0HLOGUMRPS935 => RequestId:0HLOGUMRPS935:00000002 RequestPath:/ExcelAddin/api/loadparameters/Sheet2
      Request starting HTTP/1.1 GET http://localhost:44331/ExcelAddin/api/loadparameters/Sheet2?searchValues=  
info: Microsoft.AspNetCore.Routing.EndpointMiddleware[0]
      => ConnectionId:0HLOGUMRPS935 => RequestId:0HLOGUMRPS935:00000002 RequestPath:/ExcelAddin/api/loadparameters/Sheet2
      Executing endpoint 'APIGateway.Controllers.LoadParametersController.Get (APIGateway)'
info: Microsoft.AspNetCore.Mvc.Internal.ControllerActionInvoker[3]
      => ConnectionId:0HLOGUMRPS935 => RequestId:0HLOGUMRPS935:00000002 RequestPath:/ExcelAddin/api/loadparameters/Sheet2 => APIGateway.Controllers.LoadParametersController.Get (APIGateway)
      Route matched with {action = "Get", controller = "LoadParameters", page = ""}. Executing controller action with signature System.Threading.Tasks.Task`1[System.String] Get(System.String, System.String) on controller APIGateway.Controllers.LoadParametersController (APIGateway).
info: Microsoft.AspNetCore.Mvc.Internal.ControllerActionInvoker[1]
      => ConnectionId:0HLOGUMRPS935 => RequestId:0HLOGUMRPS935:00000002 RequestPath:/ExcelAddin/api/loadparameters/Sheet2 => APIGateway.Controllers.LoadParametersController.Get (APIGateway)
      Executing action method APIGateway.Controllers.LoadParametersController.Get (APIGateway) - Validation state: Valid
info: Microsoft.AspNetCore.Mvc.Internal.ControllerActionInvoker[2]
      => ConnectionId:0HLOGUMRPS935 => RequestId:0HLOGUMRPS935:00000002 RequestPath:/ExcelAddin/api/loadparameters/Sheet2 => APIGateway.Controllers.LoadParametersController.Get (APIGateway)
      Executed action APIGateway.Controllers.LoadParametersController.Get (APIGateway) in 516.0957ms
info: Microsoft.AspNetCore.Routing.EndpointMiddleware[1]
      => ConnectionId:0HLOGUMRPS935 => RequestId:0HLOGUMRPS935:00000002 RequestPath:/ExcelAddin/api/loadparameters/Sheet2
      Executed endpoint 'APIGateway.Controllers.LoadParametersController.Get (APIGateway)'
fail: Microsoft.AspNetCore.Diagnostics.DeveloperExceptionPageMiddleware[1]
      => ConnectionId:0HLOGUMRPS935 => RequestId:0HLOGUMRPS935:00000002 RequestPath:/ExcelAddin/api/loadparameters/Sheet2
      An unhandled exception has occurred while executing the request.
System.NullReferenceException: Object reference not set to an instance of an object.
   at APIGateway.Controllers.LoadParametersController.Get(String sheetName, String searchValues) in C:\Users\lnztha01\source\repos\ExcelGateway\APIGateway\Controllers\LoadParametersController.cs:line 15
   at lambda_method(Closure , Object )
   at Microsoft.Extensions.Internal.ObjectMethodExecutorAwaitable.Awaiter.GetResult()
   at Microsoft.AspNetCore.Mvc.Internal.ActionMethodExecutor.AwaitableObjectResultExecutor.Execute(IActionResultTypeMapper mapper, ObjectMethodExecutor executor, Object controller, Object[] arguments)
   at System.Threading.Tasks.ValueTask`1.get_Result()
   at Microsoft.AspNetCore.Mvc.Internal.ControllerActionInvoker.InvokeActionMethodAsync()
   at Microsoft.AspNetCore.Mvc.Internal.ControllerActionInvoker.InvokeNextActionFilterAsync()
   at Microsoft.AspNetCore.Mvc.Internal.ControllerActionInvoker.Rethrow(ActionExecutedContext context)
   at Microsoft.AspNetCore.Mvc.Internal.ControllerActionInvoker.Next(State& next, Scope& scope, Object& state, Boolean& isCompleted)
   at Microsoft.AspNetCore.Mvc.Internal.ControllerActionInvoker.InvokeInnerFilterAsync()
   at Microsoft.AspNetCore.Mvc.Internal.ResourceInvoker.InvokeNextResourceFilter()
   at Microsoft.AspNetCore.Mvc.Internal.ResourceInvoker.Rethrow(ResourceExecutedContext context)
   at Microsoft.AspNetCore.Mvc.Internal.ResourceInvoker.Next(State& next, Scope& scope, Object& state, Boolean& isCompleted)
   at Microsoft.AspNetCore.Mvc.Internal.ResourceInvoker.InvokeFilterPipelineAsync()
   at Microsoft.AspNetCore.Mvc.Internal.ResourceInvoker.InvokeAsync()
   at Microsoft.AspNetCore.Routing.EndpointMiddleware.Invoke(HttpContext httpContext)
   at Microsoft.AspNetCore.Routing.EndpointRoutingMiddleware.Invoke(HttpContext httpContext)
   at APIGateway.Middlewares.ImpersonationMiddleWare.<>c__DisplayClass2_0.<<Invoke>b__0>d.MoveNext() in C:\Users\lnztha01\source\repos\ExcelGateway\APIGateway\Middlewares\ImpersonationMiddleWare.cs:line 31
--- End of stack trace from previous location where exception was thrown ---
   at APIGateway.Middlewares.ImpersonationMiddleWare.Invoke(HttpContext context) in C:\Users\lnztha01\source\repos\ExcelGateway\APIGateway\Middlewares\ImpersonationMiddleWare.cs:line 24
   at Microsoft.AspNetCore.Authentication.AuthenticationMiddleware.Invoke(HttpContext context)
   at Microsoft.AspNetCore.StaticFiles.StaticFileMiddleware.Invoke(HttpContext context)
   at Microsoft.AspNetCore.Diagnostics.DeveloperExceptionPageMiddleware.Invoke(HttpContext context)
info: Microsoft.AspNetCore.Hosting.Internal.WebHost[2]
      => ConnectionId:0HLOGUMRPS935 => RequestId:0HLOGUMRPS935:00000002 RequestPath:/ExcelAddin/api/loadparameters/Sheet2
      Request finished in 885.3444ms 500 text/html; charset=utf-8
info: Microsoft.AspNetCore.Hosting.Internal.WebHost[1]
      => ConnectionId:0HLOGUMRPS934 => RequestId:0HLOGUMRPS934:00000008 RequestPath:/ExcelAddin/api/loadparameters/Sheet2
      Request starting HTTP/1.1 GET http://localhost:44331/ExcelAddin/api/loadparameters/Sheet2?searchValues=4743  
info: Microsoft.AspNetCore.Routing.EndpointMiddleware[0]
      => ConnectionId:0HLOGUMRPS934 => RequestId:0HLOGUMRPS934:00000008 RequestPath:/ExcelAddin/api/loadparameters/Sheet2
      Executing endpoint 'APIGateway.Controllers.LoadParametersController.Get (APIGateway)'
info: Microsoft.AspNetCore.Mvc.Internal.ControllerActionInvoker[3]
      => ConnectionId:0HLOGUMRPS934 => RequestId:0HLOGUMRPS934:00000008 RequestPath:/ExcelAddin/api/loadparameters/Sheet2 => APIGateway.Controllers.LoadParametersController.Get (APIGateway)
      Route matched with {action = "Get", controller = "LoadParameters", page = ""}. Executing controller action with signature System.Threading.Tasks.Task`1[System.String] Get(System.String, System.String) on controller APIGateway.Controllers.LoadParametersController (APIGateway).
info: Microsoft.AspNetCore.Mvc.Internal.ControllerActionInvoker[1]
      => ConnectionId:0HLOGUMRPS934 => RequestId:0HLOGUMRPS934:00000008 RequestPath:/ExcelAddin/api/loadparameters/Sheet2 => APIGateway.Controllers.LoadParametersController.Get (APIGateway)
      Executing action method APIGateway.Controllers.LoadParametersController.Get (APIGateway) - Validation state: Valid
info: Microsoft.AspNetCore.Mvc.Internal.ControllerActionInvoker[2]
      => ConnectionId:0HLOGUMRPS934 => RequestId:0HLOGUMRPS934:00000008 RequestPath:/ExcelAddin/api/loadparameters/Sheet2 => APIGateway.Controllers.LoadParametersController.Get (APIGateway)
      Executed action method APIGateway.Controllers.LoadParametersController.Get (APIGateway), returned result Microsoft.AspNetCore.Mvc.ObjectResult in 3646.201ms.
info: Microsoft.AspNetCore.Mvc.Infrastructure.ObjectResultExecutor[1]
      => ConnectionId:0HLOGUMRPS934 => RequestId:0HLOGUMRPS934:00000008 RequestPath:/ExcelAddin/api/loadparameters/Sheet2 => APIGateway.Controllers.LoadParametersController.Get (APIGateway)
      Executing ObjectResult, writing value of type 'System.String'.
info: Microsoft.AspNetCore.Mvc.Internal.ControllerActionInvoker[2]
      => ConnectionId:0HLOGUMRPS934 => RequestId:0HLOGUMRPS934:00000008 RequestPath:/ExcelAddin/api/loadparameters/Sheet2 => APIGateway.Controllers.LoadParametersController.Get (APIGateway)
      Executed action APIGateway.Controllers.LoadParametersController.Get (APIGateway) in 3684.1249ms
info: Microsoft.AspNetCore.Routing.EndpointMiddleware[1]
      => ConnectionId:0HLOGUMRPS934 => RequestId:0HLOGUMRPS934:00000008 RequestPath:/ExcelAddin/api/loadparameters/Sheet2
      Executed endpoint 'APIGateway.Controllers.LoadParametersController.Get (APIGateway)'
info: Microsoft.AspNetCore.Hosting.Internal.WebHost[2]
      => ConnectionId:0HLOGUMRPS934 => RequestId:0HLOGUMRPS934:00000008 RequestPath:/ExcelAddin/api/loadparameters/Sheet2
      Request finished in 3696.9976ms 200 text/plain; charset=utf-8
