info: Microsoft.AspNetCore.DataProtection.KeyManagement.XmlKeyManager[0]
      User profile is available. Using 'C:\Users\lnztha01\AppData\Local\ASP.NET\DataProtection-Keys' as key repository and Windows DPAPI to encrypt keys at rest.
Hosting environment: Development
Content root path: C:\Users\lnztha01\source\repos\ExcelGateway\APIGateway
Now listening on: http://127.0.0.1:29865
Application started. Press Ctrl+C to shut down.
info: Microsoft.AspNetCore.Hosting.Internal.WebHost[1]
      => ConnectionId:0HLOGTKADS9EM => RequestId:0HLOGTKADS9EM:00000001 RequestPath:/
      Request starting HTTP/1.1 DEBUG http://localhost:2664/  0
info: Microsoft.AspNetCore.Hosting.Internal.WebHost[2]
      => ConnectionId:0HLOGTKADS9EM => RequestId:0HLOGTKADS9EM:00000001 RequestPath:/
      Request finished in 50.6978ms 200 
info: Microsoft.AspNetCore.Hosting.Internal.WebHost[1]
      => ConnectionId:0HLOGTKADS9EM => RequestId:0HLOGTKADS9EM:00000002 RequestPath:/ExcelAddin/
      Request starting HTTP/1.1 OPTIONS http://localhost:44331/ExcelAddin/  
info: Microsoft.AspNetCore.Hosting.Internal.WebHost[2]
      => ConnectionId:0HLOGTKADS9EM => RequestId:0HLOGTKADS9EM:00000002 RequestPath:/ExcelAddin/
      Request finished in 87.8909ms 404 
info: Microsoft.AspNetCore.Hosting.Internal.WebHost[1]
      => ConnectionId:0HLOGTKADS9EM => RequestId:0HLOGTKADS9EM:00000003 RequestPath:/ExcelAddin/Home.html
      Request starting HTTP/1.1 GET http://localhost:44331/ExcelAddin/Home.html?_host_Info=Excel$Win32$16.01$en-US  
info: Microsoft.AspNetCore.StaticFiles.StaticFileMiddleware[2]
      => ConnectionId:0HLOGTKADS9EM => RequestId:0HLOGTKADS9EM:00000003 RequestPath:/ExcelAddin/Home.html
      Sending file. Request path: '/ExcelAddin/Home.html'. Physical path: 'C:\Users\lnztha01\source\repos\ExcelGateway\APIGateway\wwwroot\ExcelAddin\Home.html'
info: Microsoft.AspNetCore.Hosting.Internal.WebHost[2]
      => ConnectionId:0HLOGTKADS9EM => RequestId:0HLOGTKADS9EM:00000003 RequestPath:/ExcelAddin/Home.html
      Request finished in 24.7802ms 200 text/html
info: Microsoft.AspNetCore.Hosting.Internal.WebHost[1]
      => ConnectionId:0HLOGTKADS9EM => RequestId:0HLOGTKADS9EM:00000004 RequestPath:/ExcelAddin/Scripts/jquery-1.9.1.js
      Request starting HTTP/1.1 GET http://localhost:44331/ExcelAddin/Scripts/jquery-1.9.1.js  
info: Microsoft.AspNetCore.StaticFiles.StaticFileMiddleware[6]
      => ConnectionId:0HLOGTKADS9EM => RequestId:0HLOGTKADS9EM:00000004 RequestPath:/ExcelAddin/Scripts/jquery-1.9.1.js
      The file /ExcelAddin/Scripts/jquery-1.9.1.js was not modified
info: Microsoft.AspNetCore.Hosting.Internal.WebHost[2]
      => ConnectionId:0HLOGTKADS9EM => RequestId:0HLOGTKADS9EM:00000004 RequestPath:/ExcelAddin/Scripts/jquery-1.9.1.js
      Request finished in 29.1199ms 304 application/javascript
info: Microsoft.AspNetCore.Hosting.Internal.WebHost[1]
      => ConnectionId:0HLOGTKADS9EN => RequestId:0HLOGTKADS9EN:00000001 RequestPath:/ExcelAddin/Scripts/FabricUI/MessageBanner.js
      Request starting HTTP/1.1 GET http://localhost:44331/ExcelAddin/Scripts/FabricUI/MessageBanner.js  
info: Microsoft.AspNetCore.StaticFiles.StaticFileMiddleware[6]
      => ConnectionId:0HLOGTKADS9EN => RequestId:0HLOGTKADS9EN:00000001 RequestPath:/ExcelAddin/Scripts/FabricUI/MessageBanner.js
      The file /ExcelAddin/Scripts/FabricUI/MessageBanner.js was not modified
info: Microsoft.AspNetCore.Hosting.Internal.WebHost[2]
      => ConnectionId:0HLOGTKADS9EN => RequestId:0HLOGTKADS9EN:00000001 RequestPath:/ExcelAddin/Scripts/FabricUI/MessageBanner.js
      Request finished in 14.6042ms 304 application/javascript
info: Microsoft.AspNetCore.Hosting.Internal.WebHost[1]
      => ConnectionId:0HLOGTKADS9EM => RequestId:0HLOGTKADS9EM:00000005 RequestPath:/ExcelAddin/Home.css
      Request starting HTTP/1.1 GET http://localhost:44331/ExcelAddin/Home.css  
info: Microsoft.AspNetCore.StaticFiles.StaticFileMiddleware[6]
      => ConnectionId:0HLOGTKADS9EM => RequestId:0HLOGTKADS9EM:00000005 RequestPath:/ExcelAddin/Home.css
      The file /ExcelAddin/Home.css was not modified
info: Microsoft.AspNetCore.Hosting.Internal.WebHost[2]
      => ConnectionId:0HLOGTKADS9EM => RequestId:0HLOGTKADS9EM:00000005 RequestPath:/ExcelAddin/Home.css
      Request finished in 5.8164ms 304 text/css
info: Microsoft.AspNetCore.Hosting.Internal.WebHost[1]
      => ConnectionId:0HLOGTKADS9EN => RequestId:0HLOGTKADS9EN:00000002 RequestPath:/ExcelAddin/bundle/Home.js
      Request starting HTTP/1.1 GET http://localhost:44331/ExcelAddin/bundle/Home.js  
info: Microsoft.AspNetCore.StaticFiles.StaticFileMiddleware[6]
      => ConnectionId:0HLOGTKADS9EN => RequestId:0HLOGTKADS9EN:00000002 RequestPath:/ExcelAddin/bundle/Home.js
      The file /ExcelAddin/bundle/Home.js was not modified
info: Microsoft.AspNetCore.Hosting.Internal.WebHost[2]
      => ConnectionId:0HLOGTKADS9EN => RequestId:0HLOGTKADS9EN:00000002 RequestPath:/ExcelAddin/bundle/Home.js
      Request finished in 4.604ms 304 application/javascript
info: Microsoft.AspNetCore.Hosting.Internal.WebHost[1]
      => ConnectionId:0HLOGTKADS9EM => RequestId:0HLOGTKADS9EM:00000006 RequestPath:/ExcelAddin/api/loadexcelconfig/Sheet1
      Request starting HTTP/1.1 GET http://localhost:44331/ExcelAddin/api/loadexcelconfig/Sheet1  
info: Microsoft.AspNetCore.Routing.EndpointMiddleware[0]
      => ConnectionId:0HLOGTKADS9EM => RequestId:0HLOGTKADS9EM:00000006 RequestPath:/ExcelAddin/api/loadexcelconfig/Sheet1
      Executing endpoint 'APIGateway.Controllers.LoadExcelConfigController.Get (APIGateway)'
info: Microsoft.AspNetCore.Mvc.Internal.ControllerActionInvoker[3]
      => ConnectionId:0HLOGTKADS9EM => RequestId:0HLOGTKADS9EM:00000006 RequestPath:/ExcelAddin/api/loadexcelconfig/Sheet1 => APIGateway.Controllers.LoadExcelConfigController.Get (APIGateway)
      Route matched with {action = "Get", controller = "LoadExcelConfig", page = ""}. Executing controller action with signature Microsoft.AspNetCore.Mvc.ActionResult`1[System.String] Get(System.String) on controller APIGateway.Controllers.LoadExcelConfigController (APIGateway).
info: Microsoft.AspNetCore.Mvc.Internal.ControllerActionInvoker[1]
      => ConnectionId:0HLOGTKADS9EM => RequestId:0HLOGTKADS9EM:00000006 RequestPath:/ExcelAddin/api/loadexcelconfig/Sheet1 => APIGateway.Controllers.LoadExcelConfigController.Get (APIGateway)
      Executing action method APIGateway.Controllers.LoadExcelConfigController.Get (APIGateway) - Validation state: Valid
info: Microsoft.AspNetCore.Mvc.Internal.ControllerActionInvoker[2]
      => ConnectionId:0HLOGTKADS9EM => RequestId:0HLOGTKADS9EM:00000006 RequestPath:/ExcelAddin/api/loadexcelconfig/Sheet1 => APIGateway.Controllers.LoadExcelConfigController.Get (APIGateway)
      Executed action method APIGateway.Controllers.LoadExcelConfigController.Get (APIGateway), returned result Microsoft.AspNetCore.Mvc.ObjectResult in 109.3064ms.
info: Microsoft.AspNetCore.Mvc.Infrastructure.ObjectResultExecutor[1]
      => ConnectionId:0HLOGTKADS9EM => RequestId:0HLOGTKADS9EM:00000006 RequestPath:/ExcelAddin/api/loadexcelconfig/Sheet1 => APIGateway.Controllers.LoadExcelConfigController.Get (APIGateway)
      Executing ObjectResult, writing value of type 'System.String'.
info: Microsoft.AspNetCore.Mvc.Internal.ControllerActionInvoker[2]
      => ConnectionId:0HLOGTKADS9EM => RequestId:0HLOGTKADS9EM:00000006 RequestPath:/ExcelAddin/api/loadexcelconfig/Sheet1 => APIGateway.Controllers.LoadExcelConfigController.Get (APIGateway)
      Executed action APIGateway.Controllers.LoadExcelConfigController.Get (APIGateway) in 254.4951ms
info: Microsoft.AspNetCore.Routing.EndpointMiddleware[1]
      => ConnectionId:0HLOGTKADS9EM => RequestId:0HLOGTKADS9EM:00000006 RequestPath:/ExcelAddin/api/loadexcelconfig/Sheet1
      Executed endpoint 'APIGateway.Controllers.LoadExcelConfigController.Get (APIGateway)'
info: Microsoft.AspNetCore.Hosting.Internal.WebHost[2]
      => ConnectionId:0HLOGTKADS9EM => RequestId:0HLOGTKADS9EM:00000006 RequestPath:/ExcelAddin/api/loadexcelconfig/Sheet1
      Request finished in 300.4348ms 200 text/plain; charset=utf-8
info: Microsoft.AspNetCore.Hosting.Internal.WebHost[1]
      => ConnectionId:0HLOGTKADS9EN => RequestId:0HLOGTKADS9EN:00000003 RequestPath:/ExcelAddin/api/loadparameters/Sheet1
      Request starting HTTP/1.1 GET http://localhost:44331/ExcelAddin/api/loadparameters/Sheet1?searchValues=4743  
info: Microsoft.AspNetCore.Routing.EndpointMiddleware[0]
      => ConnectionId:0HLOGTKADS9EN => RequestId:0HLOGTKADS9EN:00000003 RequestPath:/ExcelAddin/api/loadparameters/Sheet1
      Executing endpoint 'APIGateway.Controllers.LoadParametersController.Get (APIGateway)'
info: Microsoft.AspNetCore.Mvc.Internal.ControllerActionInvoker[3]
      => ConnectionId:0HLOGTKADS9EN => RequestId:0HLOGTKADS9EN:00000003 RequestPath:/ExcelAddin/api/loadparameters/Sheet1 => APIGateway.Controllers.LoadParametersController.Get (APIGateway)
      Route matched with {action = "Get", controller = "LoadParameters", page = ""}. Executing controller action with signature System.Threading.Tasks.Task`1[System.String] Get(System.String, System.String) on controller APIGateway.Controllers.LoadParametersController (APIGateway).
info: Microsoft.AspNetCore.Mvc.Internal.ControllerActionInvoker[1]
      => ConnectionId:0HLOGTKADS9EN => RequestId:0HLOGTKADS9EN:00000003 RequestPath:/ExcelAddin/api/loadparameters/Sheet1 => APIGateway.Controllers.LoadParametersController.Get (APIGateway)
      Executing action method APIGateway.Controllers.LoadParametersController.Get (APIGateway) - Validation state: Valid
info: Microsoft.AspNetCore.Mvc.Internal.ControllerActionInvoker[2]
      => ConnectionId:0HLOGTKADS9EN => RequestId:0HLOGTKADS9EN:00000003 RequestPath:/ExcelAddin/api/loadparameters/Sheet1 => APIGateway.Controllers.LoadParametersController.Get (APIGateway)
      Executed action method APIGateway.Controllers.LoadParametersController.Get (APIGateway), returned result Microsoft.AspNetCore.Mvc.ObjectResult in 10198.0917ms.
info: Microsoft.AspNetCore.Mvc.Infrastructure.ObjectResultExecutor[1]
      => ConnectionId:0HLOGTKADS9EN => RequestId:0HLOGTKADS9EN:00000003 RequestPath:/ExcelAddin/api/loadparameters/Sheet1 => APIGateway.Controllers.LoadParametersController.Get (APIGateway)
      Executing ObjectResult, writing value of type 'System.String'.
info: Microsoft.AspNetCore.Mvc.Internal.ControllerActionInvoker[2]
      => ConnectionId:0HLOGTKADS9EN => RequestId:0HLOGTKADS9EN:00000003 RequestPath:/ExcelAddin/api/loadparameters/Sheet1 => APIGateway.Controllers.LoadParametersController.Get (APIGateway)
      Executed action APIGateway.Controllers.LoadParametersController.Get (APIGateway) in 10241.65ms
info: Microsoft.AspNetCore.Routing.EndpointMiddleware[1]
      => ConnectionId:0HLOGTKADS9EN => RequestId:0HLOGTKADS9EN:00000003 RequestPath:/ExcelAddin/api/loadparameters/Sheet1
      Executed endpoint 'APIGateway.Controllers.LoadParametersController.Get (APIGateway)'
info: Microsoft.AspNetCore.Hosting.Internal.WebHost[2]
      => ConnectionId:0HLOGTKADS9EN => RequestId:0HLOGTKADS9EN:00000003 RequestPath:/ExcelAddin/api/loadparameters/Sheet1
      Request finished in 10263.4444ms 200 text/plain; charset=utf-8
info: Microsoft.AspNetCore.Hosting.Internal.WebHost[1]
      => ConnectionId:0HLOGTKADS9EO => RequestId:0HLOGTKADS9EO:00000001 RequestPath:/ExcelAddin/
      Request starting HTTP/1.1 OPTIONS http://localhost:44331/ExcelAddin/  
info: Microsoft.AspNetCore.Hosting.Internal.WebHost[2]
      => ConnectionId:0HLOGTKADS9EO => RequestId:0HLOGTKADS9EO:00000001 RequestPath:/ExcelAddin/
      Request finished in 2.2996ms 404 
info: Microsoft.AspNetCore.Hosting.Internal.WebHost[1]
      => ConnectionId:0HLOGTKADS9EO => RequestId:0HLOGTKADS9EO:00000002 RequestPath:/ExcelAddin/Home.html
      Request starting HTTP/1.1 GET http://localhost:44331/ExcelAddin/Home.html?_host_Info=Excel$Win32$16.01$en-US  
info: Microsoft.AspNetCore.StaticFiles.StaticFileMiddleware[6]
      => ConnectionId:0HLOGTKADS9EO => RequestId:0HLOGTKADS9EO:00000002 RequestPath:/ExcelAddin/Home.html
      The file /ExcelAddin/Home.html was not modified
info: Microsoft.AspNetCore.Hosting.Internal.WebHost[2]
      => ConnectionId:0HLOGTKADS9EO => RequestId:0HLOGTKADS9EO:00000002 RequestPath:/ExcelAddin/Home.html
      Request finished in 5.6067ms 304 text/html
info: Microsoft.AspNetCore.Hosting.Internal.WebHost[1]
      => ConnectionId:0HLOGTKADS9EO => RequestId:0HLOGTKADS9EO:00000003 RequestPath:/ExcelAddin/Scripts/jquery-1.9.1.js
      Request starting HTTP/1.1 GET http://localhost:44331/ExcelAddin/Scripts/jquery-1.9.1.js  
info: Microsoft.AspNetCore.StaticFiles.StaticFileMiddleware[6]
      => ConnectionId:0HLOGTKADS9EO => RequestId:0HLOGTKADS9EO:00000003 RequestPath:/ExcelAddin/Scripts/jquery-1.9.1.js
      The file /ExcelAddin/Scripts/jquery-1.9.1.js was not modified
info: Microsoft.AspNetCore.Hosting.Internal.WebHost[2]
      => ConnectionId:0HLOGTKADS9EO => RequestId:0HLOGTKADS9EO:00000003 RequestPath:/ExcelAddin/Scripts/jquery-1.9.1.js
      Request finished in 9.1523ms 304 application/javascript
info: Microsoft.AspNetCore.Hosting.Internal.WebHost[1]
      => ConnectionId:0HLOGTKADS9EO => RequestId:0HLOGTKADS9EO:00000004 RequestPath:/ExcelAddin/Scripts/FabricUI/MessageBanner.js
      Request starting HTTP/1.1 GET http://localhost:44331/ExcelAddin/Scripts/FabricUI/MessageBanner.js  
info: Microsoft.AspNetCore.StaticFiles.StaticFileMiddleware[6]
      => ConnectionId:0HLOGTKADS9EO => RequestId:0HLOGTKADS9EO:00000004 RequestPath:/ExcelAddin/Scripts/FabricUI/MessageBanner.js
      The file /ExcelAddin/Scripts/FabricUI/MessageBanner.js was not modified
info: Microsoft.AspNetCore.Hosting.Internal.WebHost[2]
      => ConnectionId:0HLOGTKADS9EO => RequestId:0HLOGTKADS9EO:00000004 RequestPath:/ExcelAddin/Scripts/FabricUI/MessageBanner.js
      Request finished in 6.3446ms 304 application/javascript
info: Microsoft.AspNetCore.Hosting.Internal.WebHost[1]
      => ConnectionId:0HLOGTKADS9EO => RequestId:0HLOGTKADS9EO:00000005 RequestPath:/ExcelAddin/Home.css
      Request starting HTTP/1.1 GET http://localhost:44331/ExcelAddin/Home.css  
info: Microsoft.AspNetCore.StaticFiles.StaticFileMiddleware[6]
      => ConnectionId:0HLOGTKADS9EO => RequestId:0HLOGTKADS9EO:00000005 RequestPath:/ExcelAddin/Home.css
      The file /ExcelAddin/Home.css was not modified
info: Microsoft.AspNetCore.Hosting.Internal.WebHost[2]
      => ConnectionId:0HLOGTKADS9EO => RequestId:0HLOGTKADS9EO:00000005 RequestPath:/ExcelAddin/Home.css
      Request finished in 9.3594ms 304 text/css
info: Microsoft.AspNetCore.Hosting.Internal.WebHost[1]
      => ConnectionId:0HLOGTKADS9EP => RequestId:0HLOGTKADS9EP:00000001 RequestPath:/ExcelAddin/bundle/Home.js
      Request starting HTTP/1.1 GET http://localhost:44331/ExcelAddin/bundle/Home.js  
info: Microsoft.AspNetCore.StaticFiles.StaticFileMiddleware[6]
      => ConnectionId:0HLOGTKADS9EP => RequestId:0HLOGTKADS9EP:00000001 RequestPath:/ExcelAddin/bundle/Home.js
      The file /ExcelAddin/bundle/Home.js was not modified
info: Microsoft.AspNetCore.Hosting.Internal.WebHost[2]
      => ConnectionId:0HLOGTKADS9EP => RequestId:0HLOGTKADS9EP:00000001 RequestPath:/ExcelAddin/bundle/Home.js
      Request finished in 19.8557ms 304 application/javascript
info: Microsoft.AspNetCore.Hosting.Internal.WebHost[1]
      => ConnectionId:0HLOGTKADS9EO => RequestId:0HLOGTKADS9EO:00000006 RequestPath:/ExcelAddin/api/loadexcelconfig/Transfer
      Request starting HTTP/1.1 GET http://localhost:44331/ExcelAddin/api/loadexcelconfig/Transfer  
info: Microsoft.AspNetCore.Routing.EndpointMiddleware[0]
      => ConnectionId:0HLOGTKADS9EO => RequestId:0HLOGTKADS9EO:00000006 RequestPath:/ExcelAddin/api/loadexcelconfig/Transfer
      Executing endpoint 'APIGateway.Controllers.LoadExcelConfigController.Get (APIGateway)'
info: Microsoft.AspNetCore.Mvc.Internal.ControllerActionInvoker[3]
      => ConnectionId:0HLOGTKADS9EO => RequestId:0HLOGTKADS9EO:00000006 RequestPath:/ExcelAddin/api/loadexcelconfig/Transfer => APIGateway.Controllers.LoadExcelConfigController.Get (APIGateway)
      Route matched with {action = "Get", controller = "LoadExcelConfig", page = ""}. Executing controller action with signature Microsoft.AspNetCore.Mvc.ActionResult`1[System.String] Get(System.String) on controller APIGateway.Controllers.LoadExcelConfigController (APIGateway).
info: Microsoft.AspNetCore.Mvc.Internal.ControllerActionInvoker[1]
      => ConnectionId:0HLOGTKADS9EO => RequestId:0HLOGTKADS9EO:00000006 RequestPath:/ExcelAddin/api/loadexcelconfig/Transfer => APIGateway.Controllers.LoadExcelConfigController.Get (APIGateway)
      Executing action method APIGateway.Controllers.LoadExcelConfigController.Get (APIGateway) - Validation state: Valid
info: Microsoft.AspNetCore.Mvc.Internal.ControllerActionInvoker[2]
      => ConnectionId:0HLOGTKADS9EO => RequestId:0HLOGTKADS9EO:00000006 RequestPath:/ExcelAddin/api/loadexcelconfig/Transfer => APIGateway.Controllers.LoadExcelConfigController.Get (APIGateway)
      Executed action method APIGateway.Controllers.LoadExcelConfigController.Get (APIGateway), returned result Microsoft.AspNetCore.Mvc.ObjectResult in 0.1663ms.
info: Microsoft.AspNetCore.Mvc.Infrastructure.ObjectResultExecutor[1]
      => ConnectionId:0HLOGTKADS9EO => RequestId:0HLOGTKADS9EO:00000006 RequestPath:/ExcelAddin/api/loadexcelconfig/Transfer => APIGateway.Controllers.LoadExcelConfigController.Get (APIGateway)
      Executing ObjectResult, writing value of type 'System.String'.
info: Microsoft.AspNetCore.Mvc.Internal.ControllerActionInvoker[2]
      => ConnectionId:0HLOGTKADS9EO => RequestId:0HLOGTKADS9EO:00000006 RequestPath:/ExcelAddin/api/loadexcelconfig/Transfer => APIGateway.Controllers.LoadExcelConfigController.Get (APIGateway)
      Executed action APIGateway.Controllers.LoadExcelConfigController.Get (APIGateway) in 36.0734ms
info: Microsoft.AspNetCore.Routing.EndpointMiddleware[1]
      => ConnectionId:0HLOGTKADS9EO => RequestId:0HLOGTKADS9EO:00000006 RequestPath:/ExcelAddin/api/loadexcelconfig/Transfer
      Executed endpoint 'APIGateway.Controllers.LoadExcelConfigController.Get (APIGateway)'
info: Microsoft.AspNetCore.Hosting.Internal.WebHost[2]
      => ConnectionId:0HLOGTKADS9EO => RequestId:0HLOGTKADS9EO:00000006 RequestPath:/ExcelAddin/api/loadexcelconfig/Transfer
      Request finished in 51.2971ms 200 text/plain; charset=utf-8
info: Microsoft.AspNetCore.Hosting.Internal.WebHost[1]
      => ConnectionId:0HLOGTKADS9EP => RequestId:0HLOGTKADS9EP:00000002 RequestPath:/ExcelAddin/Images/Button32x32.png
      Request starting HTTP/1.1 GET http://localhost:44331/ExcelAddin/Images/Button32x32.png  
info: Microsoft.AspNetCore.StaticFiles.StaticFileMiddleware[2]
      => ConnectionId:0HLOGTKADS9EP => RequestId:0HLOGTKADS9EP:00000002 RequestPath:/ExcelAddin/Images/Button32x32.png
      Sending file. Request path: '/ExcelAddin/Images/Button32x32.png'. Physical path: 'C:\Users\lnztha01\source\repos\ExcelGateway\APIGateway\wwwroot\ExcelAddin\Images\Button32x32.png'
info: Microsoft.AspNetCore.Hosting.Internal.WebHost[2]
      => ConnectionId:0HLOGTKADS9EP => RequestId:0HLOGTKADS9EP:00000002 RequestPath:/ExcelAddin/Images/Button32x32.png
      Request finished in 10.9092ms 200 image/png
info: Microsoft.AspNetCore.Hosting.Internal.WebHost[1]
      => ConnectionId:0HLOGTKADS9EO => RequestId:0HLOGTKADS9EO:00000007 RequestPath:/ExcelAddin/Images/Button32x32.png
      Request starting HTTP/1.1 GET http://localhost:44331/ExcelAddin/Images/Button32x32.png  
info: Microsoft.AspNetCore.StaticFiles.StaticFileMiddleware[6]
      => ConnectionId:0HLOGTKADS9EO => RequestId:0HLOGTKADS9EO:00000007 RequestPath:/ExcelAddin/Images/Button32x32.png
      The file /ExcelAddin/Images/Button32x32.png was not modified
info: Microsoft.AspNetCore.Hosting.Internal.WebHost[2]
      => ConnectionId:0HLOGTKADS9EO => RequestId:0HLOGTKADS9EO:00000007 RequestPath:/ExcelAddin/Images/Button32x32.png
      Request finished in 3.9122ms 304 image/png
info: Microsoft.AspNetCore.Hosting.Internal.WebHost[1]
      => ConnectionId:0HLOGTKADS9EQ => RequestId:0HLOGTKADS9EQ:00000001 RequestPath:/ExcelAddin/Images/Button32x32.png
      Request starting HTTP/1.1 GET http://localhost:44331/ExcelAddin/Images/Button32x32.png  
info: Microsoft.AspNetCore.StaticFiles.StaticFileMiddleware[6]
      => ConnectionId:0HLOGTKADS9EQ => RequestId:0HLOGTKADS9EQ:00000001 RequestPath:/ExcelAddin/Images/Button32x32.png
      The file /ExcelAddin/Images/Button32x32.png was not modified
info: Microsoft.AspNetCore.Hosting.Internal.WebHost[2]
      => ConnectionId:0HLOGTKADS9EQ => RequestId:0HLOGTKADS9EQ:00000001 RequestPath:/ExcelAddin/Images/Button32x32.png
      Request finished in 82.1767ms 304 image/png
info: Microsoft.AspNetCore.Hosting.Internal.WebHost[1]
      => ConnectionId:0HLOGTKADS9EQ => RequestId:0HLOGTKADS9EQ:00000002 RequestPath:/ExcelAddin/
      Request starting HTTP/1.1 OPTIONS http://localhost:44331/ExcelAddin/  
info: Microsoft.AspNetCore.Hosting.Internal.WebHost[2]
      => ConnectionId:0HLOGTKADS9EQ => RequestId:0HLOGTKADS9EQ:00000002 RequestPath:/ExcelAddin/
      Request finished in 4.2524ms 404 
info: Microsoft.AspNetCore.Hosting.Internal.WebHost[1]
      => ConnectionId:0HLOGTKADS9EQ => RequestId:0HLOGTKADS9EQ:00000003 RequestPath:/ExcelAddin/Home.html
      Request starting HTTP/1.1 GET http://localhost:44331/ExcelAddin/Home.html?_host_Info=Excel$Win32$16.01$en-US  
info: Microsoft.AspNetCore.StaticFiles.StaticFileMiddleware[6]
      => ConnectionId:0HLOGTKADS9EQ => RequestId:0HLOGTKADS9EQ:00000003 RequestPath:/ExcelAddin/Home.html
      The file /ExcelAddin/Home.html was not modified
info: Microsoft.AspNetCore.Hosting.Internal.WebHost[2]
      => ConnectionId:0HLOGTKADS9EQ => RequestId:0HLOGTKADS9EQ:00000003 RequestPath:/ExcelAddin/Home.html
      Request finished in 10.2328ms 304 text/html
info: Microsoft.AspNetCore.Hosting.Internal.WebHost[1]
      => ConnectionId:0HLOGTKADS9EQ => RequestId:0HLOGTKADS9EQ:00000004 RequestPath:/ExcelAddin/Scripts/jquery-1.9.1.js
      Request starting HTTP/1.1 GET http://localhost:44331/ExcelAddin/Scripts/jquery-1.9.1.js  
info: Microsoft.AspNetCore.StaticFiles.StaticFileMiddleware[6]
      => ConnectionId:0HLOGTKADS9EQ => RequestId:0HLOGTKADS9EQ:00000004 RequestPath:/ExcelAddin/Scripts/jquery-1.9.1.js
      The file /ExcelAddin/Scripts/jquery-1.9.1.js was not modified
info: Microsoft.AspNetCore.Hosting.Internal.WebHost[2]
      => ConnectionId:0HLOGTKADS9EQ => RequestId:0HLOGTKADS9EQ:00000004 RequestPath:/ExcelAddin/Scripts/jquery-1.9.1.js
      Request finished in 7.1537ms 304 application/javascript
info: Microsoft.AspNetCore.Hosting.Internal.WebHost[1]
      => ConnectionId:0HLOGTKADS9EQ => RequestId:0HLOGTKADS9EQ:00000005 RequestPath:/ExcelAddin/Scripts/FabricUI/MessageBanner.js
      Request starting HTTP/1.1 GET http://localhost:44331/ExcelAddin/Scripts/FabricUI/MessageBanner.js  
info: Microsoft.AspNetCore.StaticFiles.StaticFileMiddleware[6]
      => ConnectionId:0HLOGTKADS9EQ => RequestId:0HLOGTKADS9EQ:00000005 RequestPath:/ExcelAddin/Scripts/FabricUI/MessageBanner.js
      The file /ExcelAddin/Scripts/FabricUI/MessageBanner.js was not modified
info: Microsoft.AspNetCore.Hosting.Internal.WebHost[2]
      => ConnectionId:0HLOGTKADS9EQ => RequestId:0HLOGTKADS9EQ:00000005 RequestPath:/ExcelAddin/Scripts/FabricUI/MessageBanner.js
      Request finished in 8.9856ms 304 application/javascript
info: Microsoft.AspNetCore.Hosting.Internal.WebHost[1]
      => ConnectionId:0HLOGTKADS9EQ => RequestId:0HLOGTKADS9EQ:00000006 RequestPath:/ExcelAddin/Home.css
      Request starting HTTP/1.1 GET http://localhost:44331/ExcelAddin/Home.css  
info: Microsoft.AspNetCore.StaticFiles.StaticFileMiddleware[6]
      => ConnectionId:0HLOGTKADS9EQ => RequestId:0HLOGTKADS9EQ:00000006 RequestPath:/ExcelAddin/Home.css
      The file /ExcelAddin/Home.css was not modified
info: Microsoft.AspNetCore.Hosting.Internal.WebHost[2]
      => ConnectionId:0HLOGTKADS9EQ => RequestId:0HLOGTKADS9EQ:00000006 RequestPath:/ExcelAddin/Home.css
      Request finished in 5.2476ms 304 text/css
info: Microsoft.AspNetCore.Hosting.Internal.WebHost[1]
      => ConnectionId:0HLOGTKADS9ER => RequestId:0HLOGTKADS9ER:00000001 RequestPath:/ExcelAddin/bundle/Home.js
      Request starting HTTP/1.1 GET http://localhost:44331/ExcelAddin/bundle/Home.js  
info: Microsoft.AspNetCore.StaticFiles.StaticFileMiddleware[6]
      => ConnectionId:0HLOGTKADS9ER => RequestId:0HLOGTKADS9ER:00000001 RequestPath:/ExcelAddin/bundle/Home.js
      The file /ExcelAddin/bundle/Home.js was not modified
info: Microsoft.AspNetCore.Hosting.Internal.WebHost[2]
      => ConnectionId:0HLOGTKADS9ER => RequestId:0HLOGTKADS9ER:00000001 RequestPath:/ExcelAddin/bundle/Home.js
      Request finished in 6.5331ms 304 application/javascript
info: Microsoft.AspNetCore.Hosting.Internal.WebHost[1]
      => ConnectionId:0HLOGTKADS9EQ => RequestId:0HLOGTKADS9EQ:00000007 RequestPath:/ExcelAddin/api/loadexcelconfig/Transfer
      Request starting HTTP/1.1 GET http://localhost:44331/ExcelAddin/api/loadexcelconfig/Transfer  
info: Microsoft.AspNetCore.Routing.EndpointMiddleware[0]
      => ConnectionId:0HLOGTKADS9EQ => RequestId:0HLOGTKADS9EQ:00000007 RequestPath:/ExcelAddin/api/loadexcelconfig/Transfer
      Executing endpoint 'APIGateway.Controllers.LoadExcelConfigController.Get (APIGateway)'
info: Microsoft.AspNetCore.Mvc.Internal.ControllerActionInvoker[3]
      => ConnectionId:0HLOGTKADS9EQ => RequestId:0HLOGTKADS9EQ:00000007 RequestPath:/ExcelAddin/api/loadexcelconfig/Transfer => APIGateway.Controllers.LoadExcelConfigController.Get (APIGateway)
      Route matched with {action = "Get", controller = "LoadExcelConfig", page = ""}. Executing controller action with signature Microsoft.AspNetCore.Mvc.ActionResult`1[System.String] Get(System.String) on controller APIGateway.Controllers.LoadExcelConfigController (APIGateway).
info: Microsoft.AspNetCore.Mvc.Internal.ControllerActionInvoker[1]
      => ConnectionId:0HLOGTKADS9EQ => RequestId:0HLOGTKADS9EQ:00000007 RequestPath:/ExcelAddin/api/loadexcelconfig/Transfer => APIGateway.Controllers.LoadExcelConfigController.Get (APIGateway)
      Executing action method APIGateway.Controllers.LoadExcelConfigController.Get (APIGateway) - Validation state: Valid
info: Microsoft.AspNetCore.Mvc.Internal.ControllerActionInvoker[2]
      => ConnectionId:0HLOGTKADS9EQ => RequestId:0HLOGTKADS9EQ:00000007 RequestPath:/ExcelAddin/api/loadexcelconfig/Transfer => APIGateway.Controllers.LoadExcelConfigController.Get (APIGateway)
      Executed action method APIGateway.Controllers.LoadExcelConfigController.Get (APIGateway), returned result Microsoft.AspNetCore.Mvc.ObjectResult in 0.0604ms.
info: Microsoft.AspNetCore.Mvc.Infrastructure.ObjectResultExecutor[1]
      => ConnectionId:0HLOGTKADS9EQ => RequestId:0HLOGTKADS9EQ:00000007 RequestPath:/ExcelAddin/api/loadexcelconfig/Transfer => APIGateway.Controllers.LoadExcelConfigController.Get (APIGateway)
      Executing ObjectResult, writing value of type 'System.String'.
info: Microsoft.AspNetCore.Mvc.Internal.ControllerActionInvoker[2]
      => ConnectionId:0HLOGTKADS9EQ => RequestId:0HLOGTKADS9EQ:00000007 RequestPath:/ExcelAddin/api/loadexcelconfig/Transfer => APIGateway.Controllers.LoadExcelConfigController.Get (APIGateway)
      Executed action APIGateway.Controllers.LoadExcelConfigController.Get (APIGateway) in 33.8184ms
info: Microsoft.AspNetCore.Routing.EndpointMiddleware[1]
      => ConnectionId:0HLOGTKADS9EQ => RequestId:0HLOGTKADS9EQ:00000007 RequestPath:/ExcelAddin/api/loadexcelconfig/Transfer
      Executed endpoint 'APIGateway.Controllers.LoadExcelConfigController.Get (APIGateway)'
info: Microsoft.AspNetCore.Hosting.Internal.WebHost[2]
      => ConnectionId:0HLOGTKADS9EQ => RequestId:0HLOGTKADS9EQ:00000007 RequestPath:/ExcelAddin/api/loadexcelconfig/Transfer
      Request finished in 48.8967ms 200 text/plain; charset=utf-8
info: Microsoft.AspNetCore.Hosting.Internal.WebHost[1]
      => ConnectionId:0HLOGTKADS9ES => RequestId:0HLOGTKADS9ES:00000001 RequestPath:/ExcelAddin/api/updateparameters/Sheet1
      Request starting HTTP/1.1 PUT http://localhost:44331/ExcelAddin/api/updateparameters/Sheet1 application/json; charset=utf-8 9
info: Microsoft.AspNetCore.Hosting.Internal.WebHost[2]
      => ConnectionId:0HLOGTKADS9ES => RequestId:0HLOGTKADS9ES:00000001 RequestPath:/ExcelAddin/api/updateparameters/Sheet1
      Request finished in 1.8658ms 404 
info: Microsoft.AspNetCore.Server.Kestrel[32]
      => ConnectionId:0HLOGTKADS9ES
      Connection id "0HLOGTKADS9ES", Request id "0HLOGTKADS9ES:00000001": the application completed without reading the entire request body.
