info: Microsoft.AspNetCore.DataProtection.KeyManagement.XmlKeyManager[0]
      User profile is available. Using 'C:\Users\lnztha01\AppData\Local\ASP.NET\DataProtection-Keys' as key repository and Windows DPAPI to encrypt keys at rest.
Hosting environment: Development
Content root path: C:\Users\lnztha01\source\repos\ExcelGateway\APIGateway
Now listening on: http://127.0.0.1:38634
Application started. Press Ctrl+C to shut down.
info: Microsoft.AspNetCore.Hosting.Internal.WebHost[1]
      Request starting HTTP/1.1 GET http://localhost:44317/ExcelAddin/Images/Button32x32.png  
info: Microsoft.AspNetCore.StaticFiles.StaticFileMiddleware[6]
      The file /ExcelAddin/Images/Button32x32.png was not modified
info: Microsoft.AspNetCore.Hosting.Internal.WebHost[2]
      Request finished in 32.4199ms 304 image/png
info: Microsoft.AspNetCore.Hosting.Internal.WebHost[1]
      Request starting HTTP/1.1 OPTIONS http://localhost:44317/ExcelAddin/  
info: Microsoft.AspNetCore.Hosting.Internal.WebHost[2]
      Request finished in 25.1018ms 404 
info: Microsoft.AspNetCore.Hosting.Internal.WebHost[1]
      Request starting HTTP/1.1 GET http://localhost:44317/ExcelAddin/Home.html?_host_Info=Excel$Win32$16.01$en-US  
info: Microsoft.AspNetCore.StaticFiles.StaticFileMiddleware[6]
      The file /ExcelAddin/Home.html was not modified
info: Microsoft.AspNetCore.Hosting.Internal.WebHost[2]
      Request finished in 0.5368ms 304 text/html
info: Microsoft.AspNetCore.Hosting.Internal.WebHost[1]
      Request starting HTTP/1.1 GET http://localhost:44317/ExcelAddin/Scripts/FabricUI/MessageBanner.js  
info: Microsoft.AspNetCore.StaticFiles.StaticFileMiddleware[6]
      The file /ExcelAddin/Scripts/FabricUI/MessageBanner.js was not modified
info: Microsoft.AspNetCore.Hosting.Internal.WebHost[2]
      Request finished in 0.4448ms 304 application/javascript
info: Microsoft.AspNetCore.Hosting.Internal.WebHost[1]
      Request starting HTTP/1.1 GET http://localhost:44317/ExcelAddin/Home.css  
info: Microsoft.AspNetCore.StaticFiles.StaticFileMiddleware[6]
      The file /ExcelAddin/Home.css was not modified
info: Microsoft.AspNetCore.Hosting.Internal.WebHost[2]
      Request finished in 0.6656ms 304 text/css
info: Microsoft.AspNetCore.Hosting.Internal.WebHost[1]
      Request starting HTTP/1.1 GET http://localhost:44317/ExcelAddin/bundle/Home.js  
info: Microsoft.AspNetCore.StaticFiles.StaticFileMiddleware[2]
      Sending file. Request path: '/ExcelAddin/bundle/Home.js'. Physical path: 'C:\Users\lnztha01\source\repos\ExcelGateway\APIGateway\wwwroot\ExcelAddin\bundle\Home.js'
info: Microsoft.AspNetCore.Hosting.Internal.WebHost[2]
      Request finished in 15.3497ms 200 application/javascript
info: Microsoft.AspNetCore.Hosting.Internal.WebHost[1]
      Request starting HTTP/1.1 GET http://localhost:44317/ExcelAddin/api/loadattributevalues?attrPath=hdb:components/componentID  
info: Microsoft.AspNetCore.Routing.EndpointMiddleware[0]
      Executing endpoint 'APIGateway.Controllers.LoadAttributeValuesController.GetAsync (APIGateway)'
info: Microsoft.AspNetCore.Mvc.Internal.ControllerActionInvoker[3]
      Route matched with {action = "GetAsync", controller = "LoadAttributeValues", page = ""}. Executing controller action with signature System.Threading.Tasks.Task`1[APIGateway.Models.ResponseMessage] GetAsync(System.String) on controller APIGateway.Controllers.LoadAttributeValuesController (APIGateway).
info: Microsoft.AspNetCore.Mvc.Internal.ControllerActionInvoker[1]
      Executing action method APIGateway.Controllers.LoadAttributeValuesController.GetAsync (APIGateway) - Validation state: Valid
info: Microsoft.AspNetCore.Mvc.Internal.ControllerActionInvoker[2]
      Executed action method APIGateway.Controllers.LoadAttributeValuesController.GetAsync (APIGateway), returned result Microsoft.AspNetCore.Mvc.ObjectResult in 4438.9009ms.
info: Microsoft.AspNetCore.Mvc.Infrastructure.ObjectResultExecutor[1]
      Executing ObjectResult, writing value of type 'APIGateway.Models.ResponseMessage'.
info: Microsoft.AspNetCore.Mvc.Internal.ControllerActionInvoker[2]
      Executed action APIGateway.Controllers.LoadAttributeValuesController.GetAsync (APIGateway) in 4488.762ms
info: Microsoft.AspNetCore.Routing.EndpointMiddleware[1]
      Executed endpoint 'APIGateway.Controllers.LoadAttributeValuesController.GetAsync (APIGateway)'
info: Microsoft.AspNetCore.Hosting.Internal.WebHost[2]
      Request finished in 4510.2613ms 200 application/json; charset=utf-8
info: Microsoft.AspNetCore.Hosting.Internal.WebHost[1]
      Request starting HTTP/1.1 GET http://localhost:44317/ExcelAddin/api/loadattributevalues?attrPath=cdp:projects/id  
info: Microsoft.AspNetCore.Routing.EndpointMiddleware[0]
      Executing endpoint 'APIGateway.Controllers.LoadAttributeValuesController.GetAsync (APIGateway)'
info: Microsoft.AspNetCore.Mvc.Internal.ControllerActionInvoker[3]
      Route matched with {action = "GetAsync", controller = "LoadAttributeValues", page = ""}. Executing controller action with signature System.Threading.Tasks.Task`1[APIGateway.Models.ResponseMessage] GetAsync(System.String) on controller APIGateway.Controllers.LoadAttributeValuesController (APIGateway).
info: Microsoft.AspNetCore.Mvc.Internal.ControllerActionInvoker[1]
      Executing action method APIGateway.Controllers.LoadAttributeValuesController.GetAsync (APIGateway) - Validation state: Valid
info: Microsoft.AspNetCore.Mvc.Internal.ControllerActionInvoker[2]
      Executed action method APIGateway.Controllers.LoadAttributeValuesController.GetAsync (APIGateway), returned result Microsoft.AspNetCore.Mvc.ObjectResult in 603.5333ms.
info: Microsoft.AspNetCore.Mvc.Infrastructure.ObjectResultExecutor[1]
      Executing ObjectResult, writing value of type 'APIGateway.Models.ResponseMessage'.
info: Microsoft.AspNetCore.Mvc.Internal.ControllerActionInvoker[2]
      Executed action APIGateway.Controllers.LoadAttributeValuesController.GetAsync (APIGateway) in 604.6304ms
info: Microsoft.AspNetCore.Routing.EndpointMiddleware[1]
      Executed endpoint 'APIGateway.Controllers.LoadAttributeValuesController.GetAsync (APIGateway)'
info: Microsoft.AspNetCore.Hosting.Internal.WebHost[2]
      Request finished in 607.7514ms 200 application/json; charset=utf-8
info: Microsoft.AspNetCore.Hosting.Internal.WebHost[1]
      Request starting HTTP/1.1 GET http://localhost:44317/ExcelAddin/api/loadvariantsbyprojectname?projectName=36022  
info: Microsoft.AspNetCore.Routing.EndpointMiddleware[0]
      Executing endpoint 'APIGateway.Controllers.LoadVariantsByProjectNameController.GetAsync (APIGateway)'
info: Microsoft.AspNetCore.Mvc.Internal.ControllerActionInvoker[3]
      Route matched with {action = "GetAsync", controller = "LoadVariantsByProjectName", page = ""}. Executing controller action with signature System.Threading.Tasks.Task`1[APIGateway.Models.ResponseMessage] GetAsync(System.String) on controller APIGateway.Controllers.LoadVariantsByProjectNameController (APIGateway).
info: Microsoft.AspNetCore.Mvc.Internal.ControllerActionInvoker[1]
      Executing action method APIGateway.Controllers.LoadVariantsByProjectNameController.GetAsync (APIGateway) - Validation state: Valid
info: Microsoft.AspNetCore.Mvc.Internal.ControllerActionInvoker[2]
      Executed action method APIGateway.Controllers.LoadVariantsByProjectNameController.GetAsync (APIGateway), returned result Microsoft.AspNetCore.Mvc.ObjectResult in 32.0537ms.
info: Microsoft.AspNetCore.Mvc.Infrastructure.ObjectResultExecutor[1]
      Executing ObjectResult, writing value of type 'APIGateway.Models.ResponseMessage'.
info: Microsoft.AspNetCore.Mvc.Internal.ControllerActionInvoker[2]
      Executed action APIGateway.Controllers.LoadVariantsByProjectNameController.GetAsync (APIGateway) in 32.4266ms
info: Microsoft.AspNetCore.Routing.EndpointMiddleware[1]
      Executed endpoint 'APIGateway.Controllers.LoadVariantsByProjectNameController.GetAsync (APIGateway)'
info: Microsoft.AspNetCore.Hosting.Internal.WebHost[2]
      Request finished in 36.1406ms 200 application/json; charset=utf-8
info: Microsoft.AspNetCore.Hosting.Internal.WebHost[1]
      Request starting HTTP/1.1 GET http://localhost:44317/ExcelAddin/Images/Button32x32.png  
info: Microsoft.AspNetCore.StaticFiles.StaticFileMiddleware[6]
      The file /ExcelAddin/Images/Button32x32.png was not modified
info: Microsoft.AspNetCore.Hosting.Internal.WebHost[2]
      Request finished in 0.3294ms 304 image/png
info: Microsoft.AspNetCore.Hosting.Internal.WebHost[1]
      Request starting HTTP/1.1 OPTIONS http://localhost:44317/ExcelAddin/  
info: Microsoft.AspNetCore.Hosting.Internal.WebHost[2]
      Request finished in 0.1935ms 404 
info: Microsoft.AspNetCore.Hosting.Internal.WebHost[1]
      Request starting HTTP/1.1 GET http://localhost:44317/ExcelAddin/Home.html?_host_Info=Excel$Win32$16.01$en-US  
info: Microsoft.AspNetCore.StaticFiles.StaticFileMiddleware[6]
      The file /ExcelAddin/Home.html was not modified
info: Microsoft.AspNetCore.Hosting.Internal.WebHost[2]
      Request finished in 0.3448ms 304 text/html
info: Microsoft.AspNetCore.Hosting.Internal.WebHost[1]
      Request starting HTTP/1.1 GET http://localhost:44317/ExcelAddin/Scripts/FabricUI/MessageBanner.js  
info: Microsoft.AspNetCore.StaticFiles.StaticFileMiddleware[6]
      The file /ExcelAddin/Scripts/FabricUI/MessageBanner.js was not modified
info: Microsoft.AspNetCore.Hosting.Internal.WebHost[2]
      Request finished in 0.5432ms 304 application/javascript
info: Microsoft.AspNetCore.Hosting.Internal.WebHost[1]
      Request starting HTTP/1.1 GET http://localhost:44317/ExcelAddin/Home.css  
info: Microsoft.AspNetCore.StaticFiles.StaticFileMiddleware[6]
      The file /ExcelAddin/Home.css was not modified
info: Microsoft.AspNetCore.Hosting.Internal.WebHost[2]
      Request finished in 0.6194ms 304 text/css
info: Microsoft.AspNetCore.Hosting.Internal.WebHost[1]
      Request starting HTTP/1.1 GET http://localhost:44317/ExcelAddin/bundle/Home.js  
info: Microsoft.AspNetCore.StaticFiles.StaticFileMiddleware[2]
      Sending file. Request path: '/ExcelAddin/bundle/Home.js'. Physical path: 'C:\Users\lnztha01\source\repos\ExcelGateway\APIGateway\wwwroot\ExcelAddin\bundle\Home.js'
info: Microsoft.AspNetCore.Hosting.Internal.WebHost[2]
      Request finished in 1.5778ms 200 application/javascript
info: Microsoft.AspNetCore.Hosting.Internal.WebHost[1]
      Request starting HTTP/1.1 GET http://localhost:44317/ExcelAddin/api/loadattributevalues?attrPath=hdb:components/componentID  
info: Microsoft.AspNetCore.Routing.EndpointMiddleware[0]
      Executing endpoint 'APIGateway.Controllers.LoadAttributeValuesController.GetAsync (APIGateway)'
info: Microsoft.AspNetCore.Mvc.Internal.ControllerActionInvoker[3]
      Route matched with {action = "GetAsync", controller = "LoadAttributeValues", page = ""}. Executing controller action with signature System.Threading.Tasks.Task`1[APIGateway.Models.ResponseMessage] GetAsync(System.String) on controller APIGateway.Controllers.LoadAttributeValuesController (APIGateway).
info: Microsoft.AspNetCore.Mvc.Internal.ControllerActionInvoker[1]
      Executing action method APIGateway.Controllers.LoadAttributeValuesController.GetAsync (APIGateway) - Validation state: Valid
info: Microsoft.AspNetCore.Mvc.Internal.ControllerActionInvoker[2]
      Executed action method APIGateway.Controllers.LoadAttributeValuesController.GetAsync (APIGateway), returned result Microsoft.AspNetCore.Mvc.ObjectResult in 4490.1029ms.
info: Microsoft.AspNetCore.Mvc.Infrastructure.ObjectResultExecutor[1]
      Executing ObjectResult, writing value of type 'APIGateway.Models.ResponseMessage'.
info: Microsoft.AspNetCore.Mvc.Internal.ControllerActionInvoker[2]
      Executed action APIGateway.Controllers.LoadAttributeValuesController.GetAsync (APIGateway) in 4491.61ms
info: Microsoft.AspNetCore.Routing.EndpointMiddleware[1]
      Executed endpoint 'APIGateway.Controllers.LoadAttributeValuesController.GetAsync (APIGateway)'
info: Microsoft.AspNetCore.Hosting.Internal.WebHost[2]
      Request finished in 4492.1058ms 200 application/json; charset=utf-8
info: Microsoft.AspNetCore.Hosting.Internal.WebHost[1]
      Request starting HTTP/1.1 GET http://localhost:44317/ExcelAddin/api/loadattributevalues?attrPath=cdp:projects/id  
info: Microsoft.AspNetCore.Routing.EndpointMiddleware[0]
      Executing endpoint 'APIGateway.Controllers.LoadAttributeValuesController.GetAsync (APIGateway)'
info: Microsoft.AspNetCore.Mvc.Internal.ControllerActionInvoker[3]
      Route matched with {action = "GetAsync", controller = "LoadAttributeValues", page = ""}. Executing controller action with signature System.Threading.Tasks.Task`1[APIGateway.Models.ResponseMessage] GetAsync(System.String) on controller APIGateway.Controllers.LoadAttributeValuesController (APIGateway).
info: Microsoft.AspNetCore.Mvc.Internal.ControllerActionInvoker[1]
      Executing action method APIGateway.Controllers.LoadAttributeValuesController.GetAsync (APIGateway) - Validation state: Valid
info: Microsoft.AspNetCore.Mvc.Internal.ControllerActionInvoker[2]
      Executed action method APIGateway.Controllers.LoadAttributeValuesController.GetAsync (APIGateway), returned result Microsoft.AspNetCore.Mvc.ObjectResult in 14.0633ms.
info: Microsoft.AspNetCore.Mvc.Infrastructure.ObjectResultExecutor[1]
      Executing ObjectResult, writing value of type 'APIGateway.Models.ResponseMessage'.
info: Microsoft.AspNetCore.Mvc.Internal.ControllerActionInvoker[2]
      Executed action APIGateway.Controllers.LoadAttributeValuesController.GetAsync (APIGateway) in 14.2802ms
info: Microsoft.AspNetCore.Routing.EndpointMiddleware[1]
      Executed endpoint 'APIGateway.Controllers.LoadAttributeValuesController.GetAsync (APIGateway)'
info: Microsoft.AspNetCore.Hosting.Internal.WebHost[2]
      Request finished in 14.6093ms 200 application/json; charset=utf-8
info: Microsoft.AspNetCore.Hosting.Internal.WebHost[1]
      Request starting HTTP/1.1 GET http://localhost:44317/ExcelAddin/api/loadvariantsbyprojectname?projectName=36022  
info: Microsoft.AspNetCore.Routing.EndpointMiddleware[0]
      Executing endpoint 'APIGateway.Controllers.LoadVariantsByProjectNameController.GetAsync (APIGateway)'
info: Microsoft.AspNetCore.Mvc.Internal.ControllerActionInvoker[3]
      Route matched with {action = "GetAsync", controller = "LoadVariantsByProjectName", page = ""}. Executing controller action with signature System.Threading.Tasks.Task`1[APIGateway.Models.ResponseMessage] GetAsync(System.String) on controller APIGateway.Controllers.LoadVariantsByProjectNameController (APIGateway).
info: Microsoft.AspNetCore.Mvc.Internal.ControllerActionInvoker[1]
      Executing action method APIGateway.Controllers.LoadVariantsByProjectNameController.GetAsync (APIGateway) - Validation state: Valid
info: Microsoft.AspNetCore.Mvc.Internal.ControllerActionInvoker[2]
      Executed action method APIGateway.Controllers.LoadVariantsByProjectNameController.GetAsync (APIGateway), returned result Microsoft.AspNetCore.Mvc.ObjectResult in 27.1055ms.
info: Microsoft.AspNetCore.Mvc.Infrastructure.ObjectResultExecutor[1]
      Executing ObjectResult, writing value of type 'APIGateway.Models.ResponseMessage'.
info: Microsoft.AspNetCore.Mvc.Internal.ControllerActionInvoker[2]
      Executed action APIGateway.Controllers.LoadVariantsByProjectNameController.GetAsync (APIGateway) in 27.3248ms
info: Microsoft.AspNetCore.Routing.EndpointMiddleware[1]
      Executed endpoint 'APIGateway.Controllers.LoadVariantsByProjectNameController.GetAsync (APIGateway)'
info: Microsoft.AspNetCore.Hosting.Internal.WebHost[2]
      Request finished in 27.7309ms 200 application/json; charset=utf-8
