Hosting environment: Development
Content root path: C:\Users\lnztha01\source\repos\ExcelGateway\APIGateway
Now listening on: http://127.0.0.1:25455
Application started. Press Ctrl+C to shut down.
info: Microsoft.AspNetCore.Hosting.Internal.WebHost[1]
      => ConnectionId:0HLOG1JLMKQV7 => RequestId:0HLOG1JLMKQV7:00000001 RequestPath:/
      Request starting HTTP/1.1 DEBUG http://localhost:2664/  0
info: Microsoft.AspNetCore.Hosting.Internal.WebHost[2]
      => ConnectionId:0HLOG1JLMKQV7 => RequestId:0HLOG1JLMKQV7:00000001 RequestPath:/
      Request finished in 63.4114ms 200 
info: Microsoft.AspNetCore.Hosting.Internal.WebHost[1]
      => ConnectionId:0HLOG1JLMKQV7 => RequestId:0HLOG1JLMKQV7:00000002 RequestPath:/
      Request starting HTTP/1.1 GET http://localhost:44331/  
info: Microsoft.AspNetCore.Hosting.Internal.WebHost[2]
      => ConnectionId:0HLOG1JLMKQV7 => RequestId:0HLOG1JLMKQV7:00000002 RequestPath:/
      Request finished in 263.8231ms 404 
info: Microsoft.AspNetCore.Hosting.Internal.WebHost[1]
      => ConnectionId:0HLOG1JLMKQV7 => RequestId:0HLOG1JLMKQV7:00000003 RequestPath:/
      Request starting HTTP/1.1 GET http://localhost:44331/  
info: Microsoft.AspNetCore.Hosting.Internal.WebHost[2]
      => ConnectionId:0HLOG1JLMKQV7 => RequestId:0HLOG1JLMKQV7:00000003 RequestPath:/
      Request finished in 7.6527ms 404 
