info: Microsoft.AspNetCore.DataProtection.KeyManagement.XmlKeyManager[0]
      User profile is available. Using 'C:\Users\lnztha01\AppData\Local\ASP.NET\DataProtection-Keys' as key repository and Windows DPAPI to encrypt keys at rest.
Hosting environment: Development
Content root path: C:\Users\lnztha01\source\repos\ExcelGateway\APIGateway
Now listening on: http://127.0.0.1:47055
Application started. Press Ctrl+C to shut down.
info: Microsoft.AspNetCore.Hosting.Internal.WebHost[1]
      => ConnectionId:0HLOG2947TNBN => RequestId:0HLOG2947TNBN:00000001 RequestPath:/
      Request starting HTTP/1.1 DEBUG http://localhost:2664/  0
info: Microsoft.AspNetCore.Hosting.Internal.WebHost[2]
      => ConnectionId:0HLOG2947TNBN => RequestId:0HLOG2947TNBN:00000001 RequestPath:/
      Request finished in 36.5424ms 200 
info: Microsoft.AspNetCore.Hosting.Internal.WebHost[1]
      => ConnectionId:0HLOG2947TNBN => RequestId:0HLOG2947TNBN:00000002 RequestPath:/
      Request starting HTTP/1.1 GET http://localhost:44331/  
info: Microsoft.AspNetCore.Mvc.RazorPages.Internal.PageActionInvoker[3]
      => ConnectionId:0HLOG2947TNBN => RequestId:0HLOG2947TNBN:00000002 RequestPath:/ => /Index
      Route matched with {page = "/Index", action = "", controller = ""}. Executing page /Index
info: Microsoft.AspNetCore.Mvc.RazorPages.Internal.PageActionInvoker[101]
      => ConnectionId:0HLOG2947TNBN => RequestId:0HLOG2947TNBN:00000002 RequestPath:/ => /Index
      Executing handler method APIGateway.HomePage.IndexModel.OnGet - ModelState is Valid
info: Microsoft.AspNetCore.Mvc.RazorPages.Internal.PageActionInvoker[102]
      => ConnectionId:0HLOG2947TNBN => RequestId:0HLOG2947TNBN:00000002 RequestPath:/ => /Index
      Executed handler method OnGet, returned result .
info: Microsoft.AspNetCore.Mvc.RazorPages.Internal.PageActionInvoker[103]
      => ConnectionId:0HLOG2947TNBN => RequestId:0HLOG2947TNBN:00000002 RequestPath:/ => /Index
      Executing an implicit handler method - ModelState is Valid
info: Microsoft.AspNetCore.Mvc.RazorPages.Internal.PageActionInvoker[104]
      => ConnectionId:0HLOG2947TNBN => RequestId:0HLOG2947TNBN:00000002 RequestPath:/ => /Index
      Executed an implicit handler method, returned result Microsoft.AspNetCore.Mvc.RazorPages.PageResult.
info: Microsoft.AspNetCore.Mvc.RazorPages.Internal.PageActionInvoker[4]
      => ConnectionId:0HLOG2947TNBN => RequestId:0HLOG2947TNBN:00000002 RequestPath:/ => /Index
      Executed page /Index in 156.4514ms
info: Microsoft.AspNetCore.Hosting.Internal.WebHost[2]
      => ConnectionId:0HLOG2947TNBN => RequestId:0HLOG2947TNBN:00000002 RequestPath:/
      Request finished in 612.0019ms 200 text/html; charset=utf-8
info: Microsoft.AspNetCore.Hosting.Internal.WebHost[1]
      => ConnectionId:0HLOG2947TNBN => RequestId:0HLOG2947TNBN:00000003 RequestPath:/favicon.ico
      Request starting HTTP/1.1 GET http://localhost:44331/favicon.ico  
info: Microsoft.AspNetCore.StaticFiles.StaticFileMiddleware[2]
      => ConnectionId:0HLOG2947TNBN => RequestId:0HLOG2947TNBN:00000003 RequestPath:/favicon.ico
      Sending file. Request path: '/favicon.ico'. Physical path: 'C:\Users\lnztha01\source\repos\ExcelGateway\APIGateway\wwwroot\favicon.ico'
info: Microsoft.AspNetCore.Hosting.Internal.WebHost[2]
      => ConnectionId:0HLOG2947TNBN => RequestId:0HLOG2947TNBN:00000003 RequestPath:/favicon.ico
      Request finished in 18.1061ms 200 image/x-icon
info: Microsoft.AspNetCore.Hosting.Internal.WebHost[1]
      => ConnectionId:0HLOG2947TNBN => RequestId:0HLOG2947TNBN:00000004 RequestPath:/
      Request starting HTTP/1.1 GET http://localhost:44331/  
info: Microsoft.AspNetCore.Mvc.RazorPages.Internal.PageActionInvoker[3]
      => ConnectionId:0HLOG2947TNBN => RequestId:0HLOG2947TNBN:00000004 RequestPath:/ => /Index
      Route matched with {page = "/Index", action = "", controller = ""}. Executing page /Index
info: Microsoft.AspNetCore.Mvc.RazorPages.Internal.PageActionInvoker[101]
      => ConnectionId:0HLOG2947TNBN => RequestId:0HLOG2947TNBN:00000004 RequestPath:/ => /Index
      Executing handler method APIGateway.HomePage.IndexModel.OnGet - ModelState is Valid
info: Microsoft.AspNetCore.Mvc.RazorPages.Internal.PageActionInvoker[102]
      => ConnectionId:0HLOG2947TNBN => RequestId:0HLOG2947TNBN:00000004 RequestPath:/ => /Index
      Executed handler method OnGet, returned result .
info: Microsoft.AspNetCore.Mvc.RazorPages.Internal.PageActionInvoker[103]
      => ConnectionId:0HLOG2947TNBN => RequestId:0HLOG2947TNBN:00000004 RequestPath:/ => /Index
      Executing an implicit handler method - ModelState is Valid
info: Microsoft.AspNetCore.Mvc.RazorPages.Internal.PageActionInvoker[104]
      => ConnectionId:0HLOG2947TNBN => RequestId:0HLOG2947TNBN:00000004 RequestPath:/ => /Index
      Executed an implicit handler method, returned result Microsoft.AspNetCore.Mvc.RazorPages.PageResult.
info: Microsoft.AspNetCore.Mvc.RazorPages.Internal.PageActionInvoker[4]
      => ConnectionId:0HLOG2947TNBN => RequestId:0HLOG2947TNBN:00000004 RequestPath:/ => /Index
      Executed page /Index in 45.3587ms
info: Microsoft.AspNetCore.Hosting.Internal.WebHost[2]
      => ConnectionId:0HLOG2947TNBN => RequestId:0HLOG2947TNBN:00000004 RequestPath:/
      Request finished in 58.5174ms 200 text/html; charset=utf-8
info: Microsoft.AspNetCore.Hosting.Internal.WebHost[1]
      => ConnectionId:0HLOG2947TNBN => RequestId:0HLOG2947TNBN:00000005 RequestPath:/favicon.ico
      Request starting HTTP/1.1 GET http://localhost:44331/favicon.ico  
info: Microsoft.AspNetCore.StaticFiles.StaticFileMiddleware[2]
      => ConnectionId:0HLOG2947TNBN => RequestId:0HLOG2947TNBN:00000005 RequestPath:/favicon.ico
      Sending file. Request path: '/favicon.ico'. Physical path: 'C:\Users\lnztha01\source\repos\ExcelGateway\APIGateway\wwwroot\favicon.ico'
info: Microsoft.AspNetCore.Hosting.Internal.WebHost[2]
      => ConnectionId:0HLOG2947TNBN => RequestId:0HLOG2947TNBN:00000005 RequestPath:/favicon.ico
      Request finished in 36.9667ms 200 image/x-icon
info: Microsoft.AspNetCore.Hosting.Internal.WebHost[1]
      => ConnectionId:0HLOG2947TNBN => RequestId:0HLOG2947TNBN:00000006 RequestPath:/
      Request starting HTTP/1.1 GET http://localhost:44331/  
info: Microsoft.AspNetCore.Mvc.RazorPages.Internal.PageActionInvoker[3]
      => ConnectionId:0HLOG2947TNBN => RequestId:0HLOG2947TNBN:00000006 RequestPath:/ => /Index
      Route matched with {page = "/Index", action = "", controller = ""}. Executing page /Index
info: Microsoft.AspNetCore.Mvc.RazorPages.Internal.PageActionInvoker[101]
      => ConnectionId:0HLOG2947TNBN => RequestId:0HLOG2947TNBN:00000006 RequestPath:/ => /Index
      Executing handler method APIGateway.HomePage.IndexModel.OnGet - ModelState is Valid
info: Microsoft.AspNetCore.Mvc.RazorPages.Internal.PageActionInvoker[102]
      => ConnectionId:0HLOG2947TNBN => RequestId:0HLOG2947TNBN:00000006 RequestPath:/ => /Index
      Executed handler method OnGet, returned result .
info: Microsoft.AspNetCore.Mvc.RazorPages.Internal.PageActionInvoker[103]
      => ConnectionId:0HLOG2947TNBN => RequestId:0HLOG2947TNBN:00000006 RequestPath:/ => /Index
      Executing an implicit handler method - ModelState is Valid
info: Microsoft.AspNetCore.Mvc.RazorPages.Internal.PageActionInvoker[104]
      => ConnectionId:0HLOG2947TNBN => RequestId:0HLOG2947TNBN:00000006 RequestPath:/ => /Index
      Executed an implicit handler method, returned result Microsoft.AspNetCore.Mvc.RazorPages.PageResult.
info: Microsoft.AspNetCore.Mvc.RazorPages.Internal.PageActionInvoker[4]
      => ConnectionId:0HLOG2947TNBN => RequestId:0HLOG2947TNBN:00000006 RequestPath:/ => /Index
      Executed page /Index in 53.2544ms
info: Microsoft.AspNetCore.Hosting.Internal.WebHost[2]
      => ConnectionId:0HLOG2947TNBN => RequestId:0HLOG2947TNBN:00000006 RequestPath:/
      Request finished in 65.1509ms 200 text/html; charset=utf-8
info: Microsoft.AspNetCore.Hosting.Internal.WebHost[1]
      => ConnectionId:0HLOG2947TNBN => RequestId:0HLOG2947TNBN:00000007 RequestPath:/favicon.ico
      Request starting HTTP/1.1 GET http://localhost:44331/favicon.ico  
info: Microsoft.AspNetCore.StaticFiles.StaticFileMiddleware[2]
      => ConnectionId:0HLOG2947TNBN => RequestId:0HLOG2947TNBN:00000007 RequestPath:/favicon.ico
      Sending file. Request path: '/favicon.ico'. Physical path: 'C:\Users\lnztha01\source\repos\ExcelGateway\APIGateway\wwwroot\favicon.ico'
info: Microsoft.AspNetCore.Hosting.Internal.WebHost[2]
      => ConnectionId:0HLOG2947TNBN => RequestId:0HLOG2947TNBN:00000007 RequestPath:/favicon.ico
      Request finished in 26.9815ms 200 image/x-icon
