info: Microsoft.AspNetCore.DataProtection.KeyManagement.XmlKeyManager[0]
      User profile is available. Using 'C:\Users\lnztha01\AppData\Local\ASP.NET\DataProtection-Keys' as key repository and Windows DPAPI to encrypt keys at rest.
Hosting environment: Development
Content root path: C:\Users\lnztha01\source\repos\ExcelGateway\APIGateway
Now listening on: http://127.0.0.1:43250
Application started. Press Ctrl+C to shut down.
info: Microsoft.AspNetCore.Hosting.Internal.WebHost[1]
      => ConnectionId:0HLOG140G7O06 => RequestId:0HLOG140G7O06:00000001 RequestPath:/
      Request starting HTTP/1.1 DEBUG http://localhost:2664/  0
info: Microsoft.AspNetCore.Hosting.Internal.WebHost[2]
      => ConnectionId:0HLOG140G7O06 => RequestId:0HLOG140G7O06:00000001 RequestPath:/
      Request finished in 41.1832ms 200 
info: Microsoft.AspNetCore.Hosting.Internal.WebHost[1]
      => ConnectionId:0HLOG140G7O06 => RequestId:0HLOG140G7O06:00000002 RequestPath:/
      Request starting HTTP/1.1 GET http://localhost:44331/  
fail: Microsoft.AspNetCore.Diagnostics.DeveloperExceptionPageMiddleware[1]
      => ConnectionId:0HLOG140G7O06 => RequestId:0HLOG140G7O06:00000002 RequestPath:/
      An unhandled exception has occurred while executing the request.
Microsoft.AspNetCore.Routing.Matching.AmbiguousMatchException: The request matched multiple endpoints. Matches: 

Page: /Index
Page: /Index
   at Microsoft.AspNetCore.Routing.Matching.DefaultEndpointSelector.ReportAmbiguity(CandidateSet candidates)
   at Microsoft.AspNetCore.Routing.Matching.DefaultEndpointSelector.ProcessFinalCandidates(HttpContext httpContext, EndpointSelectorContext context, CandidateSet candidateSet)
   at Microsoft.AspNetCore.Routing.Matching.DefaultEndpointSelector.SelectAsync(HttpContext httpContext, EndpointSelectorContext context, CandidateSet candidateSet)
   at Microsoft.AspNetCore.Routing.Matching.DfaMatcher.MatchAsync(HttpContext httpContext, EndpointSelectorContext context)
   at Microsoft.AspNetCore.Routing.Matching.DataSourceDependentMatcher.MatchAsync(HttpContext httpContext, EndpointSelectorContext context)
   at Microsoft.AspNetCore.Routing.EndpointRoutingMiddleware.Invoke(HttpContext httpContext)
   at APIGateway.Middlewares.ImpersonationMiddleWare.<>c__DisplayClass2_0.<<Invoke>b__0>d.MoveNext() in C:\Users\lnztha01\source\repos\ExcelGateway\APIGateway\Middlewares\ImpersonationMiddleWare.cs:line 31
--- End of stack trace from previous location where exception was thrown ---
   at APIGateway.Middlewares.ImpersonationMiddleWare.Invoke(HttpContext context) in C:\Users\lnztha01\source\repos\ExcelGateway\APIGateway\Middlewares\ImpersonationMiddleWare.cs:line 24
   at Microsoft.AspNetCore.Authentication.AuthenticationMiddleware.Invoke(HttpContext context)
   at Microsoft.AspNetCore.StaticFiles.StaticFileMiddleware.Invoke(HttpContext context)
   at Microsoft.AspNetCore.Diagnostics.DeveloperExceptionPageMiddleware.Invoke(HttpContext context)
info: Microsoft.AspNetCore.Hosting.Internal.WebHost[2]
      => ConnectionId:0HLOG140G7O06 => RequestId:0HLOG140G7O06:00000002 RequestPath:/
      Request finished in 603.8479ms 500 text/html; charset=utf-8
info: Microsoft.AspNetCore.Hosting.Internal.WebHost[1]
      => ConnectionId:0HLOG140G7O06 => RequestId:0HLOG140G7O06:00000003 RequestPath:/favicon.ico
      Request starting HTTP/1.1 GET http://localhost:44331/favicon.ico  
info: Microsoft.AspNetCore.StaticFiles.StaticFileMiddleware[2]
      => ConnectionId:0HLOG140G7O06 => RequestId:0HLOG140G7O06:00000003 RequestPath:/favicon.ico
      Sending file. Request path: '/favicon.ico'. Physical path: 'C:\Users\lnztha01\source\repos\ExcelGateway\APIGateway\wwwroot\favicon.ico'
info: Microsoft.AspNetCore.Hosting.Internal.WebHost[2]
      => ConnectionId:0HLOG140G7O06 => RequestId:0HLOG140G7O06:00000003 RequestPath:/favicon.ico
      Request finished in 58.3159ms 200 image/x-icon
info: Microsoft.AspNetCore.Hosting.Internal.WebHost[1]
      => ConnectionId:0HLOG140G7O07 => RequestId:0HLOG140G7O07:00000001 RequestPath:/Index
      Request starting HTTP/1.1 GET http://localhost:44331/Index  
info: Microsoft.AspNetCore.Routing.EndpointMiddleware[0]
      => ConnectionId:0HLOG140G7O07 => RequestId:0HLOG140G7O07:00000001 RequestPath:/Index
      Executing endpoint 'Page: /Index'
info: Microsoft.AspNetCore.Mvc.RazorPages.Internal.PageActionInvoker[3]
      => ConnectionId:0HLOG140G7O07 => RequestId:0HLOG140G7O07:00000001 RequestPath:/Index => /Index
      Route matched with {page = "/Index", action = "", controller = ""}. Executing page /Index
info: Microsoft.AspNetCore.Mvc.RazorPages.Internal.PageActionInvoker[101]
      => ConnectionId:0HLOG140G7O07 => RequestId:0HLOG140G7O07:00000001 RequestPath:/Index => /Index
      Executing handler method APIGateway.HomePage.IndexModel.OnGet - ModelState is Valid
info: Microsoft.AspNetCore.Mvc.RazorPages.Internal.PageActionInvoker[102]
      => ConnectionId:0HLOG140G7O07 => RequestId:0HLOG140G7O07:00000001 RequestPath:/Index => /Index
      Executed handler method OnGet, returned result .
info: Microsoft.AspNetCore.Mvc.RazorPages.Internal.PageActionInvoker[103]
      => ConnectionId:0HLOG140G7O07 => RequestId:0HLOG140G7O07:00000001 RequestPath:/Index => /Index
      Executing an implicit handler method - ModelState is Valid
info: Microsoft.AspNetCore.Mvc.RazorPages.Internal.PageActionInvoker[104]
      => ConnectionId:0HLOG140G7O07 => RequestId:0HLOG140G7O07:00000001 RequestPath:/Index => /Index
      Executed an implicit handler method, returned result Microsoft.AspNetCore.Mvc.RazorPages.PageResult.
info: Microsoft.AspNetCore.Mvc.RazorPages.Internal.PageActionInvoker[4]
      => ConnectionId:0HLOG140G7O07 => RequestId:0HLOG140G7O07:00000001 RequestPath:/Index => /Index
      Executed page /Index in 251.6504ms
info: Microsoft.AspNetCore.Routing.EndpointMiddleware[1]
      => ConnectionId:0HLOG140G7O07 => RequestId:0HLOG140G7O07:00000001 RequestPath:/Index
      Executed endpoint 'Page: /Index'
info: Microsoft.AspNetCore.Hosting.Internal.WebHost[2]
      => ConnectionId:0HLOG140G7O07 => RequestId:0HLOG140G7O07:00000001 RequestPath:/Index
      Request finished in 388.3251ms 200 text/html; charset=utf-8
info: Microsoft.AspNetCore.Hosting.Internal.WebHost[1]
      => ConnectionId:0HLOG140G7O07 => RequestId:0HLOG140G7O07:00000002 RequestPath:/lib/bootstrap/dist/css/bootstrap.css
      Request starting HTTP/1.1 GET http://localhost:44331/lib/bootstrap/dist/css/bootstrap.css  
info: Microsoft.AspNetCore.StaticFiles.StaticFileMiddleware[2]
      => ConnectionId:0HLOG140G7O07 => RequestId:0HLOG140G7O07:00000002 RequestPath:/lib/bootstrap/dist/css/bootstrap.css
      Sending file. Request path: '/lib/bootstrap/dist/css/bootstrap.css'. Physical path: 'C:\Users\lnztha01\source\repos\ExcelGateway\APIGateway\wwwroot\lib\bootstrap\dist\css\bootstrap.css'
info: Microsoft.AspNetCore.Hosting.Internal.WebHost[2]
      => ConnectionId:0HLOG140G7O07 => RequestId:0HLOG140G7O07:00000002 RequestPath:/lib/bootstrap/dist/css/bootstrap.css
      Request finished in 24.5088ms 200 text/css
info: Microsoft.AspNetCore.Hosting.Internal.WebHost[1]
      => ConnectionId:0HLOG140G7O07 => RequestId:0HLOG140G7O07:00000003 RequestPath:/css/site.css
      Request starting HTTP/1.1 GET http://localhost:44331/css/site.css  
info: Microsoft.AspNetCore.StaticFiles.StaticFileMiddleware[2]
      => ConnectionId:0HLOG140G7O07 => RequestId:0HLOG140G7O07:00000003 RequestPath:/css/site.css
      Sending file. Request path: '/css/site.css'. Physical path: 'C:\Users\lnztha01\source\repos\ExcelGateway\APIGateway\wwwroot\css\site.css'
info: Microsoft.AspNetCore.Hosting.Internal.WebHost[2]
      => ConnectionId:0HLOG140G7O07 => RequestId:0HLOG140G7O07:00000003 RequestPath:/css/site.css
      Request finished in 6.8578ms 200 text/css
info: Microsoft.AspNetCore.Hosting.Internal.WebHost[1]
      => ConnectionId:0HLOG140G7O07 => RequestId:0HLOG140G7O07:00000004 RequestPath:/lib/jquery/dist/jquery.js
      Request starting HTTP/1.1 GET http://localhost:44331/lib/jquery/dist/jquery.js  
info: Microsoft.AspNetCore.Hosting.Internal.WebHost[1]
      => ConnectionId:0HLOG140G7O08 => RequestId:0HLOG140G7O08:00000001 RequestPath:/lib/bootstrap/dist/js/bootstrap.js
      Request starting HTTP/1.1 GET http://localhost:44331/lib/bootstrap/dist/js/bootstrap.js  
info: Microsoft.AspNetCore.Hosting.Internal.WebHost[1]
      => ConnectionId:0HLOG140G7O09 => RequestId:0HLOG140G7O09:00000001 RequestPath:/js/site.js
      Request starting HTTP/1.1 GET http://localhost:44331/js/site.js?v=dLGP40S79Xnx6GqUthRF6NWvjvhQ1nOvdVSwaNcgG18  
info: Microsoft.AspNetCore.StaticFiles.StaticFileMiddleware[2]
      => ConnectionId:0HLOG140G7O08 => RequestId:0HLOG140G7O08:00000001 RequestPath:/lib/bootstrap/dist/js/bootstrap.js
      Sending file. Request path: '/lib/bootstrap/dist/js/bootstrap.js'. Physical path: 'C:\Users\lnztha01\source\repos\ExcelGateway\APIGateway\wwwroot\lib\bootstrap\dist\js\bootstrap.js'
info: Microsoft.AspNetCore.StaticFiles.StaticFileMiddleware[2]
      => ConnectionId:0HLOG140G7O07 => RequestId:0HLOG140G7O07:00000004 RequestPath:/lib/jquery/dist/jquery.js
      Sending file. Request path: '/lib/jquery/dist/jquery.js'. Physical path: 'C:\Users\lnztha01\source\repos\ExcelGateway\APIGateway\wwwroot\lib\jquery\dist\jquery.js'
info: Microsoft.AspNetCore.Hosting.Internal.WebHost[2]
      => ConnectionId:0HLOG140G7O08 => RequestId:0HLOG140G7O08:00000001 RequestPath:/lib/bootstrap/dist/js/bootstrap.js
      Request finished in 26.08ms 200 application/javascript
info: Microsoft.AspNetCore.StaticFiles.StaticFileMiddleware[2]
      => ConnectionId:0HLOG140G7O09 => RequestId:0HLOG140G7O09:00000001 RequestPath:/js/site.js
      Sending file. Request path: '/js/site.js'. Physical path: 'C:\Users\lnztha01\source\repos\ExcelGateway\APIGateway\wwwroot\js\site.js'
info: Microsoft.AspNetCore.Hosting.Internal.WebHost[2]
      => ConnectionId:0HLOG140G7O07 => RequestId:0HLOG140G7O07:00000004 RequestPath:/lib/jquery/dist/jquery.js
      Request finished in 38.9804ms 200 application/javascript
info: Microsoft.AspNetCore.Hosting.Internal.WebHost[2]
      => ConnectionId:0HLOG140G7O09 => RequestId:0HLOG140G7O09:00000001 RequestPath:/js/site.js
      Request finished in 30.4533ms 200 application/javascript
