info: Microsoft.AspNetCore.DataProtection.KeyManagement.XmlKeyManager[0]
      User profile is available. Using 'C:\Users\lnztha01\AppData\Local\ASP.NET\DataProtection-Keys' as key repository and Windows DPAPI to encrypt keys at rest.
Hosting environment: Development
Content root path: C:\Users\lnztha01\source\repos\ExcelGateway\APIGateway
Now listening on: http://127.0.0.1:45804
Application started. Press Ctrl+C to shut down.
info: Microsoft.AspNetCore.Hosting.Internal.WebHost[1]
      Request starting HTTP/1.1 OPTIONS http://localhost:44317/ExcelAddin/  
info: Microsoft.AspNetCore.Hosting.Internal.WebHost[1]
      Request starting HTTP/1.1 GET http://localhost:44317/ExcelAddin/Images/Button32x32.png  
info: Microsoft.AspNetCore.StaticFiles.StaticFileMiddleware[6]
      The file /ExcelAddin/Images/Button32x32.png was not modified
info: Microsoft.AspNetCore.Hosting.Internal.WebHost[2]
      Request finished in 38.7416ms 304 image/png
info: Microsoft.AspNetCore.Hosting.Internal.WebHost[2]
      Request finished in 57.2364ms 404 
info: Microsoft.AspNetCore.Hosting.Internal.WebHost[1]
      Request starting HTTP/1.1 GET http://localhost:44317/ExcelAddin/Home.html?_host_Info=Excel$Win32$16.01$en-US  
info: Microsoft.AspNetCore.StaticFiles.StaticFileMiddleware[6]
      The file /ExcelAddin/Home.html was not modified
info: Microsoft.AspNetCore.Hosting.Internal.WebHost[2]
      Request finished in 0.5839ms 304 text/html
info: Microsoft.AspNetCore.Hosting.Internal.WebHost[1]
      Request starting HTTP/1.1 GET http://localhost:44317/ExcelAddin/Scripts/FabricUI/MessageBanner.js  
info: Microsoft.AspNetCore.StaticFiles.StaticFileMiddleware[6]
      The file /ExcelAddin/Scripts/FabricUI/MessageBanner.js was not modified
info: Microsoft.AspNetCore.Hosting.Internal.WebHost[2]
      Request finished in 0.5874ms 304 application/javascript
info: Microsoft.AspNetCore.Hosting.Internal.WebHost[1]
      Request starting HTTP/1.1 GET http://localhost:44317/ExcelAddin/Home.css  
info: Microsoft.AspNetCore.StaticFiles.StaticFileMiddleware[6]
      The file /ExcelAddin/Home.css was not modified
info: Microsoft.AspNetCore.Hosting.Internal.WebHost[2]
      Request finished in 0.5866ms 304 text/css
info: Microsoft.AspNetCore.Hosting.Internal.WebHost[1]
      Request starting HTTP/1.1 GET http://localhost:44317/ExcelAddin/bundle/Home.js  
info: Microsoft.AspNetCore.StaticFiles.StaticFileMiddleware[6]
      The file /ExcelAddin/bundle/Home.js was not modified
info: Microsoft.AspNetCore.Hosting.Internal.WebHost[2]
      Request finished in 0.4365ms 304 application/javascript
info: Microsoft.AspNetCore.Hosting.Internal.WebHost[1]
      Request starting HTTP/1.1 GET http://localhost:44317/ExcelAddin/api/loadcomponentids  
info: Microsoft.AspNetCore.Routing.EndpointMiddleware[0]
      Executing endpoint 'APIGateway.Controllers.LoadComponentIdsController.Get (APIGateway)'
info: Microsoft.AspNetCore.Mvc.Internal.ControllerActionInvoker[3]
      Route matched with {action = "Get", controller = "LoadComponentIds", page = ""}. Executing controller action with signature System.Threading.Tasks.Task`1[APIGateway.Models.ResponseMessage] Get() on controller APIGateway.Controllers.LoadComponentIdsController (APIGateway).
info: Microsoft.AspNetCore.Mvc.Internal.ControllerActionInvoker[1]
      Executing action method APIGateway.Controllers.LoadComponentIdsController.Get (APIGateway) - Validation state: Valid
info: Microsoft.AspNetCore.Mvc.Internal.ControllerActionInvoker[2]
      Executed action method APIGateway.Controllers.LoadComponentIdsController.Get (APIGateway), returned result Microsoft.AspNetCore.Mvc.ObjectResult in 4574.2236ms.
info: Microsoft.AspNetCore.Mvc.Infrastructure.ObjectResultExecutor[1]
      Executing ObjectResult, writing value of type 'APIGateway.Models.ResponseMessage'.
info: Microsoft.AspNetCore.Mvc.Internal.ControllerActionInvoker[2]
      Executed action APIGateway.Controllers.LoadComponentIdsController.Get (APIGateway) in 4637.7258ms
info: Microsoft.AspNetCore.Routing.EndpointMiddleware[1]
      Executed endpoint 'APIGateway.Controllers.LoadComponentIdsController.Get (APIGateway)'
info: Microsoft.AspNetCore.Hosting.Internal.WebHost[2]
      Request finished in 4659.7255ms 200 application/json; charset=utf-8
info: Microsoft.AspNetCore.Hosting.Internal.WebHost[1]
      Request starting HTTP/1.1 GET http://localhost:44317/ExcelAddin/api/loadprojectids  
info: Microsoft.AspNetCore.Routing.EndpointMiddleware[0]
      Executing endpoint 'APIGateway.Controllers.LoadProjectIdsController.GetAsync (APIGateway)'
info: Microsoft.AspNetCore.Mvc.Internal.ControllerActionInvoker[3]
      Route matched with {action = "GetAsync", controller = "LoadProjectIds", page = ""}. Executing controller action with signature System.Threading.Tasks.Task`1[APIGateway.Models.ResponseMessage] GetAsync() on controller APIGateway.Controllers.LoadProjectIdsController (APIGateway).
info: Microsoft.AspNetCore.Mvc.Internal.ControllerActionInvoker[1]
      Executing action method APIGateway.Controllers.LoadProjectIdsController.GetAsync (APIGateway) - Validation state: Valid
info: Microsoft.AspNetCore.Mvc.Internal.ControllerActionInvoker[2]
      Executed action method APIGateway.Controllers.LoadProjectIdsController.GetAsync (APIGateway), returned result Microsoft.AspNetCore.Mvc.ObjectResult in 1297.539ms.
info: Microsoft.AspNetCore.Mvc.Infrastructure.ObjectResultExecutor[1]
      Executing ObjectResult, writing value of type 'APIGateway.Models.ResponseMessage'.
info: Microsoft.AspNetCore.Mvc.Internal.ControllerActionInvoker[2]
      Executed action APIGateway.Controllers.LoadProjectIdsController.GetAsync (APIGateway) in 1298.3525ms
info: Microsoft.AspNetCore.Routing.EndpointMiddleware[1]
      Executed endpoint 'APIGateway.Controllers.LoadProjectIdsController.GetAsync (APIGateway)'
info: Microsoft.AspNetCore.Hosting.Internal.WebHost[2]
      Request finished in 1303.1094ms 200 application/json; charset=utf-8
info: Microsoft.AspNetCore.Hosting.Internal.WebHost[1]
      Request starting HTTP/1.1 GET http://localhost:44317/ExcelAddin/api/loadparameters/?propNames=components/designForProjectName,components/designByPersonName,components/comment,components/group,components/resources/0/group,components/locked,projects/name&searchValues=components/componentID:4787,projects/id:36022  
info: Microsoft.AspNetCore.Routing.EndpointMiddleware[0]
      Executing endpoint 'APIGateway.Controllers.LoadParametersController.Get (APIGateway)'
info: Microsoft.AspNetCore.Mvc.Internal.ControllerActionInvoker[3]
      Route matched with {action = "Get", controller = "LoadParameters", page = ""}. Executing controller action with signature System.Threading.Tasks.Task`1[APIGateway.Models.ResponseMessage] Get(System.String, System.String) on controller APIGateway.Controllers.LoadParametersController (APIGateway).
info: Microsoft.AspNetCore.Mvc.Internal.ControllerActionInvoker[1]
      Executing action method APIGateway.Controllers.LoadParametersController.Get (APIGateway) - Validation state: Valid
info: Microsoft.AspNetCore.Mvc.Internal.ControllerActionInvoker[2]
      Executed action method APIGateway.Controllers.LoadParametersController.Get (APIGateway), returned result Microsoft.AspNetCore.Mvc.ObjectResult in 315.5965ms.
info: Microsoft.AspNetCore.Mvc.Infrastructure.ObjectResultExecutor[1]
      Executing ObjectResult, writing value of type 'APIGateway.Models.ResponseMessage'.
info: Microsoft.AspNetCore.Mvc.Internal.ControllerActionInvoker[2]
      Executed action APIGateway.Controllers.LoadParametersController.Get (APIGateway) in 327.8485ms
info: Microsoft.AspNetCore.Routing.EndpointMiddleware[1]
      Executed endpoint 'APIGateway.Controllers.LoadParametersController.Get (APIGateway)'
info: Microsoft.AspNetCore.Hosting.Internal.WebHost[2]
      Request finished in 340.3882ms 200 application/json; charset=utf-8
info: Microsoft.AspNetCore.Hosting.Internal.WebHost[1]
      Request starting HTTP/1.1 GET http://localhost:44317/ExcelAddin/api/loadparameters/?propNames=components/designForProjectName,components/designByPersonName,components/comment,components/group,components/resources/0/group,components/locked,projects/name&searchValues=components/componentID:4787,projects/id:36022  
info: Microsoft.AspNetCore.Routing.EndpointMiddleware[0]
      Executing endpoint 'APIGateway.Controllers.LoadParametersController.Get (APIGateway)'
info: Microsoft.AspNetCore.Mvc.Internal.ControllerActionInvoker[3]
      Route matched with {action = "Get", controller = "LoadParameters", page = ""}. Executing controller action with signature System.Threading.Tasks.Task`1[APIGateway.Models.ResponseMessage] Get(System.String, System.String) on controller APIGateway.Controllers.LoadParametersController (APIGateway).
info: Microsoft.AspNetCore.Mvc.Internal.ControllerActionInvoker[1]
      Executing action method APIGateway.Controllers.LoadParametersController.Get (APIGateway) - Validation state: Valid
info: Microsoft.AspNetCore.Mvc.Internal.ControllerActionInvoker[2]
      Executed action method APIGateway.Controllers.LoadParametersController.Get (APIGateway), returned result Microsoft.AspNetCore.Mvc.ObjectResult in 149.3504ms.
info: Microsoft.AspNetCore.Mvc.Infrastructure.ObjectResultExecutor[1]
      Executing ObjectResult, writing value of type 'APIGateway.Models.ResponseMessage'.
info: Microsoft.AspNetCore.Mvc.Internal.ControllerActionInvoker[2]
      Executed action APIGateway.Controllers.LoadParametersController.Get (APIGateway) in 149.9849ms
info: Microsoft.AspNetCore.Routing.EndpointMiddleware[1]
      Executed endpoint 'APIGateway.Controllers.LoadParametersController.Get (APIGateway)'
info: Microsoft.AspNetCore.Hosting.Internal.WebHost[2]
      Request finished in 150.5862ms 200 application/json; charset=utf-8
info: Microsoft.AspNetCore.Hosting.Internal.WebHost[1]
      Request starting HTTP/1.1 PUT http://localhost:44317/ExcelAddin/api/updateparameters/?propNames=components/comment,projects/names application/json; charset=utf-8 10
info: Microsoft.AspNetCore.Routing.EndpointMiddleware[0]
      Executing endpoint 'APIGateway.Controllers.UpdateParametersController.Put (APIGateway)'
info: Microsoft.AspNetCore.Mvc.Internal.ControllerActionInvoker[3]
      Route matched with {action = "Put", controller = "UpdateParameters", page = ""}. Executing controller action with signature System.Threading.Tasks.Task`1[APIGateway.Models.ResponseMessage] Put(System.String, System.String) on controller APIGateway.Controllers.UpdateParametersController (APIGateway).
info: Microsoft.AspNetCore.Mvc.Internal.ControllerActionInvoker[1]
      Executing action method APIGateway.Controllers.UpdateParametersController.Put (APIGateway) - Validation state: Valid
info: Microsoft.AspNetCore.Mvc.Internal.ControllerActionInvoker[2]
      Executed action method APIGateway.Controllers.UpdateParametersController.Put (APIGateway), returned result Microsoft.AspNetCore.Mvc.ObjectResult in 193.1971ms.
info: Microsoft.AspNetCore.Mvc.Infrastructure.ObjectResultExecutor[1]
      Executing ObjectResult, writing value of type 'APIGateway.Models.ResponseMessage'.
info: Microsoft.AspNetCore.Mvc.Internal.ControllerActionInvoker[2]
      Executed action APIGateway.Controllers.UpdateParametersController.Put (APIGateway) in 206.6892ms
info: Microsoft.AspNetCore.Routing.EndpointMiddleware[1]
      Executed endpoint 'APIGateway.Controllers.UpdateParametersController.Put (APIGateway)'
info: Microsoft.AspNetCore.Hosting.Internal.WebHost[2]
      Request finished in 210.7311ms 200 application/json; charset=utf-8
info: Microsoft.AspNetCore.Hosting.Internal.WebHost[1]
      Request starting HTTP/1.1 PUT http://localhost:44317/ExcelAddin/api/updateparameters/?propNames=components/comment,project/name application/json; charset=utf-8 10
info: Microsoft.AspNetCore.Routing.EndpointMiddleware[0]
      Executing endpoint 'APIGateway.Controllers.UpdateParametersController.Put (APIGateway)'
info: Microsoft.AspNetCore.Mvc.Internal.ControllerActionInvoker[3]
      Route matched with {action = "Put", controller = "UpdateParameters", page = ""}. Executing controller action with signature System.Threading.Tasks.Task`1[APIGateway.Models.ResponseMessage] Put(System.String, System.String) on controller APIGateway.Controllers.UpdateParametersController (APIGateway).
info: Microsoft.AspNetCore.Mvc.Internal.ControllerActionInvoker[1]
      Executing action method APIGateway.Controllers.UpdateParametersController.Put (APIGateway) - Validation state: Valid
info: Microsoft.AspNetCore.Mvc.Internal.ControllerActionInvoker[2]
      Executed action method APIGateway.Controllers.UpdateParametersController.Put (APIGateway), returned result Microsoft.AspNetCore.Mvc.ObjectResult in 146.907ms.
info: Microsoft.AspNetCore.Mvc.Infrastructure.ObjectResultExecutor[1]
      Executing ObjectResult, writing value of type 'APIGateway.Models.ResponseMessage'.
info: Microsoft.AspNetCore.Mvc.Internal.ControllerActionInvoker[2]
      Executed action APIGateway.Controllers.UpdateParametersController.Put (APIGateway) in 147.4526ms
info: Microsoft.AspNetCore.Routing.EndpointMiddleware[1]
      Executed endpoint 'APIGateway.Controllers.UpdateParametersController.Put (APIGateway)'
info: Microsoft.AspNetCore.Hosting.Internal.WebHost[2]
      Request finished in 147.7994ms 200 application/json; charset=utf-8
info: Microsoft.AspNetCore.Hosting.Internal.WebHost[1]
      Request starting HTTP/1.1 GET http://localhost:44317/ExcelAddin/api/loadparameters/?propNames=components/designForProjectName,components/designByPersonName,components/comment,components/group,components/resources/0/group,components/locked,projects/name&searchValues=components/componentID:4787,projects/id:36022  
info: Microsoft.AspNetCore.Routing.EndpointMiddleware[0]
      Executing endpoint 'APIGateway.Controllers.LoadParametersController.Get (APIGateway)'
info: Microsoft.AspNetCore.Mvc.Internal.ControllerActionInvoker[3]
      Route matched with {action = "Get", controller = "LoadParameters", page = ""}. Executing controller action with signature System.Threading.Tasks.Task`1[APIGateway.Models.ResponseMessage] Get(System.String, System.String) on controller APIGateway.Controllers.LoadParametersController (APIGateway).
info: Microsoft.AspNetCore.Mvc.Internal.ControllerActionInvoker[1]
      Executing action method APIGateway.Controllers.LoadParametersController.Get (APIGateway) - Validation state: Valid
info: Microsoft.AspNetCore.Mvc.Internal.ControllerActionInvoker[2]
      Executed action method APIGateway.Controllers.LoadParametersController.Get (APIGateway), returned result Microsoft.AspNetCore.Mvc.ObjectResult in 69.9771ms.
info: Microsoft.AspNetCore.Mvc.Infrastructure.ObjectResultExecutor[1]
      Executing ObjectResult, writing value of type 'APIGateway.Models.ResponseMessage'.
info: Microsoft.AspNetCore.Mvc.Internal.ControllerActionInvoker[2]
      Executed action APIGateway.Controllers.LoadParametersController.Get (APIGateway) in 70.2541ms
info: Microsoft.AspNetCore.Routing.EndpointMiddleware[1]
      Executed endpoint 'APIGateway.Controllers.LoadParametersController.Get (APIGateway)'
info: Microsoft.AspNetCore.Hosting.Internal.WebHost[2]
      Request finished in 70.6337ms 200 application/json; charset=utf-8
info: Microsoft.AspNetCore.Hosting.Internal.WebHost[1]
      Request starting HTTP/1.1 PUT http://localhost:44317/ExcelAddin/api/updateparameters/?propNames=components/comment,project/name application/json; charset=utf-8 10
info: Microsoft.AspNetCore.Routing.EndpointMiddleware[0]
      Executing endpoint 'APIGateway.Controllers.UpdateParametersController.Put (APIGateway)'
info: Microsoft.AspNetCore.Mvc.Internal.ControllerActionInvoker[3]
      Route matched with {action = "Put", controller = "UpdateParameters", page = ""}. Executing controller action with signature System.Threading.Tasks.Task`1[APIGateway.Models.ResponseMessage] Put(System.String, System.String) on controller APIGateway.Controllers.UpdateParametersController (APIGateway).
info: Microsoft.AspNetCore.Mvc.Internal.ControllerActionInvoker[1]
      Executing action method APIGateway.Controllers.UpdateParametersController.Put (APIGateway) - Validation state: Valid
info: Microsoft.AspNetCore.Mvc.Internal.ControllerActionInvoker[2]
      Executed action method APIGateway.Controllers.UpdateParametersController.Put (APIGateway), returned result Microsoft.AspNetCore.Mvc.ObjectResult in 169.1904ms.
info: Microsoft.AspNetCore.Mvc.Infrastructure.ObjectResultExecutor[1]
      Executing ObjectResult, writing value of type 'APIGateway.Models.ResponseMessage'.
info: Microsoft.AspNetCore.Mvc.Internal.ControllerActionInvoker[2]
      Executed action APIGateway.Controllers.UpdateParametersController.Put (APIGateway) in 169.7044ms
info: Microsoft.AspNetCore.Routing.EndpointMiddleware[1]
      Executed endpoint 'APIGateway.Controllers.UpdateParametersController.Put (APIGateway)'
info: Microsoft.AspNetCore.Hosting.Internal.WebHost[2]
      Request finished in 170.1109ms 200 application/json; charset=utf-8
info: Microsoft.AspNetCore.Hosting.Internal.WebHost[1]
      Request starting HTTP/1.1 PUT http://localhost:44317/ExcelAddin/api/updateparameters/?propNames=components/comment,projects/name application/json; charset=utf-8 8
info: Microsoft.AspNetCore.Routing.EndpointMiddleware[0]
      Executing endpoint 'APIGateway.Controllers.UpdateParametersController.Put (APIGateway)'
info: Microsoft.AspNetCore.Mvc.Internal.ControllerActionInvoker[3]
      Route matched with {action = "Put", controller = "UpdateParameters", page = ""}. Executing controller action with signature System.Threading.Tasks.Task`1[APIGateway.Models.ResponseMessage] Put(System.String, System.String) on controller APIGateway.Controllers.UpdateParametersController (APIGateway).
info: Microsoft.AspNetCore.Mvc.Internal.ControllerActionInvoker[1]
      Executing action method APIGateway.Controllers.UpdateParametersController.Put (APIGateway) - Validation state: Valid
info: Microsoft.AspNetCore.Mvc.Internal.ControllerActionInvoker[2]
      Executed action method APIGateway.Controllers.UpdateParametersController.Put (APIGateway), returned result Microsoft.AspNetCore.Mvc.ObjectResult in 68.8733ms.
info: Microsoft.AspNetCore.Mvc.Infrastructure.ObjectResultExecutor[1]
      Executing ObjectResult, writing value of type 'APIGateway.Models.ResponseMessage'.
info: Microsoft.AspNetCore.Mvc.Internal.ControllerActionInvoker[2]
      Executed action APIGateway.Controllers.UpdateParametersController.Put (APIGateway) in 69.4284ms
info: Microsoft.AspNetCore.Routing.EndpointMiddleware[1]
      Executed endpoint 'APIGateway.Controllers.UpdateParametersController.Put (APIGateway)'
info: Microsoft.AspNetCore.Hosting.Internal.WebHost[2]
      Request finished in 69.8159ms 200 application/json; charset=utf-8
info: Microsoft.AspNetCore.Hosting.Internal.WebHost[1]
      Request starting HTTP/1.1 GET http://localhost:44317/ExcelAddin/api/loadparameters/?propNames=components/designForProjectName,components/designByPersonName,components/comment,components/group,components/resources/0/group,components/locked,projects/name&searchValues=components/componentID:4787,projects/id:36022  
info: Microsoft.AspNetCore.Routing.EndpointMiddleware[0]
      Executing endpoint 'APIGateway.Controllers.LoadParametersController.Get (APIGateway)'
info: Microsoft.AspNetCore.Mvc.Internal.ControllerActionInvoker[3]
      Route matched with {action = "Get", controller = "LoadParameters", page = ""}. Executing controller action with signature System.Threading.Tasks.Task`1[APIGateway.Models.ResponseMessage] Get(System.String, System.String) on controller APIGateway.Controllers.LoadParametersController (APIGateway).
info: Microsoft.AspNetCore.Mvc.Internal.ControllerActionInvoker[1]
      Executing action method APIGateway.Controllers.LoadParametersController.Get (APIGateway) - Validation state: Valid
info: Microsoft.AspNetCore.Mvc.Internal.ControllerActionInvoker[2]
      Executed action method APIGateway.Controllers.LoadParametersController.Get (APIGateway), returned result Microsoft.AspNetCore.Mvc.ObjectResult in 93.2845ms.
info: Microsoft.AspNetCore.Mvc.Infrastructure.ObjectResultExecutor[1]
      Executing ObjectResult, writing value of type 'APIGateway.Models.ResponseMessage'.
info: Microsoft.AspNetCore.Mvc.Internal.ControllerActionInvoker[2]
      Executed action APIGateway.Controllers.LoadParametersController.Get (APIGateway) in 93.7827ms
info: Microsoft.AspNetCore.Routing.EndpointMiddleware[1]
      Executed endpoint 'APIGateway.Controllers.LoadParametersController.Get (APIGateway)'
info: Microsoft.AspNetCore.Hosting.Internal.WebHost[2]
      Request finished in 94.1928ms 200 application/json; charset=utf-8
info: Microsoft.AspNetCore.Hosting.Internal.WebHost[1]
      Request starting HTTP/1.1 PUT http://localhost:44317/ExcelAddin/api/updateparameters/?propNames=components/comment,projects/name application/json; charset=utf-8 8
info: Microsoft.AspNetCore.Routing.EndpointMiddleware[0]
      Executing endpoint 'APIGateway.Controllers.UpdateParametersController.Put (APIGateway)'
info: Microsoft.AspNetCore.Mvc.Internal.ControllerActionInvoker[3]
      Route matched with {action = "Put", controller = "UpdateParameters", page = ""}. Executing controller action with signature System.Threading.Tasks.Task`1[APIGateway.Models.ResponseMessage] Put(System.String, System.String) on controller APIGateway.Controllers.UpdateParametersController (APIGateway).
info: Microsoft.AspNetCore.Mvc.Internal.ControllerActionInvoker[1]
      Executing action method APIGateway.Controllers.UpdateParametersController.Put (APIGateway) - Validation state: Valid
info: Microsoft.AspNetCore.Mvc.Internal.ControllerActionInvoker[2]
      Executed action method APIGateway.Controllers.UpdateParametersController.Put (APIGateway), returned result Microsoft.AspNetCore.Mvc.ObjectResult in 333.0274ms.
info: Microsoft.AspNetCore.Mvc.Infrastructure.ObjectResultExecutor[1]
      Executing ObjectResult, writing value of type 'APIGateway.Models.ResponseMessage'.
info: Microsoft.AspNetCore.Mvc.Internal.ControllerActionInvoker[2]
      Executed action APIGateway.Controllers.UpdateParametersController.Put (APIGateway) in 333.4679ms
info: Microsoft.AspNetCore.Routing.EndpointMiddleware[1]
      Executed endpoint 'APIGateway.Controllers.UpdateParametersController.Put (APIGateway)'
info: Microsoft.AspNetCore.Hosting.Internal.WebHost[2]
      Request finished in 333.8799ms 200 application/json; charset=utf-8
info: Microsoft.AspNetCore.Hosting.Internal.WebHost[1]
      Request starting HTTP/1.1 GET http://localhost:44317/ExcelAddin/api/loadparameters/?propNames=components/designForProjectName,components/designByPersonName,components/comment,components/group,components/resources/0/group,components/locked,projects/name&searchValues=components/componentID:4787,projects/id:36022  
info: Microsoft.AspNetCore.Routing.EndpointMiddleware[0]
      Executing endpoint 'APIGateway.Controllers.LoadParametersController.Get (APIGateway)'
info: Microsoft.AspNetCore.Mvc.Internal.ControllerActionInvoker[3]
      Route matched with {action = "Get", controller = "LoadParameters", page = ""}. Executing controller action with signature System.Threading.Tasks.Task`1[APIGateway.Models.ResponseMessage] Get(System.String, System.String) on controller APIGateway.Controllers.LoadParametersController (APIGateway).
info: Microsoft.AspNetCore.Mvc.Internal.ControllerActionInvoker[1]
      Executing action method APIGateway.Controllers.LoadParametersController.Get (APIGateway) - Validation state: Valid
info: Microsoft.AspNetCore.Mvc.Internal.ControllerActionInvoker[2]
      Executed action method APIGateway.Controllers.LoadParametersController.Get (APIGateway), returned result Microsoft.AspNetCore.Mvc.ObjectResult in 72.6627ms.
info: Microsoft.AspNetCore.Mvc.Infrastructure.ObjectResultExecutor[1]
      Executing ObjectResult, writing value of type 'APIGateway.Models.ResponseMessage'.
info: Microsoft.AspNetCore.Mvc.Internal.ControllerActionInvoker[2]
      Executed action APIGateway.Controllers.LoadParametersController.Get (APIGateway) in 72.9986ms
info: Microsoft.AspNetCore.Routing.EndpointMiddleware[1]
      Executed endpoint 'APIGateway.Controllers.LoadParametersController.Get (APIGateway)'
info: Microsoft.AspNetCore.Hosting.Internal.WebHost[2]
      Request finished in 73.4975ms 200 application/json; charset=utf-8



































