info: Microsoft.AspNetCore.DataProtection.KeyManagement.XmlKeyManager[0]
      User profile is available. Using 'C:\Users\lnztha01\AppData\Local\ASP.NET\DataProtection-Keys' as key repository and Windows DPAPI to encrypt keys at rest.
Hosting environment: Development
Content root path: C:\Users\lnztha01\source\repos\ExcelGateway\APIGateway
Now listening on: http://127.0.0.1:19089
Application started. Press Ctrl+C to shut down.
info: Microsoft.AspNetCore.Hosting.Internal.WebHost[1]
      => ConnectionId:0HLOG278MHPR6 => RequestId:0HLOG278MHPR6:00000001 RequestPath:/
      Request starting HTTP/1.1 DEBUG http://localhost:2664/  0
info: Microsoft.AspNetCore.Hosting.Internal.WebHost[2]
      => ConnectionId:0HLOG278MHPR6 => RequestId:0HLOG278MHPR6:00000001 RequestPath:/
      Request finished in 35.4315ms 200 
info: Microsoft.AspNetCore.Hosting.Internal.WebHost[1]
      => ConnectionId:0HLOG278MHPR6 => RequestId:0HLOG278MHPR6:00000002 RequestPath:/
      Request starting HTTP/1.1 GET http://localhost:44331/  
info: Microsoft.AspNetCore.Mvc.RazorPages.Internal.PageActionInvoker[3]
      => ConnectionId:0HLOG278MHPR6 => RequestId:0HLOG278MHPR6:00000002 RequestPath:/ => /Index
      Route matched with {page = "/Index", action = "", controller = ""}. Executing page /Index
info: Microsoft.AspNetCore.Mvc.RazorPages.Internal.PageActionInvoker[101]
      => ConnectionId:0HLOG278MHPR6 => RequestId:0HLOG278MHPR6:00000002 RequestPath:/ => /Index
      Executing handler method APIGateway.HomePage.IndexModel.OnGet - ModelState is Valid
info: Microsoft.AspNetCore.Mvc.RazorPages.Internal.PageActionInvoker[102]
      => ConnectionId:0HLOG278MHPR6 => RequestId:0HLOG278MHPR6:00000002 RequestPath:/ => /Index
      Executed handler method OnGet, returned result .
info: Microsoft.AspNetCore.Mvc.RazorPages.Internal.PageActionInvoker[103]
      => ConnectionId:0HLOG278MHPR6 => RequestId:0HLOG278MHPR6:00000002 RequestPath:/ => /Index
      Executing an implicit handler method - ModelState is Valid
info: Microsoft.AspNetCore.Mvc.RazorPages.Internal.PageActionInvoker[104]
      => ConnectionId:0HLOG278MHPR6 => RequestId:0HLOG278MHPR6:00000002 RequestPath:/ => /Index
      Executed an implicit handler method, returned result Microsoft.AspNetCore.Mvc.RazorPages.PageResult.
info: Microsoft.AspNetCore.Mvc.RazorPages.Internal.PageActionInvoker[4]
      => ConnectionId:0HLOG278MHPR6 => RequestId:0HLOG278MHPR6:00000002 RequestPath:/ => /Index
      Executed page /Index in 163.4717ms
info: Microsoft.AspNetCore.Hosting.Internal.WebHost[2]
      => ConnectionId:0HLOG278MHPR6 => RequestId:0HLOG278MHPR6:00000002 RequestPath:/
      Request finished in 596.2619ms 200 text/html; charset=utf-8
info: Microsoft.AspNetCore.Hosting.Internal.WebHost[1]
      => ConnectionId:0HLOG278MHPR6 => RequestId:0HLOG278MHPR6:00000003 RequestPath:/favicon.ico
      Request starting HTTP/1.1 GET http://localhost:44331/favicon.ico  
info: Microsoft.AspNetCore.StaticFiles.StaticFileMiddleware[2]
      => ConnectionId:0HLOG278MHPR6 => RequestId:0HLOG278MHPR6:00000003 RequestPath:/favicon.ico
      Sending file. Request path: '/favicon.ico'. Physical path: 'C:\Users\lnztha01\source\repos\ExcelGateway\APIGateway\wwwroot\favicon.ico'
info: Microsoft.AspNetCore.Hosting.Internal.WebHost[2]
      => ConnectionId:0HLOG278MHPR6 => RequestId:0HLOG278MHPR6:00000003 RequestPath:/favicon.ico
      Request finished in 26.9657ms 200 image/x-icon
info: Microsoft.AspNetCore.Hosting.Internal.WebHost[1]
      => ConnectionId:0HLOG278MHPR6 => RequestId:0HLOG278MHPR6:00000004 RequestPath:/Home
      Request starting HTTP/1.1 GET http://localhost:44331/Home  
info: Microsoft.AspNetCore.Hosting.Internal.WebHost[2]
      => ConnectionId:0HLOG278MHPR6 => RequestId:0HLOG278MHPR6:00000004 RequestPath:/Home
      Request finished in 3.3868ms 404 
info: Microsoft.AspNetCore.Hosting.Internal.WebHost[1]
      => ConnectionId:0HLOG278MHPR6 => RequestId:0HLOG278MHPR6:00000005 RequestPath:/Index
      Request starting HTTP/1.1 GET http://localhost:44331/Index  
info: Microsoft.AspNetCore.Mvc.RazorPages.Internal.PageActionInvoker[3]
      => ConnectionId:0HLOG278MHPR6 => RequestId:0HLOG278MHPR6:00000005 RequestPath:/Index => /Index
      Route matched with {page = "/Index", action = "", controller = ""}. Executing page /Index
info: Microsoft.AspNetCore.Mvc.RazorPages.Internal.PageActionInvoker[101]
      => ConnectionId:0HLOG278MHPR6 => RequestId:0HLOG278MHPR6:00000005 RequestPath:/Index => /Index
      Executing handler method APIGateway.HomePage.IndexModel.OnGet - ModelState is Valid
info: Microsoft.AspNetCore.Mvc.RazorPages.Internal.PageActionInvoker[102]
      => ConnectionId:0HLOG278MHPR6 => RequestId:0HLOG278MHPR6:00000005 RequestPath:/Index => /Index
      Executed handler method OnGet, returned result .
info: Microsoft.AspNetCore.Mvc.RazorPages.Internal.PageActionInvoker[103]
      => ConnectionId:0HLOG278MHPR6 => RequestId:0HLOG278MHPR6:00000005 RequestPath:/Index => /Index
      Executing an implicit handler method - ModelState is Valid
info: Microsoft.AspNetCore.Mvc.RazorPages.Internal.PageActionInvoker[104]
      => ConnectionId:0HLOG278MHPR6 => RequestId:0HLOG278MHPR6:00000005 RequestPath:/Index => /Index
      Executed an implicit handler method, returned result Microsoft.AspNetCore.Mvc.RazorPages.PageResult.
info: Microsoft.AspNetCore.Mvc.RazorPages.Internal.PageActionInvoker[4]
      => ConnectionId:0HLOG278MHPR6 => RequestId:0HLOG278MHPR6:00000005 RequestPath:/Index => /Index
      Executed page /Index in 14.573ms
info: Microsoft.AspNetCore.Hosting.Internal.WebHost[2]
      => ConnectionId:0HLOG278MHPR6 => RequestId:0HLOG278MHPR6:00000005 RequestPath:/Index
      Request finished in 49.1386ms 200 text/html; charset=utf-8
info: Microsoft.AspNetCore.Hosting.Internal.WebHost[1]
      => ConnectionId:0HLOG278MHPR6 => RequestId:0HLOG278MHPR6:00000006 RequestPath:/
      Request starting HTTP/1.1 GET http://localhost:44331/  
info: Microsoft.AspNetCore.Mvc.RazorPages.Internal.PageActionInvoker[3]
      => ConnectionId:0HLOG278MHPR6 => RequestId:0HLOG278MHPR6:00000006 RequestPath:/ => /Index
      Route matched with {page = "/Index", action = "", controller = ""}. Executing page /Index
info: Microsoft.AspNetCore.Mvc.RazorPages.Internal.PageActionInvoker[101]
      => ConnectionId:0HLOG278MHPR6 => RequestId:0HLOG278MHPR6:00000006 RequestPath:/ => /Index
      Executing handler method APIGateway.HomePage.IndexModel.OnGet - ModelState is Valid
info: Microsoft.AspNetCore.Mvc.RazorPages.Internal.PageActionInvoker[102]
      => ConnectionId:0HLOG278MHPR6 => RequestId:0HLOG278MHPR6:00000006 RequestPath:/ => /Index
      Executed handler method OnGet, returned result .
info: Microsoft.AspNetCore.Mvc.RazorPages.Internal.PageActionInvoker[103]
      => ConnectionId:0HLOG278MHPR6 => RequestId:0HLOG278MHPR6:00000006 RequestPath:/ => /Index
      Executing an implicit handler method - ModelState is Valid
info: Microsoft.AspNetCore.Mvc.RazorPages.Internal.PageActionInvoker[104]
      => ConnectionId:0HLOG278MHPR6 => RequestId:0HLOG278MHPR6:00000006 RequestPath:/ => /Index
      Executed an implicit handler method, returned result Microsoft.AspNetCore.Mvc.RazorPages.PageResult.
info: Microsoft.AspNetCore.Mvc.RazorPages.Internal.PageActionInvoker[4]
      => ConnectionId:0HLOG278MHPR6 => RequestId:0HLOG278MHPR6:00000006 RequestPath:/ => /Index
      Executed page /Index in 12.1359ms
info: Microsoft.AspNetCore.Hosting.Internal.WebHost[2]
      => ConnectionId:0HLOG278MHPR6 => RequestId:0HLOG278MHPR6:00000006 RequestPath:/
      Request finished in 20.4717ms 200 text/html; charset=utf-8
