info: Microsoft.AspNetCore.DataProtection.KeyManagement.XmlKeyManager[0]
      User profile is available. Using 'C:\Users\lnztha01\AppData\Local\ASP.NET\DataProtection-Keys' as key repository and Windows DPAPI to encrypt keys at rest.
Hosting environment: Development
Content root path: C:\Users\lnztha01\source\repos\ExcelGateway\APIGateway
Now listening on: http://127.0.0.1:10735
Application started. Press Ctrl+C to shut down.
info: Microsoft.AspNetCore.Hosting.Internal.WebHost[1]
      => ConnectionId:0HLOGSP2D3F2J => RequestId:0HLOGSP2D3F2J:00000001 RequestPath:/ExcelAddin/api/loadexcelconfig/Sheet1
      Request starting HTTP/1.1 GET http://localhost:44331/ExcelAddin/api/loadexcelconfig/Sheet1  
fail: Microsoft.AspNetCore.Diagnostics.DeveloperExceptionPageMiddleware[1]
      => ConnectionId:0HLOGSP2D3F2J => RequestId:0HLOGSP2D3F2J:00000001 RequestPath:/ExcelAddin/api/loadexcelconfig/Sheet1
      An unhandled exception has occurred while executing the request.
System.InvalidOperationException: The constraint reference 'string' could not be resolved to a type. Register the constraint type with 'Microsoft.AspNetCore.Routing.RouteOptions.ConstraintMap'.
   at Microsoft.AspNetCore.Routing.DefaultParameterPolicyFactory.Create(RoutePatternParameterPart parameter, String inlineText)
   at Microsoft.AspNetCore.Routing.ParameterPolicyFactory.Create(RoutePatternParameterPart parameter, RoutePatternParameterPolicyReference reference)
   at Microsoft.AspNetCore.Routing.Matching.DfaMatcherBuilder.CreateCandidate(Endpoint endpoint, Int32 score)
   at Microsoft.AspNetCore.Routing.Matching.DfaMatcherBuilder.CreateCandidates(IReadOnlyList`1 endpoints)
   at Microsoft.AspNetCore.Routing.Matching.DfaMatcherBuilder.AddNode(DfaNode node, DfaState[] states, Int32 exitDestination)
   at Microsoft.AspNetCore.Routing.Matching.DfaMatcherBuilder.AddNode(DfaNode node, DfaState[] states, Int32 exitDestination)
   at Microsoft.AspNetCore.Routing.Matching.DfaMatcherBuilder.<AddNode>g__Transition|18_0(DfaNode next, <>c__DisplayClass18_0& )
   at Microsoft.AspNetCore.Routing.Matching.DfaMatcherBuilder.AddNode(DfaNode node, DfaState[] states, Int32 exitDestination)
   at Microsoft.AspNetCore.Routing.Matching.DfaMatcherBuilder.AddNode(DfaNode node, DfaState[] states, Int32 exitDestination)
   at Microsoft.AspNetCore.Routing.Matching.DfaMatcherBuilder.AddNode(DfaNode node, DfaState[] states, Int32 exitDestination)
   at Microsoft.AspNetCore.Routing.Matching.DfaMatcherBuilder.AddNode(DfaNode node, DfaState[] states, Int32 exitDestination)
   at Microsoft.AspNetCore.Routing.Matching.DfaMatcherBuilder.Build()
   at Microsoft.AspNetCore.Routing.Matching.DataSourceDependentMatcher.CreateMatcher(IReadOnlyList`1 endpoints)
   at Microsoft.AspNetCore.Routing.DataSourceDependentCache`1.Initialize()
   at System.Threading.LazyInitializer.EnsureInitializedCore[T](T& target, Boolean& initialized, Object& syncLock, Func`1 valueFactory)
   at Microsoft.AspNetCore.Routing.Matching.DataSourceDependentMatcher..ctor(EndpointDataSource dataSource, Lifetime lifetime, Func`1 matcherBuilderFactory)
   at Microsoft.AspNetCore.Routing.Matching.DfaMatcherFactory.CreateMatcher(EndpointDataSource dataSource)
   at Microsoft.AspNetCore.Routing.EndpointRoutingMiddleware.InitializeCoreAsync()
--- End of stack trace from previous location where exception was thrown ---
   at Microsoft.AspNetCore.Routing.EndpointRoutingMiddleware.Invoke(HttpContext httpContext)
   at APIGateway.Middlewares.ImpersonationMiddleWare.<>c__DisplayClass2_0.<<Invoke>b__0>d.MoveNext() in C:\Users\lnztha01\source\repos\ExcelGateway\APIGateway\Middlewares\ImpersonationMiddleWare.cs:line 31
--- End of stack trace from previous location where exception was thrown ---
   at APIGateway.Middlewares.ImpersonationMiddleWare.Invoke(HttpContext context) in C:\Users\lnztha01\source\repos\ExcelGateway\APIGateway\Middlewares\ImpersonationMiddleWare.cs:line 24
   at Microsoft.AspNetCore.Authentication.AuthenticationMiddleware.Invoke(HttpContext context)
   at Microsoft.AspNetCore.StaticFiles.StaticFileMiddleware.Invoke(HttpContext context)
   at Microsoft.AspNetCore.Diagnostics.DeveloperExceptionPageMiddleware.Invoke(HttpContext context)
info: Microsoft.AspNetCore.Hosting.Internal.WebHost[2]
      => ConnectionId:0HLOGSP2D3F2J => RequestId:0HLOGSP2D3F2J:00000001 RequestPath:/ExcelAddin/api/loadexcelconfig/Sheet1
      Request finished in 129.0405ms 500 text/html; charset=utf-8
