info: Microsoft.AspNetCore.DataProtection.KeyManagement.XmlKeyManager[0]
      User profile is available. Using 'C:\Users\lnztha01\AppData\Local\ASP.NET\DataProtection-Keys' as key repository and Windows DPAPI to encrypt keys at rest.
Hosting environment: Development
Content root path: C:\Users\lnztha01\source\repos\ExcelGateway\APIGateway
Now listening on: http://127.0.0.1:46637
Application started. Press Ctrl+C to shut down.
info: Microsoft.AspNetCore.Hosting.Internal.WebHost[1]
      => ConnectionId:0HLOGVHS8I8B7 => RequestId:0HLOGVHS8I8B7:00000001 RequestPath:/
      Request starting HTTP/1.1 DEBUG http://localhost:2664/  0
info: Microsoft.AspNetCore.Hosting.Internal.WebHost[2]
      => ConnectionId:0HLOGVHS8I8B7 => RequestId:0HLOGVHS8I8B7:00000001 RequestPath:/
      Request finished in 88.8319ms 200 
info: Microsoft.AspNetCore.Hosting.Internal.WebHost[1]
      => ConnectionId:0HLOGVHS8I8B7 => RequestId:0HLOGVHS8I8B7:00000002 RequestPath:/ExcelAddin/
      Request starting HTTP/1.1 OPTIONS http://localhost:44331/ExcelAddin/  
info: Microsoft.AspNetCore.Hosting.Internal.WebHost[2]
      => ConnectionId:0HLOGVHS8I8B7 => RequestId:0HLOGVHS8I8B7:00000002 RequestPath:/ExcelAddin/
      Request finished in 72.8718ms 404 
info: Microsoft.AspNetCore.Hosting.Internal.WebHost[1]
      => ConnectionId:0HLOGVHS8I8B7 => RequestId:0HLOGVHS8I8B7:00000003 RequestPath:/ExcelAddin/Home.html
      Request starting HTTP/1.1 GET http://localhost:44331/ExcelAddin/Home.html?_host_Info=Excel$Win32$16.01$en-US  
info: Microsoft.AspNetCore.StaticFiles.StaticFileMiddleware[2]
      => ConnectionId:0HLOGVHS8I8B7 => RequestId:0HLOGVHS8I8B7:00000003 RequestPath:/ExcelAddin/Home.html
      Sending file. Request path: '/ExcelAddin/Home.html'. Physical path: 'C:\Users\lnztha01\source\repos\ExcelGateway\APIGateway\wwwroot\ExcelAddin\Home.html'
info: Microsoft.AspNetCore.Hosting.Internal.WebHost[2]
      => ConnectionId:0HLOGVHS8I8B7 => RequestId:0HLOGVHS8I8B7:00000003 RequestPath:/ExcelAddin/Home.html
      Request finished in 39.2438ms 200 text/html
info: Microsoft.AspNetCore.Hosting.Internal.WebHost[1]
      => ConnectionId:0HLOGVHS8I8B7 => RequestId:0HLOGVHS8I8B7:00000004 RequestPath:/ExcelAddin/Scripts/jquery-1.9.1.js
      Request starting HTTP/1.1 GET http://localhost:44331/ExcelAddin/Scripts/jquery-1.9.1.js  
info: Microsoft.AspNetCore.StaticFiles.StaticFileMiddleware[6]
      => ConnectionId:0HLOGVHS8I8B7 => RequestId:0HLOGVHS8I8B7:00000004 RequestPath:/ExcelAddin/Scripts/jquery-1.9.1.js
      The file /ExcelAddin/Scripts/jquery-1.9.1.js was not modified
info: Microsoft.AspNetCore.Hosting.Internal.WebHost[2]
      => ConnectionId:0HLOGVHS8I8B7 => RequestId:0HLOGVHS8I8B7:00000004 RequestPath:/ExcelAddin/Scripts/jquery-1.9.1.js
      Request finished in 17.2689ms 304 application/javascript
info: Microsoft.AspNetCore.Hosting.Internal.WebHost[1]
      => ConnectionId:0HLOGVHS8I8B7 => RequestId:0HLOGVHS8I8B7:00000005 RequestPath:/ExcelAddin/Scripts/FabricUI/MessageBanner.js
      Request starting HTTP/1.1 GET http://localhost:44331/ExcelAddin/Scripts/FabricUI/MessageBanner.js  
info: Microsoft.AspNetCore.StaticFiles.StaticFileMiddleware[6]
      => ConnectionId:0HLOGVHS8I8B7 => RequestId:0HLOGVHS8I8B7:00000005 RequestPath:/ExcelAddin/Scripts/FabricUI/MessageBanner.js
      The file /ExcelAddin/Scripts/FabricUI/MessageBanner.js was not modified
info: Microsoft.AspNetCore.Hosting.Internal.WebHost[2]
      => ConnectionId:0HLOGVHS8I8B7 => RequestId:0HLOGVHS8I8B7:00000005 RequestPath:/ExcelAddin/Scripts/FabricUI/MessageBanner.js
      Request finished in 6.1447ms 304 application/javascript
info: Microsoft.AspNetCore.Hosting.Internal.WebHost[1]
      => ConnectionId:0HLOGVHS8I8B7 => RequestId:0HLOGVHS8I8B7:00000006 RequestPath:/ExcelAddin/Home.css
      Request starting HTTP/1.1 GET http://localhost:44331/ExcelAddin/Home.css  
info: Microsoft.AspNetCore.StaticFiles.StaticFileMiddleware[6]
      => ConnectionId:0HLOGVHS8I8B7 => RequestId:0HLOGVHS8I8B7:00000006 RequestPath:/ExcelAddin/Home.css
      The file /ExcelAddin/Home.css was not modified
info: Microsoft.AspNetCore.Hosting.Internal.WebHost[2]
      => ConnectionId:0HLOGVHS8I8B7 => RequestId:0HLOGVHS8I8B7:00000006 RequestPath:/ExcelAddin/Home.css
      Request finished in 6.8515ms 304 text/css
info: Microsoft.AspNetCore.Hosting.Internal.WebHost[1]
      => ConnectionId:0HLOGVHS8I8B8 => RequestId:0HLOGVHS8I8B8:00000001 RequestPath:/ExcelAddin/bundle/Home.js
      Request starting HTTP/1.1 GET http://localhost:44331/ExcelAddin/bundle/Home.js  
info: Microsoft.AspNetCore.StaticFiles.StaticFileMiddleware[2]
      => ConnectionId:0HLOGVHS8I8B8 => RequestId:0HLOGVHS8I8B8:00000001 RequestPath:/ExcelAddin/bundle/Home.js
      Sending file. Request path: '/ExcelAddin/bundle/Home.js'. Physical path: 'C:\Users\lnztha01\source\repos\ExcelGateway\APIGateway\wwwroot\ExcelAddin\bundle\Home.js'
info: Microsoft.AspNetCore.Hosting.Internal.WebHost[2]
      => ConnectionId:0HLOGVHS8I8B8 => RequestId:0HLOGVHS8I8B8:00000001 RequestPath:/ExcelAddin/bundle/Home.js
      Request finished in 20.5266ms 200 application/javascript
info: Microsoft.AspNetCore.Hosting.Internal.WebHost[1]
      => ConnectionId:0HLOGVHS8I8B7 => RequestId:0HLOGVHS8I8B7:00000007 RequestPath:/ExcelAddin/api/loadexcelconfig/Sheet1
      Request starting HTTP/1.1 GET http://localhost:44331/ExcelAddin/api/loadexcelconfig/Sheet1  
info: Microsoft.AspNetCore.Routing.EndpointMiddleware[0]
      => ConnectionId:0HLOGVHS8I8B7 => RequestId:0HLOGVHS8I8B7:00000007 RequestPath:/ExcelAddin/api/loadexcelconfig/Sheet1
      Executing endpoint 'APIGateway.Controllers.LoadExcelConfigController.Get (APIGateway)'
info: Microsoft.AspNetCore.Mvc.Internal.ControllerActionInvoker[3]
      => ConnectionId:0HLOGVHS8I8B7 => RequestId:0HLOGVHS8I8B7:00000007 RequestPath:/ExcelAddin/api/loadexcelconfig/Sheet1 => APIGateway.Controllers.LoadExcelConfigController.Get (APIGateway)
      Route matched with {action = "Get", controller = "LoadExcelConfig", page = ""}. Executing controller action with signature Microsoft.AspNetCore.Mvc.ActionResult`1[System.String] Get(System.String) on controller APIGateway.Controllers.LoadExcelConfigController (APIGateway).
info: Microsoft.AspNetCore.Mvc.Internal.ControllerActionInvoker[1]
      => ConnectionId:0HLOGVHS8I8B7 => RequestId:0HLOGVHS8I8B7:00000007 RequestPath:/ExcelAddin/api/loadexcelconfig/Sheet1 => APIGateway.Controllers.LoadExcelConfigController.Get (APIGateway)
      Executing action method APIGateway.Controllers.LoadExcelConfigController.Get (APIGateway) - Validation state: Valid
info: Microsoft.AspNetCore.Mvc.Internal.ControllerActionInvoker[2]
      => ConnectionId:0HLOGVHS8I8B7 => RequestId:0HLOGVHS8I8B7:00000007 RequestPath:/ExcelAddin/api/loadexcelconfig/Sheet1 => APIGateway.Controllers.LoadExcelConfigController.Get (APIGateway)
      Executed action method APIGateway.Controllers.LoadExcelConfigController.Get (APIGateway), returned result Microsoft.AspNetCore.Mvc.ObjectResult in 82.8424ms.
info: Microsoft.AspNetCore.Mvc.Infrastructure.ObjectResultExecutor[1]
      => ConnectionId:0HLOGVHS8I8B7 => RequestId:0HLOGVHS8I8B7:00000007 RequestPath:/ExcelAddin/api/loadexcelconfig/Sheet1 => APIGateway.Controllers.LoadExcelConfigController.Get (APIGateway)
      Executing ObjectResult, writing value of type 'System.String'.
info: Microsoft.AspNetCore.Mvc.Internal.ControllerActionInvoker[2]
      => ConnectionId:0HLOGVHS8I8B7 => RequestId:0HLOGVHS8I8B7:00000007 RequestPath:/ExcelAddin/api/loadexcelconfig/Sheet1 => APIGateway.Controllers.LoadExcelConfigController.Get (APIGateway)
      Executed action APIGateway.Controllers.LoadExcelConfigController.Get (APIGateway) in 217.4213ms
info: Microsoft.AspNetCore.Routing.EndpointMiddleware[1]
      => ConnectionId:0HLOGVHS8I8B7 => RequestId:0HLOGVHS8I8B7:00000007 RequestPath:/ExcelAddin/api/loadexcelconfig/Sheet1
      Executed endpoint 'APIGateway.Controllers.LoadExcelConfigController.Get (APIGateway)'
info: Microsoft.AspNetCore.Hosting.Internal.WebHost[2]
      => ConnectionId:0HLOGVHS8I8B7 => RequestId:0HLOGVHS8I8B7:00000007 RequestPath:/ExcelAddin/api/loadexcelconfig/Sheet1
      Request finished in 259.9671ms 200 text/plain; charset=utf-8
info: Microsoft.AspNetCore.Hosting.Internal.WebHost[1]
      => ConnectionId:0HLOGVHS8I8B8 => RequestId:0HLOGVHS8I8B8:00000002 RequestPath:/ExcelAddin/api/loadparameters/Sheet1
      Request starting HTTP/1.1 GET http://localhost:44331/ExcelAddin/api/loadparameters/Sheet1?searchValues=4743  
info: Microsoft.AspNetCore.Routing.EndpointMiddleware[0]
      => ConnectionId:0HLOGVHS8I8B8 => RequestId:0HLOGVHS8I8B8:00000002 RequestPath:/ExcelAddin/api/loadparameters/Sheet1
      Executing endpoint 'APIGateway.Controllers.LoadParametersController.Get (APIGateway)'
info: Microsoft.AspNetCore.Mvc.Internal.ControllerActionInvoker[3]
      => ConnectionId:0HLOGVHS8I8B8 => RequestId:0HLOGVHS8I8B8:00000002 RequestPath:/ExcelAddin/api/loadparameters/Sheet1 => APIGateway.Controllers.LoadParametersController.Get (APIGateway)
      Route matched with {action = "Get", controller = "LoadParameters", page = ""}. Executing controller action with signature System.Threading.Tasks.Task`1[System.String] Get(System.String, System.String) on controller APIGateway.Controllers.LoadParametersController (APIGateway).
info: Microsoft.AspNetCore.Mvc.Internal.ControllerActionInvoker[1]
      => ConnectionId:0HLOGVHS8I8B8 => RequestId:0HLOGVHS8I8B8:00000002 RequestPath:/ExcelAddin/api/loadparameters/Sheet1 => APIGateway.Controllers.LoadParametersController.Get (APIGateway)
      Executing action method APIGateway.Controllers.LoadParametersController.Get (APIGateway) - Validation state: Valid
info: Microsoft.AspNetCore.Mvc.Internal.ControllerActionInvoker[2]
      => ConnectionId:0HLOGVHS8I8B8 => RequestId:0HLOGVHS8I8B8:00000002 RequestPath:/ExcelAddin/api/loadparameters/Sheet1 => APIGateway.Controllers.LoadParametersController.Get (APIGateway)
      Executed action method APIGateway.Controllers.LoadParametersController.Get (APIGateway), returned result Microsoft.AspNetCore.Mvc.ObjectResult in 3837.8904ms.
info: Microsoft.AspNetCore.Mvc.Infrastructure.ObjectResultExecutor[1]
      => ConnectionId:0HLOGVHS8I8B8 => RequestId:0HLOGVHS8I8B8:00000002 RequestPath:/ExcelAddin/api/loadparameters/Sheet1 => APIGateway.Controllers.LoadParametersController.Get (APIGateway)
      Executing ObjectResult, writing value of type 'System.String'.
info: Microsoft.AspNetCore.Mvc.Internal.ControllerActionInvoker[2]
      => ConnectionId:0HLOGVHS8I8B8 => RequestId:0HLOGVHS8I8B8:00000002 RequestPath:/ExcelAddin/api/loadparameters/Sheet1 => APIGateway.Controllers.LoadParametersController.Get (APIGateway)
      Executed action APIGateway.Controllers.LoadParametersController.Get (APIGateway) in 3876.2734ms
info: Microsoft.AspNetCore.Routing.EndpointMiddleware[1]
      => ConnectionId:0HLOGVHS8I8B8 => RequestId:0HLOGVHS8I8B8:00000002 RequestPath:/ExcelAddin/api/loadparameters/Sheet1
      Executed endpoint 'APIGateway.Controllers.LoadParametersController.Get (APIGateway)'
info: Microsoft.AspNetCore.Hosting.Internal.WebHost[2]
      => ConnectionId:0HLOGVHS8I8B8 => RequestId:0HLOGVHS8I8B8:00000002 RequestPath:/ExcelAddin/api/loadparameters/Sheet1
      Request finished in 3898.7259ms 200 text/plain; charset=utf-8
info: Microsoft.AspNetCore.Hosting.Internal.WebHost[1]
      => ConnectionId:0HLOGVHS8I8B8 => RequestId:0HLOGVHS8I8B8:00000003 RequestPath:/ExcelAddin/api/updateparameters/Sheet1
      Request starting HTTP/1.1 PUT http://localhost:44331/ExcelAddin/api/updateparameters/Sheet1 application/json; charset=utf-8 9
info: Microsoft.AspNetCore.Routing.EndpointMiddleware[0]
      => ConnectionId:0HLOGVHS8I8B8 => RequestId:0HLOGVHS8I8B8:00000003 RequestPath:/ExcelAddin/api/updateparameters/Sheet1
      Executing endpoint 'APIGateway.Controllers.UpdateParametersController.Put (APIGateway)'
info: Microsoft.AspNetCore.Mvc.Internal.ControllerActionInvoker[3]
      => ConnectionId:0HLOGVHS8I8B8 => RequestId:0HLOGVHS8I8B8:00000003 RequestPath:/ExcelAddin/api/updateparameters/Sheet1 => APIGateway.Controllers.UpdateParametersController.Put (APIGateway)
      Route matched with {action = "Put", controller = "UpdateParameters", page = ""}. Executing controller action with signature System.Threading.Tasks.Task`1[System.Int32] Put(System.String, System.String) on controller APIGateway.Controllers.UpdateParametersController (APIGateway).
info: Microsoft.AspNetCore.Mvc.Internal.ControllerActionInvoker[1]
      => ConnectionId:0HLOGVHS8I8B8 => RequestId:0HLOGVHS8I8B8:00000003 RequestPath:/ExcelAddin/api/updateparameters/Sheet1 => APIGateway.Controllers.UpdateParametersController.Put (APIGateway)
      Executing action method APIGateway.Controllers.UpdateParametersController.Put (APIGateway) - Validation state: Valid
info: Microsoft.AspNetCore.Mvc.Internal.ControllerActionInvoker[2]
      => ConnectionId:0HLOGVHS8I8B8 => RequestId:0HLOGVHS8I8B8:00000003 RequestPath:/ExcelAddin/api/updateparameters/Sheet1 => APIGateway.Controllers.UpdateParametersController.Put (APIGateway)
      Executed action method APIGateway.Controllers.UpdateParametersController.Put (APIGateway), returned result Microsoft.AspNetCore.Mvc.ObjectResult in 1030.6713ms.
info: Microsoft.AspNetCore.Mvc.Infrastructure.ObjectResultExecutor[1]
      => ConnectionId:0HLOGVHS8I8B8 => RequestId:0HLOGVHS8I8B8:00000003 RequestPath:/ExcelAddin/api/updateparameters/Sheet1 => APIGateway.Controllers.UpdateParametersController.Put (APIGateway)
      Executing ObjectResult, writing value of type 'System.Int32'.
info: Microsoft.AspNetCore.Mvc.Internal.ControllerActionInvoker[2]
      => ConnectionId:0HLOGVHS8I8B8 => RequestId:0HLOGVHS8I8B8:00000003 RequestPath:/ExcelAddin/api/updateparameters/Sheet1 => APIGateway.Controllers.UpdateParametersController.Put (APIGateway)
      Executed action APIGateway.Controllers.UpdateParametersController.Put (APIGateway) in 1078.46ms
info: Microsoft.AspNetCore.Routing.EndpointMiddleware[1]
      => ConnectionId:0HLOGVHS8I8B8 => RequestId:0HLOGVHS8I8B8:00000003 RequestPath:/ExcelAddin/api/updateparameters/Sheet1
      Executed endpoint 'APIGateway.Controllers.UpdateParametersController.Put (APIGateway)'
info: Microsoft.AspNetCore.Hosting.Internal.WebHost[2]
      => ConnectionId:0HLOGVHS8I8B8 => RequestId:0HLOGVHS8I8B8:00000003 RequestPath:/ExcelAddin/api/updateparameters/Sheet1
      Request finished in 1093.6094ms 200 application/json; charset=utf-8
info: Microsoft.AspNetCore.Hosting.Internal.WebHost[1]
      => ConnectionId:0HLOGVHS8I8B8 => RequestId:0HLOGVHS8I8B8:00000004 RequestPath:/ExcelAddin/api/loadparameters/Sheet1
      Request starting HTTP/1.1 GET http://localhost:44331/ExcelAddin/api/loadparameters/Sheet1?searchValues=4743  
info: Microsoft.AspNetCore.Routing.EndpointMiddleware[0]
      => ConnectionId:0HLOGVHS8I8B8 => RequestId:0HLOGVHS8I8B8:00000004 RequestPath:/ExcelAddin/api/loadparameters/Sheet1
      Executing endpoint 'APIGateway.Controllers.LoadParametersController.Get (APIGateway)'
info: Microsoft.AspNetCore.Mvc.Internal.ControllerActionInvoker[3]
      => ConnectionId:0HLOGVHS8I8B8 => RequestId:0HLOGVHS8I8B8:00000004 RequestPath:/ExcelAddin/api/loadparameters/Sheet1 => APIGateway.Controllers.LoadParametersController.Get (APIGateway)
      Route matched with {action = "Get", controller = "LoadParameters", page = ""}. Executing controller action with signature System.Threading.Tasks.Task`1[System.String] Get(System.String, System.String) on controller APIGateway.Controllers.LoadParametersController (APIGateway).
info: Microsoft.AspNetCore.Mvc.Internal.ControllerActionInvoker[1]
      => ConnectionId:0HLOGVHS8I8B8 => RequestId:0HLOGVHS8I8B8:00000004 RequestPath:/ExcelAddin/api/loadparameters/Sheet1 => APIGateway.Controllers.LoadParametersController.Get (APIGateway)
      Executing action method APIGateway.Controllers.LoadParametersController.Get (APIGateway) - Validation state: Valid
info: Microsoft.AspNetCore.Mvc.Internal.ControllerActionInvoker[2]
      => ConnectionId:0HLOGVHS8I8B8 => RequestId:0HLOGVHS8I8B8:00000004 RequestPath:/ExcelAddin/api/loadparameters/Sheet1 => APIGateway.Controllers.LoadParametersController.Get (APIGateway)
      Executed action method APIGateway.Controllers.LoadParametersController.Get (APIGateway), returned result Microsoft.AspNetCore.Mvc.ObjectResult in 73.6477ms.
info: Microsoft.AspNetCore.Mvc.Infrastructure.ObjectResultExecutor[1]
      => ConnectionId:0HLOGVHS8I8B8 => RequestId:0HLOGVHS8I8B8:00000004 RequestPath:/ExcelAddin/api/loadparameters/Sheet1 => APIGateway.Controllers.LoadParametersController.Get (APIGateway)
      Executing ObjectResult, writing value of type 'System.String'.
info: Microsoft.AspNetCore.Mvc.Internal.ControllerActionInvoker[2]
      => ConnectionId:0HLOGVHS8I8B8 => RequestId:0HLOGVHS8I8B8:00000004 RequestPath:/ExcelAddin/api/loadparameters/Sheet1 => APIGateway.Controllers.LoadParametersController.Get (APIGateway)
      Executed action APIGateway.Controllers.LoadParametersController.Get (APIGateway) in 102.379ms
info: Microsoft.AspNetCore.Routing.EndpointMiddleware[1]
      => ConnectionId:0HLOGVHS8I8B8 => RequestId:0HLOGVHS8I8B8:00000004 RequestPath:/ExcelAddin/api/loadparameters/Sheet1
      Executed endpoint 'APIGateway.Controllers.LoadParametersController.Get (APIGateway)'
info: Microsoft.AspNetCore.Hosting.Internal.WebHost[2]
      => ConnectionId:0HLOGVHS8I8B8 => RequestId:0HLOGVHS8I8B8:00000004 RequestPath:/ExcelAddin/api/loadparameters/Sheet1
      Request finished in 114.774ms 200 text/plain; charset=utf-8
info: Microsoft.AspNetCore.Hosting.Internal.WebHost[1]
      => ConnectionId:0HLOGVHS8I8B8 => RequestId:0HLOGVHS8I8B8:00000005 RequestPath:/ExcelAddin/api/loadexcelconfig/Transfer
      Request starting HTTP/1.1 GET http://localhost:44331/ExcelAddin/api/loadexcelconfig/Transfer  
info: Microsoft.AspNetCore.Routing.EndpointMiddleware[0]
      => ConnectionId:0HLOGVHS8I8B8 => RequestId:0HLOGVHS8I8B8:00000005 RequestPath:/ExcelAddin/api/loadexcelconfig/Transfer
      Executing endpoint 'APIGateway.Controllers.LoadExcelConfigController.Get (APIGateway)'
info: Microsoft.AspNetCore.Mvc.Internal.ControllerActionInvoker[3]
      => ConnectionId:0HLOGVHS8I8B8 => RequestId:0HLOGVHS8I8B8:00000005 RequestPath:/ExcelAddin/api/loadexcelconfig/Transfer => APIGateway.Controllers.LoadExcelConfigController.Get (APIGateway)
      Route matched with {action = "Get", controller = "LoadExcelConfig", page = ""}. Executing controller action with signature Microsoft.AspNetCore.Mvc.ActionResult`1[System.String] Get(System.String) on controller APIGateway.Controllers.LoadExcelConfigController (APIGateway).
info: Microsoft.AspNetCore.Mvc.Internal.ControllerActionInvoker[1]
      => ConnectionId:0HLOGVHS8I8B8 => RequestId:0HLOGVHS8I8B8:00000005 RequestPath:/ExcelAddin/api/loadexcelconfig/Transfer => APIGateway.Controllers.LoadExcelConfigController.Get (APIGateway)
      Executing action method APIGateway.Controllers.LoadExcelConfigController.Get (APIGateway) - Validation state: Valid
info: Microsoft.AspNetCore.Mvc.Internal.ControllerActionInvoker[2]
      => ConnectionId:0HLOGVHS8I8B8 => RequestId:0HLOGVHS8I8B8:00000005 RequestPath:/ExcelAddin/api/loadexcelconfig/Transfer => APIGateway.Controllers.LoadExcelConfigController.Get (APIGateway)
      Executed action method APIGateway.Controllers.LoadExcelConfigController.Get (APIGateway), returned result Microsoft.AspNetCore.Mvc.ObjectResult in 0.0995ms.
info: Microsoft.AspNetCore.Mvc.Infrastructure.ObjectResultExecutor[1]
      => ConnectionId:0HLOGVHS8I8B8 => RequestId:0HLOGVHS8I8B8:00000005 RequestPath:/ExcelAddin/api/loadexcelconfig/Transfer => APIGateway.Controllers.LoadExcelConfigController.Get (APIGateway)
      Executing ObjectResult, writing value of type 'System.String'.
info: Microsoft.AspNetCore.Mvc.Internal.ControllerActionInvoker[2]
      => ConnectionId:0HLOGVHS8I8B8 => RequestId:0HLOGVHS8I8B8:00000005 RequestPath:/ExcelAddin/api/loadexcelconfig/Transfer => APIGateway.Controllers.LoadExcelConfigController.Get (APIGateway)
      Executed action APIGateway.Controllers.LoadExcelConfigController.Get (APIGateway) in 27.0245ms
info: Microsoft.AspNetCore.Routing.EndpointMiddleware[1]
      => ConnectionId:0HLOGVHS8I8B8 => RequestId:0HLOGVHS8I8B8:00000005 RequestPath:/ExcelAddin/api/loadexcelconfig/Transfer
      Executed endpoint 'APIGateway.Controllers.LoadExcelConfigController.Get (APIGateway)'
info: Microsoft.AspNetCore.Hosting.Internal.WebHost[2]
      => ConnectionId:0HLOGVHS8I8B8 => RequestId:0HLOGVHS8I8B8:00000005 RequestPath:/ExcelAddin/api/loadexcelconfig/Transfer
      Request finished in 34.8365ms 200 text/plain; charset=utf-8
info: Microsoft.AspNetCore.Hosting.Internal.WebHost[1]
      => ConnectionId:0HLOGVHS8I8B8 => RequestId:0HLOGVHS8I8B8:00000006 RequestPath:/ExcelAddin/api/loadparameters/Transfer
      Request starting HTTP/1.1 GET http://localhost:44331/ExcelAddin/api/loadparameters/Transfer?searchValues=4743,4743  
info: Microsoft.AspNetCore.Routing.EndpointMiddleware[0]
      => ConnectionId:0HLOGVHS8I8B8 => RequestId:0HLOGVHS8I8B8:00000006 RequestPath:/ExcelAddin/api/loadparameters/Transfer
      Executing endpoint 'APIGateway.Controllers.LoadParametersController.Get (APIGateway)'
info: Microsoft.AspNetCore.Mvc.Internal.ControllerActionInvoker[3]
      => ConnectionId:0HLOGVHS8I8B8 => RequestId:0HLOGVHS8I8B8:00000006 RequestPath:/ExcelAddin/api/loadparameters/Transfer => APIGateway.Controllers.LoadParametersController.Get (APIGateway)
      Route matched with {action = "Get", controller = "LoadParameters", page = ""}. Executing controller action with signature System.Threading.Tasks.Task`1[System.String] Get(System.String, System.String) on controller APIGateway.Controllers.LoadParametersController (APIGateway).
info: Microsoft.AspNetCore.Mvc.Internal.ControllerActionInvoker[1]
      => ConnectionId:0HLOGVHS8I8B8 => RequestId:0HLOGVHS8I8B8:00000006 RequestPath:/ExcelAddin/api/loadparameters/Transfer => APIGateway.Controllers.LoadParametersController.Get (APIGateway)
      Executing action method APIGateway.Controllers.LoadParametersController.Get (APIGateway) - Validation state: Valid
info: Microsoft.AspNetCore.Mvc.Internal.ControllerActionInvoker[2]
      => ConnectionId:0HLOGVHS8I8B8 => RequestId:0HLOGVHS8I8B8:00000006 RequestPath:/ExcelAddin/api/loadparameters/Transfer => APIGateway.Controllers.LoadParametersController.Get (APIGateway)
      Executed action method APIGateway.Controllers.LoadParametersController.Get (APIGateway), returned result Microsoft.AspNetCore.Mvc.ObjectResult in 76.0659ms.
info: Microsoft.AspNetCore.Mvc.Infrastructure.ObjectResultExecutor[1]
      => ConnectionId:0HLOGVHS8I8B8 => RequestId:0HLOGVHS8I8B8:00000006 RequestPath:/ExcelAddin/api/loadparameters/Transfer => APIGateway.Controllers.LoadParametersController.Get (APIGateway)
      Executing ObjectResult, writing value of type 'System.String'.
info: Microsoft.AspNetCore.Mvc.Internal.ControllerActionInvoker[2]
      => ConnectionId:0HLOGVHS8I8B8 => RequestId:0HLOGVHS8I8B8:00000006 RequestPath:/ExcelAddin/api/loadparameters/Transfer => APIGateway.Controllers.LoadParametersController.Get (APIGateway)
      Executed action APIGateway.Controllers.LoadParametersController.Get (APIGateway) in 103.9762ms
info: Microsoft.AspNetCore.Routing.EndpointMiddleware[1]
      => ConnectionId:0HLOGVHS8I8B8 => RequestId:0HLOGVHS8I8B8:00000006 RequestPath:/ExcelAddin/api/loadparameters/Transfer
      Executed endpoint 'APIGateway.Controllers.LoadParametersController.Get (APIGateway)'
info: Microsoft.AspNetCore.Hosting.Internal.WebHost[2]
      => ConnectionId:0HLOGVHS8I8B8 => RequestId:0HLOGVHS8I8B8:00000006 RequestPath:/ExcelAddin/api/loadparameters/Transfer
      Request finished in 113.7686ms 200 text/plain; charset=utf-8
info: Microsoft.AspNetCore.Hosting.Internal.WebHost[1]
      => ConnectionId:0HLOGVHS8I8B8 => RequestId:0HLOGVHS8I8B8:00000007 RequestPath:/ExcelAddin/api/updateparameters/Transfer
      Request starting HTTP/1.1 PUT http://localhost:44331/ExcelAddin/api/updateparameters/Transfer application/json; charset=utf-8 3
info: Microsoft.AspNetCore.Routing.EndpointMiddleware[0]
      => ConnectionId:0HLOGVHS8I8B8 => RequestId:0HLOGVHS8I8B8:00000007 RequestPath:/ExcelAddin/api/updateparameters/Transfer
      Executing endpoint 'APIGateway.Controllers.UpdateParametersController.Put (APIGateway)'
info: Microsoft.AspNetCore.Mvc.Internal.ControllerActionInvoker[3]
      => ConnectionId:0HLOGVHS8I8B8 => RequestId:0HLOGVHS8I8B8:00000007 RequestPath:/ExcelAddin/api/updateparameters/Transfer => APIGateway.Controllers.UpdateParametersController.Put (APIGateway)
      Route matched with {action = "Put", controller = "UpdateParameters", page = ""}. Executing controller action with signature System.Threading.Tasks.Task`1[System.Int32] Put(System.String, System.String) on controller APIGateway.Controllers.UpdateParametersController (APIGateway).
info: Microsoft.AspNetCore.Mvc.Internal.ControllerActionInvoker[1]
      => ConnectionId:0HLOGVHS8I8B8 => RequestId:0HLOGVHS8I8B8:00000007 RequestPath:/ExcelAddin/api/updateparameters/Transfer => APIGateway.Controllers.UpdateParametersController.Put (APIGateway)
      Executing action method APIGateway.Controllers.UpdateParametersController.Put (APIGateway) - Validation state: Valid
info: Microsoft.AspNetCore.Mvc.Internal.ControllerActionInvoker[2]
      => ConnectionId:0HLOGVHS8I8B8 => RequestId:0HLOGVHS8I8B8:00000007 RequestPath:/ExcelAddin/api/updateparameters/Transfer => APIGateway.Controllers.UpdateParametersController.Put (APIGateway)
      Executed action method APIGateway.Controllers.UpdateParametersController.Put (APIGateway), returned result Microsoft.AspNetCore.Mvc.ObjectResult in 223.2868ms.
info: Microsoft.AspNetCore.Mvc.Infrastructure.ObjectResultExecutor[1]
      => ConnectionId:0HLOGVHS8I8B8 => RequestId:0HLOGVHS8I8B8:00000007 RequestPath:/ExcelAddin/api/updateparameters/Transfer => APIGateway.Controllers.UpdateParametersController.Put (APIGateway)
      Executing ObjectResult, writing value of type 'System.Int32'.
info: Microsoft.AspNetCore.Mvc.Internal.ControllerActionInvoker[2]
      => ConnectionId:0HLOGVHS8I8B8 => RequestId:0HLOGVHS8I8B8:00000007 RequestPath:/ExcelAddin/api/updateparameters/Transfer => APIGateway.Controllers.UpdateParametersController.Put (APIGateway)
      Executed action APIGateway.Controllers.UpdateParametersController.Put (APIGateway) in 254.6286ms
info: Microsoft.AspNetCore.Routing.EndpointMiddleware[1]
      => ConnectionId:0HLOGVHS8I8B8 => RequestId:0HLOGVHS8I8B8:00000007 RequestPath:/ExcelAddin/api/updateparameters/Transfer
      Executed endpoint 'APIGateway.Controllers.UpdateParametersController.Put (APIGateway)'
info: Microsoft.AspNetCore.Hosting.Internal.WebHost[2]
      => ConnectionId:0HLOGVHS8I8B8 => RequestId:0HLOGVHS8I8B8:00000007 RequestPath:/ExcelAddin/api/updateparameters/Transfer
      Request finished in 266.0257ms 200 application/json; charset=utf-8
info: Microsoft.AspNetCore.Hosting.Internal.WebHost[1]
      => ConnectionId:0HLOGVHS8I8B8 => RequestId:0HLOGVHS8I8B8:00000008 RequestPath:/ExcelAddin/api/loadparameters/Transfer
      Request starting HTTP/1.1 GET http://localhost:44331/ExcelAddin/api/loadparameters/Transfer?searchValues=4743,4743  
info: Microsoft.AspNetCore.Routing.EndpointMiddleware[0]
      => ConnectionId:0HLOGVHS8I8B8 => RequestId:0HLOGVHS8I8B8:00000008 RequestPath:/ExcelAddin/api/loadparameters/Transfer
      Executing endpoint 'APIGateway.Controllers.LoadParametersController.Get (APIGateway)'
info: Microsoft.AspNetCore.Mvc.Internal.ControllerActionInvoker[3]
      => ConnectionId:0HLOGVHS8I8B8 => RequestId:0HLOGVHS8I8B8:00000008 RequestPath:/ExcelAddin/api/loadparameters/Transfer => APIGateway.Controllers.LoadParametersController.Get (APIGateway)
      Route matched with {action = "Get", controller = "LoadParameters", page = ""}. Executing controller action with signature System.Threading.Tasks.Task`1[System.String] Get(System.String, System.String) on controller APIGateway.Controllers.LoadParametersController (APIGateway).
info: Microsoft.AspNetCore.Mvc.Internal.ControllerActionInvoker[1]
      => ConnectionId:0HLOGVHS8I8B8 => RequestId:0HLOGVHS8I8B8:00000008 RequestPath:/ExcelAddin/api/loadparameters/Transfer => APIGateway.Controllers.LoadParametersController.Get (APIGateway)
      Executing action method APIGateway.Controllers.LoadParametersController.Get (APIGateway) - Validation state: Valid
info: Microsoft.AspNetCore.Mvc.Internal.ControllerActionInvoker[2]
      => ConnectionId:0HLOGVHS8I8B8 => RequestId:0HLOGVHS8I8B8:00000008 RequestPath:/ExcelAddin/api/loadparameters/Transfer => APIGateway.Controllers.LoadParametersController.Get (APIGateway)
      Executed action method APIGateway.Controllers.LoadParametersController.Get (APIGateway), returned result Microsoft.AspNetCore.Mvc.ObjectResult in 71.4543ms.
info: Microsoft.AspNetCore.Mvc.Infrastructure.ObjectResultExecutor[1]
      => ConnectionId:0HLOGVHS8I8B8 => RequestId:0HLOGVHS8I8B8:00000008 RequestPath:/ExcelAddin/api/loadparameters/Transfer => APIGateway.Controllers.LoadParametersController.Get (APIGateway)
      Executing ObjectResult, writing value of type 'System.String'.
info: Microsoft.AspNetCore.Mvc.Internal.ControllerActionInvoker[2]
      => ConnectionId:0HLOGVHS8I8B8 => RequestId:0HLOGVHS8I8B8:00000008 RequestPath:/ExcelAddin/api/loadparameters/Transfer => APIGateway.Controllers.LoadParametersController.Get (APIGateway)
      Executed action APIGateway.Controllers.LoadParametersController.Get (APIGateway) in 100.3444ms
info: Microsoft.AspNetCore.Routing.EndpointMiddleware[1]
      => ConnectionId:0HLOGVHS8I8B8 => RequestId:0HLOGVHS8I8B8:00000008 RequestPath:/ExcelAddin/api/loadparameters/Transfer
      Executed endpoint 'APIGateway.Controllers.LoadParametersController.Get (APIGateway)'
info: Microsoft.AspNetCore.Hosting.Internal.WebHost[2]
      => ConnectionId:0HLOGVHS8I8B8 => RequestId:0HLOGVHS8I8B8:00000008 RequestPath:/ExcelAddin/api/loadparameters/Transfer
      Request finished in 109.9412ms 200 text/plain; charset=utf-8
info: Microsoft.AspNetCore.Hosting.Internal.WebHost[1]
      => ConnectionId:0HLOGVHS8I8B8 => RequestId:0HLOGVHS8I8B8:00000009 RequestPath:/ExcelAddin/api/loadparameters/Transfer
      Request starting HTTP/1.1 GET http://localhost:44331/ExcelAddin/api/loadparameters/Transfer?searchValues=4743,4743  
info: Microsoft.AspNetCore.Routing.EndpointMiddleware[0]
      => ConnectionId:0HLOGVHS8I8B8 => RequestId:0HLOGVHS8I8B8:00000009 RequestPath:/ExcelAddin/api/loadparameters/Transfer
      Executing endpoint 'APIGateway.Controllers.LoadParametersController.Get (APIGateway)'
info: Microsoft.AspNetCore.Mvc.Internal.ControllerActionInvoker[3]
      => ConnectionId:0HLOGVHS8I8B8 => RequestId:0HLOGVHS8I8B8:00000009 RequestPath:/ExcelAddin/api/loadparameters/Transfer => APIGateway.Controllers.LoadParametersController.Get (APIGateway)
      Route matched with {action = "Get", controller = "LoadParameters", page = ""}. Executing controller action with signature System.Threading.Tasks.Task`1[System.String] Get(System.String, System.String) on controller APIGateway.Controllers.LoadParametersController (APIGateway).
info: Microsoft.AspNetCore.Mvc.Internal.ControllerActionInvoker[1]
      => ConnectionId:0HLOGVHS8I8B8 => RequestId:0HLOGVHS8I8B8:00000009 RequestPath:/ExcelAddin/api/loadparameters/Transfer => APIGateway.Controllers.LoadParametersController.Get (APIGateway)
      Executing action method APIGateway.Controllers.LoadParametersController.Get (APIGateway) - Validation state: Valid
info: Microsoft.AspNetCore.Mvc.Internal.ControllerActionInvoker[2]
      => ConnectionId:0HLOGVHS8I8B8 => RequestId:0HLOGVHS8I8B8:00000009 RequestPath:/ExcelAddin/api/loadparameters/Transfer => APIGateway.Controllers.LoadParametersController.Get (APIGateway)
      Executed action method APIGateway.Controllers.LoadParametersController.Get (APIGateway), returned result Microsoft.AspNetCore.Mvc.ObjectResult in 79.6685ms.
info: Microsoft.AspNetCore.Mvc.Infrastructure.ObjectResultExecutor[1]
      => ConnectionId:0HLOGVHS8I8B8 => RequestId:0HLOGVHS8I8B8:00000009 RequestPath:/ExcelAddin/api/loadparameters/Transfer => APIGateway.Controllers.LoadParametersController.Get (APIGateway)
      Executing ObjectResult, writing value of type 'System.String'.
info: Microsoft.AspNetCore.Mvc.Internal.ControllerActionInvoker[2]
      => ConnectionId:0HLOGVHS8I8B8 => RequestId:0HLOGVHS8I8B8:00000009 RequestPath:/ExcelAddin/api/loadparameters/Transfer => APIGateway.Controllers.LoadParametersController.Get (APIGateway)
      Executed action APIGateway.Controllers.LoadParametersController.Get (APIGateway) in 109.9219ms
info: Microsoft.AspNetCore.Routing.EndpointMiddleware[1]
      => ConnectionId:0HLOGVHS8I8B8 => RequestId:0HLOGVHS8I8B8:00000009 RequestPath:/ExcelAddin/api/loadparameters/Transfer
      Executed endpoint 'APIGateway.Controllers.LoadParametersController.Get (APIGateway)'
info: Microsoft.AspNetCore.Hosting.Internal.WebHost[2]
      => ConnectionId:0HLOGVHS8I8B8 => RequestId:0HLOGVHS8I8B8:00000009 RequestPath:/ExcelAddin/api/loadparameters/Transfer
      Request finished in 120.9563ms 200 text/plain; charset=utf-8
