Hosting environment: Development
Content root path: C:\Users\lnztha01\source\repos\ExcelGateway\APIGateway
Now listening on: http://127.0.0.1:18469
Application started. Press Ctrl+C to shut down.
info: Microsoft.AspNetCore.Hosting.Internal.WebHost[1]
      => ConnectionId:0HLOF8VSKPK3L => RequestId:0HLOF8VSKPK3L:00000001 RequestPath:/
      Request starting HTTP/1.1 DEBUG http://localhost:2664/  0
info: Microsoft.AspNetCore.Hosting.Internal.WebHost[2]
      => ConnectionId:0HLOF8VSKPK3L => RequestId:0HLOF8VSKPK3L:00000001 RequestPath:/
      Request finished in 52.2013ms 200 
info: Microsoft.AspNetCore.Hosting.Internal.WebHost[1]
      => ConnectionId:0HLOF8VSKPK3L => RequestId:0HLOF8VSKPK3L:00000002 RequestPath:/ExcelAddin/
      Request starting HTTP/1.1 OPTIONS http://localhost:44331/ExcelAddin/  
info: Microsoft.AspNetCore.Hosting.Internal.WebHost[2]
      => ConnectionId:0HLOF8VSKPK3L => RequestId:0HLOF8VSKPK3L:00000002 RequestPath:/ExcelAddin/
      Request finished in 177.3555ms 404 
info: Microsoft.AspNetCore.Hosting.Internal.WebHost[1]
      => ConnectionId:0HLOF8VSKPK3L => RequestId:0HLOF8VSKPK3L:00000003 RequestPath:/ExcelAddin/Home.html
      Request starting HTTP/1.1 GET http://localhost:44331/ExcelAddin/Home.html?_host_Info=Excel$Win32$16.01$en-US  
info: Microsoft.AspNetCore.StaticFiles.StaticFileMiddleware[2]
      => ConnectionId:0HLOF8VSKPK3L => RequestId:0HLOF8VSKPK3L:00000003 RequestPath:/ExcelAddin/Home.html
      Sending file. Request path: '/ExcelAddin/Home.html'. Physical path: 'C:\Users\lnztha01\source\repos\ExcelGateway\APIGateway\wwwroot\ExcelAddin\Home.html'
info: Microsoft.AspNetCore.Hosting.Internal.WebHost[2]
      => ConnectionId:0HLOF8VSKPK3L => RequestId:0HLOF8VSKPK3L:00000003 RequestPath:/ExcelAddin/Home.html
      Request finished in 23.3078ms 200 text/html
info: Microsoft.AspNetCore.Hosting.Internal.WebHost[1]
      => ConnectionId:0HLOF8VSKPK3L => RequestId:0HLOF8VSKPK3L:00000004 RequestPath:/ExcelAddin/Scripts/jquery-1.9.1.js
      Request starting HTTP/1.1 GET http://localhost:44331/ExcelAddin/Scripts/jquery-1.9.1.js  
info: Microsoft.AspNetCore.StaticFiles.StaticFileMiddleware[6]
      => ConnectionId:0HLOF8VSKPK3L => RequestId:0HLOF8VSKPK3L:00000004 RequestPath:/ExcelAddin/Scripts/jquery-1.9.1.js
      The file /ExcelAddin/Scripts/jquery-1.9.1.js was not modified
info: Microsoft.AspNetCore.Hosting.Internal.WebHost[2]
      => ConnectionId:0HLOF8VSKPK3L => RequestId:0HLOF8VSKPK3L:00000004 RequestPath:/ExcelAddin/Scripts/jquery-1.9.1.js
      Request finished in 8.3338ms 304 application/javascript
info: Microsoft.AspNetCore.Hosting.Internal.WebHost[1]
      => ConnectionId:0HLOF8VSKPK3L => RequestId:0HLOF8VSKPK3L:00000005 RequestPath:/ExcelAddin/Scripts/FabricUI/MessageBanner.js
      Request starting HTTP/1.1 GET http://localhost:44331/ExcelAddin/Scripts/FabricUI/MessageBanner.js  
info: Microsoft.AspNetCore.StaticFiles.StaticFileMiddleware[6]
      => ConnectionId:0HLOF8VSKPK3L => RequestId:0HLOF8VSKPK3L:00000005 RequestPath:/ExcelAddin/Scripts/FabricUI/MessageBanner.js
      The file /ExcelAddin/Scripts/FabricUI/MessageBanner.js was not modified
info: Microsoft.AspNetCore.Hosting.Internal.WebHost[2]
      => ConnectionId:0HLOF8VSKPK3L => RequestId:0HLOF8VSKPK3L:00000005 RequestPath:/ExcelAddin/Scripts/FabricUI/MessageBanner.js
      Request finished in 4.2062ms 304 application/javascript
info: Microsoft.AspNetCore.Hosting.Internal.WebHost[1]
      => ConnectionId:0HLOF8VSKPK3L => RequestId:0HLOF8VSKPK3L:00000006 RequestPath:/ExcelAddin/Home.css
      Request starting HTTP/1.1 GET http://localhost:44331/ExcelAddin/Home.css  
info: Microsoft.AspNetCore.StaticFiles.StaticFileMiddleware[6]
      => ConnectionId:0HLOF8VSKPK3L => RequestId:0HLOF8VSKPK3L:00000006 RequestPath:/ExcelAddin/Home.css
      The file /ExcelAddin/Home.css was not modified
info: Microsoft.AspNetCore.Hosting.Internal.WebHost[2]
      => ConnectionId:0HLOF8VSKPK3L => RequestId:0HLOF8VSKPK3L:00000006 RequestPath:/ExcelAddin/Home.css
      Request finished in 5.0773ms 304 text/css
info: Microsoft.AspNetCore.Hosting.Internal.WebHost[1]
      => ConnectionId:0HLOF8VSKPK3M => RequestId:0HLOF8VSKPK3M:00000001 RequestPath:/ExcelAddin/bundle/Home.js
      Request starting HTTP/1.1 GET http://localhost:44331/ExcelAddin/bundle/Home.js  
info: Microsoft.AspNetCore.StaticFiles.StaticFileMiddleware[6]
      => ConnectionId:0HLOF8VSKPK3M => RequestId:0HLOF8VSKPK3M:00000001 RequestPath:/ExcelAddin/bundle/Home.js
      The file /ExcelAddin/bundle/Home.js was not modified
info: Microsoft.AspNetCore.Hosting.Internal.WebHost[2]
      => ConnectionId:0HLOF8VSKPK3M => RequestId:0HLOF8VSKPK3M:00000001 RequestPath:/ExcelAddin/bundle/Home.js
      Request finished in 4.5021ms 304 application/javascript
info: Microsoft.AspNetCore.Hosting.Internal.WebHost[1]
      => ConnectionId:0HLOF8VSKPK3L => RequestId:0HLOF8VSKPK3L:00000007 RequestPath:/ExcelAddin/api/loadexcelconfig
      Request starting HTTP/1.1 GET http://localhost:44331/ExcelAddin/api/loadexcelconfig  
info: Microsoft.AspNetCore.Mvc.Internal.ControllerActionInvoker[3]
      => ConnectionId:0HLOF8VSKPK3L => RequestId:0HLOF8VSKPK3L:00000007 RequestPath:/ExcelAddin/api/loadexcelconfig => APIGateway.Controllers.LoadExcelConfigController.Get (APIGateway)
      Route matched with {action = "Get", controller = "LoadExcelConfig"}. Executing controller action with signature Microsoft.AspNetCore.Mvc.ActionResult`1[System.String] Get() on controller APIGateway.Controllers.LoadExcelConfigController (APIGateway).
info: Microsoft.AspNetCore.Mvc.Internal.ControllerActionInvoker[1]
      => ConnectionId:0HLOF8VSKPK3L => RequestId:0HLOF8VSKPK3L:00000007 RequestPath:/ExcelAddin/api/loadexcelconfig => APIGateway.Controllers.LoadExcelConfigController.Get (APIGateway)
      Executing action method APIGateway.Controllers.LoadExcelConfigController.Get (APIGateway) - Validation state: Valid
info: Microsoft.AspNetCore.Mvc.Internal.ControllerActionInvoker[2]
      => ConnectionId:0HLOF8VSKPK3L => RequestId:0HLOF8VSKPK3L:00000007 RequestPath:/ExcelAddin/api/loadexcelconfig => APIGateway.Controllers.LoadExcelConfigController.Get (APIGateway)
      Executed action method APIGateway.Controllers.LoadExcelConfigController.Get (APIGateway), returned result Microsoft.AspNetCore.Mvc.ObjectResult in 139.4478ms.
info: Microsoft.AspNetCore.Mvc.Infrastructure.ObjectResultExecutor[1]
      => ConnectionId:0HLOF8VSKPK3L => RequestId:0HLOF8VSKPK3L:00000007 RequestPath:/ExcelAddin/api/loadexcelconfig => APIGateway.Controllers.LoadExcelConfigController.Get (APIGateway)
      Executing ObjectResult, writing value of type 'System.String'.
info: Microsoft.AspNetCore.Mvc.Internal.ControllerActionInvoker[2]
      => ConnectionId:0HLOF8VSKPK3L => RequestId:0HLOF8VSKPK3L:00000007 RequestPath:/ExcelAddin/api/loadexcelconfig => APIGateway.Controllers.LoadExcelConfigController.Get (APIGateway)
      Executed action APIGateway.Controllers.LoadExcelConfigController.Get (APIGateway) in 282.8929ms
info: Microsoft.AspNetCore.Hosting.Internal.WebHost[2]
      => ConnectionId:0HLOF8VSKPK3L => RequestId:0HLOF8VSKPK3L:00000007 RequestPath:/ExcelAddin/api/loadexcelconfig
      Request finished in 342.3429ms 200 text/plain; charset=utf-8
info: Microsoft.AspNetCore.Hosting.Internal.WebHost[1]
      => ConnectionId:0HLOF8VSKPK3M => RequestId:0HLOF8VSKPK3M:00000002 RequestPath:/ExcelAddin/api/loadparameters/4743
      Request starting HTTP/1.1 GET http://localhost:44331/ExcelAddin/api/loadparameters/4743  
info: Microsoft.AspNetCore.Mvc.Internal.ControllerActionInvoker[3]
      => ConnectionId:0HLOF8VSKPK3M => RequestId:0HLOF8VSKPK3M:00000002 RequestPath:/ExcelAddin/api/loadparameters/4743 => APIGateway.Controllers.LoadParametersController.Get (APIGateway)
      Route matched with {action = "Get", controller = "LoadParameters"}. Executing controller action with signature System.Threading.Tasks.Task`1[System.String] Get(System.String) on controller APIGateway.Controllers.LoadParametersController (APIGateway).
info: Microsoft.AspNetCore.Mvc.Internal.ControllerActionInvoker[1]
      => ConnectionId:0HLOF8VSKPK3M => RequestId:0HLOF8VSKPK3M:00000002 RequestPath:/ExcelAddin/api/loadparameters/4743 => APIGateway.Controllers.LoadParametersController.Get (APIGateway)
      Executing action method APIGateway.Controllers.LoadParametersController.Get (APIGateway) - Validation state: Valid
info: Microsoft.AspNetCore.Mvc.Internal.ControllerActionInvoker[2]
      => ConnectionId:0HLOF8VSKPK3M => RequestId:0HLOF8VSKPK3M:00000002 RequestPath:/ExcelAddin/api/loadparameters/4743 => APIGateway.Controllers.LoadParametersController.Get (APIGateway)
      Executed action method APIGateway.Controllers.LoadParametersController.Get (APIGateway), returned result Microsoft.AspNetCore.Mvc.ObjectResult in 644.2229ms.
info: Microsoft.AspNetCore.Mvc.Infrastructure.ObjectResultExecutor[1]
      => ConnectionId:0HLOF8VSKPK3M => RequestId:0HLOF8VSKPK3M:00000002 RequestPath:/ExcelAddin/api/loadparameters/4743 => APIGateway.Controllers.LoadParametersController.Get (APIGateway)
      Executing ObjectResult, writing value of type 'System.String'.
info: Microsoft.AspNetCore.Mvc.Internal.ControllerActionInvoker[2]
      => ConnectionId:0HLOF8VSKPK3M => RequestId:0HLOF8VSKPK3M:00000002 RequestPath:/ExcelAddin/api/loadparameters/4743 => APIGateway.Controllers.LoadParametersController.Get (APIGateway)
      Executed action APIGateway.Controllers.LoadParametersController.Get (APIGateway) in 697.126ms
info: Microsoft.AspNetCore.Hosting.Internal.WebHost[2]
      => ConnectionId:0HLOF8VSKPK3M => RequestId:0HLOF8VSKPK3M:00000002 RequestPath:/ExcelAddin/api/loadparameters/4743
      Request finished in 723.1257ms 200 text/plain; charset=utf-8
