#Software: Microsoft Internet Information Services 10.0
#Version: 1.0
#Date: 2019-08-13 08:12:04
#Fields: date time s-ip cs-method cs-uri-stem cs-uri-query s-port cs-username c-ip cs(User-Agent) cs(Referer) sc-status sc-substatus sc-win32-status time-taken
2019-08-13 08:12:04 ::1 GET /ExcelAddin/api/loadprojectids - 44331 ANDRITZ\lnztha01 ::1 Mozilla/5.0+(Windows+NT+10.0;+Win64;+x64)+AppleWebKit/537.36+(KHTML,+like+Gecko)+Chrome/76.0.3809.100+Safari/537.36 - 500 0 0 2519
2019-08-13 08:14:49 ::1 GET /ExcelAddin/api/loadprojectids - 44331 - ::1 Mozilla/5.0+(Windows+NT+10.0;+Win64;+x64)+AppleWebKit/537.36+(KHTML,+like+Gecko)+Chrome/76.0.3809.100+Safari/537.36 - 401 2 5 0
2019-08-13 08:14:49 ::1 GET /ExcelAddin/api/loadprojectids - 44331 ANDRITZ\lnztha01 ::1 Mozilla/5.0+(Windows+NT+10.0;+Win64;+x64)+AppleWebKit/537.36+(KHTML,+like+Gecko)+Chrome/76.0.3809.100+Safari/537.36 - 500 0 0 27
2019-08-13 08:17:55 ::1 GET /ExcelAddin/api/loadprojectids - 44331 - ::1 Mozilla/5.0+(Windows+NT+10.0;+Win64;+x64)+AppleWebKit/537.36+(KHTML,+like+Gecko)+Chrome/76.0.3809.100+Safari/537.36 - 401 2 5 9
2019-08-13 08:17:58 ::1 GET /ExcelAddin/api/loadprojectids - 44331 ANDRITZ\lnztha01 ::1 Mozilla/5.0+(Windows+NT+10.0;+Win64;+x64)+AppleWebKit/537.36+(KHTML,+like+Gecko)+Chrome/76.0.3809.100+Safari/537.36 - 500 0 0 3515
2019-08-13 08:19:15 ::1 GET /ExcelAddin/api/loadprojectids - 44331 ANDRITZ\lnztha01 ::1 Mozilla/5.0+(Windows+NT+10.0;+Win64;+x64)+AppleWebKit/537.36+(KHTML,+like+Gecko)+Chrome/76.0.3809.100+Safari/537.36 - 404 0 2 4
2019-08-13 08:19:15 ::1 GET /favicon.ico - 44331 ANDRITZ\lnztha01 ::1 Mozilla/5.0+(Windows+NT+10.0;+Win64;+x64)+AppleWebKit/537.36+(KHTML,+like+Gecko)+Chrome/76.0.3809.100+Safari/537.36 https://localhost:44331/ExcelAddin/api/loadprojectids 404 0 2 1
2019-08-13 08:19:40 ::1 GET / - 44331 ANDRITZ\lnztha01 ::1 Mozilla/5.0+(Windows+NT+10.0;+Win64;+x64)+AppleWebKit/537.36+(KHTML,+like+Gecko)+Chrome/76.0.3809.100+Safari/537.36 - 403 14 0 11
2019-08-13 08:20:22 ::1 GET / - 44331 ANDRITZ\lnztha01 ::1 Mozilla/5.0+(Windows+NT+10.0;+Win64;+x64)+AppleWebKit/537.36+(KHTML,+like+Gecko)+Chrome/76.0.3809.100+Safari/537.36 - 502 5 2 47
2019-08-13 08:20:24 ::1 GET / - 44331 ANDRITZ\lnztha01 ::1 Mozilla/5.0+(Windows+NT+10.0;+Win64;+x64)+AppleWebKit/537.36+(KHTML,+like+Gecko)+Chrome/76.0.3809.100+Safari/537.36 - 502 5 2 47
2019-08-13 08:20:25 ::1 GET / - 44331 ANDRITZ\lnztha01 ::1 Mozilla/5.0+(Windows+NT+10.0;+Win64;+x64)+AppleWebKit/537.36+(KHTML,+like+Gecko)+Chrome/76.0.3809.100+Safari/537.36 - 502 5 2 46
2019-08-13 08:20:30 ::1 GET / - 44331 ANDRITZ\lnztha01 ::1 Mozilla/5.0+(Windows+NT+10.0;+Win64;+x64)+AppleWebKit/537.36+(KHTML,+like+Gecko)+Chrome/76.0.3809.100+Safari/537.36 - 502 5 2 61
2019-08-13 08:20:36 ::1 GET / - 44331 - ::1 Mozilla/5.0+(Windows+NT+10.0;+Win64;+x64)+AppleWebKit/537.36+(KHTML,+like+Gecko)+Chrome/58.0.3029.110+Safari/537.36+Edge/16.16299 - 401 2 5 0
2019-08-13 08:20:36 ::1 GET / - 44331 ANDRITZ\lnztha01 ::1 Mozilla/5.0+(Windows+NT+10.0;+Win64;+x64)+AppleWebKit/537.36+(KHTML,+like+Gecko)+Chrome/58.0.3029.110+Safari/537.36+Edge/16.16299 - 502 5 2 50
#Software: Microsoft Internet Information Services 10.0
#Version: 1.0
#Date: 2019-08-13 08:22:10
#Fields: date time s-ip cs-method cs-uri-stem cs-uri-query s-port cs-username c-ip cs(User-Agent) cs(Referer) sc-status sc-substatus sc-win32-status time-taken
2019-08-13 08:22:10 ::1 GET / - 44331 ANDRITZ\lnztha01 ::1 Mozilla/5.0+(Windows+NT+10.0;+Win64;+x64)+AppleWebKit/537.36+(KHTML,+like+Gecko)+Chrome/58.0.3029.110+Safari/537.36+Edge/16.16299 - 502 5 2 69
2019-08-13 08:23:31 ::1 GET / - 44331 - ::1 Mozilla/5.0+(Windows+NT+10.0;+Win64;+x64)+AppleWebKit/537.36+(KHTML,+like+Gecko)+Chrome/76.0.3809.100+Safari/537.36 - 401 2 5 3
2019-08-13 08:23:31 ::1 GET / - 44331 ANDRITZ\lnztha01 ::1 Mozilla/5.0+(Windows+NT+10.0;+Win64;+x64)+AppleWebKit/537.36+(KHTML,+like+Gecko)+Chrome/76.0.3809.100+Safari/537.36 - 502 5 2 59
2019-08-13 08:26:01 ::1 GET / - 44331 - ::1 Mozilla/5.0+(Windows+NT+10.0;+Win64;+x64)+AppleWebKit/537.36+(KHTML,+like+Gecko)+Chrome/76.0.3809.100+Safari/537.36 - 401 2 5 0
2019-08-13 08:26:01 ::1 GET / - 44331 ANDRITZ\lnztha01 ::1 Mozilla/5.0+(Windows+NT+10.0;+Win64;+x64)+AppleWebKit/537.36+(KHTML,+like+Gecko)+Chrome/76.0.3809.100+Safari/537.36 - 502 5 2 62
2019-08-13 08:26:03 ::1 GET / - 44331 ANDRITZ\lnztha01 ::1 Mozilla/5.0+(Windows+NT+10.0;+Win64;+x64)+AppleWebKit/537.36+(KHTML,+like+Gecko)+Chrome/76.0.3809.100+Safari/537.36 - 502 5 2 50
2019-08-13 08:30:05 ::1 GET / - 44331 - ::1 Mozilla/5.0+(Windows+NT+10.0;+Win64;+x64)+AppleWebKit/537.36+(KHTML,+like+Gecko)+Chrome/76.0.3809.100+Safari/537.36 - 401 2 5 4
2019-08-13 08:30:05 ::1 GET / - 44331 ANDRITZ\lnztha01 ::1 Mozilla/5.0+(Windows+NT+10.0;+Win64;+x64)+AppleWebKit/537.36+(KHTML,+like+Gecko)+Chrome/76.0.3809.100+Safari/537.36 - 502 5 2 41
2019-08-13 08:30:06 ::1 GET / - 44331 ANDRITZ\lnztha01 ::1 Mozilla/5.0+(Windows+NT+10.0;+Win64;+x64)+AppleWebKit/537.36+(KHTML,+like+Gecko)+Chrome/76.0.3809.100+Safari/537.36 - 502 5 2 42
2019-08-13 08:30:06 ::1 GET / - 44331 ANDRITZ\lnztha01 ::1 Mozilla/5.0+(Windows+NT+10.0;+Win64;+x64)+AppleWebKit/537.36+(KHTML,+like+Gecko)+Chrome/76.0.3809.100+Safari/537.36 - 502 5 2 80
2019-08-13 08:30:08 ::1 GET / - 44331 ANDRITZ\lnztha01 ::1 Mozilla/5.0+(Windows+NT+10.0;+Win64;+x64)+AppleWebKit/537.36+(KHTML,+like+Gecko)+Chrome/76.0.3809.100+Safari/537.36 - 502 5 2 45
#Software: Microsoft Internet Information Services 10.0
#Version: 1.0
#Date: 2019-08-13 08:41:02
#Fields: date time s-ip cs-method cs-uri-stem cs-uri-query s-port cs-username c-ip cs(User-Agent) cs(Referer) sc-status sc-substatus sc-win32-status time-taken
2019-08-13 08:41:02 ::1 GET /favicon.ico - 44331 - ::1 Mozilla/5.0+(Windows+NT+10.0;+Win64;+x64)+AppleWebKit/537.36+(KHTML,+like+Gecko)+Chrome/76.0.3809.100+Safari/537.36 https://localhost:44331/ExcelAddin/api/loadprojectids 401 2 5 1776
2019-08-13 08:41:02 ::1 GET /favicon.ico - 44331 ANDRITZ\lnztha01 ::1 Mozilla/5.0+(Windows+NT+10.0;+Win64;+x64)+AppleWebKit/537.36+(KHTML,+like+Gecko)+Chrome/76.0.3809.100+Safari/537.36 https://localhost:44331/ExcelAddin/api/loadprojectids 502 5 2 114
2019-08-13 08:41:52 ::1 GET /ExcelAddin/api/loadprojectids - 44331 ANDRITZ\lnztha01 ::1 Mozilla/5.0+(Windows+NT+10.0;+Win64;+x64)+AppleWebKit/537.36+(KHTML,+like+Gecko)+Chrome/76.0.3809.100+Safari/537.36 - 502 5 2 44
2019-08-13 08:41:52 ::1 GET /favicon.ico - 44331 ANDRITZ\lnztha01 ::1 Mozilla/5.0+(Windows+NT+10.0;+Win64;+x64)+AppleWebKit/537.36+(KHTML,+like+Gecko)+Chrome/76.0.3809.100+Safari/537.36 https://localhost:44331/ExcelAddin/api/loadprojectids 502 5 2 59
2019-08-13 08:42:04 ::1 GET / - 44331 ANDRITZ\lnztha01 ::1 Mozilla/5.0+(Windows+NT+10.0;+Win64;+x64)+AppleWebKit/537.36+(KHTML,+like+Gecko)+Chrome/76.0.3809.100+Safari/537.36 - 502 5 2 51
2019-08-13 08:42:04 ::1 GET /favicon.ico - 44331 ANDRITZ\lnztha01 ::1 Mozilla/5.0+(Windows+NT+10.0;+Win64;+x64)+AppleWebKit/537.36+(KHTML,+like+Gecko)+Chrome/76.0.3809.100+Safari/537.36 https://localhost:44331/ 502 5 2 58
2019-08-13 08:47:03 ::1 GET / - 44331 - ::1 Mozilla/5.0+(Windows+NT+10.0;+Win64;+x64)+AppleWebKit/537.36+(KHTML,+like+Gecko)+Chrome/76.0.3809.100+Safari/537.36 - 401 2 5 0
2019-08-13 08:47:03 ::1 GET / - 44331 ANDRITZ\lnztha01 ::1 Mozilla/5.0+(Windows+NT+10.0;+Win64;+x64)+AppleWebKit/537.36+(KHTML,+like+Gecko)+Chrome/76.0.3809.100+Safari/537.36 - 502 5 2 33
2019-08-13 08:47:03 ::1 GET /favicon.ico - 44331 ANDRITZ\lnztha01 ::1 Mozilla/5.0+(Windows+NT+10.0;+Win64;+x64)+AppleWebKit/537.36+(KHTML,+like+Gecko)+Chrome/76.0.3809.100+Safari/537.36 https://localhost:44331/ 502 5 2 53
2019-08-13 08:47:05 ::1 GET / - 44331 ANDRITZ\lnztha01 ::1 Mozilla/5.0+(Windows+NT+10.0;+Win64;+x64)+AppleWebKit/537.36+(KHTML,+like+Gecko)+Chrome/76.0.3809.100+Safari/537.36 - 502 5 2 61
2019-08-13 08:47:05 ::1 GET /favicon.ico - 44331 ANDRITZ\lnztha01 ::1 Mozilla/5.0+(Windows+NT+10.0;+Win64;+x64)+AppleWebKit/537.36+(KHTML,+like+Gecko)+Chrome/76.0.3809.100+Safari/537.36 https://localhost:44331/ 502 5 2 44
#Software: Microsoft Internet Information Services 10.0
#Version: 1.0
#Date: 2019-08-13 08:55:15
#Fields: date time s-ip cs-method cs-uri-stem cs-uri-query s-port cs-username c-ip cs(User-Agent) cs(Referer) sc-status sc-substatus sc-win32-status time-taken
2019-08-13 08:55:15 ::1 GET / - 44331 - ::1 Mozilla/5.0+(Windows+NT+10.0;+Win64;+x64)+AppleWebKit/537.36+(KHTML,+like+Gecko)+Chrome/58.0.3029.110+Safari/537.36+Edge/16.16299 - 401 2 5 3
2019-08-13 08:55:51 ::1 GET / - 44331 - ::1 Mozilla/5.0+(Windows+NT+10.0;+Win64;+x64)+AppleWebKit/537.36+(KHTML,+like+Gecko)+Chrome/58.0.3029.110+Safari/537.36+Edge/16.16299 - 401 1 3221225581 7
2019-08-13 08:56:11 ::1 GET / - 44331 - ::1 Mozilla/5.0+(Windows+NT+10.0;+Win64;+x64)+AppleWebKit/537.36+(KHTML,+like+Gecko)+Chrome/58.0.3029.110+Safari/537.36+Edge/16.16299 - 401 2 5 0
2019-08-13 08:56:17 ::1 GET / - 44331 - ::1 Mozilla/5.0+(Windows+NT+10.0;+Win64;+x64)+AppleWebKit/537.36+(KHTML,+like+Gecko)+Chrome/58.0.3029.110+Safari/537.36+Edge/16.16299 - 401 2 5 0
2019-08-13 08:56:26 ::1 GET / - 44331 - ::1 Mozilla/5.0+(Windows+NT+10.0;+Win64;+x64)+AppleWebKit/537.36+(KHTML,+like+Gecko)+Chrome/58.0.3029.110+Safari/537.36+Edge/16.16299 - 401 1 3221225581 4
2019-08-13 08:56:32 ::1 GET / - 44331 - ::1 Mozilla/5.0+(Windows+NT+10.0;+Win64;+x64)+AppleWebKit/537.36+(KHTML,+like+Gecko)+Chrome/58.0.3029.110+Safari/537.36+Edge/16.16299 - 401 1 3221225581 1
2019-08-13 08:56:52 ::1 GET / - 44331 ANDRITZ\lnztha01 ::1 Mozilla/5.0+(Windows+NT+10.0;+Win64;+x64)+AppleWebKit/537.36+(KHTML,+like+Gecko)+Chrome/58.0.3029.110+Safari/537.36+Edge/16.16299 - 200 0 0 3816
2019-08-13 08:57:11 ::1 GET / - 44331 - ::1 Mozilla/5.0+(Windows+NT+10.0;+Win64;+x64)+AppleWebKit/537.36+(KHTML,+like+Gecko)+Chrome/58.0.3029.110+Safari/537.36+Edge/16.16299 - 401 1 3221225581 4
2019-08-13 08:57:31 ::1 GET / - 44331 - ::1 Mozilla/5.0+(Windows+NT+10.0;+Win64;+x64)+AppleWebKit/537.36+(KHTML,+like+Gecko)+Chrome/76.0.3809.100+Safari/537.36 - 401 2 5 0
2019-08-13 08:57:31 ::1 GET / - 44331 ANDRITZ\lnztha01 ::1 Mozilla/5.0+(Windows+NT+10.0;+Win64;+x64)+AppleWebKit/537.36+(KHTML,+like+Gecko)+Chrome/76.0.3809.100+Safari/537.36 - 200 0 0 8
2019-08-13 08:57:31 ::1 GET /favicon.ico - 44331 ANDRITZ\lnztha01 ::1 Mozilla/5.0+(Windows+NT+10.0;+Win64;+x64)+AppleWebKit/537.36+(KHTML,+like+Gecko)+Chrome/76.0.3809.100+Safari/537.36 https://localhost:44331/ 200 0 0 18
2019-08-13 08:57:37 ::1 GET /ExcelAddin/api/loadcdpprojects - 44331 ANDRITZ\lnztha01 ::1 Mozilla/5.0+(Windows+NT+10.0;+Win64;+x64)+AppleWebKit/537.36+(KHTML,+like+Gecko)+Chrome/76.0.3809.100+Safari/537.36 - 404 0 0 8
2019-08-13 08:57:47 ::1 GET /ExcelAddin/api/loadcomponentids - 44331 ANDRITZ\lnztha01 ::1 Mozilla/5.0+(Windows+NT+10.0;+Win64;+x64)+AppleWebKit/537.36+(KHTML,+like+Gecko)+Chrome/76.0.3809.100+Safari/537.36 - 500 0 0 297
#Software: Microsoft Internet Information Services 10.0
#Version: 1.0
#Date: 2019-08-13 08:58:37
#Fields: date time s-ip cs-method cs-uri-stem cs-uri-query s-port cs-username c-ip cs(User-Agent) cs(Referer) sc-status sc-substatus sc-win32-status time-taken
2019-08-13 08:58:37 ::1 GET /ExcelAddin/api/loadcomponentids - 44331 - ::1 Mozilla/5.0+(Windows+NT+10.0;+Win64;+x64)+AppleWebKit/537.36+(KHTML,+like+Gecko)+Chrome/76.0.3809.100+Safari/537.36 - 401 2 5 4
2019-08-13 08:58:40 ::1 GET /ExcelAddin/api/loadcomponentids - 44331 ANDRITZ\lnztha01 ::1 Mozilla/5.0+(Windows+NT+10.0;+Win64;+x64)+AppleWebKit/537.36+(KHTML,+like+Gecko)+Chrome/76.0.3809.100+Safari/537.36 - 500 0 0 2578
2019-08-13 08:58:42 ::1 GET /ExcelAddin/api/loadcomponentids - 44331 ANDRITZ\lnztha01 ::1 Mozilla/5.0+(Windows+NT+10.0;+Win64;+x64)+AppleWebKit/537.36+(KHTML,+like+Gecko)+Chrome/76.0.3809.100+Safari/537.36 - 500 0 0 55
2019-08-13 08:59:28 ::1 GET /ExcelAddin/api/loadcomponentids - 44331 ANDRITZ\lnztha01 ::1 Mozilla/5.0+(Windows+NT+10.0;+Win64;+x64)+AppleWebKit/537.36+(KHTML,+like+Gecko)+Chrome/76.0.3809.100+Safari/537.36 - 500 0 0 31
2019-08-13 08:59:42 ::1 GET /ExcelAddin/api/loadcomponentids - 44331 ANDRITZ\lnztha01 ::1 Mozilla/5.0+(Windows+NT+10.0;+Win64;+x64)+AppleWebKit/537.36+(KHTML,+like+Gecko)+Chrome/76.0.3809.100+Safari/537.36 - 500 0 0 31
2019-08-13 09:00:43 ::1 GET / - 44331 ANDRITZ\lnztha01 ::1 Mozilla/5.0+(Windows+NT+10.0;+Win64;+x64)+AppleWebKit/537.36+(KHTML,+like+Gecko)+Chrome/76.0.3809.100+Safari/537.36 - 200 0 0 166
2019-08-13 09:00:53 ::1 GET /ExcelAddin/api/loadexcelconfig/Sheet1 - 44331 ANDRITZ\lnztha01 ::1 Mozilla/5.0+(Windows+NT+10.0;+Win64;+x64)+AppleWebKit/537.36+(KHTML,+like+Gecko)+Chrome/76.0.3809.100+Safari/537.36 - 200 0 0 128
2019-08-13 09:05:49 ::1 GET /ExcelAddin/api/loadcomponentids - 44331 - ::1 Mozilla/5.0+(Windows+NT+10.0;+Win64;+x64)+AppleWebKit/537.36+(KHTML,+like+Gecko)+Chrome/76.0.3809.100+Safari/537.36 - 401 2 5 5
2019-08-13 09:05:49 ::1 GET /ExcelAddin/api/loadcomponentids - 44331 ANDRITZ\lnztha01 ::1 Mozilla/5.0+(Windows+NT+10.0;+Win64;+x64)+AppleWebKit/537.36+(KHTML,+like+Gecko)+Chrome/76.0.3809.100+Safari/537.36 - 500 0 0 27
2019-08-13 09:11:13 ::1 GET /ExcelAddin/api/loadcomponentids - 44331 - ::1 Mozilla/5.0+(Windows+NT+10.0;+Win64;+x64)+AppleWebKit/537.36+(KHTML,+like+Gecko)+Chrome/76.0.3809.100+Safari/537.36 - 401 2 5 4
2019-08-13 09:11:17 ::1 GET /ExcelAddin/api/loadcomponentids - 44331 ANDRITZ\lnztha01 ::1 Mozilla/5.0+(Windows+NT+10.0;+Win64;+x64)+AppleWebKit/537.36+(KHTML,+like+Gecko)+Chrome/76.0.3809.100+Safari/537.36 - 500 0 0 3634
2019-08-13 09:13:23 ::1 GET /ExcelAddin/api/loadcomponentids - 44331 - ::1 Mozilla/5.0+(Windows+NT+10.0;+Win64;+x64;+rv:60.0)+Gecko/20100101+Firefox/60.0 - 401 2 5 5
2019-08-13 09:13:23 ::1 GET /ExcelAddin/api/loadcomponentids - 44331 - ::1 Mozilla/5.0+(Windows+NT+10.0;+Win64;+x64;+rv:60.0)+Gecko/20100101+Firefox/60.0 - 401 2 5 6
2019-08-13 09:13:39 ::1 GET /ExcelAddin/api/loadcomponentids - 44331 ANDRITZ\lnztha01 ::1 Mozilla/5.0+(Windows+NT+10.0;+Win64;+x64;+rv:60.0)+Gecko/20100101+Firefox/60.0 - 500 0 0 5175
2019-08-13 09:13:39 ::1 GET /favicon.ico - 44331 - ::1 Mozilla/5.0+(Windows+NT+10.0;+Win64;+x64;+rv:60.0)+Gecko/20100101+Firefox/60.0 - 401 2 5 0
2019-08-13 09:13:39 ::1 GET /favicon.ico - 44331 - ::1 Mozilla/5.0+(Windows+NT+10.0;+Win64;+x64;+rv:60.0)+Gecko/20100101+Firefox/60.0 - 401 2 5 1
2019-08-13 09:13:39 ::1 GET /favicon.ico - 44331 ANDRITZ\lnztha01 ::1 Mozilla/5.0+(Windows+NT+10.0;+Win64;+x64;+rv:60.0)+Gecko/20100101+Firefox/60.0 - 200 0 0 27
2019-08-13 09:13:56 ::1 GET /ExcelAddin/api/loadcomponentids - 44331 - ::1 Mozilla/5.0+(Windows+NT+10.0;+Win64;+x64;+rv:60.0)+Gecko/20100101+Firefox/60.0 - 401 2 5 0
2019-08-13 09:13:56 ::1 GET /ExcelAddin/api/loadcomponentids - 44331 ANDRITZ\lnztha01 ::1 Mozilla/5.0+(Windows+NT+10.0;+Win64;+x64;+rv:60.0)+Gecko/20100101+Firefox/60.0 - 500 0 0 18
2019-08-13 09:13:57 ::1 GET /ExcelAddin/api/loadcomponentids - 44331 - ::1 Mozilla/5.0+(Windows+NT+10.0;+Win64;+x64;+rv:60.0)+Gecko/20100101+Firefox/60.0 - 401 2 5 0
2019-08-13 09:13:57 ::1 GET /ExcelAddin/api/loadcomponentids - 44331 ANDRITZ\lnztha01 ::1 Mozilla/5.0+(Windows+NT+10.0;+Win64;+x64;+rv:60.0)+Gecko/20100101+Firefox/60.0 - 500 0 0 11
2019-08-13 09:14:03 ::1 GET / - 44331 - ::1 Mozilla/5.0+(Windows+NT+10.0;+Win64;+x64;+rv:60.0)+Gecko/20100101+Firefox/60.0 - 401 2 5 0
2019-08-13 09:14:03 ::1 GET / - 44331 ANDRITZ\lnztha01 ::1 Mozilla/5.0+(Windows+NT+10.0;+Win64;+x64;+rv:60.0)+Gecko/20100101+Firefox/60.0 - 200 0 0 182
2019-08-13 09:14:03 ::1 GET /css/site.min.css v=kHvJwvVAK1eJLN4w8xygUR3nbvlLmRwi5yr-OuAO90E 44331 - ::1 Mozilla/5.0+(Windows+NT+10.0;+Win64;+x64;+rv:60.0)+Gecko/20100101+Firefox/60.0 https://localhost:44331/ 401 2 5 0
2019-08-13 09:14:03 ::1 GET /js/site.min.js v=47DEQpj8HBSa-_TImW-5JCeuQeRkm5NMpJWZG3hSuFU 44331 - ::1 Mozilla/5.0+(Windows+NT+10.0;+Win64;+x64;+rv:60.0)+Gecko/20100101+Firefox/60.0 https://localhost:44331/ 401 2 5 1
2019-08-13 09:14:03 ::1 GET /js/site.min.js v=47DEQpj8HBSa-_TImW-5JCeuQeRkm5NMpJWZG3hSuFU 44331 - ::1 Mozilla/5.0+(Windows+NT+10.0;+Win64;+x64;+rv:60.0)+Gecko/20100101+Firefox/60.0 https://localhost:44331/ 401 2 5 0
2019-08-13 09:14:03 ::1 GET /css/site.min.css v=kHvJwvVAK1eJLN4w8xygUR3nbvlLmRwi5yr-OuAO90E 44331 ANDRITZ\lnztha01 ::1 Mozilla/5.0+(Windows+NT+10.0;+Win64;+x64;+rv:60.0)+Gecko/20100101+Firefox/60.0 https://localhost:44331/ 200 0 0 7
2019-08-13 09:14:03 ::1 GET /js/site.min.js v=47DEQpj8HBSa-_TImW-5JCeuQeRkm5NMpJWZG3hSuFU 44331 ANDRITZ\lnztha01 ::1 Mozilla/5.0+(Windows+NT+10.0;+Win64;+x64;+rv:60.0)+Gecko/20100101+Firefox/60.0 https://localhost:44331/ 200 0 0 14
2019-08-13 09:14:19 ::1 GET /ExcelAddin/api/loadcomponentids - 44331 - ::1 Mozilla/5.0+(Windows+NT+10.0;+Win64;+x64;+rv:60.0)+Gecko/20100101+Firefox/60.0 - 401 2 5 0
2019-08-13 09:14:19 ::1 GET /ExcelAddin/api/loadcomponentids - 44331 ANDRITZ\lnztha01 ::1 Mozilla/5.0+(Windows+NT+10.0;+Win64;+x64;+rv:60.0)+Gecko/20100101+Firefox/60.0 - 500 0 0 21
2019-08-13 09:15:00 ::1 GET /ExcelAddin/api/loadcomponentids - 44331 - ::1 Mozilla/5.0+(Windows+NT+10.0;+Win64;+x64;+rv:60.0)+Gecko/20100101+Firefox/60.0 - 401 2 5 0
2019-08-13 09:15:00 ::1 GET /ExcelAddin/api/loadcomponentids - 44331 ANDRITZ\lnztha01 ::1 Mozilla/5.0+(Windows+NT+10.0;+Win64;+x64;+rv:60.0)+Gecko/20100101+Firefox/60.0 - 500 0 0 12
2019-08-13 09:15:18 ::1 GET /ExcelAddin/api/loadcomponentids - 44331 - ::1 Mozilla/5.0+(Windows+NT+10.0;+Win64;+x64;+rv:60.0)+Gecko/20100101+Firefox/60.0 - 401 2 5 0
2019-08-13 09:15:18 ::1 GET /ExcelAddin/api/loadcomponentids - 44331 - ::1 Mozilla/5.0+(Windows+NT+10.0;+Win64;+x64;+rv:60.0)+Gecko/20100101+Firefox/60.0 - 401 2 5 0
2019-08-13 09:15:18 ::1 GET /ExcelAddin/api/loadcomponentids - 44331 ANDRITZ\lnztha01 ::1 Mozilla/5.0+(Windows+NT+10.0;+Win64;+x64;+rv:60.0)+Gecko/20100101+Firefox/60.0 - 500 0 0 31
2019-08-13 09:15:35 ::1 GET /ExcelAddin/api/loadprojectids - 44331 - ::1 Mozilla/5.0+(Windows+NT+10.0;+Win64;+x64;+rv:60.0)+Gecko/20100101+Firefox/60.0 - 401 2 5 1
2019-08-13 09:15:35 ::1 GET /ExcelAddin/api/loadprojectids - 44331 ANDRITZ\lnztha01 ::1 Mozilla/5.0+(Windows+NT+10.0;+Win64;+x64;+rv:60.0)+Gecko/20100101+Firefox/60.0 - 500 0 0 84
2019-08-13 09:15:49 ::1 GET /ExcelAddin/api/loadcomponentids - 44331 - ::1 Mozilla/5.0+(Windows+NT+10.0;+Win64;+x64)+AppleWebKit/537.36+(KHTML,+like+Gecko)+Chrome/76.0.3809.100+Safari/537.36 - 401 2 5 0
2019-08-13 09:15:49 ::1 GET /ExcelAddin/api/loadcomponentids - 44331 ANDRITZ\lnztha01 ::1 Mozilla/5.0+(Windows+NT+10.0;+Win64;+x64)+AppleWebKit/537.36+(KHTML,+like+Gecko)+Chrome/76.0.3809.100+Safari/537.36 - 500 0 0 22
2019-08-13 09:19:16 ::1 GET /ExcelAddin/api/loadcomponentids - 44331 - ::1 Mozilla/5.0+(Windows+NT+10.0;+Win64;+x64)+AppleWebKit/537.36+(KHTML,+like+Gecko)+Chrome/76.0.3809.100+Safari/537.36 - 401 2 5 7
2019-08-13 09:19:19 ::1 GET /ExcelAddin/api/loadcomponentids - 44331 ANDRITZ\lnztha01 ::1 Mozilla/5.0+(Windows+NT+10.0;+Win64;+x64)+AppleWebKit/537.36+(KHTML,+like+Gecko)+Chrome/76.0.3809.100+Safari/537.36 - 500 0 0 3720
2019-08-13 09:21:17 ::1 GET /ExcelAddin/api/loadcomponentids - 44331 ANDRITZ\lnztha01 ::1 Mozilla/5.0+(Windows+NT+10.0;+Win64;+x64)+AppleWebKit/537.36+(KHTML,+like+Gecko)+Chrome/76.0.3809.100+Safari/537.36 - 500 0 0 20
2019-08-13 09:26:23 ::1 GET /ExcelAddin/api/loadcomponentids - 44331 - ::1 Mozilla/5.0+(Windows+NT+10.0;+Win64;+x64)+AppleWebKit/537.36+(KHTML,+like+Gecko)+Chrome/76.0.3809.100+Safari/537.36 - 401 2 5 1
2019-08-13 09:26:23 ::1 GET /ExcelAddin/api/loadcomponentids - 44331 ANDRITZ\lnztha01 ::1 Mozilla/5.0+(Windows+NT+10.0;+Win64;+x64)+AppleWebKit/537.36+(KHTML,+like+Gecko)+Chrome/76.0.3809.100+Safari/537.36 - 500 0 0 23
2019-08-13 09:37:53 ::1 GET /ExcelAddin/api/loadcomponentids - 44331 - ::1 Mozilla/5.0+(Windows+NT+10.0;+Win64;+x64)+AppleWebKit/537.36+(KHTML,+like+Gecko)+Chrome/76.0.3809.100+Safari/537.36 - 401 2 5 4
2019-08-13 09:37:57 ::1 GET /ExcelAddin/api/loadcomponentids - 44331 ANDRITZ\lnztha01 ::1 Mozilla/5.0+(Windows+NT+10.0;+Win64;+x64)+AppleWebKit/537.36+(KHTML,+like+Gecko)+Chrome/76.0.3809.100+Safari/537.36 - 500 0 0 3507
2019-08-13 09:41:21 ::1 GET /ExcelAddin/api/loadcomponentids - 44331 - ::1 Mozilla/5.0+(Windows+NT+10.0;+Win64;+x64)+AppleWebKit/537.36+(KHTML,+like+Gecko)+Chrome/76.0.3809.100+Safari/537.36 - 401 2 5 5
2019-08-13 09:41:24 ::1 GET /ExcelAddin/api/loadcomponentids - 44331 ANDRITZ\lnztha01 ::1 Mozilla/5.0+(Windows+NT+10.0;+Win64;+x64)+AppleWebKit/537.36+(KHTML,+like+Gecko)+Chrome/76.0.3809.100+Safari/537.36 - 500 0 0 2480
2019-08-13 09:42:33 ::1 GET /ExcelAddin/api/loadcomponentids - 44331 ANDRITZ\lnztha01 ::1 Mozilla/5.0+(Windows+NT+10.0;+Win64;+x64)+AppleWebKit/537.36+(KHTML,+like+Gecko)+Chrome/76.0.3809.100+Safari/537.36 - 500 0 0 26
2019-08-13 09:52:00 ::1 GET /ExcelAddin/api/currentuser - 44331 - ::1 Mozilla/5.0+(Windows+NT+10.0;+Win64;+x64)+AppleWebKit/537.36+(KHTML,+like+Gecko)+Chrome/76.0.3809.100+Safari/537.36 - 401 2 5 1
2019-08-13 09:52:00 ::1 GET /ExcelAddin/api/currentuser - 44331 ANDRITZ\lnztha01 ::1 Mozilla/5.0+(Windows+NT+10.0;+Win64;+x64)+AppleWebKit/537.36+(KHTML,+like+Gecko)+Chrome/76.0.3809.100+Safari/537.36 - 200 0 0 41
2019-08-13 09:55:30 ::1 GET / - 44331 - ::1 Mozilla/5.0+(Windows+NT+10.0;+Win64;+x64)+AppleWebKit/537.36+(KHTML,+like+Gecko)+Chrome/76.0.3809.100+Safari/537.36 - 401 2 5 3
2019-08-13 09:55:34 ::1 GET / - 44331 ANDRITZ\lnztha01 ::1 Mozilla/5.0+(Windows+NT+10.0;+Win64;+x64)+AppleWebKit/537.36+(KHTML,+like+Gecko)+Chrome/76.0.3809.100+Safari/537.36 - 200 0 0 4239
2019-08-13 09:55:50 ::1 GET /ExcelAddin/api/loadcomponentids - 44331 ANDRITZ\lnztha01 ::1 Mozilla/5.0+(Windows+NT+10.0;+Win64;+x64)+AppleWebKit/537.36+(KHTML,+like+Gecko)+Chrome/76.0.3809.100+Safari/537.36 - 500 0 0 336
#Software: Microsoft Internet Information Services 10.0
#Version: 1.0
#Date: 2019-08-13 10:33:35
#Fields: date time s-ip cs-method cs-uri-stem cs-uri-query s-port cs-username c-ip cs(User-Agent) cs(Referer) sc-status sc-substatus sc-win32-status time-taken
2019-08-13 10:33:35 ::1 GET /ExcelAddin/api/loadexcelconfig - 44331 - ::1 Mozilla/5.0+(Windows+NT+10.0;+Win64;+x64)+AppleWebKit/537.36+(KHTML,+like+Gecko)+Chrome/58.0.3029.110+Safari/537.36+Edge/16.16299 - 401 2 5 668
2019-08-13 10:33:51 ::1 GET /ExcelAddin/api/loadexcelconfig - 44331 ANDRITZ\lnztha01 ::1 Mozilla/5.0+(Windows+NT+10.0;+Win64;+x64)+AppleWebKit/537.36+(KHTML,+like+Gecko)+Chrome/58.0.3029.110+Safari/537.36+Edge/16.16299 - 404 0 0 3118
2019-08-13 10:34:03 ::1 GET /ExcelAddin/api/loadcomponentids - 44331 ANDRITZ\lnztha01 ::1 Mozilla/5.0+(Windows+NT+10.0;+Win64;+x64)+AppleWebKit/537.36+(KHTML,+like+Gecko)+Chrome/58.0.3029.110+Safari/537.36+Edge/16.16299 - 500 0 0 299
2019-08-13 10:35:46 ::1 GET /ExcelAddin/api/loadcomponentids - 44331 ANDRITZ\lnztha01 ::1 Mozilla/5.0+(Windows+NT+10.0;+Win64;+x64)+AppleWebKit/537.36+(KHTML,+like+Gecko)+Chrome/58.0.3029.110+Safari/537.36+Edge/16.16299 - 500 0 0 2544
2019-08-13 10:36:15 ::1 GET /ExcelAddin/api/loadcomponentids - 44331 ANDRITZ\lnztha01 ::1 Mozilla/5.0+(Windows+NT+10.0;+Win64;+x64)+AppleWebKit/537.36+(KHTML,+like+Gecko)+Chrome/58.0.3029.110+Safari/537.36+Edge/16.16299 - 500 0 64 2465
2019-08-13 10:36:15 ::1 GET /ExcelAddin/api/loadcomponentids - 44331 ANDRITZ\lnztha01 ::1 Mozilla/5.0+(Windows+NT+10.0;+Win64;+x64)+AppleWebKit/537.36+(KHTML,+like+Gecko)+Chrome/58.0.3029.110+Safari/537.36+Edge/16.16299 - 500 0 0 773
